2023-06-06 18:47:04,(2(0)-1686091624:773154),blockDrv.BD_Cycles,256,2
2023-06-06 18:47:04,(2(0)-1686091624:773388),systemResources.CPU_00,18949,0.00 percent
2023-06-06 18:47:04,(2(0)-1686091624:773411),systemResources.CPU_01,18950,0.00 percent
2023-06-06 18:47:04,(2(0)-1686091624:773432),systemResources.CPU_02,18951,0.00 percent
2023-06-06 18:47:04,(2(0)-1686091624:773452),systemResources.CPU_03,18952,0.00 percent
2023-06-06 18:47:04,(2(0)-1686091624:773472),systemResources.CPU_04,18953,0.00 percent
2023-06-06 18:47:04,(2(0)-1686091624:773493),systemResources.CPU_05,18954,0.00 percent
2023-06-06 18:47:04,(2(0)-1686091624:773513),systemResources.CPU_06,18955,0.00 percent
2023-06-06 18:47:04,(2(0)-1686091624:773535),systemResources.CPU_07,18956,0.93 percent
2023-06-06 18:47:04,(2(0)-1686091624:773555),systemResources.CPU_08,18957,0.00 percent
2023-06-06 18:47:04,(2(0)-1686091624:773575),systemResources.CPU_09,18958,0.00 percent
2023-06-06 18:47:04,(2(0)-1686091624:773595),systemResources.CPU_10,18959,0.93 percent
2023-06-06 18:47:04,(2(0)-1686091624:773615),systemResources.CPU_11,18960,0.00 percent
2023-06-06 18:47:04,(2(0)-1686091624:773635),systemResources.CPU_12,18961,0.00 percent
2023-06-06 18:47:04,(2(0)-1686091624:773655),systemResources.CPU_13,18962,0.00 percent
2023-06-06 18:47:04,(2(0)-1686091624:773675),systemResources.CPU_14,18963,0.00 percent
2023-06-06 18:47:04,(2(0)-1686091624:773695),systemResources.CPU_15,18964,20.37 percent
2023-06-06 18:47:04,(2(0)-1686091624:773696),systemResources.CPU,18948,1.39 percent
2023-06-06 18:47:04,(2(0)-1686091624:773713),systemResources.FRAMEWORK_VERSION,18965,v3.2.0
2023-06-06 18:47:04,(2(0)-1686091624:773716),systemResources.PROJECT_VERSION,18966,v3.2.0
2023-06-06 18:47:05,(2(0)-1686091625:855808),blockDrv.BD_Cycles,256,3
2023-06-06 18:47:06,(2(0)-1686091626:938002),blockDrv.BD_Cycles,256,4
2023-06-06 18:47:06,(2(0)-1686091626:938158),systemResources.CPU_00,18949,0.00 percent
2023-06-06 18:47:06,(2(0)-1686091626:938175),systemResources.CPU_01,18950,0.93 percent
2023-06-06 18:47:06,(2(0)-1686091626:938188),systemResources.CPU_02,18951,0.00 percent
2023-06-06 18:47:06,(2(0)-1686091626:938200),systemResources.CPU_03,18952,0.00 percent
2023-06-06 18:47:06,(2(0)-1686091626:938212),systemResources.CPU_04,18953,0.00 percent
2023-06-06 18:47:06,(2(0)-1686091626:938224),systemResources.CPU_05,18954,0.00 percent
2023-06-06 18:47:06,(2(0)-1686091626:938236),systemResources.CPU_06,18955,0.00 percent
2023-06-06 18:47:06,(2(0)-1686091626:938248),systemResources.CPU_07,18956,0.00 percent
2023-06-06 18:47:06,(2(0)-1686091626:938259),systemResources.CPU_08,18957,1.85 percent
2023-06-06 18:47:06,(2(0)-1686091626:938271),systemResources.CPU_09,18958,0.00 percent
2023-06-06 18:47:06,(2(0)-1686091626:938284),systemResources.CPU_10,18959,0.92 percent
2023-06-06 18:47:05,(2(0)-1686091625:856124),systemResources.CPU_11,18960,0.00 percent
2023-06-06 18:47:05,(2(0)-1686091625:856136),systemResources.CPU_12,18961,0.00 percent
2023-06-06 18:47:05,(2(0)-1686091625:856147),systemResources.CPU_13,18962,0.00 percent
2023-06-06 18:47:05,(2(0)-1686091625:856159),systemResources.CPU_14,18963,0.00 percent
2023-06-06 18:47:05,(2(0)-1686091625:856171),systemResources.CPU_15,18964,0.00 percent
2023-06-06 18:47:05,(2(0)-1686091625:856171),systemResources.CPU,18948,0.23 percent
2023-06-06 18:47:05,(2(0)-1686091625:856186),systemResources.FRAMEWORK_VERSION,18965,v3.2.0
2023-06-06 18:47:05,(2(0)-1686091625:856187),systemResources.PROJECT_VERSION,18966,v3.2.0
2023-06-06 18:47:07,(2(0)-1686091627:997613),blockDrv.BD_Cycles,256,5
2023-06-06 18:47:06,(2(0)-1686091626:938296),systemResources.CPU_11,18960,7.55 percent
2023-06-06 18:47:06,(2(0)-1686091626:938308),systemResources.CPU_12,18961,0.00 percent
2023-06-06 18:47:06,(2(0)-1686091626:938319),systemResources.CPU_13,18962,0.00 percent
2023-06-06 18:47:06,(2(0)-1686091626:938331),systemResources.CPU_14,18963,0.93 percent
2023-06-06 18:47:06,(2(0)-1686091626:938343),systemResources.CPU_15,18964,0.00 percent
2023-06-06 18:47:06,(2(0)-1686091626:938344),systemResources.CPU,18948,0.76 percent
2023-06-06 18:47:06,(2(0)-1686091626:938357),systemResources.FRAMEWORK_VERSION,18965,v3.2.0
2023-06-06 18:47:06,(2(0)-1686091626:938359),systemResources.PROJECT_VERSION,18966,v3.2.0
2023-06-06 18:47:09,(2(0)-1686091629:80832),blockDrv.BD_Cycles,256,6
2023-06-06 18:47:07,(2(0)-1686091627:997789),systemResources.CPU_00,18949,0.00 percent
2023-06-06 18:47:07,(2(0)-1686091627:997806),systemResources.CPU_01,18950,0.00 percent
2023-06-06 18:47:07,(2(0)-1686091627:997819),systemResources.CPU_02,18951,0.00 percent
2023-06-06 18:47:07,(2(0)-1686091627:997832),systemResources.CPU_03,18952,0.00 percent
2023-06-06 18:47:07,(2(0)-1686091627:997844),systemResources.CPU_04,18953,0.00 percent
2023-06-06 18:47:07,(2(0)-1686091627:997857),systemResources.CPU_05,18954,0.00 percent
2023-06-06 18:47:07,(2(0)-1686091627:997869),systemResources.CPU_06,18955,0.94 percent
2023-06-06 18:47:07,(2(0)-1686091627:997881),systemResources.CPU_07,18956,0.00 percent
2023-06-06 18:47:07,(2(0)-1686091627:997893),systemResources.CPU_08,18957,0.00 percent
2023-06-06 18:47:07,(2(0)-1686091627:997905),systemResources.CPU_09,18958,0.00 percent
2023-06-06 18:47:07,(2(0)-1686091627:997918),systemResources.CPU_10,18959,0.00 percent
2023-06-06 18:47:07,(2(0)-1686091627:997930),systemResources.CPU_11,18960,5.00 percent
2023-06-06 18:47:07,(2(0)-1686091627:997943),systemResources.CPU_12,18961,0.00 percent
2023-06-06 18:47:07,(2(0)-1686091627:997955),systemResources.CPU_13,18962,0.00 percent
2023-06-06 18:47:07,(2(0)-1686091627:997967),systemResources.CPU_14,18963,0.00 percent
2023-06-06 18:47:07,(2(0)-1686091627:997980),systemResources.CPU_15,18964,0.00 percent
2023-06-06 18:47:07,(2(0)-1686091627:997980),systemResources.CPU,18948,0.37 percent
2023-06-06 18:47:07,(2(0)-1686091627:997996),systemResources.FRAMEWORK_VERSION,18965,v3.2.0
2023-06-06 18:47:07,(2(0)-1686091627:997998),systemResources.PROJECT_VERSION,18966,v3.2.0
2023-06-06 18:47:10,(2(0)-1686091630:82414),blockDrv.BD_Cycles,256,7
2023-06-06 18:47:09,(2(0)-1686091629:80938),systemResources.CPU_00,18949,0.00 percent
2023-06-06 18:47:09,(2(0)-1686091629:80949),systemResources.CPU_01,18950,3.70 percent
2023-06-06 18:47:09,(2(0)-1686091629:80957),systemResources.CPU_02,18951,0.93 percent
2023-06-06 18:47:09,(2(0)-1686091629:80964),systemResources.CPU_03,18952,0.00 percent
2023-06-06 18:47:09,(2(0)-1686091629:80972),systemResources.CPU_04,18953,6.54 percent
2023-06-06 18:47:09,(2(0)-1686091629:80980),systemResources.CPU_05,18954,0.00 percent
2023-06-06 18:47:09,(2(0)-1686091629:80988),systemResources.CPU_06,18955,3.70 percent
2023-06-06 18:47:09,(2(0)-1686091629:80996),systemResources.CPU_07,18956,0.00 percent
2023-06-06 18:47:09,(2(0)-1686091629:81005),systemResources.CPU_08,18957,0.93 percent
2023-06-06 18:47:09,(2(0)-1686091629:81013),systemResources.CPU_09,18958,0.00 percent
2023-06-06 18:47:09,(2(0)-1686091629:81021),systemResources.CPU_10,18959,0.00 percent
2023-06-06 18:47:09,(2(0)-1686091629:81029),systemResources.CPU_11,18960,6.67 percent
2023-06-06 18:47:09,(2(0)-1686091629:81036),systemResources.CPU_12,18961,4.04 percent
2023-06-06 18:47:09,(2(0)-1686091629:81044),systemResources.CPU_13,18962,0.00 percent
2023-06-06 18:47:09,(2(0)-1686091629:81052),systemResources.CPU_14,18963,0.00 percent
2023-06-06 18:47:09,(2(0)-1686091629:81060),systemResources.CPU_15,18964,11.01 percent
2023-06-06 18:47:09,(2(0)-1686091629:81061),systemResources.CPU,18948,2.34 percent
2023-06-06 18:47:09,(2(0)-1686091629:81068),systemResources.FRAMEWORK_VERSION,18965,v3.2.0
2023-06-06 18:47:09,(2(0)-1686091629:81069),systemResources.PROJECT_VERSION,18966,v3.2.0
2023-06-06 18:47:11,(2(0)-1686091631:83244),blockDrv.BD_Cycles,256,8
2023-06-06 18:47:10,(2(0)-1686091630:82601),systemResources.CPU_00,18949,10.10 percent
2023-06-06 18:47:10,(2(0)-1686091630:82622),systemResources.CPU_01,18950,6.93 percent
2023-06-06 18:47:10,(2(0)-1686091630:82636),systemResources.CPU_02,18951,7.22 percent
2023-06-06 18:47:10,(2(0)-1686091630:82649),systemResources.CPU_03,18952,6.00 percent
2023-06-06 18:47:10,(2(0)-1686091630:82668),systemResources.CPU_04,18953,2.06 percent
2023-06-06 18:47:10,(2(0)-1686091630:82688),systemResources.CPU_05,18954,14.14 percent
2023-06-06 18:47:10,(2(0)-1686091630:82709),systemResources.CPU_06,18955,10.78 percent
2023-06-06 18:47:10,(2(0)-1686091630:82728),systemResources.CPU_07,18956,8.33 percent
2023-06-06 18:47:10,(2(0)-1686091630:82745),systemResources.CPU_08,18957,7.29 percent
2023-06-06 18:47:10,(2(0)-1686091630:82764),systemResources.CPU_09,18958,2.00 percent
2023-06-06 18:47:10,(2(0)-1686091630:82783),systemResources.CPU_10,18959,26.47 percent
2023-06-06 18:47:10,(2(0)-1686091630:82803),systemResources.CPU_11,18960,15.15 percent
2023-06-06 18:47:10,(2(0)-1686091630:82823),systemResources.CPU_12,18961,9.38 percent
2023-06-06 18:47:10,(2(0)-1686091630:82873),systemResources.CPU_13,18962,0.00 percent
2023-06-06 18:47:10,(2(0)-1686091630:82896),systemResources.CPU_14,18963,6.45 percent
2023-06-06 18:47:10,(2(0)-1686091630:82917),systemResources.CPU_15,18964,8.65 percent
2023-06-06 18:47:10,(2(0)-1686091630:82918),systemResources.CPU,18948,8.81 percent
2023-06-06 18:47:10,(2(0)-1686091630:82930),systemResources.FRAMEWORK_VERSION,18965,v3.2.0
2023-06-06 18:47:10,(2(0)-1686091630:82933),systemResources.PROJECT_VERSION,18966,v3.2.0
2023-06-06 18:47:12,(2(0)-1686091632:97960),blockDrv.BD_Cycles,256,9
2023-06-06 18:47:11,(2(0)-1686091631:83470),systemResources.CPU_00,18949,2.97 percent
2023-06-06 18:47:11,(2(0)-1686091631:83492),systemResources.CPU_01,18950,3.88 percent
2023-06-06 18:47:11,(2(0)-1686091631:83508),systemResources.CPU_02,18951,1.01 percent
2023-06-06 18:47:11,(2(0)-1686091631:83523),systemResources.CPU_03,18952,1.00 percent
2023-06-06 18:47:11,(2(0)-1686091631:83538),systemResources.CPU_04,18953,0.00 percent
2023-06-06 18:47:11,(2(0)-1686091631:83553),systemResources.CPU_05,18954,0.00 percent
2023-06-06 18:47:11,(2(0)-1686091631:83568),systemResources.CPU_06,18955,0.00 percent
2023-06-06 18:47:11,(2(0)-1686091631:83588),systemResources.CPU_07,18956,0.00 percent
2023-06-06 18:47:11,(2(0)-1686091631:83611),systemResources.CPU_08,18957,1.01 percent
2023-06-06 18:47:11,(2(0)-1686091631:83630),systemResources.CPU_09,18958,0.00 percent
2023-06-06 18:47:11,(2(0)-1686091631:83649),systemResources.CPU_10,18959,7.00 percent
2023-06-06 18:47:11,(2(0)-1686091631:83670),systemResources.CPU_11,18960,2.97 percent
2023-06-06 18:47:11,(2(0)-1686091631:83693),systemResources.CPU_12,18961,0.00 percent
2023-06-06 18:47:11,(2(0)-1686091631:83716),systemResources.CPU_13,18962,1.00 percent
2023-06-06 18:47:11,(2(0)-1686091631:83737),systemResources.CPU_14,18963,0.00 percent
2023-06-06 18:47:11,(2(0)-1686091631:83763),systemResources.CPU_15,18964,1.00 percent
2023-06-06 18:47:11,(2(0)-1686091631:83771),systemResources.CPU,18948,1.37 percent
2023-06-06 18:47:11,(2(0)-1686091631:83797),systemResources.FRAMEWORK_VERSION,18965,v3.2.0
2023-06-06 18:47:11,(2(0)-1686091631:83798),systemResources.PROJECT_VERSION,18966,v3.2.0
2023-06-06 18:47:13,(2(0)-1686091633:98764),blockDrv.BD_Cycles,256,10
2023-06-06 18:47:12,(2(0)-1686091632:98273),systemResources.CPU_00,18949,2.02 percent
2023-06-06 18:47:12,(2(0)-1686091632:98302),systemResources.CPU_01,18950,1.00 percent
2023-06-06 18:47:12,(2(0)-1686091632:98324),systemResources.CPU_02,18951,0.00 percent
2023-06-06 18:47:12,(2(0)-1686091632:98345),systemResources.CPU_03,18952,1.98 percent
2023-06-06 18:47:12,(2(0)-1686091632:98367),systemResources.CPU_04,18953,0.00 percent
2023-06-06 18:47:12,(2(0)-1686091632:98389),systemResources.CPU_05,18954,0.00 percent
2023-06-06 18:47:12,(2(0)-1686091632:98411),systemResources.CPU_06,18955,2.94 percent
2023-06-06 18:47:12,(2(0)-1686091632:98432),systemResources.CPU_07,18956,0.00 percent
2023-06-06 18:47:12,(2(0)-1686091632:98453),systemResources.CPU_08,18957,0.99 percent
2023-06-06 18:47:12,(2(0)-1686091632:98474),systemResources.CPU_09,18958,0.00 percent
2023-06-06 18:47:12,(2(0)-1686091632:98495),systemResources.CPU_10,18959,5.88 percent
2023-06-06 18:47:12,(2(0)-1686091632:98516),systemResources.CPU_11,18960,2.91 percent
2023-06-06 18:47:12,(2(0)-1686091632:98536),systemResources.CPU_12,18961,1.98 percent
2023-06-06 18:47:12,(2(0)-1686091632:98557),systemResources.CPU_13,18962,0.00 percent
2023-06-06 18:47:12,(2(0)-1686091632:98577),systemResources.CPU_14,18963,1.94 percent
2023-06-06 18:47:12,(2(0)-1686091632:98597),systemResources.CPU_15,18964,0.99 percent
2023-06-06 18:47:12,(2(0)-1686091632:98598),systemResources.CPU,18948,1.41 percent
2023-06-06 18:47:12,(2(0)-1686091632:98613),systemResources.FRAMEWORK_VERSION,18965,v3.2.0
2023-06-06 18:47:12,(2(0)-1686091632:98615),systemResources.PROJECT_VERSION,18966,v3.2.0
2023-06-06 18:47:14,(2(0)-1686091634:99538),blockDrv.BD_Cycles,256,11
2023-06-06 18:47:13,(2(0)-1686091633:98956),systemResources.CPU_00,18949,0.00 percent
2023-06-06 18:47:13,(2(0)-1686091633:98966),systemResources.CPU_01,18950,0.00 percent
2023-06-06 18:47:13,(2(0)-1686091633:98974),systemResources.CPU_02,18951,6.93 percent
2023-06-06 18:47:13,(2(0)-1686091633:98982),systemResources.CPU_03,18952,1.03 percent
2023-06-06 18:47:13,(2(0)-1686091633:98990),systemResources.CPU_04,18953,3.00 percent
2023-06-06 18:47:13,(2(0)-1686091633:98998),systemResources.CPU_05,18954,1.98 percent
2023-06-06 18:47:13,(2(0)-1686091633:99006),systemResources.CPU_06,18955,2.00 percent
2023-06-06 18:47:13,(2(0)-1686091633:99014),systemResources.CPU_07,18956,1.01 percent
2023-06-06 18:47:13,(2(0)-1686091633:99022),systemResources.CPU_08,18957,1.00 percent
2023-06-06 18:47:13,(2(0)-1686091633:99030),systemResources.CPU_09,18958,1.00 percent
2023-06-06 18:47:13,(2(0)-1686091633:99038),systemResources.CPU_10,18959,8.08 percent
2023-06-06 18:47:13,(2(0)-1686091633:99046),systemResources.CPU_11,18960,3.03 percent
2023-06-06 18:47:13,(2(0)-1686091633:99054),systemResources.CPU_12,18961,1.01 percent
2023-06-06 18:47:13,(2(0)-1686091633:99062),systemResources.CPU_13,18962,1.98 percent
2023-06-06 18:47:13,(2(0)-1686091633:99070),systemResources.CPU_14,18963,2.00 percent
2023-06-06 18:47:13,(2(0)-1686091633:99077),systemResources.CPU_15,18964,0.00 percent
2023-06-06 18:47:13,(2(0)-1686091633:99077),systemResources.CPU,18948,2.13 percent
2023-06-06 18:47:13,(2(0)-1686091633:99090),systemResources.FRAMEWORK_VERSION,18965,v3.2.0
2023-06-06 18:47:13,(2(0)-1686091633:99090),systemResources.PROJECT_VERSION,18966,v3.2.0
2023-06-06 18:47:15,(2(0)-1686091635:100547),blockDrv.BD_Cycles,256,12
2023-06-06 18:47:14,(2(0)-1686091634:99839),systemResources.CPU_00,18949,1.01 percent
2023-06-06 18:47:14,(2(0)-1686091634:99864),systemResources.CPU_01,18950,3.92 percent
2023-06-06 18:47:14,(2(0)-1686091634:99883),systemResources.CPU_02,18951,5.05 percent
2023-06-06 18:47:14,(2(0)-1686091634:99903),systemResources.CPU_03,18952,3.92 percent
2023-06-06 18:47:14,(2(0)-1686091634:99922),systemResources.CPU_04,18953,0.00 percent
2023-06-06 18:47:14,(2(0)-1686091634:99940),systemResources.CPU_05,18954,0.00 percent
2023-06-06 18:47:14,(2(0)-1686091634:99959),systemResources.CPU_06,18955,2.00 percent
2023-06-06 18:47:14,(2(0)-1686091634:99978),systemResources.CPU_07,18956,0.00 percent
2023-06-06 18:47:14,(2(0)-1686091634:99996),systemResources.CPU_08,18957,0.00 percent
2023-06-06 18:47:14,(2(0)-1686091634:100014),systemResources.CPU_09,18958,0.00 percent
2023-06-06 18:47:14,(2(0)-1686091634:100033),systemResources.CPU_10,18959,3.06 percent
2023-06-06 18:47:14,(2(0)-1686091634:100051),systemResources.CPU_11,18960,3.96 percent
2023-06-06 18:47:14,(2(0)-1686091634:100069),systemResources.CPU_12,18961,3.96 percent
2023-06-06 18:47:14,(2(0)-1686091634:100086),systemResources.CPU_13,18962,0.00 percent
2023-06-06 18:47:14,(2(0)-1686091634:100104),systemResources.CPU_14,18963,2.02 percent
2023-06-06 18:47:14,(2(0)-1686091634:100122),systemResources.CPU_15,18964,2.00 percent
2023-06-06 18:47:14,(2(0)-1686091634:100123),systemResources.CPU,18948,1.93 percent
2023-06-06 18:47:14,(2(0)-1686091634:100138),systemResources.FRAMEWORK_VERSION,18965,v3.2.0
2023-06-06 18:47:14,(2(0)-1686091634:100140),systemResources.PROJECT_VERSION,18966,v3.2.0
2023-06-06 18:47:16,(2(0)-1686091636:103087),blockDrv.BD_Cycles,256,13
2023-06-06 18:47:15,(2(0)-1686091635:100976),systemResources.CPU_00,18949,1.00 percent
2023-06-06 18:47:15,(2(0)-1686091635:101016),systemResources.CPU_01,18950,2.94 percent
2023-06-06 18:47:15,(2(0)-1686091635:101045),systemResources.CPU_02,18951,5.00 percent
2023-06-06 18:47:15,(2(0)-1686091635:101077),systemResources.CPU_03,18952,2.00 percent
2023-06-06 18:47:15,(2(0)-1686091635:101105),systemResources.CPU_04,18953,0.00 percent
2023-06-06 18:47:15,(2(0)-1686091635:101133),systemResources.CPU_05,18954,1.00 percent
2023-06-06 18:47:15,(2(0)-1686091635:101162),systemResources.CPU_06,18955,0.00 percent
2023-06-06 18:47:15,(2(0)-1686091635:101191),systemResources.CPU_07,18956,0.00 percent
2023-06-06 18:47:15,(2(0)-1686091635:101220),systemResources.CPU_08,18957,0.00 percent
2023-06-06 18:47:15,(2(0)-1686091635:101247),systemResources.CPU_09,18958,1.00 percent
2023-06-06 18:47:15,(2(0)-1686091635:101278),systemResources.CPU_10,18959,0.00 percent
2023-06-06 18:47:15,(2(0)-1686091635:101307),systemResources.CPU_11,18960,1.01 percent
2023-06-06 18:47:15,(2(0)-1686091635:101337),systemResources.CPU_12,18961,2.00 percent
2023-06-06 18:47:15,(2(0)-1686091635:101368),systemResources.CPU_13,18962,0.00 percent
2023-06-06 18:47:15,(2(0)-1686091635:101399),systemResources.CPU_14,18963,3.92 percent
2023-06-06 18:47:15,(2(0)-1686091635:101430),systemResources.CPU_15,18964,2.94 percent
2023-06-06 18:47:15,(2(0)-1686091635:101431),systemResources.CPU,18948,1.43 percent
2023-06-06 18:47:15,(2(0)-1686091635:101447),systemResources.FRAMEWORK_VERSION,18965,v3.2.0
2023-06-06 18:47:15,(2(0)-1686091635:101450),systemResources.PROJECT_VERSION,18966,v3.2.0
2023-06-06 18:47:15,(2(0)-1686091635:101454),rateGroup1.RgMaxTime,512,1041 us
2023-06-06 18:47:17,(2(0)-1686091637:105644),blockDrv.BD_Cycles,256,14
2023-06-06 18:47:16,(2(0)-1686091636:103365),systemResources.CPU_00,18949,1.02 percent
2023-06-06 18:47:16,(2(0)-1686091636:103376),systemResources.CPU_01,18950,0.00 percent
2023-06-06 18:47:16,(2(0)-1686091636:103384),systemResources.CPU_02,18951,0.00 percent
2023-06-06 18:47:16,(2(0)-1686091636:103392),systemResources.CPU_03,18952,9.18 percent
2023-06-06 18:47:16,(2(0)-1686091636:103400),systemResources.CPU_04,18953,12.87 percent
2023-06-06 18:47:16,(2(0)-1686091636:103408),systemResources.CPU_05,18954,1.00 percent
2023-06-06 18:47:16,(2(0)-1686091636:103416),systemResources.CPU_06,18955,2.04 percent
2023-06-06 18:47:16,(2(0)-1686091636:103424),systemResources.CPU_07,18956,1.01 percent
2023-06-06 18:47:16,(2(0)-1686091636:103432),systemResources.CPU_08,18957,1.02 percent
2023-06-06 18:47:16,(2(0)-1686091636:103440),systemResources.CPU_09,18958,0.00 percent
2023-06-06 18:47:16,(2(0)-1686091636:103447),systemResources.CPU_10,18959,2.00 percent
2023-06-06 18:47:16,(2(0)-1686091636:103455),systemResources.CPU_11,18960,0.00 percent
2023-06-06 18:47:16,(2(0)-1686091636:103463),systemResources.CPU_12,18961,1.01 percent
2023-06-06 18:47:16,(2(0)-1686091636:103471),systemResources.CPU_13,18962,0.00 percent
2023-06-06 18:47:16,(2(0)-1686091636:103479),systemResources.CPU_14,18963,5.00 percent
2023-06-06 18:47:16,(2(0)-1686091636:103486),systemResources.CPU_15,18964,0.00 percent
2023-06-06 18:47:16,(2(0)-1686091636:103488),systemResources.CPU,18948,2.26 percent
2023-06-06 18:47:16,(2(0)-1686091636:103508),systemResources.FRAMEWORK_VERSION,18965,v3.2.0
2023-06-06 18:47:16,(2(0)-1686091636:103509),systemResources.PROJECT_VERSION,18966,v3.2.0
2023-06-06 18:47:18,(2(0)-1686091638:108743),blockDrv.BD_Cycles,256,15
2023-06-06 18:47:18,(2(0)-1686091638:108993),systemResources.CPU_00,18949,2.04 percent
2023-06-06 18:47:18,(2(0)-1686091638:109010),systemResources.CPU_01,18950,3.96 percent
2023-06-06 18:47:17,(2(0)-1686091637:105850),systemResources.CPU_02,18951,0.00 percent
2023-06-06 18:47:17,(2(0)-1686091637:105858),systemResources.CPU_03,18952,18.37 percent
2023-06-06 18:47:17,(2(0)-1686091637:105866),systemResources.CPU_04,18953,8.51 percent
2023-06-06 18:47:17,(2(0)-1686091637:105874),systemResources.CPU_05,18954,2.02 percent
2023-06-06 18:47:17,(2(0)-1686091637:105882),systemResources.CPU_06,18955,3.06 percent
2023-06-06 18:47:17,(2(0)-1686091637:105890),systemResources.CPU_07,18956,2.11 percent
2023-06-06 18:47:17,(2(0)-1686091637:105898),systemResources.CPU_08,18957,3.00 percent
2023-06-06 18:47:17,(2(0)-1686091637:105905),systemResources.CPU_09,18958,0.00 percent
2023-06-06 18:47:17,(2(0)-1686091637:105913),systemResources.CPU_10,18959,4.95 percent
2023-06-06 18:47:17,(2(0)-1686091637:105921),systemResources.CPU_11,18960,0.00 percent
2023-06-06 18:47:17,(2(0)-1686091637:105929),systemResources.CPU_12,18961,4.90 percent
2023-06-06 18:47:17,(2(0)-1686091637:105937),systemResources.CPU_13,18962,0.00 percent
2023-06-06 18:47:17,(2(0)-1686091637:105944),systemResources.CPU_14,18963,0.00 percent
2023-06-06 18:47:17,(2(0)-1686091637:105952),systemResources.CPU_15,18964,1.00 percent
2023-06-06 18:47:17,(2(0)-1686091637:105952),systemResources.CPU,18948,3.73 percent
2023-06-06 18:47:17,(2(0)-1686091637:105972),systemResources.FRAMEWORK_VERSION,18965,v3.2.0
2023-06-06 18:47:17,(2(0)-1686091637:105973),systemResources.PROJECT_VERSION,18966,v3.2.0
2023-06-06 18:47:19,(2(0)-1686091639:109563),blockDrv.BD_Cycles,256,16
2023-06-06 18:47:18,(2(0)-1686091638:109024),systemResources.CPU_02,18951,0.99 percent
2023-06-06 18:47:18,(2(0)-1686091638:109037),systemResources.CPU_03,18952,16.49 percent
2023-06-06 18:47:18,(2(0)-1686091638:109050),systemResources.CPU_04,18953,10.31 percent
2023-06-06 18:47:18,(2(0)-1686091638:109063),systemResources.CPU_05,18954,2.02 percent
2023-06-06 18:47:18,(2(0)-1686091638:109076),systemResources.CPU_06,18955,0.00 percent
2023-06-06 18:47:18,(2(0)-1686091638:109089),systemResources.CPU_07,18956,5.10 percent
2023-06-06 18:47:18,(2(0)-1686091638:109102),systemResources.CPU_08,18957,3.03 percent
2023-06-06 18:47:18,(2(0)-1686091638:109115),systemResources.CPU_09,18958,0.00 percent
2023-06-06 18:47:18,(2(0)-1686091638:109128),systemResources.CPU_10,18959,3.00 percent
2023-06-06 18:47:18,(2(0)-1686091638:109141),systemResources.CPU_11,18960,1.01 percent
2023-06-06 18:47:18,(2(0)-1686091638:109153),systemResources.CPU_12,18961,2.02 percent
2023-06-06 18:47:18,(2(0)-1686091638:109166),systemResources.CPU_13,18962,0.00 percent
2023-06-06 18:47:18,(2(0)-1686091638:109178),systemResources.CPU_14,18963,3.92 percent
2023-06-06 18:47:18,(2(0)-1686091638:109190),systemResources.CPU_15,18964,1.01 percent
2023-06-06 18:47:18,(2(0)-1686091638:109191),systemResources.CPU,18948,3.43 percent
2023-06-06 18:47:18,(2(0)-1686091638:109203),systemResources.FRAMEWORK_VERSION,18965,v3.2.0
2023-06-06 18:47:18,(2(0)-1686091638:109204),systemResources.PROJECT_VERSION,18966,v3.2.0
2023-06-06 18:47:20,(2(0)-1686091640:111155),blockDrv.BD_Cycles,256,17
2023-06-06 18:47:19,(2(0)-1686091639:110431),systemResources.CPU_00,18949,0.00 percent
2023-06-06 18:47:19,(2(0)-1686091639:110457),systemResources.CPU_01,18950,1.02 percent
2023-06-06 18:47:19,(2(0)-1686091639:110476),systemResources.CPU_02,18951,0.00 percent
2023-06-06 18:47:19,(2(0)-1686091639:110495),systemResources.CPU_03,18952,1.98 percent
2023-06-06 18:47:19,(2(0)-1686091639:110515),systemResources.CPU_04,18953,3.06 percent
2023-06-06 18:47:19,(2(0)-1686091639:110534),systemResources.CPU_05,18954,1.98 percent
2023-06-06 18:47:19,(2(0)-1686091639:110553),systemResources.CPU_06,18955,2.00 percent
2023-06-06 18:47:19,(2(0)-1686091639:110578),systemResources.CPU_07,18956,1.00 percent
2023-06-06 18:47:19,(2(0)-1686091639:110606),systemResources.CPU_08,18957,0.00 percent
2023-06-06 18:47:19,(2(0)-1686091639:110633),systemResources.CPU_09,18958,0.00 percent
2023-06-06 18:47:19,(2(0)-1686091639:110662),systemResources.CPU_10,18959,0.00 percent
2023-06-06 18:47:19,(2(0)-1686091639:110688),systemResources.CPU_11,18960,2.00 percent
2023-06-06 18:47:19,(2(0)-1686091639:110708),systemResources.CPU_12,18961,0.00 percent
2023-06-06 18:47:19,(2(0)-1686091639:110727),systemResources.CPU_13,18962,0.00 percent
2023-06-06 18:47:19,(2(0)-1686091639:110747),systemResources.CPU_14,18963,0.00 percent
2023-06-06 18:47:19,(2(0)-1686091639:110766),systemResources.CPU_15,18964,1.00 percent
2023-06-06 18:47:19,(2(0)-1686091639:110767),systemResources.CPU,18948,0.88 percent
2023-06-06 18:47:19,(2(0)-1686091639:110781),systemResources.FRAMEWORK_VERSION,18965,v3.2.0
2023-06-06 18:47:19,(2(0)-1686091639:110783),systemResources.PROJECT_VERSION,18966,v3.2.0
2023-06-06 18:47:19,(2(0)-1686091639:110785),rateGroup1.RgMaxTime,512,1339 us
2023-06-06 18:47:19,(2(0)-1686091639:110680),rateGroup3.RgMaxTime,1024,1232 us
2023-06-06 18:47:19,(2(0)-1686091639:873960),cmdDisp.CommandsDispatched,1280,1
