2023-06-06 18:15:41,(2(0)-1686089741:870636),blockDrv.BD_Cycles,256,2
2023-06-06 18:15:41,(2(0)-1686089741:870887),systemResources.CPU_00,18949,0.00 percent
2023-06-06 18:15:41,(2(0)-1686089741:870909),systemResources.CPU_01,18950,0.00 percent
2023-06-06 18:15:41,(2(0)-1686089741:870927),systemResources.CPU_02,18951,0.00 percent
2023-06-06 18:15:41,(2(0)-1686089741:870945),systemResources.CPU_03,18952,0.00 percent
2023-06-06 18:15:41,(2(0)-1686089741:870962),systemResources.CPU_04,18953,0.00 percent
2023-06-06 18:15:41,(2(0)-1686089741:870980),systemResources.CPU_05,18954,0.00 percent
2023-06-06 18:15:41,(2(0)-1686089741:870998),systemResources.CPU_06,18955,0.00 percent
2023-06-06 18:15:41,(2(0)-1686089741:871015),systemResources.CPU_07,18956,0.00 percent
2023-06-06 18:15:41,(2(0)-1686089741:871033),systemResources.CPU_08,18957,23.76 percent
2023-06-06 18:15:41,(2(0)-1686089741:871051),systemResources.CPU_09,18958,0.00 percent
2023-06-06 18:15:41,(2(0)-1686089741:871068),systemResources.CPU_10,18959,0.00 percent
2023-06-06 18:15:41,(2(0)-1686089741:871086),systemResources.CPU_11,18960,0.00 percent
2023-06-06 18:15:41,(2(0)-1686089741:871104),systemResources.CPU_12,18961,0.00 percent
2023-06-06 18:15:41,(2(0)-1686089741:871122),systemResources.CPU_13,18962,0.00 percent
2023-06-06 18:15:41,(2(0)-1686089741:871139),systemResources.CPU_14,18963,0.00 percent
2023-06-06 18:15:41,(2(0)-1686089741:871157),systemResources.CPU_15,18964,0.00 percent
2023-06-06 18:15:41,(2(0)-1686089741:871158),systemResources.CPU,18948,1.49 percent
2023-06-06 18:15:41,(2(0)-1686089741:871174),systemResources.FRAMEWORK_VERSION,18965,v3.2.0
2023-06-06 18:15:41,(2(0)-1686089741:871176),systemResources.PROJECT_VERSION,18966,v3.2.0
2023-06-06 18:15:40,(2(0)-1686089740:860847),rateGroup1.RgMaxTime,512,700 us
2023-06-06 18:15:41,(2(0)-1686089741:871250),rateGroup2.RgMaxTime,768,706 us
2023-06-06 18:15:42,(2(0)-1686089742:871464),blockDrv.BD_Cycles,256,3
2023-06-06 18:15:42,(2(0)-1686089742:871628),systemResources.CPU_00,18949,0.00 percent
2023-06-06 18:15:42,(2(0)-1686089742:871647),systemResources.CPU_01,18950,0.00 percent
2023-06-06 18:15:42,(2(0)-1686089742:871662),systemResources.CPU_02,18951,0.00 percent
2023-06-06 18:15:42,(2(0)-1686089742:871677),systemResources.CPU_03,18952,0.00 percent
2023-06-06 18:15:42,(2(0)-1686089742:871692),systemResources.CPU_04,18953,0.00 percent
2023-06-06 18:15:42,(2(0)-1686089742:871707),systemResources.CPU_05,18954,0.00 percent
2023-06-06 18:15:42,(2(0)-1686089742:871722),systemResources.CPU_06,18955,0.00 percent
2023-06-06 18:15:42,(2(0)-1686089742:871737),systemResources.CPU_07,18956,0.00 percent
2023-06-06 18:15:42,(2(0)-1686089742:871752),systemResources.CPU_08,18957,0.00 percent
2023-06-06 18:15:42,(2(0)-1686089742:871767),systemResources.CPU_09,18958,0.00 percent
2023-06-06 18:15:42,(2(0)-1686089742:871782),systemResources.CPU_10,18959,0.00 percent
2023-06-06 18:15:42,(2(0)-1686089742:871797),systemResources.CPU_11,18960,0.00 percent
2023-06-06 18:15:42,(2(0)-1686089742:871812),systemResources.CPU_12,18961,0.00 percent
2023-06-06 18:15:42,(2(0)-1686089742:871827),systemResources.CPU_13,18962,0.00 percent
2023-06-06 18:15:42,(2(0)-1686089742:871842),systemResources.CPU_14,18963,0.99 percent
2023-06-06 18:15:42,(2(0)-1686089742:871877),systemResources.CPU_15,18964,0.00 percent
2023-06-06 18:15:42,(2(0)-1686089742:871879),systemResources.CPU,18948,0.06 percent
2023-06-06 18:15:42,(2(0)-1686089742:871892),systemResources.FRAMEWORK_VERSION,18965,v3.2.0
2023-06-06 18:15:42,(2(0)-1686089742:871894),systemResources.PROJECT_VERSION,18966,v3.2.0
2023-06-06 18:15:43,(2(0)-1686089743:873427),blockDrv.BD_Cycles,256,4
2023-06-06 18:15:44,(2(0)-1686089744:885764),blockDrv.BD_Cycles,256,5
2023-06-06 18:15:43,(2(0)-1686089743:873679),systemResources.CPU_00,18949,0.98 percent
2023-06-06 18:15:43,(2(0)-1686089743:873702),systemResources.CPU_01,18950,1.00 percent
2023-06-06 18:15:43,(2(0)-1686089743:873719),systemResources.CPU_02,18951,2.91 percent
2023-06-06 18:15:43,(2(0)-1686089743:873736),systemResources.CPU_03,18952,0.00 percent
2023-06-06 18:15:43,(2(0)-1686089743:873753),systemResources.CPU_04,18953,0.00 percent
2023-06-06 18:15:43,(2(0)-1686089743:873770),systemResources.CPU_05,18954,0.00 percent
2023-06-06 18:15:43,(2(0)-1686089743:873787),systemResources.CPU_06,18955,1.00 percent
2023-06-06 18:15:43,(2(0)-1686089743:873804),systemResources.CPU_07,18956,0.00 percent
2023-06-06 18:15:43,(2(0)-1686089743:873820),systemResources.CPU_08,18957,1.96 percent
2023-06-06 18:15:43,(2(0)-1686089743:873835),systemResources.CPU_09,18958,0.00 percent
2023-06-06 18:15:43,(2(0)-1686089743:873851),systemResources.CPU_10,18959,1.00 percent
2023-06-06 18:15:43,(2(0)-1686089743:873867),systemResources.CPU_11,18960,0.00 percent
2023-06-06 18:15:43,(2(0)-1686089743:873884),systemResources.CPU_12,18961,10.64 percent
2023-06-06 18:15:43,(2(0)-1686089743:873899),systemResources.CPU_13,18962,1.01 percent
2023-06-06 18:15:43,(2(0)-1686089743:873917),systemResources.CPU_14,18963,0.00 percent
2023-06-06 18:15:43,(2(0)-1686089743:873933),systemResources.CPU_15,18964,0.00 percent
2023-06-06 18:15:43,(2(0)-1686089743:873934),systemResources.CPU,18948,1.28 percent
2023-06-06 18:15:43,(2(0)-1686089743:873951),systemResources.FRAMEWORK_VERSION,18965,v3.2.0
2023-06-06 18:15:43,(2(0)-1686089743:873952),systemResources.PROJECT_VERSION,18966,v3.2.0
2023-06-06 18:15:43,(2(0)-1686089743:873954),rateGroup1.RgMaxTime,512,705 us
2023-06-06 18:15:45,(2(0)-1686089745:886265),blockDrv.BD_Cycles,256,6
2023-06-06 18:15:45,(2(0)-1686089745:886403),systemResources.CPU_00,18949,12.37 percent
2023-06-06 18:15:45,(2(0)-1686089745:886422),systemResources.CPU_01,18950,2.00 percent
2023-06-06 18:15:45,(2(0)-1686089745:886437),systemResources.CPU_02,18951,9.18 percent
2023-06-06 18:15:45,(2(0)-1686089745:886450),systemResources.CPU_03,18952,4.04 percent
2023-06-06 18:15:45,(2(0)-1686089745:886465),systemResources.CPU_04,18953,4.17 percent
2023-06-06 18:15:45,(2(0)-1686089745:886479),systemResources.CPU_05,18954,1.02 percent
2023-06-06 18:15:45,(2(0)-1686089745:886493),systemResources.CPU_06,18955,7.14 percent
2023-06-06 18:15:45,(2(0)-1686089745:886507),systemResources.CPU_07,18956,1.01 percent
2023-06-06 18:15:45,(2(0)-1686089745:886520),systemResources.CPU_08,18957,14.29 percent
2023-06-06 18:15:44,(2(0)-1686089744:886228),systemResources.CPU_09,18958,0.00 percent
2023-06-06 18:15:44,(2(0)-1686089744:886243),systemResources.CPU_10,18959,0.00 percent
2023-06-06 18:15:44,(2(0)-1686089744:886259),systemResources.CPU_11,18960,0.00 percent
2023-06-06 18:15:44,(2(0)-1686089744:886273),systemResources.CPU_12,18961,5.56 percent
2023-06-06 18:15:44,(2(0)-1686089744:886289),systemResources.CPU_13,18962,0.00 percent
2023-06-06 18:15:44,(2(0)-1686089744:886302),systemResources.CPU_14,18963,0.00 percent
2023-06-06 18:15:44,(2(0)-1686089744:886313),systemResources.CPU_15,18964,0.00 percent
2023-06-06 18:15:44,(2(0)-1686089744:886314),systemResources.CPU,18948,0.35 percent
2023-06-06 18:15:44,(2(0)-1686089744:886326),systemResources.FRAMEWORK_VERSION,18965,v3.2.0
2023-06-06 18:15:44,(2(0)-1686089744:886327),systemResources.PROJECT_VERSION,18966,v3.2.0
2023-06-06 18:15:46,(2(0)-1686089746:888282),blockDrv.BD_Cycles,256,7
2023-06-06 18:15:45,(2(0)-1686089745:886534),systemResources.CPU_09,18958,5.94 percent
2023-06-06 18:15:45,(2(0)-1686089745:886548),systemResources.CPU_10,18959,5.05 percent
2023-06-06 18:15:45,(2(0)-1686089745:886562),systemResources.CPU_11,18960,0.00 percent
2023-06-06 18:15:45,(2(0)-1686089745:886576),systemResources.CPU_12,18961,11.46 percent
2023-06-06 18:15:45,(2(0)-1686089745:886591),systemResources.CPU_13,18962,0.00 percent
2023-06-06 18:15:45,(2(0)-1686089745:886605),systemResources.CPU_14,18963,11.22 percent
2023-06-06 18:15:45,(2(0)-1686089745:886620),systemResources.CPU_15,18964,13.86 percent
2023-06-06 18:15:45,(2(0)-1686089745:886620),systemResources.CPU,18948,6.42 percent
2023-06-06 18:15:45,(2(0)-1686089745:886630),systemResources.FRAMEWORK_VERSION,18965,v3.2.0
2023-06-06 18:15:45,(2(0)-1686089745:886632),systemResources.PROJECT_VERSION,18966,v3.2.0
2023-06-06 18:15:47,(2(0)-1686089747:891080),blockDrv.BD_Cycles,256,8
2023-06-06 18:15:46,(2(0)-1686089746:888596),systemResources.CPU_00,18949,3.09 percent
2023-06-06 18:15:46,(2(0)-1686089746:888629),systemResources.CPU_01,18950,1.98 percent
2023-06-06 18:15:46,(2(0)-1686089746:888651),systemResources.CPU_02,18951,8.91 percent
2023-06-06 18:15:46,(2(0)-1686089746:888674),systemResources.CPU_03,18952,7.69 percent
2023-06-06 18:15:46,(2(0)-1686089746:888697),systemResources.CPU_04,18953,9.00 percent
2023-06-06 18:15:46,(2(0)-1686089746:888722),systemResources.CPU_05,18954,22.22 percent
2023-06-06 18:15:46,(2(0)-1686089746:888749),systemResources.CPU_06,18955,8.82 percent
2023-06-06 18:15:46,(2(0)-1686089746:888772),systemResources.CPU_07,18956,9.00 percent
2023-06-06 18:15:46,(2(0)-1686089746:888798),systemResources.CPU_08,18957,7.00 percent
2023-06-06 18:15:46,(2(0)-1686089746:888822),systemResources.CPU_09,18958,9.62 percent
2023-06-06 18:15:46,(2(0)-1686089746:888849),systemResources.CPU_10,18959,5.05 percent
2023-06-06 18:15:46,(2(0)-1686089746:888876),systemResources.CPU_11,18960,4.00 percent
2023-06-06 18:15:46,(2(0)-1686089746:888898),systemResources.CPU_12,18961,8.91 percent
2023-06-06 18:15:46,(2(0)-1686089746:888918),systemResources.CPU_13,18962,2.02 percent
2023-06-06 18:15:46,(2(0)-1686089746:888937),systemResources.CPU_14,18963,11.76 percent
2023-06-06 18:15:46,(2(0)-1686089746:888956),systemResources.CPU_15,18964,5.10 percent
2023-06-06 18:15:46,(2(0)-1686089746:888957),systemResources.CPU,18948,7.76 percent
2023-06-06 18:15:46,(2(0)-1686089746:888973),systemResources.FRAMEWORK_VERSION,18965,v3.2.0
2023-06-06 18:15:46,(2(0)-1686089746:888975),systemResources.PROJECT_VERSION,18966,v3.2.0
2023-06-06 18:15:46,(2(0)-1686089746:888978),rateGroup1.RgMaxTime,512,774 us
2023-06-06 18:15:48,(2(0)-1686089748:893379),blockDrv.BD_Cycles,256,9
2023-06-06 18:15:47,(2(0)-1686089747:891422),systemResources.CPU_00,18949,1.00 percent
2023-06-06 18:15:47,(2(0)-1686089747:891458),systemResources.CPU_01,18950,1.98 percent
2023-06-06 18:15:47,(2(0)-1686089747:891486),systemResources.CPU_02,18951,1.00 percent
2023-06-06 18:15:47,(2(0)-1686089747:891512),systemResources.CPU_03,18952,0.00 percent
2023-06-06 18:15:47,(2(0)-1686089747:891540),systemResources.CPU_04,18953,1.01 percent
2023-06-06 18:15:47,(2(0)-1686089747:891569),systemResources.CPU_05,18954,3.09 percent
2023-06-06 18:15:47,(2(0)-1686089747:891589),systemResources.CPU_06,18955,0.99 percent
2023-06-06 18:15:47,(2(0)-1686089747:891609),systemResources.CPU_07,18956,0.00 percent
2023-06-06 18:15:47,(2(0)-1686089747:891628),systemResources.CPU_08,18957,0.99 percent
2023-06-06 18:15:47,(2(0)-1686089747:891647),systemResources.CPU_09,18958,2.94 percent
2023-06-06 18:15:47,(2(0)-1686089747:891671),systemResources.CPU_10,18959,0.00 percent
2023-06-06 18:15:47,(2(0)-1686089747:891697),systemResources.CPU_11,18960,0.00 percent
2023-06-06 18:15:47,(2(0)-1686089747:891723),systemResources.CPU_12,18961,2.94 percent
2023-06-06 18:15:47,(2(0)-1686089747:891753),systemResources.CPU_13,18962,1.98 percent
2023-06-06 18:15:47,(2(0)-1686089747:891777),systemResources.CPU_14,18963,1.00 percent
2023-06-06 18:15:47,(2(0)-1686089747:891806),systemResources.CPU_15,18964,0.00 percent
2023-06-06 18:15:47,(2(0)-1686089747:891810),systemResources.CPU,18948,1.18 percent
2023-06-06 18:15:47,(2(0)-1686089747:891831),systemResources.FRAMEWORK_VERSION,18965,v3.2.0
2023-06-06 18:15:47,(2(0)-1686089747:891833),systemResources.PROJECT_VERSION,18966,v3.2.0
2023-06-06 18:15:47,(2(0)-1686089747:891836),rateGroup1.RgMaxTime,512,919 us
2023-06-06 18:15:49,(2(0)-1686089749:894375),blockDrv.BD_Cycles,256,10
2023-06-06 18:15:49,(2(0)-1686089749:894549),systemResources.CPU_00,18949,0.00 percent
2023-06-06 18:15:49,(2(0)-1686089749:894562),systemResources.CPU_01,18950,0.00 percent
2023-06-06 18:15:49,(2(0)-1686089749:894572),systemResources.CPU_02,18951,5.88 percent
2023-06-06 18:15:49,(2(0)-1686089749:894583),systemResources.CPU_03,18952,0.00 percent
2023-06-06 18:15:49,(2(0)-1686089749:894594),systemResources.CPU_04,18953,3.88 percent
2023-06-06 18:15:49,(2(0)-1686089749:894620),systemResources.CPU_05,18954,8.82 percent
2023-06-06 18:15:49,(2(0)-1686089749:894637),systemResources.CPU_06,18955,4.90 percent
2023-06-06 18:15:49,(2(0)-1686089749:894663),systemResources.CPU_07,18956,0.00 percent
2023-06-06 18:15:48,(2(0)-1686089748:893840),systemResources.CPU_08,18957,1.00 percent
2023-06-06 18:15:48,(2(0)-1686089748:893859),systemResources.CPU_09,18958,1.01 percent
2023-06-06 18:15:48,(2(0)-1686089748:893878),systemResources.CPU_10,18959,0.00 percent
2023-06-06 18:15:48,(2(0)-1686089748:893897),systemResources.CPU_11,18960,0.00 percent
2023-06-06 18:15:48,(2(0)-1686089748:893916),systemResources.CPU_12,18961,3.00 percent
2023-06-06 18:15:48,(2(0)-1686089748:893934),systemResources.CPU_13,18962,2.94 percent
2023-06-06 18:15:48,(2(0)-1686089748:893953),systemResources.CPU_14,18963,4.95 percent
2023-06-06 18:15:48,(2(0)-1686089748:893972),systemResources.CPU_15,18964,0.00 percent
2023-06-06 18:15:48,(2(0)-1686089748:893973),systemResources.CPU,18948,1.87 percent
2023-06-06 18:15:48,(2(0)-1686089748:893987),systemResources.FRAMEWORK_VERSION,18965,v3.2.0
2023-06-06 18:15:48,(2(0)-1686089748:893988),systemResources.PROJECT_VERSION,18966,v3.2.0
2023-06-06 18:15:48,(2(0)-1686089748:893990),rateGroup1.RgMaxTime,512,999 us
2023-06-06 18:15:50,(2(0)-1686089750:896498),blockDrv.BD_Cycles,256,11
2023-06-06 18:15:49,(2(0)-1686089749:894673),systemResources.CPU_08,18957,1.02 percent
2023-06-06 18:15:49,(2(0)-1686089749:894686),systemResources.CPU_09,18958,0.00 percent
2023-06-06 18:15:49,(2(0)-1686089749:894696),systemResources.CPU_10,18959,0.00 percent
2023-06-06 18:15:49,(2(0)-1686089749:894707),systemResources.CPU_11,18960,0.00 percent
2023-06-06 18:15:49,(2(0)-1686089749:894716),systemResources.CPU_12,18961,1.02 percent
2023-06-06 18:15:49,(2(0)-1686089749:894728),systemResources.CPU_13,18962,1.00 percent
2023-06-06 18:15:49,(2(0)-1686089749:894736),systemResources.CPU_14,18963,0.00 percent
2023-06-06 18:15:49,(2(0)-1686089749:894744),systemResources.CPU_15,18964,0.99 percent
2023-06-06 18:15:49,(2(0)-1686089749:894744),systemResources.CPU,18948,1.72 percent
2023-06-06 18:15:49,(2(0)-1686089749:894754),systemResources.FRAMEWORK_VERSION,18965,v3.2.0
2023-06-06 18:15:49,(2(0)-1686089749:894755),systemResources.PROJECT_VERSION,18966,v3.2.0
2023-06-06 18:15:51,(2(0)-1686089751:897929),blockDrv.BD_Cycles,256,12
2023-06-06 18:15:50,(2(0)-1686089750:896973),systemResources.CPU_00,18949,1.01 percent
2023-06-06 18:15:50,(2(0)-1686089750:897004),systemResources.CPU_01,18950,0.00 percent
2023-06-06 18:15:50,(2(0)-1686089750:897027),systemResources.CPU_02,18951,1.02 percent
2023-06-06 18:15:50,(2(0)-1686089750:897050),systemResources.CPU_03,18952,1.00 percent
2023-06-06 18:15:50,(2(0)-1686089750:897080),systemResources.CPU_04,18953,1.98 percent
2023-06-06 18:15:50,(2(0)-1686089750:897111),systemResources.CPU_05,18954,5.10 percent
2023-06-06 18:15:50,(2(0)-1686089750:897135),systemResources.CPU_06,18955,3.00 percent
2023-06-06 18:15:50,(2(0)-1686089750:897157),systemResources.CPU_07,18956,0.00 percent
2023-06-06 18:15:50,(2(0)-1686089750:897179),systemResources.CPU_08,18957,1.01 percent
2023-06-06 18:15:50,(2(0)-1686089750:897208),systemResources.CPU_09,18958,0.00 percent
2023-06-06 18:15:50,(2(0)-1686089750:897238),systemResources.CPU_10,18959,0.00 percent
2023-06-06 18:15:50,(2(0)-1686089750:897268),systemResources.CPU_11,18960,0.00 percent
2023-06-06 18:15:50,(2(0)-1686089750:897299),systemResources.CPU_12,18961,0.00 percent
2023-06-06 18:15:50,(2(0)-1686089750:897327),systemResources.CPU_13,18962,1.01 percent
2023-06-06 18:15:50,(2(0)-1686089750:897349),systemResources.CPU_14,18963,2.94 percent
2023-06-06 18:15:50,(2(0)-1686089750:897371),systemResources.CPU_15,18964,0.00 percent
2023-06-06 18:15:50,(2(0)-1686089750:897372),systemResources.CPU,18948,1.13 percent
2023-06-06 18:15:50,(2(0)-1686089750:897388),systemResources.FRAMEWORK_VERSION,18965,v3.2.0
2023-06-06 18:15:50,(2(0)-1686089750:897390),systemResources.PROJECT_VERSION,18966,v3.2.0
2023-06-06 18:15:51,(2(0)-1686089751:659710),cmdDisp.CommandsDispatched,1280,1
2023-06-06 18:15:52,(2(0)-1686089752:917772),blockDrv.BD_Cycles,256,13
2023-06-06 18:15:51,(2(0)-1686089751:898191),systemResources.CPU_00,18949,2.00 percent
2023-06-06 18:15:51,(2(0)-1686089751:898210),systemResources.CPU_01,18950,0.00 percent
2023-06-06 18:15:51,(2(0)-1686089751:898228),systemResources.CPU_02,18951,3.00 percent
2023-06-06 18:15:51,(2(0)-1686089751:898243),systemResources.CPU_03,18952,1.01 percent
2023-06-06 18:15:51,(2(0)-1686089751:898253),systemResources.CPU_04,18953,2.04 percent
2023-06-06 18:15:51,(2(0)-1686089751:898263),systemResources.CPU_05,18954,8.91 percent
2023-06-06 18:15:51,(2(0)-1686089751:898273),systemResources.CPU_06,18955,3.06 percent
2023-06-06 18:15:51,(2(0)-1686089751:898283),systemResources.CPU_07,18956,0.00 percent
2023-06-06 18:15:51,(2(0)-1686089751:898293),systemResources.CPU_08,18957,2.00 percent
2023-06-06 18:15:51,(2(0)-1686089751:898303),systemResources.CPU_09,18958,1.98 percent
2023-06-06 18:15:51,(2(0)-1686089751:898313),systemResources.CPU_10,18959,2.02 percent
2023-06-06 18:15:51,(2(0)-1686089751:898322),systemResources.CPU_11,18960,0.00 percent
2023-06-06 18:15:51,(2(0)-1686089751:898332),systemResources.CPU_12,18961,2.02 percent
2023-06-06 18:15:51,(2(0)-1686089751:898342),systemResources.CPU_13,18962,0.00 percent
2023-06-06 18:15:51,(2(0)-1686089751:898355),systemResources.CPU_14,18963,1.00 percent
2023-06-06 18:15:51,(2(0)-1686089751:898363),systemResources.CPU_15,18964,0.00 percent
2023-06-06 18:15:51,(2(0)-1686089751:898364),systemResources.CPU,18948,1.82 percent
2023-06-06 18:15:51,(2(0)-1686089751:898421),systemResources.FRAMEWORK_VERSION,18965,v3.2.0
2023-06-06 18:15:51,(2(0)-1686089751:898422),systemResources.PROJECT_VERSION,18966,v3.2.0
2023-06-06 18:15:51,(2(0)-1686089751:898209),fileUplinkBufferManager.HiBuffs,17410,1
2023-06-06 18:15:53,(2(0)-1686089753:920326),blockDrv.BD_Cycles,256,14
2023-06-06 18:15:52,(2(0)-1686089752:918120),systemResources.CPU_00,18949,0.00 percent
2023-06-06 18:15:52,(2(0)-1686089752:918144),systemResources.CPU_01,18950,0.00 percent
2023-06-06 18:15:52,(2(0)-1686089752:918164),systemResources.CPU_02,18951,3.85 percent
2023-06-06 18:15:52,(2(0)-1686089752:918183),systemResources.CPU_03,18952,0.00 percent
2023-06-06 18:15:52,(2(0)-1686089752:918207),systemResources.CPU_04,18953,1.98 percent
2023-06-06 18:15:52,(2(0)-1686089752:918229),systemResources.CPU_05,18954,4.04 percent
2023-06-06 18:15:52,(2(0)-1686089752:918248),systemResources.CPU_06,18955,1.98 percent
2023-06-06 18:15:52,(2(0)-1686089752:918268),systemResources.CPU_07,18956,0.00 percent
2023-06-06 18:15:52,(2(0)-1686089752:918288),systemResources.CPU_08,18957,0.00 percent
2023-06-06 18:15:52,(2(0)-1686089752:918308),systemResources.CPU_09,18958,0.00 percent
2023-06-06 18:15:52,(2(0)-1686089752:918328),systemResources.CPU_10,18959,0.98 percent
2023-06-06 18:15:52,(2(0)-1686089752:918346),systemResources.CPU_11,18960,0.00 percent
2023-06-06 18:15:52,(2(0)-1686089752:918365),systemResources.CPU_12,18961,0.00 percent
2023-06-06 18:15:52,(2(0)-1686089752:918384),systemResources.CPU_13,18962,0.98 percent
2023-06-06 18:15:52,(2(0)-1686089752:918404),systemResources.CPU_14,18963,0.00 percent
2023-06-06 18:15:52,(2(0)-1686089752:918422),systemResources.CPU_15,18964,0.00 percent
2023-06-06 18:15:52,(2(0)-1686089752:918423),systemResources.CPU,18948,0.86 percent
2023-06-06 18:15:52,(2(0)-1686089752:918439),systemResources.FRAMEWORK_VERSION,18965,v3.2.0
2023-06-06 18:15:52,(2(0)-1686089752:918441),systemResources.PROJECT_VERSION,18966,v3.2.0
2023-06-06 18:15:54,(2(0)-1686089754:922287),blockDrv.BD_Cycles,256,15
2023-06-06 18:15:53,(2(0)-1686089753:920607),systemResources.CPU_00,18949,4.90 percent
2023-06-06 18:15:53,(2(0)-1686089753:920619),systemResources.CPU_01,18950,0.00 percent
2023-06-06 18:15:53,(2(0)-1686089753:920629),systemResources.CPU_02,18951,3.92 percent
2023-06-06 18:15:53,(2(0)-1686089753:920638),systemResources.CPU_03,18952,0.99 percent
2023-06-06 18:15:53,(2(0)-1686089753:920648),systemResources.CPU_04,18953,2.97 percent
2023-06-06 18:15:53,(2(0)-1686089753:920657),systemResources.CPU_05,18954,5.94 percent
2023-06-06 18:15:53,(2(0)-1686089753:920667),systemResources.CPU_06,18955,1.02 percent
2023-06-06 18:15:53,(2(0)-1686089753:920677),systemResources.CPU_07,18956,0.00 percent
2023-06-06 18:15:53,(2(0)-1686089753:920686),systemResources.CPU_08,18957,0.00 percent
2023-06-06 18:15:53,(2(0)-1686089753:920696),systemResources.CPU_09,18958,2.00 percent
2023-06-06 18:15:53,(2(0)-1686089753:920706),systemResources.CPU_10,18959,2.00 percent
2023-06-06 18:15:53,(2(0)-1686089753:920715),systemResources.CPU_11,18960,0.00 percent
2023-06-06 18:15:53,(2(0)-1686089753:920726),systemResources.CPU_12,18961,2.00 percent
2023-06-06 18:15:53,(2(0)-1686089753:920736),systemResources.CPU_13,18962,1.01 percent
2023-06-06 18:15:53,(2(0)-1686089753:920745),systemResources.CPU_14,18963,1.00 percent
2023-06-06 18:15:53,(2(0)-1686089753:920753),systemResources.CPU_15,18964,0.00 percent
2023-06-06 18:15:53,(2(0)-1686089753:920754),systemResources.CPU,18948,1.73 percent
2023-06-06 18:15:53,(2(0)-1686089753:920767),systemResources.FRAMEWORK_VERSION,18965,v3.2.0
2023-06-06 18:15:53,(2(0)-1686089753:920768),systemResources.PROJECT_VERSION,18966,v3.2.0
2023-06-06 18:15:55,(2(0)-1686089755:937317),blockDrv.BD_Cycles,256,16
2023-06-06 18:15:54,(2(0)-1686089754:922577),systemResources.CPU_00,18949,2.00 percent
2023-06-06 18:15:54,(2(0)-1686089754:922593),systemResources.CPU_01,18950,0.00 percent
2023-06-06 18:15:54,(2(0)-1686089754:922606),systemResources.CPU_02,18951,1.00 percent
2023-06-06 18:15:54,(2(0)-1686089754:922619),systemResources.CPU_03,18952,0.00 percent
2023-06-06 18:15:54,(2(0)-1686089754:922632),systemResources.CPU_04,18953,1.00 percent
2023-06-06 18:15:54,(2(0)-1686089754:922645),systemResources.CPU_05,18954,3.06 percent
2023-06-06 18:15:54,(2(0)-1686089754:922658),systemResources.CPU_06,18955,0.99 percent
2023-06-06 18:15:54,(2(0)-1686089754:922670),systemResources.CPU_07,18956,0.00 percent
2023-06-06 18:15:54,(2(0)-1686089754:922683),systemResources.CPU_08,18957,0.99 percent
2023-06-06 18:15:54,(2(0)-1686089754:922696),systemResources.CPU_09,18958,1.98 percent
2023-06-06 18:15:54,(2(0)-1686089754:922708),systemResources.CPU_10,18959,0.00 percent
2023-06-06 18:15:54,(2(0)-1686089754:922721),systemResources.CPU_11,18960,0.00 percent
2023-06-06 18:15:54,(2(0)-1686089754:922733),systemResources.CPU_12,18961,0.00 percent
2023-06-06 18:15:54,(2(0)-1686089754:922749),systemResources.CPU_13,18962,0.00 percent
2023-06-06 18:15:54,(2(0)-1686089754:922768),systemResources.CPU_14,18963,0.00 percent
2023-06-06 18:15:54,(2(0)-1686089754:922787),systemResources.CPU_15,18964,0.00 percent
2023-06-06 18:15:54,(2(0)-1686089754:922788),systemResources.CPU,18948,0.69 percent
2023-06-06 18:15:54,(2(0)-1686089754:922800),systemResources.FRAMEWORK_VERSION,18965,v3.2.0
2023-06-06 18:15:54,(2(0)-1686089754:922802),systemResources.PROJECT_VERSION,18966,v3.2.0
2023-06-06 18:15:56,(2(0)-1686089756:954674),blockDrv.BD_Cycles,256,17
2023-06-06 18:15:55,(2(0)-1686089755:937466),systemResources.CPU_00,18949,3.85 percent
2023-06-06 18:15:55,(2(0)-1686089755:937484),systemResources.CPU_01,18950,0.00 percent
2023-06-06 18:15:55,(2(0)-1686089755:937500),systemResources.CPU_02,18951,0.99 percent
2023-06-06 18:15:55,(2(0)-1686089755:937515),systemResources.CPU_03,18952,0.00 percent
2023-06-06 18:15:55,(2(0)-1686089755:937531),systemResources.CPU_04,18953,0.00 percent
2023-06-06 18:15:55,(2(0)-1686089755:937547),systemResources.CPU_05,18954,3.92 percent
2023-06-06 18:15:55,(2(0)-1686089755:937562),systemResources.CPU_06,18955,1.98 percent
2023-06-06 18:15:55,(2(0)-1686089755:937577),systemResources.CPU_07,18956,0.00 percent
2023-06-06 18:15:55,(2(0)-1686089755:937592),systemResources.CPU_08,18957,0.00 percent
2023-06-06 18:15:55,(2(0)-1686089755:937608),systemResources.CPU_09,18958,0.00 percent
2023-06-06 18:15:55,(2(0)-1686089755:937622),systemResources.CPU_10,18959,0.99 percent
2023-06-06 18:15:55,(2(0)-1686089755:937636),systemResources.CPU_11,18960,0.00 percent
2023-06-06 18:15:55,(2(0)-1686089755:937650),systemResources.CPU_12,18961,0.00 percent
2023-06-06 18:15:55,(2(0)-1686089755:937665),systemResources.CPU_13,18962,0.98 percent
2023-06-06 18:15:55,(2(0)-1686089755:937678),systemResources.CPU_14,18963,0.00 percent
2023-06-06 18:15:55,(2(0)-1686089755:937694),systemResources.CPU_15,18964,0.00 percent
2023-06-06 18:15:55,(2(0)-1686089755:937695),systemResources.CPU,18948,0.79 percent
2023-06-06 18:15:55,(2(0)-1686089755:937707),systemResources.FRAMEWORK_VERSION,18965,v3.2.0
2023-06-06 18:15:55,(2(0)-1686089755:937709),systemResources.PROJECT_VERSION,18966,v3.2.0
2023-06-06 18:15:57,(2(0)-1686089757:972797),blockDrv.BD_Cycles,256,18
2023-06-06 18:15:56,(2(0)-1686089756:955069),systemResources.CPU_00,18949,0.98 percent
2023-06-06 18:15:56,(2(0)-1686089756:955100),systemResources.CPU_01,18950,2.91 percent
2023-06-06 18:15:56,(2(0)-1686089756:955123),systemResources.CPU_02,18951,0.00 percent
2023-06-06 18:15:56,(2(0)-1686089756:955147),systemResources.CPU_03,18952,0.98 percent
2023-06-06 18:15:56,(2(0)-1686089756:955170),systemResources.CPU_04,18953,1.96 percent
2023-06-06 18:15:56,(2(0)-1686089756:955194),systemResources.CPU_05,18954,3.92 percent
2023-06-06 18:15:56,(2(0)-1686089756:955216),systemResources.CPU_06,18955,1.98 percent
2023-06-06 18:15:56,(2(0)-1686089756:955238),systemResources.CPU_07,18956,0.00 percent
2023-06-06 18:15:56,(2(0)-1686089756:955260),systemResources.CPU_08,18957,0.00 percent
2023-06-06 18:15:56,(2(0)-1686089756:955283),systemResources.CPU_09,18958,0.98 percent
2023-06-06 18:15:56,(2(0)-1686089756:955304),systemResources.CPU_10,18959,0.00 percent
2023-06-06 18:15:56,(2(0)-1686089756:955326),systemResources.CPU_11,18960,0.00 percent
2023-06-06 18:15:56,(2(0)-1686089756:955348),systemResources.CPU_12,18961,0.00 percent
2023-06-06 18:15:56,(2(0)-1686089756:955369),systemResources.CPU_13,18962,2.88 percent
2023-06-06 18:15:56,(2(0)-1686089756:955391),systemResources.CPU_14,18963,0.98 percent
2023-06-06 18:15:56,(2(0)-1686089756:955413),systemResources.CPU_15,18964,0.00 percent
2023-06-06 18:15:56,(2(0)-1686089756:955414),systemResources.CPU,18948,1.10 percent
2023-06-06 18:15:56,(2(0)-1686089756:955431),systemResources.FRAMEWORK_VERSION,18965,v3.2.0
2023-06-06 18:15:56,(2(0)-1686089756:955434),systemResources.PROJECT_VERSION,18966,v3.2.0
2023-06-06 18:15:58,(2(0)-1686089758:973760),blockDrv.BD_Cycles,256,19
2023-06-06 18:15:58,(2(0)-1686089758:974136),systemResources.CPU_00,18949,0.00 percent
2023-06-06 18:15:57,(2(0)-1686089757:973201),systemResources.CPU_01,18950,0.00 percent
2023-06-06 18:15:57,(2(0)-1686089757:973222),systemResources.CPU_02,18951,0.97 percent
2023-06-06 18:15:57,(2(0)-1686089757:973243),systemResources.CPU_03,18952,0.00 percent
2023-06-06 18:15:57,(2(0)-1686089757:973264),systemResources.CPU_04,18953,0.98 percent
2023-06-06 18:15:57,(2(0)-1686089757:973285),systemResources.CPU_05,18954,3.88 percent
2023-06-06 18:15:57,(2(0)-1686089757:973305),systemResources.CPU_06,18955,0.00 percent
2023-06-06 18:15:57,(2(0)-1686089757:973326),systemResources.CPU_07,18956,0.00 percent
2023-06-06 18:15:57,(2(0)-1686089757:973356),systemResources.CPU_08,18957,0.00 percent
2023-06-06 18:15:57,(2(0)-1686089757:973377),systemResources.CPU_09,18958,2.91 percent
2023-06-06 18:15:57,(2(0)-1686089757:973397),systemResources.CPU_10,18959,2.91 percent
2023-06-06 18:15:57,(2(0)-1686089757:973417),systemResources.CPU_11,18960,0.00 percent
2023-06-06 18:15:57,(2(0)-1686089757:973437),systemResources.CPU_12,18961,0.00 percent
2023-06-06 18:15:57,(2(0)-1686089757:973457),systemResources.CPU_13,18962,0.99 percent
2023-06-06 18:15:57,(2(0)-1686089757:973478),systemResources.CPU_14,18963,0.00 percent
2023-06-06 18:15:57,(2(0)-1686089757:973498),systemResources.CPU_15,18964,0.00 percent
2023-06-06 18:15:57,(2(0)-1686089757:973499),systemResources.CPU,18948,0.79 percent
2023-06-06 18:15:57,(2(0)-1686089757:973514),systemResources.FRAMEWORK_VERSION,18965,v3.2.0
2023-06-06 18:15:57,(2(0)-1686089757:973516),systemResources.PROJECT_VERSION,18966,v3.2.0
2023-06-06 18:15:59,(2(0)-1686089759:977997),blockDrv.BD_Cycles,256,20
2023-06-06 18:15:58,(2(0)-1686089758:974164),systemResources.CPU_01,18950,2.00 percent
2023-06-06 18:15:58,(2(0)-1686089758:974186),systemResources.CPU_02,18951,1.98 percent
2023-06-06 18:15:58,(2(0)-1686089758:974208),systemResources.CPU_03,18952,0.99 percent
2023-06-06 18:15:58,(2(0)-1686089758:974229),systemResources.CPU_04,18953,0.00 percent
2023-06-06 18:15:58,(2(0)-1686089758:974250),systemResources.CPU_05,18954,4.00 percent
2023-06-06 18:15:58,(2(0)-1686089758:974275),systemResources.CPU_06,18955,1.00 percent
2023-06-06 18:15:58,(2(0)-1686089758:974298),systemResources.CPU_07,18956,0.00 percent
2023-06-06 18:15:58,(2(0)-1686089758:974320),systemResources.CPU_08,18957,0.00 percent
2023-06-06 18:15:58,(2(0)-1686089758:974342),systemResources.CPU_09,18958,1.02 percent
2023-06-06 18:15:58,(2(0)-1686089758:974364),systemResources.CPU_10,18959,2.97 percent
2023-06-06 18:15:58,(2(0)-1686089758:974385),systemResources.CPU_11,18960,0.99 percent
2023-06-06 18:15:58,(2(0)-1686089758:974407),systemResources.CPU_12,18961,1.00 percent
2023-06-06 18:15:58,(2(0)-1686089758:974429),systemResources.CPU_13,18962,1.00 percent
2023-06-06 18:15:58,(2(0)-1686089758:974451),systemResources.CPU_14,18963,0.00 percent
2023-06-06 18:15:58,(2(0)-1686089758:974473),systemResources.CPU_15,18964,0.00 percent
2023-06-06 18:15:58,(2(0)-1686089758:974474),systemResources.CPU,18948,1.06 percent
2023-06-06 18:15:58,(2(0)-1686089758:974491),systemResources.FRAMEWORK_VERSION,18965,v3.2.0
2023-06-06 18:15:58,(2(0)-1686089758:974493),systemResources.PROJECT_VERSION,18966,v3.2.0
2023-06-06 18:16:00,(2(0)-1686089760:979064),blockDrv.BD_Cycles,256,21
2023-06-06 18:15:59,(2(0)-1686089759:978358),systemResources.CPU_00,18949,0.00 percent
2023-06-06 18:15:59,(2(0)-1686089759:978386),systemResources.CPU_01,18950,1.01 percent
2023-06-06 18:15:59,(2(0)-1686089759:978407),systemResources.CPU_02,18951,1.98 percent
2023-06-06 18:15:59,(2(0)-1686089759:978429),systemResources.CPU_03,18952,0.00 percent
2023-06-06 18:15:59,(2(0)-1686089759:978449),systemResources.CPU_04,18953,2.00 percent
2023-06-06 18:15:59,(2(0)-1686089759:978464),systemResources.CPU_05,18954,5.88 percent
2023-06-06 18:15:59,(2(0)-1686089759:978479),systemResources.CPU_06,18955,2.00 percent
2023-06-06 18:15:59,(2(0)-1686089759:978494),systemResources.CPU_07,18956,0.00 percent
2023-06-06 18:15:59,(2(0)-1686089759:978509),systemResources.CPU_08,18957,0.00 percent
2023-06-06 18:15:59,(2(0)-1686089759:978524),systemResources.CPU_09,18958,1.00 percent
2023-06-06 18:15:59,(2(0)-1686089759:978539),systemResources.CPU_10,18959,1.98 percent
2023-06-06 18:15:59,(2(0)-1686089759:978554),systemResources.CPU_11,18960,0.00 percent
2023-06-06 18:15:59,(2(0)-1686089759:978570),systemResources.CPU_12,18961,0.99 percent
2023-06-06 18:15:59,(2(0)-1686089759:978585),systemResources.CPU_13,18962,0.00 percent
2023-06-06 18:15:59,(2(0)-1686089759:978601),systemResources.CPU_14,18963,2.91 percent
2023-06-06 18:15:59,(2(0)-1686089759:978622),systemResources.CPU_15,18964,0.99 percent
2023-06-06 18:15:59,(2(0)-1686089759:978626),systemResources.CPU,18948,1.30 percent
2023-06-06 18:15:59,(2(0)-1686089759:978666),systemResources.FRAMEWORK_VERSION,18965,v3.2.0
2023-06-06 18:15:59,(2(0)-1686089759:978668),systemResources.PROJECT_VERSION,18966,v3.2.0
2023-06-06 18:16:01,(2(0)-1686089761:999568),blockDrv.BD_Cycles,256,22
2023-06-06 18:16:00,(2(0)-1686089760:979397),systemResources.CPU_00,18949,0.00 percent
2023-06-06 18:16:00,(2(0)-1686089760:979430),systemResources.CPU_01,18950,3.00 percent
2023-06-06 18:16:00,(2(0)-1686089760:979440),systemResources.CPU_02,18951,2.02 percent
2023-06-06 18:16:00,(2(0)-1686089760:979450),systemResources.CPU_03,18952,3.88 percent
2023-06-06 18:16:00,(2(0)-1686089760:979462),systemResources.CPU_04,18953,1.00 percent
2023-06-06 18:16:00,(2(0)-1686089760:979477),systemResources.CPU_05,18954,8.74 percent
2023-06-06 18:16:00,(2(0)-1686089760:979488),systemResources.CPU_06,18955,0.00 percent
2023-06-06 18:16:00,(2(0)-1686089760:979500),systemResources.CPU_07,18956,0.00 percent
2023-06-06 18:16:00,(2(0)-1686089760:979512),systemResources.CPU_08,18957,2.97 percent
2023-06-06 18:16:00,(2(0)-1686089760:979523),systemResources.CPU_09,18958,1.00 percent
2023-06-06 18:16:00,(2(0)-1686089760:979535),systemResources.CPU_10,18959,1.98 percent
2023-06-06 18:16:00,(2(0)-1686089760:979547),systemResources.CPU_11,18960,0.00 percent
2023-06-06 18:16:00,(2(0)-1686089760:979560),systemResources.CPU_12,18961,1.00 percent
2023-06-06 18:16:00,(2(0)-1686089760:979571),systemResources.CPU_13,18962,2.97 percent
2023-06-06 18:16:00,(2(0)-1686089760:979581),systemResources.CPU_14,18963,1.00 percent
2023-06-06 18:16:00,(2(0)-1686089760:979593),systemResources.CPU_15,18964,0.00 percent
2023-06-06 18:16:00,(2(0)-1686089760:979593),systemResources.CPU,18948,1.85 percent
2023-06-06 18:16:00,(2(0)-1686089760:979604),systemResources.FRAMEWORK_VERSION,18965,v3.2.0
2023-06-06 18:16:00,(2(0)-1686089760:979605),systemResources.PROJECT_VERSION,18966,v3.2.0
2023-06-06 18:16:03,(2(0)-1686089763:19379),blockDrv.BD_Cycles,256,23
2023-06-06 18:16:03,(2(0)-1686089763:19726),systemResources.CPU_00,18949,0.00 percent
2023-06-06 18:16:02,(2(0)-1686089762:23),systemResources.CPU_01,18950,3.85 percent
2023-06-06 18:16:02,(2(0)-1686089762:46),systemResources.CPU_02,18951,1.02 percent
2023-06-06 18:16:02,(2(0)-1686089762:68),systemResources.CPU_03,18952,0.00 percent
2023-06-06 18:16:02,(2(0)-1686089762:91),systemResources.CPU_04,18953,1.00 percent
2023-06-06 18:16:02,(2(0)-1686089762:113),systemResources.CPU_05,18954,5.94 percent
2023-06-06 18:16:02,(2(0)-1686089762:135),systemResources.CPU_06,18955,2.94 percent
2023-06-06 18:16:02,(2(0)-1686089762:157),systemResources.CPU_07,18956,0.00 percent
2023-06-06 18:16:02,(2(0)-1686089762:178),systemResources.CPU_08,18957,1.94 percent
2023-06-06 18:16:02,(2(0)-1686089762:200),systemResources.CPU_09,18958,0.99 percent
2023-06-06 18:16:02,(2(0)-1686089762:221),systemResources.CPU_10,18959,0.98 percent
2023-06-06 18:16:02,(2(0)-1686089762:244),systemResources.CPU_11,18960,0.00 percent
2023-06-06 18:16:02,(2(0)-1686089762:265),systemResources.CPU_12,18961,0.00 percent
2023-06-06 18:16:02,(2(0)-1686089762:287),systemResources.CPU_13,18962,0.98 percent
2023-06-06 18:16:02,(2(0)-1686089762:309),systemResources.CPU_14,18963,0.98 percent
2023-06-06 18:16:02,(2(0)-1686089762:354),systemResources.CPU_15,18964,0.00 percent
2023-06-06 18:16:02,(2(0)-1686089762:356),systemResources.CPU,18948,1.41 percent
2023-06-06 18:16:02,(2(0)-1686089762:374),systemResources.FRAMEWORK_VERSION,18965,v3.2.0
2023-06-06 18:16:02,(2(0)-1686089762:377),systemResources.PROJECT_VERSION,18966,v3.2.0
2023-06-06 18:16:04,(2(0)-1686089764:19851),blockDrv.BD_Cycles,256,24
2023-06-06 18:16:03,(2(0)-1686089763:19751),systemResources.CPU_01,18950,1.98 percent
2023-06-06 18:16:03,(2(0)-1686089763:19773),systemResources.CPU_02,18951,0.99 percent
2023-06-06 18:16:03,(2(0)-1686089763:19791),systemResources.CPU_03,18952,1.94 percent
2023-06-06 18:16:03,(2(0)-1686089763:19810),systemResources.CPU_04,18953,1.98 percent
2023-06-06 18:16:03,(2(0)-1686089763:19828),systemResources.CPU_05,18954,8.65 percent
2023-06-06 18:16:03,(2(0)-1686089763:19847),systemResources.CPU_06,18955,0.99 percent
2023-06-06 18:16:03,(2(0)-1686089763:19865),systemResources.CPU_07,18956,0.00 percent
2023-06-06 18:16:03,(2(0)-1686089763:19883),systemResources.CPU_08,18957,1.96 percent
2023-06-06 18:16:03,(2(0)-1686089763:19902),systemResources.CPU_09,18958,2.91 percent
2023-06-06 18:16:03,(2(0)-1686089763:19920),systemResources.CPU_10,18959,0.98 percent
2023-06-06 18:16:03,(2(0)-1686089763:19939),systemResources.CPU_11,18960,0.00 percent
2023-06-06 18:16:03,(2(0)-1686089763:19957),systemResources.CPU_12,18961,1.96 percent
2023-06-06 18:16:03,(2(0)-1686089763:19975),systemResources.CPU_13,18962,0.99 percent
2023-06-06 18:16:03,(2(0)-1686089763:19993),systemResources.CPU_14,18963,0.00 percent
2023-06-06 18:16:03,(2(0)-1686089763:20010),systemResources.CPU_15,18964,0.00 percent
2023-06-06 18:16:03,(2(0)-1686089763:20011),systemResources.CPU,18948,1.58 percent
2023-06-06 18:16:03,(2(0)-1686089763:20027),systemResources.FRAMEWORK_VERSION,18965,v3.2.0
2023-06-06 18:16:03,(2(0)-1686089763:20028),systemResources.PROJECT_VERSION,18966,v3.2.0
2023-06-06 18:16:05,(2(0)-1686089765:21324),blockDrv.BD_Cycles,256,25
2023-06-06 18:16:04,(2(0)-1686089764:20013),systemResources.CPU_00,18949,3.00 percent
2023-06-06 18:16:04,(2(0)-1686089764:20032),systemResources.CPU_01,18950,1.01 percent
2023-06-06 18:16:04,(2(0)-1686089764:20046),systemResources.CPU_02,18951,2.04 percent
2023-06-06 18:16:04,(2(0)-1686089764:20059),systemResources.CPU_03,18952,1.01 percent
2023-06-06 18:16:04,(2(0)-1686089764:20073),systemResources.CPU_04,18953,0.00 percent
2023-06-06 18:16:04,(2(0)-1686089764:20086),systemResources.CPU_05,18954,7.14 percent
2023-06-06 18:16:04,(2(0)-1686089764:20100),systemResources.CPU_06,18955,1.00 percent
2023-06-06 18:16:04,(2(0)-1686089764:20113),systemResources.CPU_07,18956,0.00 percent
2023-06-06 18:16:04,(2(0)-1686089764:20126),systemResources.CPU_08,18957,1.98 percent
2023-06-06 18:16:04,(2(0)-1686089764:20140),systemResources.CPU_09,18958,2.02 percent
2023-06-06 18:16:04,(2(0)-1686089764:20154),systemResources.CPU_10,18959,0.00 percent
2023-06-06 18:16:04,(2(0)-1686089764:20168),systemResources.CPU_11,18960,0.99 percent
2023-06-06 18:16:04,(2(0)-1686089764:20182),systemResources.CPU_12,18961,2.06 percent
2023-06-06 18:16:04,(2(0)-1686089764:20196),systemResources.CPU_13,18962,3.00 percent
2023-06-06 18:16:04,(2(0)-1686089764:20211),systemResources.CPU_14,18963,0.00 percent
2023-06-06 18:16:04,(2(0)-1686089764:20225),systemResources.CPU_15,18964,0.00 percent
2023-06-06 18:16:04,(2(0)-1686089764:20225),systemResources.CPU,18948,1.58 percent
2023-06-06 18:16:04,(2(0)-1686089764:20240),systemResources.FRAMEWORK_VERSION,18965,v3.2.0
2023-06-06 18:16:04,(2(0)-1686089764:20241),systemResources.PROJECT_VERSION,18966,v3.2.0
2023-06-06 18:16:06,(2(0)-1686089766:25403),blockDrv.BD_Cycles,256,26
2023-06-06 18:16:05,(2(0)-1686089765:21585),systemResources.CPU_00,18949,3.09 percent
2023-06-06 18:16:05,(2(0)-1686089765:21611),systemResources.CPU_01,18950,1.03 percent
2023-06-06 18:16:05,(2(0)-1686089765:21631),systemResources.CPU_02,18951,4.12 percent
2023-06-06 18:16:05,(2(0)-1686089765:21644),systemResources.CPU_03,18952,5.00 percent
2023-06-06 18:16:05,(2(0)-1686089765:21658),systemResources.CPU_04,18953,6.00 percent
2023-06-06 18:16:05,(2(0)-1686089765:21671),systemResources.CPU_05,18954,18.00 percent
2023-06-06 18:16:05,(2(0)-1686089765:21685),systemResources.CPU_06,18955,4.00 percent
2023-06-06 18:16:05,(2(0)-1686089765:21699),systemResources.CPU_07,18956,0.00 percent
2023-06-06 18:16:05,(2(0)-1686089765:21711),systemResources.CPU_08,18957,9.90 percent
2023-06-06 18:16:05,(2(0)-1686089765:21750),systemResources.CPU_09,18958,1.01 percent
2023-06-06 18:16:05,(2(0)-1686089765:21767),systemResources.CPU_10,18959,1.00 percent
2023-06-06 18:16:05,(2(0)-1686089765:21781),systemResources.CPU_11,18960,0.00 percent
2023-06-06 18:16:05,(2(0)-1686089765:21794),systemResources.CPU_12,18961,24.24 percent
2023-06-06 18:16:05,(2(0)-1686089765:21809),systemResources.CPU_13,18962,0.00 percent
2023-06-06 18:16:05,(2(0)-1686089765:21824),systemResources.CPU_14,18963,4.04 percent
2023-06-06 18:16:05,(2(0)-1686089765:21841),systemResources.CPU_15,18964,4.00 percent
2023-06-06 18:16:05,(2(0)-1686089765:21842),systemResources.CPU,18948,5.34 percent
2023-06-06 18:16:05,(2(0)-1686089765:21862),systemResources.FRAMEWORK_VERSION,18965,v3.2.0
2023-06-06 18:16:05,(2(0)-1686089765:21865),systemResources.PROJECT_VERSION,18966,v3.2.0
2023-06-06 18:16:07,(2(0)-1686089767:28113),blockDrv.BD_Cycles,256,27
2023-06-06 18:16:06,(2(0)-1686089766:25770),systemResources.CPU_00,18949,6.86 percent
2023-06-06 18:16:06,(2(0)-1686089766:25814),systemResources.CPU_01,18950,3.00 percent
2023-06-06 18:16:06,(2(0)-1686089766:25851),systemResources.CPU_02,18951,9.80 percent
2023-06-06 18:16:06,(2(0)-1686089766:25919),systemResources.CPU_03,18952,0.00 percent
2023-06-06 18:16:06,(2(0)-1686089766:25947),systemResources.CPU_04,18953,3.03 percent
2023-06-06 18:16:06,(2(0)-1686089766:25975),systemResources.CPU_05,18954,14.14 percent
2023-06-06 18:16:06,(2(0)-1686089766:25999),systemResources.CPU_06,18955,3.00 percent
2023-06-06 18:16:06,(2(0)-1686089766:26023),systemResources.CPU_07,18956,0.00 percent
2023-06-06 18:16:06,(2(0)-1686089766:26047),systemResources.CPU_08,18957,1.00 percent
2023-06-06 18:16:06,(2(0)-1686089766:26070),systemResources.CPU_09,18958,2.02 percent
2023-06-06 18:16:06,(2(0)-1686089766:26093),systemResources.CPU_10,18959,6.12 percent
2023-06-06 18:16:06,(2(0)-1686089766:26117),systemResources.CPU_11,18960,0.99 percent
2023-06-06 18:16:06,(2(0)-1686089766:26141),systemResources.CPU_12,18961,16.67 percent
2023-06-06 18:16:06,(2(0)-1686089766:26165),systemResources.CPU_13,18962,0.00 percent
2023-06-06 18:16:06,(2(0)-1686089766:26188),systemResources.CPU_14,18963,2.02 percent
2023-06-06 18:16:06,(2(0)-1686089766:26213),systemResources.CPU_15,18964,2.02 percent
2023-06-06 18:16:06,(2(0)-1686089766:26214),systemResources.CPU,18948,4.42 percent
2023-06-06 18:16:06,(2(0)-1686089766:26231),systemResources.FRAMEWORK_VERSION,18965,v3.2.0
2023-06-06 18:16:06,(2(0)-1686089766:26233),systemResources.PROJECT_VERSION,18966,v3.2.0
2023-06-06 18:16:08,(2(0)-1686089768:38856),blockDrv.BD_Cycles,256,28
2023-06-06 18:16:07,(2(0)-1686089767:28333),systemResources.CPU_00,18949,0.00 percent
2023-06-06 18:16:07,(2(0)-1686089767:28351),systemResources.CPU_01,18950,0.00 percent
2023-06-06 18:16:07,(2(0)-1686089767:28365),systemResources.CPU_02,18951,1.02 percent
2023-06-06 18:16:07,(2(0)-1686089767:28379),systemResources.CPU_03,18952,0.00 percent
2023-06-06 18:16:07,(2(0)-1686089767:28428),systemResources.CPU_04,18953,0.00 percent
2023-06-06 18:16:07,(2(0)-1686089767:28444),systemResources.CPU_05,18954,5.94 percent
2023-06-06 18:16:07,(2(0)-1686089767:28458),systemResources.CPU_06,18955,2.00 percent
2023-06-06 18:16:07,(2(0)-1686089767:28476),systemResources.CPU_07,18956,0.00 percent
2023-06-06 18:16:07,(2(0)-1686089767:28489),systemResources.CPU_08,18957,2.97 percent
2023-06-06 18:16:07,(2(0)-1686089767:28534),systemResources.CPU_09,18958,0.00 percent
2023-06-06 18:16:07,(2(0)-1686089767:28558),systemResources.CPU_10,18959,1.00 percent
2023-06-06 18:16:07,(2(0)-1686089767:28571),systemResources.CPU_11,18960,0.00 percent
2023-06-06 18:16:07,(2(0)-1686089767:28583),systemResources.CPU_12,18961,0.00 percent
2023-06-06 18:16:07,(2(0)-1686089767:28596),systemResources.CPU_13,18962,1.98 percent
2023-06-06 18:16:07,(2(0)-1686089767:28609),systemResources.CPU_14,18963,0.00 percent
2023-06-06 18:16:07,(2(0)-1686089767:28621),systemResources.CPU_15,18964,0.00 percent
2023-06-06 18:16:07,(2(0)-1686089767:28622),systemResources.CPU,18948,0.93 percent
2023-06-06 18:16:07,(2(0)-1686089767:28639),systemResources.FRAMEWORK_VERSION,18965,v3.2.0
2023-06-06 18:16:07,(2(0)-1686089767:28643),systemResources.PROJECT_VERSION,18966,v3.2.0
2023-06-06 18:16:07,(2(0)-1686089767:692066),cmdDisp.CommandsDispatched,1280,2
