2023-05-15 14:00:47,(2(0)-1684173647:841171),blockDrv.BD_Cycles,256,2
2023-05-15 14:00:47,(2(0)-1684173647:841420),rateGroup2.RgMaxTime,768,361 us
2023-05-15 14:00:46,(2(0)-1684173646:841242),systemResources.CPU_00,18949,0.00 percent
2023-05-15 14:00:46,(2(0)-1684173646:841270),systemResources.CPU_01,18950,0.00 percent
2023-05-15 14:00:46,(2(0)-1684173646:841290),systemResources.CPU_02,18951,0.00 percent
2023-05-15 14:00:46,(2(0)-1684173646:841309),systemResources.CPU_03,18952,0.00 percent
2023-05-15 14:00:46,(2(0)-1684173646:841329),systemResources.CPU_04,18953,1.00 percent
2023-05-15 14:00:46,(2(0)-1684173646:841348),systemResources.CPU_05,18954,0.00 percent
2023-05-15 14:00:46,(2(0)-1684173646:841367),systemResources.CPU_06,18955,0.00 percent
2023-05-15 14:00:46,(2(0)-1684173646:841386),systemResources.CPU_07,18956,0.00 percent
2023-05-15 14:00:46,(2(0)-1684173646:841406),systemResources.CPU_08,18957,0.00 percent
2023-05-15 14:00:46,(2(0)-1684173646:841425),systemResources.CPU_09,18958,0.00 percent
2023-05-15 14:00:46,(2(0)-1684173646:841444),systemResources.CPU_10,18959,0.00 percent
2023-05-15 14:00:46,(2(0)-1684173646:841463),systemResources.CPU_11,18960,0.00 percent
2023-05-15 14:00:46,(2(0)-1684173646:841482),systemResources.CPU_12,18961,0.00 percent
2023-05-15 14:00:46,(2(0)-1684173646:841502),systemResources.CPU_13,18962,0.00 percent
2023-05-15 14:00:46,(2(0)-1684173646:841521),systemResources.CPU_14,18963,0.00 percent
2023-05-15 14:00:46,(2(0)-1684173646:841540),systemResources.CPU_15,18964,0.00 percent
2023-05-15 14:00:46,(2(0)-1684173646:841541),systemResources.CPU,18948,0.06 percent
2023-05-15 14:00:46,(2(0)-1684173646:841553),systemResources.FRAMEWORK_VERSION,18965,v3.2.0
2023-05-15 14:00:46,(2(0)-1684173646:841555),systemResources.PROJECT_VERSION,18966,v3.2.0
2023-05-15 14:00:46,(2(0)-1684173646:841557),rateGroup1.RgMaxTime,512,869 us
2023-05-15 14:00:47,(2(0)-1684173647:841555),systemResources.CPU_00,18949,0.00 percent
2023-05-15 14:00:47,(2(0)-1684173647:841588),systemResources.CPU_01,18950,0.00 percent
2023-05-15 14:00:47,(2(0)-1684173647:841615),systemResources.CPU_02,18951,0.00 percent
2023-05-15 14:00:47,(2(0)-1684173647:841641),systemResources.CPU_03,18952,0.00 percent
2023-05-15 14:00:47,(2(0)-1684173647:841667),systemResources.CPU_04,18953,0.00 percent
2023-05-15 14:00:47,(2(0)-1684173647:841693),systemResources.CPU_05,18954,0.00 percent
2023-05-15 14:00:47,(2(0)-1684173647:841718),systemResources.CPU_06,18955,14.00 percent
2023-05-15 14:00:47,(2(0)-1684173647:841744),systemResources.CPU_07,18956,0.00 percent
2023-05-15 14:00:47,(2(0)-1684173647:841770),systemResources.CPU_08,18957,0.00 percent
2023-05-15 14:00:47,(2(0)-1684173647:841796),systemResources.CPU_09,18958,0.00 percent
2023-05-15 14:00:47,(2(0)-1684173647:841822),systemResources.CPU_10,18959,0.00 percent
2023-05-15 14:00:47,(2(0)-1684173647:841847),systemResources.CPU_11,18960,0.00 percent
2023-05-15 14:00:47,(2(0)-1684173647:841873),systemResources.CPU_12,18961,0.00 percent
2023-05-15 14:00:47,(2(0)-1684173647:841898),systemResources.CPU_13,18962,0.00 percent
2023-05-15 14:00:47,(2(0)-1684173647:841924),systemResources.CPU_14,18963,0.00 percent
2023-05-15 14:00:47,(2(0)-1684173647:841950),systemResources.CPU_15,18964,0.00 percent
2023-05-15 14:00:47,(2(0)-1684173647:841951),systemResources.CPU,18948,0.88 percent
2023-05-15 14:00:47,(2(0)-1684173647:841969),systemResources.FRAMEWORK_VERSION,18965,v3.2.0
2023-05-15 14:00:47,(2(0)-1684173647:841972),systemResources.PROJECT_VERSION,18966,v3.2.0
2023-05-15 14:00:47,(2(0)-1684173647:841974),rateGroup1.RgMaxTime,512,917 us
2023-05-15 14:00:48,(2(0)-1684173648:841644),blockDrv.BD_Cycles,256,3
2023-05-15 14:00:49,(2(0)-1684173649:842025),blockDrv.BD_Cycles,256,4
2023-05-15 14:00:48,(2(0)-1684173648:841933),systemResources.CPU_00,18949,0.00 percent
2023-05-15 14:00:48,(2(0)-1684173648:841959),systemResources.CPU_01,18950,0.00 percent
2023-05-15 14:00:48,(2(0)-1684173648:841980),systemResources.CPU_02,18951,0.00 percent
2023-05-15 14:00:48,(2(0)-1684173648:842001),systemResources.CPU_03,18952,0.00 percent
2023-05-15 14:00:48,(2(0)-1684173648:842022),systemResources.CPU_04,18953,0.00 percent
2023-05-15 14:00:48,(2(0)-1684173648:842042),systemResources.CPU_05,18954,0.00 percent
2023-05-15 14:00:48,(2(0)-1684173648:842063),systemResources.CPU_06,18955,0.99 percent
2023-05-15 14:00:48,(2(0)-1684173648:842084),systemResources.CPU_07,18956,0.00 percent
2023-05-15 14:00:48,(2(0)-1684173648:842104),systemResources.CPU_08,18957,0.00 percent
2023-05-15 14:00:48,(2(0)-1684173648:842127),systemResources.CPU_09,18958,0.00 percent
2023-05-15 14:00:48,(2(0)-1684173648:842146),systemResources.CPU_10,18959,0.00 percent
2023-05-15 14:00:48,(2(0)-1684173648:842165),systemResources.CPU_11,18960,0.00 percent
2023-05-15 14:00:48,(2(0)-1684173648:842184),systemResources.CPU_12,18961,0.00 percent
2023-05-15 14:00:48,(2(0)-1684173648:842204),systemResources.CPU_13,18962,0.00 percent
2023-05-15 14:00:48,(2(0)-1684173648:842223),systemResources.CPU_14,18963,0.00 percent
2023-05-15 14:00:48,(2(0)-1684173648:842242),systemResources.CPU_15,18964,0.00 percent
2023-05-15 14:00:48,(2(0)-1684173648:842243),systemResources.CPU,18948,0.06 percent
2023-05-15 14:00:48,(2(0)-1684173648:842255),systemResources.FRAMEWORK_VERSION,18965,v3.2.0
2023-05-15 14:00:48,(2(0)-1684173648:842257),systemResources.PROJECT_VERSION,18966,v3.2.0
2023-05-15 14:00:50,(2(0)-1684173650:842562),systemResources.CPU_00,18949,0.00 percent
2023-05-15 14:00:50,(2(0)-1684173650:842583),systemResources.CPU_01,18950,0.00 percent
2023-05-15 14:00:49,(2(0)-1684173649:842431),systemResources.CPU_02,18951,0.00 percent
2023-05-15 14:00:49,(2(0)-1684173649:842446),systemResources.CPU_03,18952,0.00 percent
2023-05-15 14:00:49,(2(0)-1684173649:842463),systemResources.CPU_04,18953,3.92 percent
2023-05-15 14:00:49,(2(0)-1684173649:842479),systemResources.CPU_05,18954,6.86 percent
2023-05-15 14:00:49,(2(0)-1684173649:842495),systemResources.CPU_06,18955,1.01 percent
2023-05-15 14:00:49,(2(0)-1684173649:842511),systemResources.CPU_07,18956,0.00 percent
2023-05-15 14:00:49,(2(0)-1684173649:842527),systemResources.CPU_08,18957,0.00 percent
2023-05-15 14:00:49,(2(0)-1684173649:842543),systemResources.CPU_09,18958,0.00 percent
2023-05-15 14:00:49,(2(0)-1684173649:842558),systemResources.CPU_10,18959,1.00 percent
2023-05-15 14:00:49,(2(0)-1684173649:842574),systemResources.CPU_11,18960,0.00 percent
2023-05-15 14:00:49,(2(0)-1684173649:842590),systemResources.CPU_12,18961,0.00 percent
2023-05-15 14:00:49,(2(0)-1684173649:842606),systemResources.CPU_13,18962,1.01 percent
2023-05-15 14:00:49,(2(0)-1684173649:842622),systemResources.CPU_14,18963,2.25 percent
2023-05-15 14:00:49,(2(0)-1684173649:842638),systemResources.CPU_15,18964,0.00 percent
2023-05-15 14:00:49,(2(0)-1684173649:842639),systemResources.CPU,18948,1.13 percent
2023-05-15 14:00:49,(2(0)-1684173649:842651),systemResources.FRAMEWORK_VERSION,18965,v3.2.0
2023-05-15 14:00:49,(2(0)-1684173649:842653),systemResources.PROJECT_VERSION,18966,v3.2.0
2023-05-15 14:00:50,(2(0)-1684173650:842258),blockDrv.BD_Cycles,256,5
2023-05-15 14:00:51,(2(0)-1684173651:842608),blockDrv.BD_Cycles,256,6
2023-05-15 14:00:50,(2(0)-1684173650:842599),systemResources.CPU_02,18951,0.00 percent
2023-05-15 14:00:50,(2(0)-1684173650:842615),systemResources.CPU_03,18952,0.00 percent
2023-05-15 14:00:50,(2(0)-1684173650:842631),systemResources.CPU_04,18953,0.00 percent
2023-05-15 14:00:50,(2(0)-1684173650:842647),systemResources.CPU_05,18954,11.54 percent
2023-05-15 14:00:50,(2(0)-1684173650:842664),systemResources.CPU_06,18955,0.00 percent
2023-05-15 14:00:50,(2(0)-1684173650:842679),systemResources.CPU_07,18956,0.00 percent
2023-05-15 14:00:50,(2(0)-1684173650:842695),systemResources.CPU_08,18957,0.00 percent
2023-05-15 14:00:50,(2(0)-1684173650:842711),systemResources.CPU_09,18958,0.00 percent
2023-05-15 14:00:50,(2(0)-1684173650:842727),systemResources.CPU_10,18959,0.00 percent
2023-05-15 14:00:50,(2(0)-1684173650:842743),systemResources.CPU_11,18960,0.00 percent
2023-05-15 14:00:50,(2(0)-1684173650:842759),systemResources.CPU_12,18961,0.00 percent
2023-05-15 14:00:50,(2(0)-1684173650:842776),systemResources.CPU_13,18962,0.00 percent
2023-05-15 14:00:50,(2(0)-1684173650:842792),systemResources.CPU_14,18963,0.00 percent
2023-05-15 14:00:50,(2(0)-1684173650:842809),systemResources.CPU_15,18964,0.00 percent
2023-05-15 14:00:50,(2(0)-1684173650:842809),systemResources.CPU,18948,0.72 percent
2023-05-15 14:00:50,(2(0)-1684173650:842823),systemResources.FRAMEWORK_VERSION,18965,v3.2.0
2023-05-15 14:00:50,(2(0)-1684173650:842824),systemResources.PROJECT_VERSION,18966,v3.2.0
2023-05-15 14:00:51,(2(0)-1684173651:842879),systemResources.CPU_00,18949,0.99 percent
2023-05-15 14:00:51,(2(0)-1684173651:842903),systemResources.CPU_01,18950,0.00 percent
2023-05-15 14:00:51,(2(0)-1684173651:842921),systemResources.CPU_02,18951,0.00 percent
2023-05-15 14:00:51,(2(0)-1684173651:842939),systemResources.CPU_03,18952,0.00 percent
2023-05-15 14:00:51,(2(0)-1684173651:842957),systemResources.CPU_04,18953,0.00 percent
2023-05-15 14:00:51,(2(0)-1684173651:842975),systemResources.CPU_05,18954,6.12 percent
2023-05-15 14:00:51,(2(0)-1684173651:842992),systemResources.CPU_06,18955,0.00 percent
2023-05-15 14:00:51,(2(0)-1684173651:843010),systemResources.CPU_07,18956,0.00 percent
2023-05-15 14:00:51,(2(0)-1684173651:843028),systemResources.CPU_08,18957,0.00 percent
2023-05-15 14:00:51,(2(0)-1684173651:843046),systemResources.CPU_09,18958,0.00 percent
2023-05-15 14:00:51,(2(0)-1684173651:843064),systemResources.CPU_10,18959,0.00 percent
2023-05-15 14:00:51,(2(0)-1684173651:843082),systemResources.CPU_11,18960,0.00 percent
2023-05-15 14:00:51,(2(0)-1684173651:843100),systemResources.CPU_12,18961,0.00 percent
2023-05-15 14:00:51,(2(0)-1684173651:843117),systemResources.CPU_13,18962,0.00 percent
2023-05-15 14:00:51,(2(0)-1684173651:843135),systemResources.CPU_14,18963,0.00 percent
2023-05-15 14:00:51,(2(0)-1684173651:843153),systemResources.CPU_15,18964,0.00 percent
2023-05-15 14:00:51,(2(0)-1684173651:843154),systemResources.CPU,18948,0.44 percent
2023-05-15 14:00:51,(2(0)-1684173651:843168),systemResources.FRAMEWORK_VERSION,18965,v3.2.0
2023-05-15 14:00:51,(2(0)-1684173651:843170),systemResources.PROJECT_VERSION,18966,v3.2.0
2023-05-15 14:00:52,(2(0)-1684173652:842803),blockDrv.BD_Cycles,256,7
2023-05-15 14:00:53,(2(0)-1684173653:843086),blockDrv.BD_Cycles,256,8
2023-05-15 14:00:52,(2(0)-1684173652:843249),systemResources.CPU_00,18949,23.23 percent
2023-05-15 14:00:52,(2(0)-1684173652:843283),systemResources.CPU_01,18950,7.84 percent
2023-05-15 14:00:52,(2(0)-1684173652:843301),systemResources.CPU_02,18951,14.56 percent
2023-05-15 14:00:52,(2(0)-1684173652:843317),systemResources.CPU_03,18952,24.27 percent
2023-05-15 14:00:52,(2(0)-1684173652:843332),systemResources.CPU_04,18953,12.75 percent
2023-05-15 14:00:52,(2(0)-1684173652:843347),systemResources.CPU_05,18954,22.45 percent
2023-05-15 14:00:52,(2(0)-1684173652:843363),systemResources.CPU_06,18955,24.49 percent
2023-05-15 14:00:52,(2(0)-1684173652:843378),systemResources.CPU_07,18956,3.03 percent
2023-05-15 14:00:52,(2(0)-1684173652:843392),systemResources.CPU_08,18957,8.25 percent
2023-05-15 14:00:52,(2(0)-1684173652:843407),systemResources.CPU_09,18958,3.06 percent
2023-05-15 14:00:52,(2(0)-1684173652:843422),systemResources.CPU_10,18959,6.38 percent
2023-05-15 14:00:52,(2(0)-1684173652:843437),systemResources.CPU_11,18960,8.91 percent
2023-05-15 14:00:52,(2(0)-1684173652:843454),systemResources.CPU_12,18961,13.13 percent
2023-05-15 14:00:52,(2(0)-1684173652:843470),systemResources.CPU_13,18962,4.08 percent
2023-05-15 14:00:52,(2(0)-1684173652:843487),systemResources.CPU_14,18963,6.45 percent
2023-05-15 14:00:52,(2(0)-1684173652:843502),systemResources.CPU_15,18964,11.88 percent
2023-05-15 14:00:52,(2(0)-1684173652:843503),systemResources.CPU,18948,12.17 percent
2023-05-15 14:00:52,(2(0)-1684173652:843523),systemResources.FRAMEWORK_VERSION,18965,v3.2.0
2023-05-15 14:00:52,(2(0)-1684173652:843524),systemResources.PROJECT_VERSION,18966,v3.2.0
2023-05-15 14:00:53,(2(0)-1684173653:843367),systemResources.CPU_00,18949,2.04 percent
2023-05-15 14:00:53,(2(0)-1684173653:843385),systemResources.CPU_01,18950,3.00 percent
2023-05-15 14:00:53,(2(0)-1684173653:843399),systemResources.CPU_02,18951,3.06 percent
2023-05-15 14:00:53,(2(0)-1684173653:843413),systemResources.CPU_03,18952,24.00 percent
2023-05-15 14:00:53,(2(0)-1684173653:843427),systemResources.CPU_04,18953,4.95 percent
2023-05-15 14:00:53,(2(0)-1684173653:843441),systemResources.CPU_05,18954,1.02 percent
2023-05-15 14:00:53,(2(0)-1684173653:843455),systemResources.CPU_06,18955,7.92 percent
2023-05-15 14:00:53,(2(0)-1684173653:843468),systemResources.CPU_07,18956,2.94 percent
2023-05-15 14:00:53,(2(0)-1684173653:843483),systemResources.CPU_08,18957,12.38 percent
2023-05-15 14:00:53,(2(0)-1684173653:843496),systemResources.CPU_09,18958,2.00 percent
2023-05-15 14:00:53,(2(0)-1684173653:843510),systemResources.CPU_10,18959,3.06 percent
2023-05-15 14:00:53,(2(0)-1684173653:843524),systemResources.CPU_11,18960,2.00 percent
2023-05-15 14:00:53,(2(0)-1684173653:843538),systemResources.CPU_12,18961,3.96 percent
2023-05-15 14:00:53,(2(0)-1684173653:843552),systemResources.CPU_13,18962,4.04 percent
2023-05-15 14:00:53,(2(0)-1684173653:843566),systemResources.CPU_14,18963,1.98 percent
2023-05-15 14:00:53,(2(0)-1684173653:843579),systemResources.CPU_15,18964,1.01 percent
2023-05-15 14:00:53,(2(0)-1684173653:843580),systemResources.CPU,18948,4.96 percent
2023-05-15 14:00:53,(2(0)-1684173653:843590),systemResources.FRAMEWORK_VERSION,18965,v3.2.0
2023-05-15 14:00:53,(2(0)-1684173653:843592),systemResources.PROJECT_VERSION,18966,v3.2.0
2023-05-15 14:00:54,(2(0)-1684173654:843402),blockDrv.BD_Cycles,256,9
2023-05-15 14:00:55,(2(0)-1684173655:843726),blockDrv.BD_Cycles,256,10
2023-05-15 14:00:54,(2(0)-1684173654:843842),systemResources.CPU_00,18949,3.03 percent
2023-05-15 14:00:54,(2(0)-1684173654:843858),systemResources.CPU_01,18950,1.01 percent
2023-05-15 14:00:54,(2(0)-1684173654:843870),systemResources.CPU_02,18951,1.02 percent
2023-05-15 14:00:54,(2(0)-1684173654:843882),systemResources.CPU_03,18952,18.00 percent
2023-05-15 14:00:54,(2(0)-1684173654:843895),systemResources.CPU_04,18953,3.06 percent
2023-05-15 14:00:54,(2(0)-1684173654:843908),systemResources.CPU_05,18954,2.00 percent
2023-05-15 14:00:54,(2(0)-1684173654:843924),systemResources.CPU_06,18955,4.04 percent
2023-05-15 14:00:54,(2(0)-1684173654:843935),systemResources.CPU_07,18956,2.02 percent
2023-05-15 14:00:54,(2(0)-1684173654:843947),systemResources.CPU_08,18957,3.00 percent
2023-05-15 14:00:54,(2(0)-1684173654:843958),systemResources.CPU_09,18958,2.97 percent
2023-05-15 14:00:54,(2(0)-1684173654:843970),systemResources.CPU_10,18959,5.10 percent
2023-05-15 14:00:54,(2(0)-1684173654:843981),systemResources.CPU_11,18960,0.00 percent
2023-05-15 14:00:54,(2(0)-1684173654:843992),systemResources.CPU_12,18961,2.00 percent
2023-05-15 14:00:54,(2(0)-1684173654:844004),systemResources.CPU_13,18962,3.92 percent
2023-05-15 14:00:54,(2(0)-1684173654:844015),systemResources.CPU_14,18963,4.17 percent
2023-05-15 14:00:54,(2(0)-1684173654:844027),systemResources.CPU_15,18964,2.00 percent
2023-05-15 14:00:54,(2(0)-1684173654:844027),systemResources.CPU,18948,3.58 percent
2023-05-15 14:00:54,(2(0)-1684173654:844039),systemResources.FRAMEWORK_VERSION,18965,v3.2.0
2023-05-15 14:00:54,(2(0)-1684173654:844040),systemResources.PROJECT_VERSION,18966,v3.2.0
2023-05-15 14:00:55,(2(0)-1684173655:709166),cmdDisp.CommandsDispatched,1280,1
2023-05-15 14:00:55,(2(0)-1684173655:843904),systemResources.CPU_00,18949,2.04 percent
2023-05-15 14:00:55,(2(0)-1684173655:843919),systemResources.CPU_01,18950,1.02 percent
2023-05-15 14:00:55,(2(0)-1684173655:843930),systemResources.CPU_02,18951,8.00 percent
2023-05-15 14:00:55,(2(0)-1684173655:843942),systemResources.CPU_03,18952,18.10 percent
2023-05-15 14:00:55,(2(0)-1684173655:843953),systemResources.CPU_04,18953,2.04 percent
2023-05-15 14:00:55,(2(0)-1684173655:843964),systemResources.CPU_05,18954,1.02 percent
2023-05-15 14:00:55,(2(0)-1684173655:843975),systemResources.CPU_06,18955,6.93 percent
2023-05-15 14:00:55,(2(0)-1684173655:843986),systemResources.CPU_07,18956,6.00 percent
2023-05-15 14:00:55,(2(0)-1684173655:843997),systemResources.CPU_08,18957,3.03 percent
2023-05-15 14:00:55,(2(0)-1684173655:844008),systemResources.CPU_09,18958,8.74 percent
2023-05-15 14:00:55,(2(0)-1684173655:844019),systemResources.CPU_10,18959,3.00 percent
2023-05-15 14:00:55,(2(0)-1684173655:844030),systemResources.CPU_11,18960,0.00 percent
2023-05-15 14:00:55,(2(0)-1684173655:844041),systemResources.CPU_12,18961,6.93 percent
2023-05-15 14:00:55,(2(0)-1684173655:844052),systemResources.CPU_13,18962,3.03 percent
2023-05-15 14:00:55,(2(0)-1684173655:844063),systemResources.CPU_14,18963,5.00 percent
2023-05-15 14:00:55,(2(0)-1684173655:844075),systemResources.CPU_15,18964,3.96 percent
2023-05-15 14:00:55,(2(0)-1684173655:844075),systemResources.CPU,18948,4.93 percent
2023-05-15 14:00:55,(2(0)-1684173655:844085),systemResources.FRAMEWORK_VERSION,18965,v3.2.0
2023-05-15 14:00:55,(2(0)-1684173655:844086),systemResources.PROJECT_VERSION,18966,v3.2.0
2023-05-15 14:00:56,(2(0)-1684173656:844188),blockDrv.BD_Cycles,256,11
2023-05-15 14:00:57,(2(0)-1684173657:844529),blockDrv.BD_Cycles,256,12
2023-05-15 14:00:56,(2(0)-1684173656:844568),systemResources.CPU_00,18949,2.94 percent
2023-05-15 14:00:56,(2(0)-1684173656:844601),systemResources.CPU_01,18950,0.00 percent
2023-05-15 14:00:56,(2(0)-1684173656:844628),systemResources.CPU_02,18951,4.85 percent
2023-05-15 14:00:56,(2(0)-1684173656:844654),systemResources.CPU_03,18952,9.09 percent
2023-05-15 14:00:56,(2(0)-1684173656:844681),systemResources.CPU_04,18953,2.97 percent
2023-05-15 14:00:56,(2(0)-1684173656:844707),systemResources.CPU_05,18954,1.01 percent
2023-05-15 14:00:56,(2(0)-1684173656:844734),systemResources.CPU_06,18955,4.00 percent
2023-05-15 14:00:56,(2(0)-1684173656:844759),systemResources.CPU_07,18956,3.03 percent
2023-05-15 14:00:56,(2(0)-1684173656:844786),systemResources.CPU_08,18957,4.85 percent
2023-05-15 14:00:56,(2(0)-1684173656:844848),systemResources.CPU_09,18958,1.98 percent
2023-05-15 14:00:56,(2(0)-1684173656:844877),systemResources.CPU_10,18959,1.00 percent
2023-05-15 14:00:56,(2(0)-1684173656:844906),systemResources.CPU_11,18960,0.00 percent
2023-05-15 14:00:56,(2(0)-1684173656:844931),systemResources.CPU_12,18961,1.00 percent
2023-05-15 14:00:56,(2(0)-1684173656:844955),systemResources.CPU_13,18962,3.96 percent
2023-05-15 14:00:56,(2(0)-1684173656:844978),systemResources.CPU_14,18963,1.01 percent
2023-05-15 14:00:56,(2(0)-1684173656:845002),systemResources.CPU_15,18964,2.00 percent
2023-05-15 14:00:56,(2(0)-1684173656:845004),systemResources.CPU,18948,2.73 percent
2023-05-15 14:00:56,(2(0)-1684173656:845021),systemResources.FRAMEWORK_VERSION,18965,v3.2.0
2023-05-15 14:00:56,(2(0)-1684173656:845023),systemResources.PROJECT_VERSION,18966,v3.2.0
2023-05-15 14:00:57,(2(0)-1684173657:844801),systemResources.CPU_00,18949,1.02 percent
2023-05-15 14:00:57,(2(0)-1684173657:844825),systemResources.CPU_01,18950,2.00 percent
2023-05-15 14:00:57,(2(0)-1684173657:844844),systemResources.CPU_02,18951,1.00 percent
2023-05-15 14:00:57,(2(0)-1684173657:844864),systemResources.CPU_03,18952,8.00 percent
2023-05-15 14:00:57,(2(0)-1684173657:844883),systemResources.CPU_04,18953,2.04 percent
2023-05-15 14:00:57,(2(0)-1684173657:844904),systemResources.CPU_05,18954,1.02 percent
2023-05-15 14:00:57,(2(0)-1684173657:844924),systemResources.CPU_06,18955,3.06 percent
2023-05-15 14:00:57,(2(0)-1684173657:844947),systemResources.CPU_07,18956,5.10 percent
2023-05-15 14:00:57,(2(0)-1684173657:844967),systemResources.CPU_08,18957,1.02 percent
2023-05-15 14:00:57,(2(0)-1684173657:844986),systemResources.CPU_09,18958,1.00 percent
2023-05-15 14:00:57,(2(0)-1684173657:845005),systemResources.CPU_10,18959,2.00 percent
2023-05-15 14:00:57,(2(0)-1684173657:845024),systemResources.CPU_11,18960,0.00 percent
2023-05-15 14:00:57,(2(0)-1684173657:844961),fileUplinkBufferManager.HiBuffs,17410,1
2023-05-15 14:00:57,(2(0)-1684173657:845044),systemResources.CPU_12,18961,1.00 percent
2023-05-15 14:00:57,(2(0)-1684173657:845063),systemResources.CPU_13,18962,3.06 percent
2023-05-15 14:00:57,(2(0)-1684173657:845082),systemResources.CPU_14,18963,1.03 percent
2023-05-15 14:00:57,(2(0)-1684173657:845101),systemResources.CPU_15,18964,2.97 percent
2023-05-15 14:00:57,(2(0)-1684173657:845102),systemResources.CPU,18948,2.21 percent
2023-05-15 14:00:57,(2(0)-1684173657:845115),systemResources.FRAMEWORK_VERSION,18965,v3.2.0
2023-05-15 14:00:57,(2(0)-1684173657:845116),systemResources.PROJECT_VERSION,18966,v3.2.0
2023-05-15 14:00:58,(2(0)-1684173658:845099),blockDrv.BD_Cycles,256,13
2023-05-15 14:00:59,(2(0)-1684173659:845389),blockDrv.BD_Cycles,256,14
2023-05-15 14:00:59,(2(0)-1684173659:845513),systemResources.CPU_00,18949,0.99 percent
2023-05-15 14:00:58,(2(0)-1684173658:845475),systemResources.CPU_01,18950,0.00 percent
2023-05-15 14:00:58,(2(0)-1684173658:845496),systemResources.CPU_02,18951,0.00 percent
2023-05-15 14:00:58,(2(0)-1684173658:845517),systemResources.CPU_03,18952,7.84 percent
2023-05-15 14:00:58,(2(0)-1684173658:845537),systemResources.CPU_04,18953,2.97 percent
2023-05-15 14:00:58,(2(0)-1684173658:845557),systemResources.CPU_05,18954,2.94 percent
2023-05-15 14:00:58,(2(0)-1684173658:845578),systemResources.CPU_06,18955,0.00 percent
2023-05-15 14:00:58,(2(0)-1684173658:845598),systemResources.CPU_07,18956,3.00 percent
2023-05-15 14:00:58,(2(0)-1684173658:845619),systemResources.CPU_08,18957,4.00 percent
2023-05-15 14:00:58,(2(0)-1684173658:845640),systemResources.CPU_09,18958,3.88 percent
2023-05-15 14:00:58,(2(0)-1684173658:845660),systemResources.CPU_10,18959,2.00 percent
2023-05-15 14:00:58,(2(0)-1684173658:845680),systemResources.CPU_11,18960,0.99 percent
2023-05-15 14:00:58,(2(0)-1684173658:845700),systemResources.CPU_12,18961,1.00 percent
2023-05-15 14:00:58,(2(0)-1684173658:845720),systemResources.CPU_13,18962,2.00 percent
2023-05-15 14:00:58,(2(0)-1684173658:845741),systemResources.CPU_14,18963,0.00 percent
2023-05-15 14:00:58,(2(0)-1684173658:845761),systemResources.CPU_15,18964,2.00 percent
2023-05-15 14:00:58,(2(0)-1684173658:845762),systemResources.CPU,18948,2.04 percent
2023-05-15 14:00:58,(2(0)-1684173658:845778),systemResources.FRAMEWORK_VERSION,18965,v3.2.0
2023-05-15 14:00:58,(2(0)-1684173658:845780),systemResources.PROJECT_VERSION,18966,v3.2.0
