2023-06-20 18:24:18,(2(0)-1687299858:485879),blockDrv.BD_Cycles,256,2
2023-06-20 18:24:18,(2(0)-1687299858:486064),rateGroup2.RgMaxTime,768,268 us
2023-06-20 18:24:17,(2(0)-1687299857:485689),systemResources.CPU_00,18949,0.00 percent
2023-06-20 18:24:17,(2(0)-1687299857:485700),systemResources.CPU_01,18950,0.00 percent
2023-06-20 18:24:17,(2(0)-1687299857:485708),systemResources.CPU_02,18951,0.00 percent
2023-06-20 18:24:17,(2(0)-1687299857:485715),systemResources.CPU_03,18952,0.00 percent
2023-06-20 18:24:17,(2(0)-1687299857:485723),systemResources.CPU_04,18953,0.00 percent
2023-06-20 18:24:17,(2(0)-1687299857:485731),systemResources.CPU_05,18954,0.00 percent
2023-06-20 18:24:17,(2(0)-1687299857:485763),systemResources.CPU_06,18955,0.00 percent
2023-06-20 18:24:17,(2(0)-1687299857:485777),systemResources.CPU_07,18956,0.00 percent
2023-06-20 18:24:17,(2(0)-1687299857:485785),systemResources.CPU_08,18957,0.00 percent
2023-06-20 18:24:17,(2(0)-1687299857:485793),systemResources.CPU_09,18958,0.00 percent
2023-06-20 18:24:17,(2(0)-1687299857:485801),systemResources.CPU_10,18959,0.00 percent
2023-06-20 18:24:17,(2(0)-1687299857:485808),systemResources.CPU_11,18960,0.00 percent
2023-06-20 18:24:17,(2(0)-1687299857:485816),systemResources.CPU_12,18961,0.00 percent
2023-06-20 18:24:17,(2(0)-1687299857:485824),systemResources.CPU_13,18962,0.00 percent
2023-06-20 18:24:17,(2(0)-1687299857:485832),systemResources.CPU_14,18963,0.99 percent
2023-06-20 18:24:17,(2(0)-1687299857:485839),systemResources.CPU_15,18964,0.00 percent
2023-06-20 18:24:17,(2(0)-1687299857:485840),systemResources.CPU,18948,0.06 percent
2023-06-20 18:24:17,(2(0)-1687299857:485846),systemResources.FRAMEWORK_VERSION,18965,v3.2.0
2023-06-20 18:24:17,(2(0)-1687299857:485846),systemResources.PROJECT_VERSION,18966,v3.2.0
2023-06-20 18:24:17,(2(0)-1687299857:485847),rateGroup1.RgMaxTime,512,389 us
2023-06-20 18:24:18,(2(0)-1687299858:486183),systemResources.CPU_00,18949,0.00 percent
2023-06-20 18:24:18,(2(0)-1687299858:486209),systemResources.CPU_01,18950,18.18 percent
2023-06-20 18:24:18,(2(0)-1687299858:486239),systemResources.CPU_02,18951,0.00 percent
2023-06-20 18:24:18,(2(0)-1687299858:486259),systemResources.CPU_03,18952,0.00 percent
2023-06-20 18:24:18,(2(0)-1687299858:486278),systemResources.CPU_04,18953,0.00 percent
2023-06-20 18:24:18,(2(0)-1687299858:486297),systemResources.CPU_05,18954,0.00 percent
2023-06-20 18:24:18,(2(0)-1687299858:486316),systemResources.CPU_06,18955,0.00 percent
2023-06-20 18:24:18,(2(0)-1687299858:486335),systemResources.CPU_07,18956,0.00 percent
2023-06-20 18:24:18,(2(0)-1687299858:486354),systemResources.CPU_08,18957,0.00 percent
2023-06-20 18:24:18,(2(0)-1687299858:486373),systemResources.CPU_09,18958,0.00 percent
2023-06-20 18:24:18,(2(0)-1687299858:486392),systemResources.CPU_10,18959,0.00 percent
2023-06-20 18:24:18,(2(0)-1687299858:486411),systemResources.CPU_11,18960,0.00 percent
2023-06-20 18:24:18,(2(0)-1687299858:486430),systemResources.CPU_12,18961,0.00 percent
2023-06-20 18:24:18,(2(0)-1687299858:486449),systemResources.CPU_13,18962,0.00 percent
2023-06-20 18:24:18,(2(0)-1687299858:486467),systemResources.CPU_14,18963,0.99 percent
2023-06-20 18:24:18,(2(0)-1687299858:486487),systemResources.CPU_15,18964,0.00 percent
2023-06-20 18:24:18,(2(0)-1687299858:486488),systemResources.CPU,18948,1.20 percent
2023-06-20 18:24:18,(2(0)-1687299858:486499),systemResources.FRAMEWORK_VERSION,18965,v3.2.0
2023-06-20 18:24:18,(2(0)-1687299858:486501),systemResources.PROJECT_VERSION,18966,v3.2.0
2023-06-20 18:24:18,(2(0)-1687299858:486502),rateGroup1.RgMaxTime,512,707 us
2023-06-20 18:24:19,(2(0)-1687299859:486069),blockDrv.BD_Cycles,256,3
2023-06-20 18:24:20,(2(0)-1687299860:486370),blockDrv.BD_Cycles,256,4
2023-06-20 18:24:19,(2(0)-1687299859:486256),systemResources.CPU_00,18949,0.00 percent
2023-06-20 18:24:19,(2(0)-1687299859:486273),systemResources.CPU_01,18950,0.00 percent
2023-06-20 18:24:19,(2(0)-1687299859:486284),systemResources.CPU_02,18951,0.00 percent
2023-06-20 18:24:19,(2(0)-1687299859:486296),systemResources.CPU_03,18952,0.00 percent
2023-06-20 18:24:19,(2(0)-1687299859:486308),systemResources.CPU_04,18953,0.00 percent
2023-06-20 18:24:19,(2(0)-1687299859:486319),systemResources.CPU_05,18954,0.00 percent
2023-06-20 18:24:19,(2(0)-1687299859:486331),systemResources.CPU_06,18955,0.00 percent
2023-06-20 18:24:19,(2(0)-1687299859:486342),systemResources.CPU_07,18956,0.00 percent
2023-06-20 18:24:19,(2(0)-1687299859:486353),systemResources.CPU_08,18957,0.00 percent
2023-06-20 18:24:19,(2(0)-1687299859:486373),systemResources.CPU_09,18958,0.00 percent
2023-06-20 18:24:19,(2(0)-1687299859:486384),systemResources.CPU_10,18959,0.00 percent
2023-06-20 18:24:19,(2(0)-1687299859:486395),systemResources.CPU_11,18960,0.00 percent
2023-06-20 18:24:19,(2(0)-1687299859:486407),systemResources.CPU_12,18961,0.00 percent
2023-06-20 18:24:19,(2(0)-1687299859:486418),systemResources.CPU_13,18962,0.00 percent
2023-06-20 18:24:19,(2(0)-1687299859:486430),systemResources.CPU_14,18963,0.00 percent
2023-06-20 18:24:19,(2(0)-1687299859:486441),systemResources.CPU_15,18964,0.00 percent
2023-06-20 18:24:19,(2(0)-1687299859:486441),systemResources.CPU,18948,0.00 percent
2023-06-20 18:24:19,(2(0)-1687299859:486450),systemResources.FRAMEWORK_VERSION,18965,v3.2.0
2023-06-20 18:24:19,(2(0)-1687299859:486451),systemResources.PROJECT_VERSION,18966,v3.2.0
2023-06-20 18:24:20,(2(0)-1687299860:486552),systemResources.CPU_00,18949,0.00 percent
2023-06-20 18:24:20,(2(0)-1687299860:486573),systemResources.CPU_01,18950,0.00 percent
2023-06-20 18:24:20,(2(0)-1687299860:486589),systemResources.CPU_02,18951,0.00 percent
2023-06-20 18:24:20,(2(0)-1687299860:486604),systemResources.CPU_03,18952,0.00 percent
2023-06-20 18:24:20,(2(0)-1687299860:486620),systemResources.CPU_04,18953,0.00 percent
2023-06-20 18:24:20,(2(0)-1687299860:486636),systemResources.CPU_05,18954,0.00 percent
2023-06-20 18:24:20,(2(0)-1687299860:486652),systemResources.CPU_06,18955,0.00 percent
2023-06-20 18:24:20,(2(0)-1687299860:486671),systemResources.CPU_07,18956,0.00 percent
2023-06-20 18:24:20,(2(0)-1687299860:486683),systemResources.CPU_08,18957,0.00 percent
2023-06-20 18:24:20,(2(0)-1687299860:486666),rateGroup3.RgMaxTime,1024,378 us
2023-06-20 18:24:20,(2(0)-1687299860:486693),systemResources.CPU_09,18958,0.00 percent
2023-06-20 18:24:20,(2(0)-1687299860:486704),systemResources.CPU_10,18959,0.00 percent
2023-06-20 18:24:20,(2(0)-1687299860:486714),systemResources.CPU_11,18960,0.00 percent
2023-06-20 18:24:20,(2(0)-1687299860:486725),systemResources.CPU_12,18961,0.00 percent
2023-06-20 18:24:20,(2(0)-1687299860:486735),systemResources.CPU_13,18962,0.00 percent
2023-06-20 18:24:20,(2(0)-1687299860:486746),systemResources.CPU_14,18963,0.00 percent
2023-06-20 18:24:20,(2(0)-1687299860:486757),systemResources.CPU_15,18964,0.00 percent
2023-06-20 18:24:20,(2(0)-1687299860:486758),systemResources.CPU,18948,0.00 percent
2023-06-20 18:24:20,(2(0)-1687299860:486767),systemResources.FRAMEWORK_VERSION,18965,v3.2.0
2023-06-20 18:24:20,(2(0)-1687299860:486769),systemResources.PROJECT_VERSION,18966,v3.2.0
2023-06-20 18:24:21,(2(0)-1687299861:486683),blockDrv.BD_Cycles,256,5
2023-06-20 18:24:22,(2(0)-1687299862:486992),blockDrv.BD_Cycles,256,6
2023-06-20 18:24:21,(2(0)-1687299861:487086),systemResources.CPU_00,18949,0.00 percent
2023-06-20 18:24:21,(2(0)-1687299861:487106),systemResources.CPU_01,18950,0.00 percent
2023-06-20 18:24:21,(2(0)-1687299861:487121),systemResources.CPU_02,18951,0.00 percent
2023-06-20 18:24:21,(2(0)-1687299861:487137),systemResources.CPU_03,18952,0.00 percent
2023-06-20 18:24:21,(2(0)-1687299861:487154),systemResources.CPU_04,18953,0.00 percent
2023-06-20 18:24:21,(2(0)-1687299861:487179),systemResources.CPU_05,18954,0.00 percent
2023-06-20 18:24:21,(2(0)-1687299861:487195),systemResources.CPU_06,18955,0.00 percent
2023-06-20 18:24:21,(2(0)-1687299861:487210),systemResources.CPU_07,18956,0.00 percent
2023-06-20 18:24:21,(2(0)-1687299861:487225),systemResources.CPU_08,18957,0.00 percent
2023-06-20 18:24:21,(2(0)-1687299861:487241),systemResources.CPU_09,18958,0.00 percent
2023-06-20 18:24:21,(2(0)-1687299861:487256),systemResources.CPU_10,18959,0.00 percent
2023-06-20 18:24:21,(2(0)-1687299861:487272),systemResources.CPU_11,18960,0.00 percent
2023-06-20 18:24:21,(2(0)-1687299861:487287),systemResources.CPU_12,18961,0.00 percent
2023-06-20 18:24:21,(2(0)-1687299861:487303),systemResources.CPU_13,18962,0.00 percent
2023-06-20 18:24:21,(2(0)-1687299861:487319),systemResources.CPU_14,18963,0.00 percent
2023-06-20 18:24:21,(2(0)-1687299861:487339),systemResources.CPU_15,18964,0.00 percent
2023-06-20 18:24:21,(2(0)-1687299861:487341),systemResources.CPU,18948,0.00 percent
2023-06-20 18:24:21,(2(0)-1687299861:487358),systemResources.FRAMEWORK_VERSION,18965,v3.2.0
2023-06-20 18:24:21,(2(0)-1687299861:487360),systemResources.PROJECT_VERSION,18966,v3.2.0
2023-06-20 18:24:21,(2(0)-1687299861:487361),rateGroup1.RgMaxTime,512,722 us
2023-06-20 18:24:22,(2(0)-1687299862:487125),systemResources.CPU_00,18949,0.00 percent
2023-06-20 18:24:22,(2(0)-1687299862:487137),systemResources.CPU_01,18950,0.00 percent
2023-06-20 18:24:22,(2(0)-1687299862:487146),systemResources.CPU_02,18951,0.00 percent
2023-06-20 18:24:22,(2(0)-1687299862:487155),systemResources.CPU_03,18952,0.00 percent
2023-06-20 18:24:22,(2(0)-1687299862:487163),systemResources.CPU_04,18953,0.00 percent
2023-06-20 18:24:22,(2(0)-1687299862:487171),systemResources.CPU_05,18954,0.00 percent
2023-06-20 18:24:22,(2(0)-1687299862:487179),systemResources.CPU_06,18955,0.00 percent
2023-06-20 18:24:22,(2(0)-1687299862:487188),systemResources.CPU_07,18956,0.00 percent
2023-06-20 18:24:22,(2(0)-1687299862:487196),systemResources.CPU_08,18957,0.00 percent
2023-06-20 18:24:22,(2(0)-1687299862:487205),systemResources.CPU_09,18958,0.00 percent
2023-06-20 18:24:22,(2(0)-1687299862:487213),systemResources.CPU_10,18959,0.00 percent
2023-06-20 18:24:22,(2(0)-1687299862:487221),systemResources.CPU_11,18960,0.00 percent
2023-06-20 18:24:22,(2(0)-1687299862:487230),systemResources.CPU_12,18961,0.00 percent
2023-06-20 18:24:22,(2(0)-1687299862:487238),systemResources.CPU_13,18962,0.00 percent
2023-06-20 18:24:22,(2(0)-1687299862:487247),systemResources.CPU_14,18963,0.00 percent
2023-06-20 18:24:22,(2(0)-1687299862:487255),systemResources.CPU_15,18964,0.00 percent
2023-06-20 18:24:22,(2(0)-1687299862:487255),systemResources.CPU,18948,0.00 percent
2023-06-20 18:24:22,(2(0)-1687299862:487264),systemResources.FRAMEWORK_VERSION,18965,v3.2.0
2023-06-20 18:24:22,(2(0)-1687299862:487265),systemResources.PROJECT_VERSION,18966,v3.2.0
2023-06-20 18:24:23,(2(0)-1687299863:487192),blockDrv.BD_Cycles,256,7
2023-06-20 18:24:24,(2(0)-1687299864:487501),blockDrv.BD_Cycles,256,8
2023-06-20 18:24:23,(2(0)-1687299863:487388),systemResources.CPU_00,18949,0.00 percent
2023-06-20 18:24:23,(2(0)-1687299863:487406),systemResources.CPU_01,18950,0.00 percent
2023-06-20 18:24:23,(2(0)-1687299863:487418),systemResources.CPU_02,18951,0.00 percent
2023-06-20 18:24:23,(2(0)-1687299863:487431),systemResources.CPU_03,18952,0.00 percent
2023-06-20 18:24:23,(2(0)-1687299863:487442),systemResources.CPU_04,18953,0.00 percent
2023-06-20 18:24:23,(2(0)-1687299863:487455),systemResources.CPU_05,18954,0.00 percent
2023-06-20 18:24:23,(2(0)-1687299863:487467),systemResources.CPU_06,18955,0.00 percent
2023-06-20 18:24:23,(2(0)-1687299863:487479),systemResources.CPU_07,18956,0.00 percent
2023-06-20 18:24:23,(2(0)-1687299863:487491),systemResources.CPU_08,18957,0.00 percent
2023-06-20 18:24:23,(2(0)-1687299863:487503),systemResources.CPU_09,18958,0.00 percent
2023-06-20 18:24:23,(2(0)-1687299863:487516),systemResources.CPU_10,18959,0.00 percent
2023-06-20 18:24:23,(2(0)-1687299863:487537),systemResources.CPU_11,18960,0.00 percent
2023-06-20 18:24:23,(2(0)-1687299863:487548),systemResources.CPU_12,18961,0.00 percent
2023-06-20 18:24:23,(2(0)-1687299863:487558),systemResources.CPU_13,18962,0.00 percent
2023-06-20 18:24:23,(2(0)-1687299863:487568),systemResources.CPU_14,18963,0.00 percent
2023-06-20 18:24:23,(2(0)-1687299863:487578),systemResources.CPU_15,18964,0.00 percent
2023-06-20 18:24:23,(2(0)-1687299863:487579),systemResources.CPU,18948,0.00 percent
2023-06-20 18:24:23,(2(0)-1687299863:487591),systemResources.FRAMEWORK_VERSION,18965,v3.2.0
2023-06-20 18:24:23,(2(0)-1687299863:487592),systemResources.PROJECT_VERSION,18966,v3.2.0
2023-06-20 18:24:24,(2(0)-1687299864:487657),systemResources.CPU_00,18949,0.00 percent
2023-06-20 18:24:24,(2(0)-1687299864:487681),systemResources.CPU_01,18950,0.00 percent
2023-06-20 18:24:24,(2(0)-1687299864:487700),systemResources.CPU_02,18951,0.00 percent
2023-06-20 18:24:24,(2(0)-1687299864:487718),systemResources.CPU_03,18952,0.00 percent
2023-06-20 18:24:24,(2(0)-1687299864:487737),systemResources.CPU_04,18953,0.00 percent
2023-06-20 18:24:24,(2(0)-1687299864:487756),systemResources.CPU_05,18954,0.00 percent
2023-06-20 18:24:24,(2(0)-1687299864:487774),systemResources.CPU_06,18955,0.00 percent
2023-06-20 18:24:24,(2(0)-1687299864:487792),systemResources.CPU_07,18956,0.00 percent
2023-06-20 18:24:24,(2(0)-1687299864:487812),systemResources.CPU_08,18957,0.00 percent
2023-06-20 18:24:24,(2(0)-1687299864:487808),rateGroup3.RgMaxTime,1024,406 us
2023-06-20 18:24:24,(2(0)-1687299864:487831),systemResources.CPU_09,18958,0.00 percent
2023-06-20 18:24:24,(2(0)-1687299864:487848),systemResources.CPU_10,18959,0.00 percent
2023-06-20 18:24:24,(2(0)-1687299864:487866),systemResources.CPU_11,18960,0.00 percent
2023-06-20 18:24:24,(2(0)-1687299864:487883),systemResources.CPU_12,18961,0.00 percent
2023-06-20 18:24:24,(2(0)-1687299864:487900),systemResources.CPU_13,18962,0.00 percent
2023-06-20 18:24:24,(2(0)-1687299864:487921),systemResources.CPU_14,18963,0.00 percent
2023-06-20 18:24:24,(2(0)-1687299864:487937),systemResources.CPU_15,18964,0.00 percent
2023-06-20 18:24:24,(2(0)-1687299864:487938),systemResources.CPU,18948,0.00 percent
2023-06-20 18:24:24,(2(0)-1687299864:487949),systemResources.FRAMEWORK_VERSION,18965,v3.2.0
2023-06-20 18:24:24,(2(0)-1687299864:487951),systemResources.PROJECT_VERSION,18966,v3.2.0
2023-06-20 18:24:25,(2(0)-1687299865:487654),blockDrv.BD_Cycles,256,9
2023-06-20 18:24:26,(2(0)-1687299866:488039),blockDrv.BD_Cycles,256,10
2023-06-20 18:24:25,(2(0)-1687299865:487843),systemResources.CPU_00,18949,0.00 percent
2023-06-20 18:24:25,(2(0)-1687299865:487854),systemResources.CPU_01,18950,0.00 percent
2023-06-20 18:24:25,(2(0)-1687299865:487862),systemResources.CPU_02,18951,0.00 percent
2023-06-20 18:24:25,(2(0)-1687299865:487870),systemResources.CPU_03,18952,0.00 percent
2023-06-20 18:24:25,(2(0)-1687299865:487878),systemResources.CPU_04,18953,0.00 percent
2023-06-20 18:24:25,(2(0)-1687299865:487886),systemResources.CPU_05,18954,0.00 percent
2023-06-20 18:24:25,(2(0)-1687299865:487894),systemResources.CPU_06,18955,0.00 percent
2023-06-20 18:24:25,(2(0)-1687299865:487902),systemResources.CPU_07,18956,0.00 percent
2023-06-20 18:24:25,(2(0)-1687299865:487910),systemResources.CPU_08,18957,0.00 percent
2023-06-20 18:24:25,(2(0)-1687299865:487918),systemResources.CPU_09,18958,0.00 percent
2023-06-20 18:24:25,(2(0)-1687299865:487926),systemResources.CPU_10,18959,0.00 percent
2023-06-20 18:24:25,(2(0)-1687299865:487934),systemResources.CPU_11,18960,0.00 percent
2023-06-20 18:24:25,(2(0)-1687299865:487944),systemResources.CPU_12,18961,0.00 percent
2023-06-20 18:24:25,(2(0)-1687299865:487952),systemResources.CPU_13,18962,0.00 percent
2023-06-20 18:24:25,(2(0)-1687299865:487960),systemResources.CPU_14,18963,0.00 percent
2023-06-20 18:24:25,(2(0)-1687299865:487968),systemResources.CPU_15,18964,0.00 percent
2023-06-20 18:24:25,(2(0)-1687299865:487969),systemResources.CPU,18948,0.00 percent
2023-06-20 18:24:25,(2(0)-1687299865:487979),systemResources.FRAMEWORK_VERSION,18965,v3.2.0
2023-06-20 18:24:25,(2(0)-1687299865:487980),systemResources.PROJECT_VERSION,18966,v3.2.0
2023-06-20 18:24:26,(2(0)-1687299866:488284),systemResources.CPU_00,18949,0.00 percent
2023-06-20 18:24:26,(2(0)-1687299866:488302),systemResources.CPU_01,18950,0.00 percent
2023-06-20 18:24:26,(2(0)-1687299866:488317),systemResources.CPU_02,18951,0.00 percent
2023-06-20 18:24:26,(2(0)-1687299866:488329),systemResources.CPU_03,18952,0.00 percent
2023-06-20 18:24:26,(2(0)-1687299866:488342),systemResources.CPU_04,18953,0.00 percent
2023-06-20 18:24:26,(2(0)-1687299866:488355),systemResources.CPU_05,18954,0.00 percent
2023-06-20 18:24:26,(2(0)-1687299866:488368),systemResources.CPU_06,18955,0.00 percent
2023-06-20 18:24:26,(2(0)-1687299866:488381),systemResources.CPU_07,18956,0.00 percent
2023-06-20 18:24:26,(2(0)-1687299866:488392),systemResources.CPU_08,18957,0.00 percent
2023-06-20 18:24:26,(2(0)-1687299866:488402),systemResources.CPU_09,18958,0.00 percent
2023-06-20 18:24:26,(2(0)-1687299866:488412),systemResources.CPU_10,18959,0.00 percent
2023-06-20 18:24:26,(2(0)-1687299866:488421),systemResources.CPU_11,18960,0.00 percent
2023-06-20 18:24:26,(2(0)-1687299866:488431),systemResources.CPU_12,18961,0.00 percent
2023-06-20 18:24:26,(2(0)-1687299866:488441),systemResources.CPU_13,18962,0.00 percent
2023-06-20 18:24:26,(2(0)-1687299866:488452),systemResources.CPU_14,18963,0.00 percent
2023-06-20 18:24:26,(2(0)-1687299866:488461),systemResources.CPU_15,18964,0.00 percent
2023-06-20 18:24:26,(2(0)-1687299866:488462),systemResources.CPU,18948,0.00 percent
2023-06-20 18:24:26,(2(0)-1687299866:488471),systemResources.FRAMEWORK_VERSION,18965,v3.2.0
2023-06-20 18:24:26,(2(0)-1687299866:488472),systemResources.PROJECT_VERSION,18966,v3.2.0
2023-06-20 18:24:27,(2(0)-1687299867:488495),blockDrv.BD_Cycles,256,11
2023-06-20 18:24:28,(2(0)-1687299868:488735),blockDrv.BD_Cycles,256,12
2023-06-20 18:24:28,(2(0)-1687299868:488933),rateGroup2.RgMaxTime,768,292 us
2023-06-20 18:24:27,(2(0)-1687299867:488707),systemResources.CPU_00,18949,0.00 percent
2023-06-20 18:24:27,(2(0)-1687299867:488723),systemResources.CPU_01,18950,0.00 percent
2023-06-20 18:24:27,(2(0)-1687299867:488737),systemResources.CPU_02,18951,0.00 percent
2023-06-20 18:24:27,(2(0)-1687299867:488750),systemResources.CPU_03,18952,0.00 percent
2023-06-20 18:24:27,(2(0)-1687299867:488764),systemResources.CPU_04,18953,0.00 percent
2023-06-20 18:24:27,(2(0)-1687299867:488777),systemResources.CPU_05,18954,0.00 percent
2023-06-20 18:24:27,(2(0)-1687299867:488791),systemResources.CPU_06,18955,0.00 percent
2023-06-20 18:24:27,(2(0)-1687299867:488804),systemResources.CPU_07,18956,0.99 percent
2023-06-20 18:24:27,(2(0)-1687299867:488817),systemResources.CPU_08,18957,0.00 percent
2023-06-20 18:24:27,(2(0)-1687299867:488831),systemResources.CPU_09,18958,0.00 percent
2023-06-20 18:24:27,(2(0)-1687299867:488844),systemResources.CPU_10,18959,0.00 percent
2023-06-20 18:24:27,(2(0)-1687299867:488857),systemResources.CPU_11,18960,0.00 percent
2023-06-20 18:24:27,(2(0)-1687299867:488871),systemResources.CPU_12,18961,0.00 percent
2023-06-20 18:24:27,(2(0)-1687299867:488884),systemResources.CPU_13,18962,0.00 percent
2023-06-20 18:24:27,(2(0)-1687299867:488897),systemResources.CPU_14,18963,0.00 percent
2023-06-20 18:24:27,(2(0)-1687299867:488911),systemResources.CPU_15,18964,0.00 percent
2023-06-20 18:24:27,(2(0)-1687299867:488911),systemResources.CPU,18948,0.06 percent
2023-06-20 18:24:27,(2(0)-1687299867:488922),systemResources.FRAMEWORK_VERSION,18965,v3.2.0
2023-06-20 18:24:27,(2(0)-1687299867:488923),systemResources.PROJECT_VERSION,18966,v3.2.0
2023-06-20 18:24:28,(2(0)-1687299868:488998),systemResources.CPU_00,18949,0.00 percent
2023-06-20 18:24:28,(2(0)-1687299868:489028),systemResources.CPU_01,18950,0.00 percent
2023-06-20 18:24:28,(2(0)-1687299868:489046),systemResources.CPU_02,18951,0.00 percent
2023-06-20 18:24:28,(2(0)-1687299868:489068),systemResources.CPU_03,18952,0.00 percent
2023-06-20 18:24:28,(2(0)-1687299868:489091),systemResources.CPU_04,18953,0.00 percent
2023-06-20 18:24:28,(2(0)-1687299868:489113),systemResources.CPU_05,18954,0.00 percent
2023-06-20 18:24:28,(2(0)-1687299868:489132),systemResources.CPU_06,18955,0.00 percent
2023-06-20 18:24:28,(2(0)-1687299868:489149),systemResources.CPU_07,18956,0.00 percent
2023-06-20 18:24:28,(2(0)-1687299868:489165),systemResources.CPU_08,18957,0.00 percent
2023-06-20 18:24:28,(2(0)-1687299868:489196),rateGroup3.RgMaxTime,1024,556 us
2023-06-20 18:24:28,(2(0)-1687299868:489182),systemResources.CPU_09,18958,0.00 percent
2023-06-20 18:24:28,(2(0)-1687299868:489202),systemResources.CPU_10,18959,0.00 percent
2023-06-20 18:24:28,(2(0)-1687299868:489222),systemResources.CPU_11,18960,0.00 percent
2023-06-20 18:24:28,(2(0)-1687299868:489243),systemResources.CPU_12,18961,0.00 percent
2023-06-20 18:24:28,(2(0)-1687299868:489263),systemResources.CPU_13,18962,0.00 percent
2023-06-20 18:24:28,(2(0)-1687299868:489283),systemResources.CPU_14,18963,0.99 percent
2023-06-20 18:24:28,(2(0)-1687299868:489303),systemResources.CPU_15,18964,0.00 percent
2023-06-20 18:24:28,(2(0)-1687299868:489304),systemResources.CPU,18948,0.06 percent
2023-06-20 18:24:28,(2(0)-1687299868:489318),systemResources.FRAMEWORK_VERSION,18965,v3.2.0
2023-06-20 18:24:28,(2(0)-1687299868:489320),systemResources.PROJECT_VERSION,18966,v3.2.0
2023-06-20 18:24:29,(2(0)-1687299869:489074),blockDrv.BD_Cycles,256,13
2023-06-20 18:24:30,(2(0)-1687299870:489585),blockDrv.BD_Cycles,256,14
2023-06-20 18:24:29,(2(0)-1687299869:489376),systemResources.CPU_00,18949,0.00 percent
2023-06-20 18:24:29,(2(0)-1687299869:489395),systemResources.CPU_01,18950,0.00 percent
2023-06-20 18:24:29,(2(0)-1687299869:489410),systemResources.CPU_02,18951,0.00 percent
2023-06-20 18:24:29,(2(0)-1687299869:489425),systemResources.CPU_03,18952,0.00 percent
2023-06-20 18:24:29,(2(0)-1687299869:489440),systemResources.CPU_04,18953,0.00 percent
2023-06-20 18:24:29,(2(0)-1687299869:489455),systemResources.CPU_05,18954,0.00 percent
2023-06-20 18:24:29,(2(0)-1687299869:489471),systemResources.CPU_06,18955,0.00 percent
2023-06-20 18:24:29,(2(0)-1687299869:489486),systemResources.CPU_07,18956,0.00 percent
2023-06-20 18:24:29,(2(0)-1687299869:489501),systemResources.CPU_08,18957,0.00 percent
2023-06-20 18:24:29,(2(0)-1687299869:489516),systemResources.CPU_09,18958,0.00 percent
2023-06-20 18:24:29,(2(0)-1687299869:489531),systemResources.CPU_10,18959,0.00 percent
2023-06-20 18:24:29,(2(0)-1687299869:489547),systemResources.CPU_11,18960,0.00 percent
2023-06-20 18:24:29,(2(0)-1687299869:489562),systemResources.CPU_12,18961,0.00 percent
2023-06-20 18:24:29,(2(0)-1687299869:489577),systemResources.CPU_13,18962,0.00 percent
2023-06-20 18:24:29,(2(0)-1687299869:489592),systemResources.CPU_14,18963,3.00 percent
2023-06-20 18:24:29,(2(0)-1687299869:489607),systemResources.CPU_15,18964,0.00 percent
2023-06-20 18:24:29,(2(0)-1687299869:489608),systemResources.CPU,18948,0.19 percent
2023-06-20 18:24:29,(2(0)-1687299869:489620),systemResources.FRAMEWORK_VERSION,18965,v3.2.0
2023-06-20 18:24:29,(2(0)-1687299869:489621),systemResources.PROJECT_VERSION,18966,v3.2.0
2023-06-20 18:24:31,(2(0)-1687299871:490204),systemResources.CPU_00,18949,0.00 percent
2023-06-20 18:24:30,(2(0)-1687299870:489856),systemResources.CPU_01,18950,0.00 percent
2023-06-20 18:24:30,(2(0)-1687299870:489871),systemResources.CPU_02,18951,0.00 percent
2023-06-20 18:24:30,(2(0)-1687299870:489885),systemResources.CPU_03,18952,0.00 percent
2023-06-20 18:24:30,(2(0)-1687299870:489900),systemResources.CPU_04,18953,0.00 percent
2023-06-20 18:24:30,(2(0)-1687299870:489915),systemResources.CPU_05,18954,0.00 percent
2023-06-20 18:24:30,(2(0)-1687299870:489930),systemResources.CPU_06,18955,0.00 percent
2023-06-20 18:24:30,(2(0)-1687299870:489946),systemResources.CPU_07,18956,0.00 percent
2023-06-20 18:24:30,(2(0)-1687299870:489963),systemResources.CPU_08,18957,0.00 percent
2023-06-20 18:24:30,(2(0)-1687299870:489979),systemResources.CPU_09,18958,0.00 percent
2023-06-20 18:24:30,(2(0)-1687299870:489995),systemResources.CPU_10,18959,0.99 percent
2023-06-20 18:24:30,(2(0)-1687299870:490010),systemResources.CPU_11,18960,0.00 percent
2023-06-20 18:24:30,(2(0)-1687299870:490025),systemResources.CPU_12,18961,0.00 percent
2023-06-20 18:24:30,(2(0)-1687299870:490041),systemResources.CPU_13,18962,0.00 percent
2023-06-20 18:24:30,(2(0)-1687299870:490056),systemResources.CPU_14,18963,0.00 percent
2023-06-20 18:24:30,(2(0)-1687299870:490072),systemResources.CPU_15,18964,0.00 percent
2023-06-20 18:24:30,(2(0)-1687299870:490072),systemResources.CPU,18948,0.06 percent
2023-06-20 18:24:30,(2(0)-1687299870:490084),systemResources.FRAMEWORK_VERSION,18965,v3.2.0
2023-06-20 18:24:30,(2(0)-1687299870:490086),systemResources.PROJECT_VERSION,18966,v3.2.0
2023-06-20 18:24:31,(2(0)-1687299871:489909),blockDrv.BD_Cycles,256,15
2023-06-20 18:24:32,(2(0)-1687299872:490194),blockDrv.BD_Cycles,256,16
2023-06-20 18:24:31,(2(0)-1687299871:490225),systemResources.CPU_01,18950,0.00 percent
2023-06-20 18:24:31,(2(0)-1687299871:490243),systemResources.CPU_02,18951,0.00 percent
2023-06-20 18:24:31,(2(0)-1687299871:490259),systemResources.CPU_03,18952,0.00 percent
2023-06-20 18:24:31,(2(0)-1687299871:490276),systemResources.CPU_04,18953,0.00 percent
2023-06-20 18:24:31,(2(0)-1687299871:490293),systemResources.CPU_05,18954,0.00 percent
2023-06-20 18:24:31,(2(0)-1687299871:490312),systemResources.CPU_06,18955,0.00 percent
2023-06-20 18:24:31,(2(0)-1687299871:490334),systemResources.CPU_07,18956,0.00 percent
2023-06-20 18:24:31,(2(0)-1687299871:490358),systemResources.CPU_08,18957,0.00 percent
2023-06-20 18:24:31,(2(0)-1687299871:490377),systemResources.CPU_09,18958,0.00 percent
2023-06-20 18:24:31,(2(0)-1687299871:490394),systemResources.CPU_10,18959,0.99 percent
2023-06-20 18:24:31,(2(0)-1687299871:490411),systemResources.CPU_11,18960,0.00 percent
2023-06-20 18:24:31,(2(0)-1687299871:490428),systemResources.CPU_12,18961,0.00 percent
2023-06-20 18:24:31,(2(0)-1687299871:490444),systemResources.CPU_13,18962,0.00 percent
2023-06-20 18:24:31,(2(0)-1687299871:490460),systemResources.CPU_14,18963,0.00 percent
2023-06-20 18:24:31,(2(0)-1687299871:490477),systemResources.CPU_15,18964,0.00 percent
2023-06-20 18:24:31,(2(0)-1687299871:490478),systemResources.CPU,18948,0.06 percent
2023-06-20 18:24:31,(2(0)-1687299871:490489),systemResources.FRAMEWORK_VERSION,18965,v3.2.0
2023-06-20 18:24:31,(2(0)-1687299871:490491),systemResources.PROJECT_VERSION,18966,v3.2.0
2023-06-20 18:24:32,(2(0)-1687299872:490366),systemResources.CPU_00,18949,0.00 percent
2023-06-20 18:24:32,(2(0)-1687299872:490383),systemResources.CPU_01,18950,0.00 percent
2023-06-20 18:24:32,(2(0)-1687299872:490395),systemResources.CPU_02,18951,0.00 percent
2023-06-20 18:24:32,(2(0)-1687299872:490406),systemResources.CPU_03,18952,0.00 percent
2023-06-20 18:24:32,(2(0)-1687299872:490419),systemResources.CPU_04,18953,0.00 percent
2023-06-20 18:24:32,(2(0)-1687299872:490430),systemResources.CPU_05,18954,0.00 percent
2023-06-20 18:24:32,(2(0)-1687299872:490439),systemResources.CPU_06,18955,0.00 percent
2023-06-20 18:24:32,(2(0)-1687299872:490448),systemResources.CPU_07,18956,0.00 percent
2023-06-20 18:24:32,(2(0)-1687299872:490481),systemResources.CPU_08,18957,0.00 percent
2023-06-20 18:24:32,(2(0)-1687299872:490507),systemResources.CPU_09,18958,0.00 percent
2023-06-20 18:24:32,(2(0)-1687299872:490516),systemResources.CPU_10,18959,0.99 percent
2023-06-20 18:24:32,(2(0)-1687299872:490524),systemResources.CPU_11,18960,0.00 percent
2023-06-20 18:24:32,(2(0)-1687299872:490532),systemResources.CPU_12,18961,0.00 percent
2023-06-20 18:24:32,(2(0)-1687299872:490541),systemResources.CPU_13,18962,0.00 percent
2023-06-20 18:24:32,(2(0)-1687299872:490549),systemResources.CPU_14,18963,0.00 percent
2023-06-20 18:24:32,(2(0)-1687299872:490558),systemResources.CPU_15,18964,0.00 percent
2023-06-20 18:24:32,(2(0)-1687299872:490558),systemResources.CPU,18948,0.06 percent
2023-06-20 18:24:32,(2(0)-1687299872:490566),systemResources.FRAMEWORK_VERSION,18965,v3.2.0
2023-06-20 18:24:32,(2(0)-1687299872:490567),systemResources.PROJECT_VERSION,18966,v3.2.0
2023-06-20 18:24:33,(2(0)-1687299873:490379),blockDrv.BD_Cycles,256,17
2023-06-20 18:24:34,(2(0)-1687299874:490574),blockDrv.BD_Cycles,256,18
2023-06-20 18:24:33,(2(0)-1687299873:490655),systemResources.CPU_00,18949,0.00 percent
2023-06-20 18:24:33,(2(0)-1687299873:490667),systemResources.CPU_01,18950,0.00 percent
2023-06-20 18:24:33,(2(0)-1687299873:490676),systemResources.CPU_02,18951,0.00 percent
2023-06-20 18:24:33,(2(0)-1687299873:490686),systemResources.CPU_03,18952,0.00 percent
2023-06-20 18:24:33,(2(0)-1687299873:490695),systemResources.CPU_04,18953,0.00 percent
2023-06-20 18:24:33,(2(0)-1687299873:490705),systemResources.CPU_05,18954,0.00 percent
2023-06-20 18:24:33,(2(0)-1687299873:490714),systemResources.CPU_06,18955,0.00 percent
2023-06-20 18:24:33,(2(0)-1687299873:490724),systemResources.CPU_07,18956,0.00 percent
2023-06-20 18:24:33,(2(0)-1687299873:490733),systemResources.CPU_08,18957,0.00 percent
2023-06-20 18:24:33,(2(0)-1687299873:490742),systemResources.CPU_09,18958,0.00 percent
2023-06-20 18:24:33,(2(0)-1687299873:490759),systemResources.CPU_10,18959,0.00 percent
2023-06-20 18:24:33,(2(0)-1687299873:490795),systemResources.CPU_11,18960,0.00 percent
2023-06-20 18:24:33,(2(0)-1687299873:490804),systemResources.CPU_12,18961,0.00 percent
2023-06-20 18:24:33,(2(0)-1687299873:490815),systemResources.CPU_13,18962,0.00 percent
2023-06-20 18:24:33,(2(0)-1687299873:490824),systemResources.CPU_14,18963,0.00 percent
2023-06-20 18:24:33,(2(0)-1687299873:490833),systemResources.CPU_15,18964,0.00 percent
2023-06-20 18:24:33,(2(0)-1687299873:490833),systemResources.CPU,18948,0.00 percent
2023-06-20 18:24:33,(2(0)-1687299873:490842),systemResources.FRAMEWORK_VERSION,18965,v3.2.0
2023-06-20 18:24:33,(2(0)-1687299873:490843),systemResources.PROJECT_VERSION,18966,v3.2.0
2023-06-20 18:24:34,(2(0)-1687299874:490786),systemResources.CPU_00,18949,0.00 percent
2023-06-20 18:24:34,(2(0)-1687299874:490798),systemResources.CPU_01,18950,0.00 percent
2023-06-20 18:24:34,(2(0)-1687299874:490806),systemResources.CPU_02,18951,0.00 percent
2023-06-20 18:24:34,(2(0)-1687299874:490815),systemResources.CPU_03,18952,0.00 percent
2023-06-20 18:24:34,(2(0)-1687299874:490824),systemResources.CPU_04,18953,0.00 percent
2023-06-20 18:24:34,(2(0)-1687299874:490832),systemResources.CPU_05,18954,0.00 percent
2023-06-20 18:24:34,(2(0)-1687299874:490841),systemResources.CPU_06,18955,0.00 percent
2023-06-20 18:24:34,(2(0)-1687299874:490850),systemResources.CPU_07,18956,0.00 percent
2023-06-20 18:24:34,(2(0)-1687299874:490859),systemResources.CPU_08,18957,0.00 percent
2023-06-20 18:24:34,(2(0)-1687299874:490867),systemResources.CPU_09,18958,0.00 percent
2023-06-20 18:24:34,(2(0)-1687299874:490876),systemResources.CPU_10,18959,0.99 percent
2023-06-20 18:24:34,(2(0)-1687299874:490885),systemResources.CPU_11,18960,0.00 percent
2023-06-20 18:24:34,(2(0)-1687299874:490893),systemResources.CPU_12,18961,0.00 percent
2023-06-20 18:24:34,(2(0)-1687299874:490902),systemResources.CPU_13,18962,0.00 percent
2023-06-20 18:24:34,(2(0)-1687299874:490911),systemResources.CPU_14,18963,0.00 percent
2023-06-20 18:24:34,(2(0)-1687299874:490919),systemResources.CPU_15,18964,0.00 percent
2023-06-20 18:24:34,(2(0)-1687299874:490920),systemResources.CPU,18948,0.06 percent
2023-06-20 18:24:34,(2(0)-1687299874:490928),systemResources.FRAMEWORK_VERSION,18965,v3.2.0
2023-06-20 18:24:34,(2(0)-1687299874:490929),systemResources.PROJECT_VERSION,18966,v3.2.0
2023-06-20 18:24:35,(2(0)-1687299875:490887),blockDrv.BD_Cycles,256,19
2023-06-20 18:24:36,(2(0)-1687299876:491214),blockDrv.BD_Cycles,256,20
2023-06-20 18:24:35,(2(0)-1687299875:491124),systemResources.CPU_00,18949,0.00 percent
2023-06-20 18:24:35,(2(0)-1687299875:491139),systemResources.CPU_01,18950,0.00 percent
2023-06-20 18:24:35,(2(0)-1687299875:491152),systemResources.CPU_02,18951,0.00 percent
2023-06-20 18:24:35,(2(0)-1687299875:491164),systemResources.CPU_03,18952,0.00 percent
2023-06-20 18:24:35,(2(0)-1687299875:491180),systemResources.CPU_04,18953,0.00 percent
2023-06-20 18:24:35,(2(0)-1687299875:491196),systemResources.CPU_05,18954,0.00 percent
2023-06-20 18:24:35,(2(0)-1687299875:491212),systemResources.CPU_06,18955,0.00 percent
2023-06-20 18:24:35,(2(0)-1687299875:491242),systemResources.CPU_07,18956,0.00 percent
2023-06-20 18:24:35,(2(0)-1687299875:491278),systemResources.CPU_08,18957,0.00 percent
2023-06-20 18:24:35,(2(0)-1687299875:491294),systemResources.CPU_09,18958,0.00 percent
2023-06-20 18:24:35,(2(0)-1687299875:491310),systemResources.CPU_10,18959,1.96 percent
2023-06-20 18:24:35,(2(0)-1687299875:491327),systemResources.CPU_11,18960,0.00 percent
2023-06-20 18:24:35,(2(0)-1687299875:491343),systemResources.CPU_12,18961,0.00 percent
2023-06-20 18:24:35,(2(0)-1687299875:491358),systemResources.CPU_13,18962,0.00 percent
2023-06-20 18:24:35,(2(0)-1687299875:491376),systemResources.CPU_14,18963,0.00 percent
2023-06-20 18:24:35,(2(0)-1687299875:491389),systemResources.CPU_15,18964,0.00 percent
2023-06-20 18:24:35,(2(0)-1687299875:491390),systemResources.CPU,18948,0.12 percent
2023-06-20 18:24:35,(2(0)-1687299875:491400),systemResources.FRAMEWORK_VERSION,18965,v3.2.0
2023-06-20 18:24:35,(2(0)-1687299875:491401),systemResources.PROJECT_VERSION,18966,v3.2.0
2023-06-20 18:24:36,(2(0)-1687299876:491447),systemResources.CPU_00,18949,0.00 percent
2023-06-20 18:24:36,(2(0)-1687299876:491461),systemResources.CPU_01,18950,0.00 percent
2023-06-20 18:24:36,(2(0)-1687299876:491473),systemResources.CPU_02,18951,0.00 percent
2023-06-20 18:24:36,(2(0)-1687299876:491483),systemResources.CPU_03,18952,0.00 percent
2023-06-20 18:24:36,(2(0)-1687299876:491494),systemResources.CPU_04,18953,0.00 percent
2023-06-20 18:24:36,(2(0)-1687299876:491505),systemResources.CPU_05,18954,0.00 percent
2023-06-20 18:24:36,(2(0)-1687299876:491515),systemResources.CPU_06,18955,0.99 percent
2023-06-20 18:24:36,(2(0)-1687299876:491524),systemResources.CPU_07,18956,0.00 percent
2023-06-20 18:24:36,(2(0)-1687299876:491532),systemResources.CPU_08,18957,0.00 percent
2023-06-20 18:24:36,(2(0)-1687299876:491540),systemResources.CPU_09,18958,0.00 percent
2023-06-20 18:24:36,(2(0)-1687299876:491548),systemResources.CPU_10,18959,0.00 percent
2023-06-20 18:24:36,(2(0)-1687299876:491556),systemResources.CPU_11,18960,0.00 percent
2023-06-20 18:24:36,(2(0)-1687299876:491564),systemResources.CPU_12,18961,0.00 percent
2023-06-20 18:24:36,(2(0)-1687299876:491571),systemResources.CPU_13,18962,0.00 percent
2023-06-20 18:24:36,(2(0)-1687299876:491579),systemResources.CPU_14,18963,0.99 percent
2023-06-20 18:24:36,(2(0)-1687299876:491587),systemResources.CPU_15,18964,0.00 percent
2023-06-20 18:24:36,(2(0)-1687299876:491587),systemResources.CPU,18948,0.12 percent
2023-06-20 18:24:36,(2(0)-1687299876:491595),systemResources.FRAMEWORK_VERSION,18965,v3.2.0
2023-06-20 18:24:36,(2(0)-1687299876:491596),systemResources.PROJECT_VERSION,18966,v3.2.0
2023-06-20 18:24:37,(2(0)-1687299877:491364),blockDrv.BD_Cycles,256,21
2023-06-20 18:24:38,(2(0)-1687299878:491554),blockDrv.BD_Cycles,256,22
2023-06-20 18:24:37,(2(0)-1687299877:491492),systemResources.CPU_00,18949,0.00 percent
2023-06-20 18:24:37,(2(0)-1687299877:491505),systemResources.CPU_01,18950,0.99 percent
2023-06-20 18:24:37,(2(0)-1687299877:491515),systemResources.CPU_02,18951,0.00 percent
2023-06-20 18:24:37,(2(0)-1687299877:491525),systemResources.CPU_03,18952,0.00 percent
2023-06-20 18:24:37,(2(0)-1687299877:491536),systemResources.CPU_04,18953,0.00 percent
2023-06-20 18:24:37,(2(0)-1687299877:491546),systemResources.CPU_05,18954,0.00 percent
2023-06-20 18:24:37,(2(0)-1687299877:491556),systemResources.CPU_06,18955,0.00 percent
2023-06-20 18:24:37,(2(0)-1687299877:491565),systemResources.CPU_07,18956,0.00 percent
2023-06-20 18:24:37,(2(0)-1687299877:491575),systemResources.CPU_08,18957,0.00 percent
2023-06-20 18:24:37,(2(0)-1687299877:491585),systemResources.CPU_09,18958,0.00 percent
2023-06-20 18:24:37,(2(0)-1687299877:491595),systemResources.CPU_10,18959,0.99 percent
2023-06-20 18:24:37,(2(0)-1687299877:491604),systemResources.CPU_11,18960,0.00 percent
2023-06-20 18:24:37,(2(0)-1687299877:491614),systemResources.CPU_12,18961,0.00 percent
2023-06-20 18:24:37,(2(0)-1687299877:491624),systemResources.CPU_13,18962,0.00 percent
2023-06-20 18:24:37,(2(0)-1687299877:491634),systemResources.CPU_14,18963,0.00 percent
2023-06-20 18:24:37,(2(0)-1687299877:491644),systemResources.CPU_15,18964,0.00 percent
2023-06-20 18:24:37,(2(0)-1687299877:491644),systemResources.CPU,18948,0.12 percent
2023-06-20 18:24:37,(2(0)-1687299877:491653),systemResources.FRAMEWORK_VERSION,18965,v3.2.0
2023-06-20 18:24:37,(2(0)-1687299877:491654),systemResources.PROJECT_VERSION,18966,v3.2.0
2023-06-20 18:24:38,(2(0)-1687299878:491742),systemResources.CPU_00,18949,0.00 percent
2023-06-20 18:24:38,(2(0)-1687299878:491763),systemResources.CPU_01,18950,0.00 percent
2023-06-20 18:24:38,(2(0)-1687299878:491778),systemResources.CPU_02,18951,0.00 percent
2023-06-20 18:24:38,(2(0)-1687299878:491793),systemResources.CPU_03,18952,0.00 percent
2023-06-20 18:24:38,(2(0)-1687299878:491807),systemResources.CPU_04,18953,0.99 percent
2023-06-20 18:24:38,(2(0)-1687299878:491822),systemResources.CPU_05,18954,0.00 percent
2023-06-20 18:24:38,(2(0)-1687299878:491835),systemResources.CPU_06,18955,0.00 percent
2023-06-20 18:24:38,(2(0)-1687299878:491850),systemResources.CPU_07,18956,0.00 percent
2023-06-20 18:24:38,(2(0)-1687299878:491863),systemResources.CPU_08,18957,0.00 percent
2023-06-20 18:24:38,(2(0)-1687299878:491873),systemResources.CPU_09,18958,0.00 percent
2023-06-20 18:24:38,(2(0)-1687299878:491884),systemResources.CPU_10,18959,0.00 percent
2023-06-20 18:24:38,(2(0)-1687299878:491895),systemResources.CPU_11,18960,0.00 percent
2023-06-20 18:24:38,(2(0)-1687299878:491905),systemResources.CPU_12,18961,0.00 percent
2023-06-20 18:24:38,(2(0)-1687299878:491915),systemResources.CPU_13,18962,0.00 percent
2023-06-20 18:24:38,(2(0)-1687299878:491925),systemResources.CPU_14,18963,0.00 percent
2023-06-20 18:24:38,(2(0)-1687299878:491936),systemResources.CPU_15,18964,0.00 percent
2023-06-20 18:24:38,(2(0)-1687299878:491936),systemResources.CPU,18948,0.06 percent
2023-06-20 18:24:38,(2(0)-1687299878:491945),systemResources.FRAMEWORK_VERSION,18965,v3.2.0
2023-06-20 18:24:38,(2(0)-1687299878:491946),systemResources.PROJECT_VERSION,18966,v3.2.0
2023-06-20 18:24:39,(2(0)-1687299879:491732),blockDrv.BD_Cycles,256,23
2023-06-20 18:24:40,(2(0)-1687299880:492048),blockDrv.BD_Cycles,256,24
2023-06-20 18:24:39,(2(0)-1687299879:491872),systemResources.CPU_00,18949,0.00 percent
2023-06-20 18:24:39,(2(0)-1687299879:491883),systemResources.CPU_01,18950,0.00 percent
2023-06-20 18:24:39,(2(0)-1687299879:491892),systemResources.CPU_02,18951,0.00 percent
2023-06-20 18:24:39,(2(0)-1687299879:491900),systemResources.CPU_03,18952,0.00 percent
2023-06-20 18:24:39,(2(0)-1687299879:491908),systemResources.CPU_04,18953,0.00 percent
2023-06-20 18:24:39,(2(0)-1687299879:491917),systemResources.CPU_05,18954,0.00 percent
2023-06-20 18:24:39,(2(0)-1687299879:491925),systemResources.CPU_06,18955,0.00 percent
2023-06-20 18:24:39,(2(0)-1687299879:491934),systemResources.CPU_07,18956,0.00 percent
2023-06-20 18:24:39,(2(0)-1687299879:491942),systemResources.CPU_08,18957,1.00 percent
2023-06-20 18:24:39,(2(0)-1687299879:491951),systemResources.CPU_09,18958,0.00 percent
2023-06-20 18:24:39,(2(0)-1687299879:491989),systemResources.CPU_10,18959,1.00 percent
2023-06-20 18:24:39,(2(0)-1687299879:491998),systemResources.CPU_11,18960,0.00 percent
2023-06-20 18:24:39,(2(0)-1687299879:492015),systemResources.CPU_12,18961,0.00 percent
2023-06-20 18:24:39,(2(0)-1687299879:492024),systemResources.CPU_13,18962,0.00 percent
2023-06-20 18:24:39,(2(0)-1687299879:492032),systemResources.CPU_14,18963,0.00 percent
2023-06-20 18:24:39,(2(0)-1687299879:492041),systemResources.CPU_15,18964,0.00 percent
2023-06-20 18:24:39,(2(0)-1687299879:492041),systemResources.CPU,18948,0.12 percent
2023-06-20 18:24:39,(2(0)-1687299879:492052),systemResources.FRAMEWORK_VERSION,18965,v3.2.0
2023-06-20 18:24:39,(2(0)-1687299879:492053),systemResources.PROJECT_VERSION,18966,v3.2.0
2023-06-20 18:24:40,(2(0)-1687299880:492189),systemResources.CPU_00,18949,0.00 percent
2023-06-20 18:24:40,(2(0)-1687299880:492208),systemResources.CPU_01,18950,0.00 percent
2023-06-20 18:24:40,(2(0)-1687299880:492224),systemResources.CPU_02,18951,0.00 percent
2023-06-20 18:24:40,(2(0)-1687299880:492239),systemResources.CPU_03,18952,0.00 percent
2023-06-20 18:24:40,(2(0)-1687299880:492256),systemResources.CPU_04,18953,0.00 percent
2023-06-20 18:24:40,(2(0)-1687299880:492272),systemResources.CPU_05,18954,0.00 percent
2023-06-20 18:24:40,(2(0)-1687299880:492287),systemResources.CPU_06,18955,0.99 percent
2023-06-20 18:24:40,(2(0)-1687299880:492303),systemResources.CPU_07,18956,0.00 percent
2023-06-20 18:24:40,(2(0)-1687299880:492315),systemResources.CPU_08,18957,0.00 percent
2023-06-20 18:24:40,(2(0)-1687299880:492327),systemResources.CPU_09,18958,0.00 percent
2023-06-20 18:24:40,(2(0)-1687299880:492338),systemResources.CPU_10,18959,0.00 percent
2023-06-20 18:24:40,(2(0)-1687299880:492350),systemResources.CPU_11,18960,0.00 percent
2023-06-20 18:24:40,(2(0)-1687299880:492361),systemResources.CPU_12,18961,0.00 percent
2023-06-20 18:24:40,(2(0)-1687299880:492372),systemResources.CPU_13,18962,0.00 percent
2023-06-20 18:24:40,(2(0)-1687299880:492384),systemResources.CPU_14,18963,0.99 percent
2023-06-20 18:24:40,(2(0)-1687299880:492395),systemResources.CPU_15,18964,0.00 percent
2023-06-20 18:24:40,(2(0)-1687299880:492396),systemResources.CPU,18948,0.12 percent
2023-06-20 18:24:40,(2(0)-1687299880:492405),systemResources.FRAMEWORK_VERSION,18965,v3.2.0
2023-06-20 18:24:40,(2(0)-1687299880:492406),systemResources.PROJECT_VERSION,18966,v3.2.0
2023-06-20 18:24:41,(2(0)-1687299881:492392),blockDrv.BD_Cycles,256,25
2023-06-20 18:24:42,(2(0)-1687299882:492867),blockDrv.BD_Cycles,256,26
2023-06-20 18:24:42,(2(0)-1687299882:493138),rateGroup2.RgMaxTime,768,400 us
2023-06-20 18:24:42,(2(0)-1687299882:493255),systemResources.CPU_00,18949,0.00 percent
2023-06-20 18:24:42,(2(0)-1687299882:493291),systemResources.CPU_01,18950,0.00 percent
2023-06-20 18:24:41,(2(0)-1687299881:492739),systemResources.CPU_02,18951,0.00 percent
2023-06-20 18:24:41,(2(0)-1687299881:492758),systemResources.CPU_03,18952,0.00 percent
2023-06-20 18:24:41,(2(0)-1687299881:492777),systemResources.CPU_04,18953,0.00 percent
2023-06-20 18:24:41,(2(0)-1687299881:492795),systemResources.CPU_05,18954,0.00 percent
2023-06-20 18:24:41,(2(0)-1687299881:492814),systemResources.CPU_06,18955,0.00 percent
2023-06-20 18:24:41,(2(0)-1687299881:492833),systemResources.CPU_07,18956,0.00 percent
2023-06-20 18:24:41,(2(0)-1687299881:492851),systemResources.CPU_08,18957,0.00 percent
2023-06-20 18:24:41,(2(0)-1687299881:492870),systemResources.CPU_09,18958,0.00 percent
2023-06-20 18:24:41,(2(0)-1687299881:492889),systemResources.CPU_10,18959,0.00 percent
2023-06-20 18:24:41,(2(0)-1687299881:492908),systemResources.CPU_11,18960,0.00 percent
2023-06-20 18:24:41,(2(0)-1687299881:492926),systemResources.CPU_12,18961,0.00 percent
2023-06-20 18:24:41,(2(0)-1687299881:492944),systemResources.CPU_13,18962,0.00 percent
2023-06-20 18:24:41,(2(0)-1687299881:492963),systemResources.CPU_14,18963,0.00 percent
2023-06-20 18:24:41,(2(0)-1687299881:492982),systemResources.CPU_15,18964,0.00 percent
2023-06-20 18:24:41,(2(0)-1687299881:492983),systemResources.CPU,18948,0.00 percent
2023-06-20 18:24:41,(2(0)-1687299881:492995),systemResources.FRAMEWORK_VERSION,18965,v3.2.0
2023-06-20 18:24:41,(2(0)-1687299881:492997),systemResources.PROJECT_VERSION,18966,v3.2.0
2023-06-20 18:24:43,(2(0)-1687299883:493308),systemResources.CPU_00,18949,0.00 percent
2023-06-20 18:24:43,(2(0)-1687299883:493318),systemResources.CPU_01,18950,0.00 percent
2023-06-20 18:24:43,(2(0)-1687299883:493326),systemResources.CPU_02,18951,0.00 percent
2023-06-20 18:24:43,(2(0)-1687299883:493333),systemResources.CPU_03,18952,0.00 percent
2023-06-20 18:24:43,(2(0)-1687299883:493341),systemResources.CPU_04,18953,0.00 percent
2023-06-20 18:24:43,(2(0)-1687299883:493349),systemResources.CPU_05,18954,0.00 percent
2023-06-20 18:24:42,(2(0)-1687299882:493468),systemResources.CPU_06,18955,0.00 percent
2023-06-20 18:24:42,(2(0)-1687299882:493508),systemResources.CPU_07,18956,0.00 percent
2023-06-20 18:24:42,(2(0)-1687299882:493538),systemResources.CPU_08,18957,0.00 percent
2023-06-20 18:24:42,(2(0)-1687299882:493570),systemResources.CPU_09,18958,0.00 percent
2023-06-20 18:24:42,(2(0)-1687299882:493602),systemResources.CPU_10,18959,0.00 percent
2023-06-20 18:24:42,(2(0)-1687299882:493634),systemResources.CPU_11,18960,0.00 percent
2023-06-20 18:24:42,(2(0)-1687299882:493666),systemResources.CPU_12,18961,0.00 percent
2023-06-20 18:24:42,(2(0)-1687299882:493697),systemResources.CPU_13,18962,0.00 percent
2023-06-20 18:24:42,(2(0)-1687299882:493729),systemResources.CPU_14,18963,0.00 percent
2023-06-20 18:24:42,(2(0)-1687299882:493760),systemResources.CPU_15,18964,0.00 percent
2023-06-20 18:24:42,(2(0)-1687299882:493761),systemResources.CPU,18948,0.00 percent
2023-06-20 18:24:42,(2(0)-1687299882:493781),systemResources.FRAMEWORK_VERSION,18965,v3.2.0
2023-06-20 18:24:42,(2(0)-1687299882:493783),systemResources.PROJECT_VERSION,18966,v3.2.0
2023-06-20 18:24:42,(2(0)-1687299882:493789),rateGroup1.RgMaxTime,512,1053 us
2023-06-20 18:24:43,(2(0)-1687299883:493112),blockDrv.BD_Cycles,256,27
2023-06-20 18:24:44,(2(0)-1687299884:493414),blockDrv.BD_Cycles,256,28
2023-06-20 18:24:43,(2(0)-1687299883:493357),systemResources.CPU_06,18955,0.00 percent
2023-06-20 18:24:43,(2(0)-1687299883:493364),systemResources.CPU_07,18956,0.00 percent
2023-06-20 18:24:43,(2(0)-1687299883:493372),systemResources.CPU_08,18957,0.00 percent
2023-06-20 18:24:43,(2(0)-1687299883:493380),systemResources.CPU_09,18958,0.00 percent
2023-06-20 18:24:43,(2(0)-1687299883:493388),systemResources.CPU_10,18959,0.00 percent
2023-06-20 18:24:43,(2(0)-1687299883:493396),systemResources.CPU_11,18960,0.00 percent
2023-06-20 18:24:43,(2(0)-1687299883:493403),systemResources.CPU_12,18961,0.00 percent
2023-06-20 18:24:43,(2(0)-1687299883:493411),systemResources.CPU_13,18962,0.00 percent
2023-06-20 18:24:43,(2(0)-1687299883:493419),systemResources.CPU_14,18963,0.00 percent
2023-06-20 18:24:43,(2(0)-1687299883:493427),systemResources.CPU_15,18964,0.00 percent
2023-06-20 18:24:43,(2(0)-1687299883:493427),systemResources.CPU,18948,0.00 percent
2023-06-20 18:24:43,(2(0)-1687299883:493438),systemResources.FRAMEWORK_VERSION,18965,v3.2.0
2023-06-20 18:24:43,(2(0)-1687299883:493439),systemResources.PROJECT_VERSION,18966,v3.2.0
2023-06-20 18:24:44,(2(0)-1687299884:493752),systemResources.CPU_00,18949,0.00 percent
2023-06-20 18:24:44,(2(0)-1687299884:493778),systemResources.CPU_01,18950,0.00 percent
2023-06-20 18:24:44,(2(0)-1687299884:493797),systemResources.CPU_02,18951,0.00 percent
2023-06-20 18:24:44,(2(0)-1687299884:493816),systemResources.CPU_03,18952,0.00 percent
2023-06-20 18:24:44,(2(0)-1687299884:493835),systemResources.CPU_04,18953,0.00 percent
2023-06-20 18:24:44,(2(0)-1687299884:493855),systemResources.CPU_05,18954,0.00 percent
2023-06-20 18:24:44,(2(0)-1687299884:493876),systemResources.CPU_06,18955,0.00 percent
2023-06-20 18:24:44,(2(0)-1687299884:493896),systemResources.CPU_07,18956,0.00 percent
2023-06-20 18:24:44,(2(0)-1687299884:493916),systemResources.CPU_08,18957,0.00 percent
2023-06-20 18:24:44,(2(0)-1687299884:493937),systemResources.CPU_09,18958,0.00 percent
2023-06-20 18:24:44,(2(0)-1687299884:493957),systemResources.CPU_10,18959,0.00 percent
2023-06-20 18:24:44,(2(0)-1687299884:493977),systemResources.CPU_11,18960,0.00 percent
2023-06-20 18:24:44,(2(0)-1687299884:493991),systemResources.CPU_12,18961,0.00 percent
2023-06-20 18:24:44,(2(0)-1687299884:494007),systemResources.CPU_13,18962,0.00 percent
2023-06-20 18:24:44,(2(0)-1687299884:494026),systemResources.CPU_14,18963,0.00 percent
2023-06-20 18:24:44,(2(0)-1687299884:494044),systemResources.CPU_15,18964,0.00 percent
2023-06-20 18:24:44,(2(0)-1687299884:494045),systemResources.CPU,18948,0.00 percent
2023-06-20 18:24:44,(2(0)-1687299884:494066),systemResources.FRAMEWORK_VERSION,18965,v3.2.0
2023-06-20 18:24:44,(2(0)-1687299884:494067),systemResources.PROJECT_VERSION,18966,v3.2.0
2023-06-20 18:24:45,(2(0)-1687299885:493661),blockDrv.BD_Cycles,256,29
2023-06-20 18:24:46,(2(0)-1687299886:494001),blockDrv.BD_Cycles,256,30
2023-06-20 18:24:45,(2(0)-1687299885:493804),systemResources.CPU_00,18949,0.00 percent
2023-06-20 18:24:45,(2(0)-1687299885:493817),systemResources.CPU_01,18950,0.00 percent
2023-06-20 18:24:45,(2(0)-1687299885:493827),systemResources.CPU_02,18951,0.00 percent
2023-06-20 18:24:45,(2(0)-1687299885:493836),systemResources.CPU_03,18952,0.00 percent
2023-06-20 18:24:45,(2(0)-1687299885:493845),systemResources.CPU_04,18953,0.00 percent
2023-06-20 18:24:45,(2(0)-1687299885:493854),systemResources.CPU_05,18954,0.00 percent
2023-06-20 18:24:45,(2(0)-1687299885:493863),systemResources.CPU_06,18955,0.00 percent
2023-06-20 18:24:45,(2(0)-1687299885:493872),systemResources.CPU_07,18956,0.00 percent
2023-06-20 18:24:45,(2(0)-1687299885:493880),systemResources.CPU_08,18957,0.00 percent
2023-06-20 18:24:45,(2(0)-1687299885:493889),systemResources.CPU_09,18958,0.00 percent
2023-06-20 18:24:45,(2(0)-1687299885:493898),systemResources.CPU_10,18959,0.00 percent
2023-06-20 18:24:45,(2(0)-1687299885:493906),systemResources.CPU_11,18960,0.00 percent
2023-06-20 18:24:45,(2(0)-1687299885:493914),systemResources.CPU_12,18961,0.00 percent
2023-06-20 18:24:45,(2(0)-1687299885:493922),systemResources.CPU_13,18962,0.00 percent
2023-06-20 18:24:45,(2(0)-1687299885:493931),systemResources.CPU_14,18963,0.00 percent
2023-06-20 18:24:45,(2(0)-1687299885:493939),systemResources.CPU_15,18964,0.00 percent
2023-06-20 18:24:45,(2(0)-1687299885:493940),systemResources.CPU,18948,0.00 percent
2023-06-20 18:24:45,(2(0)-1687299885:493950),systemResources.FRAMEWORK_VERSION,18965,v3.2.0
2023-06-20 18:24:45,(2(0)-1687299885:493951),systemResources.PROJECT_VERSION,18966,v3.2.0
2023-06-20 18:24:46,(2(0)-1687299886:494300),systemResources.CPU_00,18949,0.00 percent
2023-06-20 18:24:46,(2(0)-1687299886:494326),systemResources.CPU_01,18950,0.00 percent
2023-06-20 18:24:46,(2(0)-1687299886:494347),systemResources.CPU_02,18951,0.00 percent
2023-06-20 18:24:46,(2(0)-1687299886:494369),systemResources.CPU_03,18952,0.00 percent
2023-06-20 18:24:46,(2(0)-1687299886:494385),systemResources.CPU_04,18953,0.00 percent
2023-06-20 18:24:46,(2(0)-1687299886:494400),systemResources.CPU_05,18954,0.00 percent
2023-06-20 18:24:46,(2(0)-1687299886:494414),systemResources.CPU_06,18955,0.00 percent
2023-06-20 18:24:46,(2(0)-1687299886:494429),systemResources.CPU_07,18956,0.00 percent
2023-06-20 18:24:46,(2(0)-1687299886:494444),systemResources.CPU_08,18957,0.00 percent
2023-06-20 18:24:46,(2(0)-1687299886:494459),systemResources.CPU_09,18958,0.00 percent
2023-06-20 18:24:46,(2(0)-1687299886:494473),systemResources.CPU_10,18959,0.00 percent
2023-06-20 18:24:46,(2(0)-1687299886:494489),systemResources.CPU_11,18960,0.00 percent
2023-06-20 18:24:46,(2(0)-1687299886:494504),systemResources.CPU_12,18961,0.00 percent
2023-06-20 18:24:46,(2(0)-1687299886:494519),systemResources.CPU_13,18962,0.00 percent
2023-06-20 18:24:46,(2(0)-1687299886:494534),systemResources.CPU_14,18963,0.00 percent
2023-06-20 18:24:46,(2(0)-1687299886:494549),systemResources.CPU_15,18964,0.00 percent
2023-06-20 18:24:46,(2(0)-1687299886:494549),systemResources.CPU,18948,0.00 percent
2023-06-20 18:24:46,(2(0)-1687299886:494560),systemResources.FRAMEWORK_VERSION,18965,v3.2.0
2023-06-20 18:24:46,(2(0)-1687299886:494561),systemResources.PROJECT_VERSION,18966,v3.2.0
2023-06-20 18:24:47,(2(0)-1687299887:494270),blockDrv.BD_Cycles,256,31
2023-06-20 18:24:48,(2(0)-1687299888:494509),blockDrv.BD_Cycles,256,32
2023-06-20 18:24:47,(2(0)-1687299887:494588),systemResources.CPU_00,18949,0.00 percent
2023-06-20 18:24:47,(2(0)-1687299887:494611),systemResources.CPU_01,18950,0.00 percent
2023-06-20 18:24:47,(2(0)-1687299887:494630),systemResources.CPU_02,18951,0.00 percent
2023-06-20 18:24:47,(2(0)-1687299887:494649),systemResources.CPU_03,18952,0.00 percent
2023-06-20 18:24:47,(2(0)-1687299887:494670),systemResources.CPU_04,18953,0.00 percent
2023-06-20 18:24:47,(2(0)-1687299887:494690),systemResources.CPU_05,18954,0.00 percent
2023-06-20 18:24:47,(2(0)-1687299887:494710),systemResources.CPU_06,18955,0.00 percent
2023-06-20 18:24:47,(2(0)-1687299887:494730),systemResources.CPU_07,18956,0.00 percent
2023-06-20 18:24:47,(2(0)-1687299887:494750),systemResources.CPU_08,18957,0.00 percent
2023-06-20 18:24:47,(2(0)-1687299887:494772),systemResources.CPU_09,18958,0.00 percent
2023-06-20 18:24:47,(2(0)-1687299887:494794),systemResources.CPU_10,18959,0.00 percent
2023-06-20 18:24:47,(2(0)-1687299887:494815),systemResources.CPU_11,18960,0.00 percent
2023-06-20 18:24:47,(2(0)-1687299887:494837),systemResources.CPU_12,18961,0.00 percent
2023-06-20 18:24:47,(2(0)-1687299887:494858),systemResources.CPU_13,18962,0.00 percent
2023-06-20 18:24:47,(2(0)-1687299887:494876),systemResources.CPU_14,18963,0.00 percent
2023-06-20 18:24:47,(2(0)-1687299887:494892),systemResources.CPU_15,18964,0.00 percent
2023-06-20 18:24:47,(2(0)-1687299887:494893),systemResources.CPU,18948,0.00 percent
2023-06-20 18:24:47,(2(0)-1687299887:494904),systemResources.FRAMEWORK_VERSION,18965,v3.2.0
2023-06-20 18:24:47,(2(0)-1687299887:494906),systemResources.PROJECT_VERSION,18966,v3.2.0
2023-06-20 18:24:48,(2(0)-1687299888:494775),systemResources.CPU_00,18949,0.00 percent
2023-06-20 18:24:48,(2(0)-1687299888:494800),systemResources.CPU_01,18950,0.00 percent
2023-06-20 18:24:48,(2(0)-1687299888:494820),systemResources.CPU_02,18951,0.00 percent
2023-06-20 18:24:48,(2(0)-1687299888:494842),systemResources.CPU_03,18952,0.00 percent
2023-06-20 18:24:48,(2(0)-1687299888:494865),systemResources.CPU_04,18953,0.00 percent
2023-06-20 18:24:48,(2(0)-1687299888:494884),systemResources.CPU_05,18954,0.00 percent
2023-06-20 18:24:48,(2(0)-1687299888:494901),systemResources.CPU_06,18955,0.00 percent
2023-06-20 18:24:48,(2(0)-1687299888:494919),systemResources.CPU_07,18956,0.00 percent
2023-06-20 18:24:48,(2(0)-1687299888:494935),systemResources.CPU_08,18957,0.00 percent
2023-06-20 18:24:48,(2(0)-1687299888:494962),systemResources.CPU_09,18958,0.00 percent
2023-06-20 18:24:48,(2(0)-1687299888:494979),systemResources.CPU_10,18959,0.00 percent
2023-06-20 18:24:48,(2(0)-1687299888:494996),systemResources.CPU_11,18960,0.00 percent
2023-06-20 18:24:48,(2(0)-1687299888:495013),systemResources.CPU_12,18961,0.00 percent
2023-06-20 18:24:48,(2(0)-1687299888:495029),systemResources.CPU_13,18962,0.00 percent
2023-06-20 18:24:48,(2(0)-1687299888:495046),systemResources.CPU_14,18963,0.00 percent
2023-06-20 18:24:48,(2(0)-1687299888:495064),systemResources.CPU_15,18964,0.00 percent
2023-06-20 18:24:48,(2(0)-1687299888:495065),systemResources.CPU,18948,0.00 percent
2023-06-20 18:24:48,(2(0)-1687299888:495076),systemResources.FRAMEWORK_VERSION,18965,v3.2.0
2023-06-20 18:24:48,(2(0)-1687299888:495078),systemResources.PROJECT_VERSION,18966,v3.2.0
2023-06-20 18:24:49,(2(0)-1687299889:494693),blockDrv.BD_Cycles,256,33
2023-06-20 18:24:50,(2(0)-1687299890:495030),blockDrv.BD_Cycles,256,34
2023-06-20 18:24:49,(2(0)-1687299889:494847),systemResources.CPU_00,18949,0.00 percent
2023-06-20 18:24:49,(2(0)-1687299889:494864),systemResources.CPU_01,18950,0.00 percent
2023-06-20 18:24:49,(2(0)-1687299889:494876),systemResources.CPU_02,18951,0.00 percent
2023-06-20 18:24:49,(2(0)-1687299889:494887),systemResources.CPU_03,18952,0.00 percent
2023-06-20 18:24:49,(2(0)-1687299889:494899),systemResources.CPU_04,18953,0.00 percent
2023-06-20 18:24:49,(2(0)-1687299889:494912),systemResources.CPU_05,18954,0.00 percent
2023-06-20 18:24:49,(2(0)-1687299889:494922),systemResources.CPU_06,18955,0.00 percent
2023-06-20 18:24:49,(2(0)-1687299889:494934),systemResources.CPU_07,18956,0.00 percent
2023-06-20 18:24:49,(2(0)-1687299889:494946),systemResources.CPU_08,18957,0.00 percent
2023-06-20 18:24:49,(2(0)-1687299889:494958),systemResources.CPU_09,18958,0.00 percent
2023-06-20 18:24:49,(2(0)-1687299889:494970),systemResources.CPU_10,18959,0.00 percent
2023-06-20 18:24:49,(2(0)-1687299889:494982),systemResources.CPU_11,18960,0.00 percent
2023-06-20 18:24:49,(2(0)-1687299889:494993),systemResources.CPU_12,18961,0.00 percent
2023-06-20 18:24:49,(2(0)-1687299889:495005),systemResources.CPU_13,18962,0.00 percent
2023-06-20 18:24:49,(2(0)-1687299889:495016),systemResources.CPU_14,18963,0.00 percent
2023-06-20 18:24:49,(2(0)-1687299889:495044),systemResources.CPU_15,18964,0.00 percent
2023-06-20 18:24:49,(2(0)-1687299889:495044),systemResources.CPU,18948,0.00 percent
2023-06-20 18:24:49,(2(0)-1687299889:495053),systemResources.FRAMEWORK_VERSION,18965,v3.2.0
2023-06-20 18:24:49,(2(0)-1687299889:495055),systemResources.PROJECT_VERSION,18966,v3.2.0
2023-06-20 18:24:50,(2(0)-1687299890:495293),systemResources.CPU_00,18949,0.00 percent
2023-06-20 18:24:50,(2(0)-1687299890:495313),systemResources.CPU_01,18950,0.00 percent
2023-06-20 18:24:50,(2(0)-1687299890:495341),systemResources.CPU_02,18951,0.00 percent
2023-06-20 18:24:50,(2(0)-1687299890:495362),systemResources.CPU_03,18952,0.00 percent
2023-06-20 18:24:50,(2(0)-1687299890:495378),systemResources.CPU_04,18953,0.00 percent
2023-06-20 18:24:50,(2(0)-1687299890:495410),systemResources.CPU_05,18954,0.00 percent
2023-06-20 18:24:50,(2(0)-1687299890:495429),systemResources.CPU_06,18955,0.00 percent
2023-06-20 18:24:50,(2(0)-1687299890:495443),systemResources.CPU_07,18956,0.00 percent
2023-06-20 18:24:50,(2(0)-1687299890:495456),systemResources.CPU_08,18957,0.00 percent
2023-06-20 18:24:50,(2(0)-1687299890:495468),systemResources.CPU_09,18958,0.00 percent
2023-06-20 18:24:50,(2(0)-1687299890:495480),systemResources.CPU_10,18959,0.00 percent
2023-06-20 18:24:50,(2(0)-1687299890:495492),systemResources.CPU_11,18960,0.00 percent
2023-06-20 18:24:50,(2(0)-1687299890:495504),systemResources.CPU_12,18961,0.00 percent
2023-06-20 18:24:50,(2(0)-1687299890:495517),systemResources.CPU_13,18962,0.00 percent
2023-06-20 18:24:50,(2(0)-1687299890:495529),systemResources.CPU_14,18963,0.00 percent
2023-06-20 18:24:50,(2(0)-1687299890:495542),systemResources.CPU_15,18964,0.00 percent
2023-06-20 18:24:50,(2(0)-1687299890:495542),systemResources.CPU,18948,0.00 percent
2023-06-20 18:24:50,(2(0)-1687299890:495556),systemResources.FRAMEWORK_VERSION,18965,v3.2.0
2023-06-20 18:24:50,(2(0)-1687299890:495558),systemResources.PROJECT_VERSION,18966,v3.2.0
2023-06-20 18:24:51,(2(0)-1687299891:495245),blockDrv.BD_Cycles,256,35
2023-06-20 18:24:52,(2(0)-1687299892:495692),blockDrv.BD_Cycles,256,36
2023-06-20 18:24:51,(2(0)-1687299891:495485),systemResources.CPU_00,18949,0.00 percent
2023-06-20 18:24:51,(2(0)-1687299891:495499),systemResources.CPU_01,18950,0.00 percent
2023-06-20 18:24:51,(2(0)-1687299891:495510),systemResources.CPU_02,18951,0.00 percent
2023-06-20 18:24:51,(2(0)-1687299891:495521),systemResources.CPU_03,18952,0.00 percent
2023-06-20 18:24:51,(2(0)-1687299891:495532),systemResources.CPU_04,18953,0.00 percent
2023-06-20 18:24:51,(2(0)-1687299891:495543),systemResources.CPU_05,18954,0.00 percent
2023-06-20 18:24:51,(2(0)-1687299891:495554),systemResources.CPU_06,18955,0.00 percent
2023-06-20 18:24:51,(2(0)-1687299891:495565),systemResources.CPU_07,18956,0.00 percent
2023-06-20 18:24:51,(2(0)-1687299891:495577),systemResources.CPU_08,18957,0.00 percent
2023-06-20 18:24:51,(2(0)-1687299891:495587),systemResources.CPU_09,18958,0.00 percent
2023-06-20 18:24:51,(2(0)-1687299891:495599),systemResources.CPU_10,18959,0.00 percent
2023-06-20 18:24:51,(2(0)-1687299891:495611),systemResources.CPU_11,18960,0.00 percent
2023-06-20 18:24:51,(2(0)-1687299891:495622),systemResources.CPU_12,18961,0.00 percent
2023-06-20 18:24:51,(2(0)-1687299891:495633),systemResources.CPU_13,18962,0.00 percent
2023-06-20 18:24:51,(2(0)-1687299891:495643),systemResources.CPU_14,18963,0.00 percent
2023-06-20 18:24:51,(2(0)-1687299891:495654),systemResources.CPU_15,18964,0.00 percent
2023-06-20 18:24:51,(2(0)-1687299891:495655),systemResources.CPU,18948,0.00 percent
2023-06-20 18:24:51,(2(0)-1687299891:495671),systemResources.FRAMEWORK_VERSION,18965,v3.2.0
2023-06-20 18:24:51,(2(0)-1687299891:495673),systemResources.PROJECT_VERSION,18966,v3.2.0
2023-06-20 18:24:52,(2(0)-1687299892:495892),systemResources.CPU_00,18949,0.00 percent
2023-06-20 18:24:52,(2(0)-1687299892:495914),systemResources.CPU_01,18950,0.00 percent
2023-06-20 18:24:52,(2(0)-1687299892:495929),systemResources.CPU_02,18951,0.00 percent
2023-06-20 18:24:52,(2(0)-1687299892:495943),systemResources.CPU_03,18952,0.00 percent
2023-06-20 18:24:52,(2(0)-1687299892:495957),systemResources.CPU_04,18953,0.00 percent
2023-06-20 18:24:52,(2(0)-1687299892:495970),systemResources.CPU_05,18954,0.00 percent
2023-06-20 18:24:52,(2(0)-1687299892:495984),systemResources.CPU_06,18955,0.00 percent
2023-06-20 18:24:52,(2(0)-1687299892:495998),systemResources.CPU_07,18956,0.00 percent
2023-06-20 18:24:52,(2(0)-1687299892:496011),systemResources.CPU_08,18957,0.00 percent
2023-06-20 18:24:52,(2(0)-1687299892:496025),systemResources.CPU_09,18958,0.00 percent
2023-06-20 18:24:52,(2(0)-1687299892:496039),systemResources.CPU_10,18959,0.00 percent
2023-06-20 18:24:52,(2(0)-1687299892:496053),systemResources.CPU_11,18960,0.00 percent
2023-06-20 18:24:52,(2(0)-1687299892:496086),systemResources.CPU_12,18961,0.00 percent
2023-06-20 18:24:52,(2(0)-1687299892:496106),systemResources.CPU_13,18962,0.00 percent
2023-06-20 18:24:52,(2(0)-1687299892:496119),systemResources.CPU_14,18963,0.00 percent
2023-06-20 18:24:52,(2(0)-1687299892:496133),systemResources.CPU_15,18964,0.00 percent
2023-06-20 18:24:52,(2(0)-1687299892:496134),systemResources.CPU,18948,0.00 percent
2023-06-20 18:24:52,(2(0)-1687299892:496143),systemResources.FRAMEWORK_VERSION,18965,v3.2.0
2023-06-20 18:24:52,(2(0)-1687299892:496145),systemResources.PROJECT_VERSION,18966,v3.2.0
2023-06-20 18:24:53,(2(0)-1687299893:495923),blockDrv.BD_Cycles,256,37
2023-06-20 18:24:54,(2(0)-1687299894:496209),blockDrv.BD_Cycles,256,38
2023-06-20 18:24:54,(2(0)-1687299894:496417),systemResources.CPU_00,18949,0.00 percent
2023-06-20 18:24:53,(2(0)-1687299893:496188),systemResources.CPU_01,18950,0.00 percent
2023-06-20 18:24:53,(2(0)-1687299893:496203),systemResources.CPU_02,18951,0.00 percent
2023-06-20 18:24:53,(2(0)-1687299893:496218),systemResources.CPU_03,18952,0.00 percent
2023-06-20 18:24:53,(2(0)-1687299893:496233),systemResources.CPU_04,18953,0.00 percent
2023-06-20 18:24:53,(2(0)-1687299893:496248),systemResources.CPU_05,18954,0.00 percent
2023-06-20 18:24:53,(2(0)-1687299893:496263),systemResources.CPU_06,18955,0.00 percent
2023-06-20 18:24:53,(2(0)-1687299893:496279),systemResources.CPU_07,18956,0.00 percent
2023-06-20 18:24:53,(2(0)-1687299893:496294),systemResources.CPU_08,18957,0.00 percent
2023-06-20 18:24:53,(2(0)-1687299893:496309),systemResources.CPU_09,18958,0.00 percent
2023-06-20 18:24:53,(2(0)-1687299893:496324),systemResources.CPU_10,18959,0.00 percent
2023-06-20 18:24:53,(2(0)-1687299893:496340),systemResources.CPU_11,18960,0.00 percent
2023-06-20 18:24:53,(2(0)-1687299893:496355),systemResources.CPU_12,18961,0.00 percent
2023-06-20 18:24:53,(2(0)-1687299893:496370),systemResources.CPU_13,18962,0.00 percent
2023-06-20 18:24:53,(2(0)-1687299893:496386),systemResources.CPU_14,18963,0.00 percent
2023-06-20 18:24:53,(2(0)-1687299893:496401),systemResources.CPU_15,18964,0.00 percent
2023-06-20 18:24:53,(2(0)-1687299893:496402),systemResources.CPU,18948,0.00 percent
2023-06-20 18:24:53,(2(0)-1687299893:496415),systemResources.FRAMEWORK_VERSION,18965,v3.2.0
2023-06-20 18:24:53,(2(0)-1687299893:496417),systemResources.PROJECT_VERSION,18966,v3.2.0
2023-06-20 18:24:54,(2(0)-1687299894:496427),systemResources.CPU_01,18950,0.00 percent
2023-06-20 18:24:54,(2(0)-1687299894:496436),systemResources.CPU_02,18951,0.00 percent
2023-06-20 18:24:54,(2(0)-1687299894:496444),systemResources.CPU_03,18952,0.00 percent
2023-06-20 18:24:54,(2(0)-1687299894:496452),systemResources.CPU_04,18953,0.00 percent
2023-06-20 18:24:54,(2(0)-1687299894:496460),systemResources.CPU_05,18954,0.00 percent
2023-06-20 18:24:54,(2(0)-1687299894:496468),systemResources.CPU_06,18955,0.00 percent
2023-06-20 18:24:54,(2(0)-1687299894:496476),systemResources.CPU_07,18956,0.00 percent
2023-06-20 18:24:54,(2(0)-1687299894:496485),systemResources.CPU_08,18957,0.00 percent
2023-06-20 18:24:54,(2(0)-1687299894:496492),systemResources.CPU_09,18958,0.00 percent
2023-06-20 18:24:54,(2(0)-1687299894:496501),systemResources.CPU_10,18959,0.00 percent
2023-06-20 18:24:54,(2(0)-1687299894:496509),systemResources.CPU_11,18960,0.00 percent
2023-06-20 18:24:54,(2(0)-1687299894:496517),systemResources.CPU_12,18961,0.00 percent
2023-06-20 18:24:54,(2(0)-1687299894:496525),systemResources.CPU_13,18962,0.00 percent
2023-06-20 18:24:54,(2(0)-1687299894:496532),systemResources.CPU_14,18963,0.99 percent
2023-06-20 18:24:54,(2(0)-1687299894:496564),systemResources.CPU_15,18964,0.00 percent
2023-06-20 18:24:54,(2(0)-1687299894:496567),systemResources.CPU,18948,0.06 percent
2023-06-20 18:24:54,(2(0)-1687299894:496582),systemResources.FRAMEWORK_VERSION,18965,v3.2.0
2023-06-20 18:24:54,(2(0)-1687299894:496582),systemResources.PROJECT_VERSION,18966,v3.2.0
2023-06-20 18:24:55,(2(0)-1687299895:496398),blockDrv.BD_Cycles,256,39
2023-06-20 18:24:56,(2(0)-1687299896:496936),blockDrv.BD_Cycles,256,40
2023-06-20 18:24:55,(2(0)-1687299895:496602),systemResources.CPU_00,18949,0.00 percent
2023-06-20 18:24:55,(2(0)-1687299895:496614),systemResources.CPU_01,18950,0.00 percent
2023-06-20 18:24:55,(2(0)-1687299895:496624),systemResources.CPU_02,18951,0.00 percent
2023-06-20 18:24:55,(2(0)-1687299895:496634),systemResources.CPU_03,18952,0.00 percent
2023-06-20 18:24:55,(2(0)-1687299895:496645),systemResources.CPU_04,18953,0.00 percent
2023-06-20 18:24:55,(2(0)-1687299895:496655),systemResources.CPU_05,18954,0.00 percent
2023-06-20 18:24:55,(2(0)-1687299895:496665),systemResources.CPU_06,18955,0.00 percent
2023-06-20 18:24:55,(2(0)-1687299895:496675),systemResources.CPU_07,18956,0.00 percent
2023-06-20 18:24:55,(2(0)-1687299895:496685),systemResources.CPU_08,18957,0.00 percent
2023-06-20 18:24:55,(2(0)-1687299895:496696),systemResources.CPU_09,18958,0.00 percent
2023-06-20 18:24:55,(2(0)-1687299895:496707),systemResources.CPU_10,18959,0.00 percent
2023-06-20 18:24:55,(2(0)-1687299895:496717),systemResources.CPU_11,18960,0.00 percent
2023-06-20 18:24:55,(2(0)-1687299895:496727),systemResources.CPU_12,18961,0.00 percent
2023-06-20 18:24:55,(2(0)-1687299895:496737),systemResources.CPU_13,18962,0.00 percent
2023-06-20 18:24:55,(2(0)-1687299895:496747),systemResources.CPU_14,18963,0.00 percent
2023-06-20 18:24:55,(2(0)-1687299895:496758),systemResources.CPU_15,18964,0.00 percent
2023-06-20 18:24:55,(2(0)-1687299895:496758),systemResources.CPU,18948,0.00 percent
2023-06-20 18:24:55,(2(0)-1687299895:496773),systemResources.FRAMEWORK_VERSION,18965,v3.2.0
2023-06-20 18:24:55,(2(0)-1687299895:496774),systemResources.PROJECT_VERSION,18966,v3.2.0
2023-06-20 18:24:56,(2(0)-1687299896:497149),systemResources.CPU_00,18949,0.00 percent
2023-06-20 18:24:56,(2(0)-1687299896:497168),systemResources.CPU_01,18950,0.00 percent
2023-06-20 18:24:56,(2(0)-1687299896:497183),systemResources.CPU_02,18951,0.00 percent
2023-06-20 18:24:56,(2(0)-1687299896:497199),systemResources.CPU_03,18952,0.00 percent
2023-06-20 18:24:56,(2(0)-1687299896:497214),systemResources.CPU_04,18953,0.00 percent
2023-06-20 18:24:56,(2(0)-1687299896:497230),systemResources.CPU_05,18954,0.00 percent
2023-06-20 18:24:56,(2(0)-1687299896:497245),systemResources.CPU_06,18955,0.00 percent
2023-06-20 18:24:56,(2(0)-1687299896:497261),systemResources.CPU_07,18956,0.00 percent
2023-06-20 18:24:56,(2(0)-1687299896:497274),systemResources.CPU_08,18957,0.00 percent
2023-06-20 18:24:56,(2(0)-1687299896:497285),systemResources.CPU_09,18958,0.00 percent
2023-06-20 18:24:56,(2(0)-1687299896:497296),systemResources.CPU_10,18959,0.00 percent
2023-06-20 18:24:56,(2(0)-1687299896:497307),systemResources.CPU_11,18960,0.00 percent
2023-06-20 18:24:56,(2(0)-1687299896:497318),systemResources.CPU_12,18961,0.99 percent
2023-06-20 18:24:56,(2(0)-1687299896:497329),systemResources.CPU_13,18962,0.00 percent
2023-06-20 18:24:56,(2(0)-1687299896:497340),systemResources.CPU_14,18963,0.00 percent
2023-06-20 18:24:56,(2(0)-1687299896:497351),systemResources.CPU_15,18964,0.00 percent
2023-06-20 18:24:56,(2(0)-1687299896:497352),systemResources.CPU,18948,0.06 percent
2023-06-20 18:24:56,(2(0)-1687299896:497362),systemResources.FRAMEWORK_VERSION,18965,v3.2.0
2023-06-20 18:24:56,(2(0)-1687299896:497363),systemResources.PROJECT_VERSION,18966,v3.2.0
2023-06-20 18:24:57,(2(0)-1687299897:497106),blockDrv.BD_Cycles,256,41
2023-06-20 18:24:58,(2(0)-1687299898:497299),blockDrv.BD_Cycles,256,42
2023-06-20 18:24:57,(2(0)-1687299897:497331),systemResources.CPU_00,18949,0.00 percent
2023-06-20 18:24:57,(2(0)-1687299897:497343),systemResources.CPU_01,18950,0.00 percent
2023-06-20 18:24:57,(2(0)-1687299897:497353),systemResources.CPU_02,18951,0.00 percent
2023-06-20 18:24:57,(2(0)-1687299897:497362),systemResources.CPU_03,18952,0.00 percent
2023-06-20 18:24:57,(2(0)-1687299897:497372),systemResources.CPU_04,18953,0.00 percent
2023-06-20 18:24:57,(2(0)-1687299897:497382),systemResources.CPU_05,18954,0.00 percent
2023-06-20 18:24:57,(2(0)-1687299897:497392),systemResources.CPU_06,18955,0.00 percent
2023-06-20 18:24:57,(2(0)-1687299897:497402),systemResources.CPU_07,18956,0.00 percent
2023-06-20 18:24:57,(2(0)-1687299897:497412),systemResources.CPU_08,18957,0.00 percent
2023-06-20 18:24:57,(2(0)-1687299897:497422),systemResources.CPU_09,18958,0.00 percent
2023-06-20 18:24:57,(2(0)-1687299897:497431),systemResources.CPU_10,18959,0.00 percent
2023-06-20 18:24:57,(2(0)-1687299897:497441),systemResources.CPU_11,18960,0.00 percent
2023-06-20 18:24:57,(2(0)-1687299897:497454),systemResources.CPU_12,18961,0.00 percent
2023-06-20 18:24:57,(2(0)-1687299897:497468),systemResources.CPU_13,18962,0.00 percent
2023-06-20 18:24:57,(2(0)-1687299897:497479),systemResources.CPU_14,18963,0.00 percent
2023-06-20 18:24:57,(2(0)-1687299897:497489),systemResources.CPU_15,18964,0.00 percent
2023-06-20 18:24:57,(2(0)-1687299897:497489),systemResources.CPU,18948,0.00 percent
2023-06-20 18:24:57,(2(0)-1687299897:497535),systemResources.FRAMEWORK_VERSION,18965,v3.2.0
2023-06-20 18:24:57,(2(0)-1687299897:497536),systemResources.PROJECT_VERSION,18966,v3.2.0
2023-06-20 18:24:58,(2(0)-1687299898:497476),systemResources.CPU_00,18949,0.00 percent
2023-06-20 18:24:58,(2(0)-1687299898:497487),systemResources.CPU_01,18950,0.00 percent
2023-06-20 18:24:58,(2(0)-1687299898:497496),systemResources.CPU_02,18951,0.00 percent
2023-06-20 18:24:58,(2(0)-1687299898:497507),systemResources.CPU_03,18952,0.00 percent
2023-06-20 18:24:58,(2(0)-1687299898:497518),systemResources.CPU_04,18953,0.00 percent
2023-06-20 18:24:58,(2(0)-1687299898:497529),systemResources.CPU_05,18954,0.00 percent
2023-06-20 18:24:58,(2(0)-1687299898:497538),systemResources.CPU_06,18955,0.00 percent
2023-06-20 18:24:58,(2(0)-1687299898:497546),systemResources.CPU_07,18956,0.00 percent
2023-06-20 18:24:58,(2(0)-1687299898:497554),systemResources.CPU_08,18957,0.00 percent
2023-06-20 18:24:58,(2(0)-1687299898:497562),systemResources.CPU_09,18958,0.00 percent
2023-06-20 18:24:58,(2(0)-1687299898:497570),systemResources.CPU_10,18959,0.00 percent
2023-06-20 18:24:58,(2(0)-1687299898:497578),systemResources.CPU_11,18960,0.00 percent
2023-06-20 18:24:58,(2(0)-1687299898:497586),systemResources.CPU_12,18961,0.00 percent
2023-06-20 18:24:58,(2(0)-1687299898:497594),systemResources.CPU_13,18962,0.00 percent
2023-06-20 18:24:58,(2(0)-1687299898:497602),systemResources.CPU_14,18963,0.00 percent
2023-06-20 18:24:58,(2(0)-1687299898:497610),systemResources.CPU_15,18964,0.00 percent
2023-06-20 18:24:58,(2(0)-1687299898:497610),systemResources.CPU,18948,0.00 percent
2023-06-20 18:24:58,(2(0)-1687299898:497619),systemResources.FRAMEWORK_VERSION,18965,v3.2.0
2023-06-20 18:24:58,(2(0)-1687299898:497620),systemResources.PROJECT_VERSION,18966,v3.2.0
2023-06-20 18:24:59,(2(0)-1687299899:497602),blockDrv.BD_Cycles,256,43
2023-06-20 18:25:00,(2(0)-1687299900:497782),blockDrv.BD_Cycles,256,44
2023-06-20 18:24:59,(2(0)-1687299899:497863),systemResources.CPU_00,18949,0.00 percent
2023-06-20 18:24:59,(2(0)-1687299899:497882),systemResources.CPU_01,18950,0.00 percent
2023-06-20 18:24:59,(2(0)-1687299899:497898),systemResources.CPU_02,18951,0.00 percent
2023-06-20 18:24:59,(2(0)-1687299899:497914),systemResources.CPU_03,18952,0.00 percent
2023-06-20 18:24:59,(2(0)-1687299899:497930),systemResources.CPU_04,18953,0.00 percent
2023-06-20 18:24:59,(2(0)-1687299899:497947),systemResources.CPU_05,18954,0.00 percent
2023-06-20 18:24:59,(2(0)-1687299899:497963),systemResources.CPU_06,18955,0.00 percent
2023-06-20 18:24:59,(2(0)-1687299899:497979),systemResources.CPU_07,18956,0.00 percent
2023-06-20 18:24:59,(2(0)-1687299899:497995),systemResources.CPU_08,18957,0.00 percent
2023-06-20 18:24:59,(2(0)-1687299899:498011),systemResources.CPU_09,18958,0.00 percent
2023-06-20 18:24:59,(2(0)-1687299899:498030),systemResources.CPU_10,18959,0.00 percent
2023-06-20 18:24:59,(2(0)-1687299899:498049),systemResources.CPU_11,18960,0.00 percent
2023-06-20 18:24:59,(2(0)-1687299899:498064),systemResources.CPU_12,18961,0.00 percent
2023-06-20 18:24:59,(2(0)-1687299899:498078),systemResources.CPU_13,18962,0.00 percent
2023-06-20 18:24:59,(2(0)-1687299899:498093),systemResources.CPU_14,18963,0.00 percent
2023-06-20 18:24:59,(2(0)-1687299899:498112),systemResources.CPU_15,18964,0.00 percent
2023-06-20 18:24:59,(2(0)-1687299899:498113),systemResources.CPU,18948,0.00 percent
2023-06-20 18:24:59,(2(0)-1687299899:498154),systemResources.FRAMEWORK_VERSION,18965,v3.2.0
2023-06-20 18:24:59,(2(0)-1687299899:498156),systemResources.PROJECT_VERSION,18966,v3.2.0
2023-06-20 18:25:01,(2(0)-1687299901:498097),systemResources.CPU_00,18949,0.00 percent
2023-06-20 18:25:00,(2(0)-1687299900:497959),systemResources.CPU_01,18950,0.00 percent
2023-06-20 18:25:00,(2(0)-1687299900:497969),systemResources.CPU_02,18951,0.00 percent
2023-06-20 18:25:00,(2(0)-1687299900:497980),systemResources.CPU_03,18952,0.00 percent
2023-06-20 18:25:00,(2(0)-1687299900:497990),systemResources.CPU_04,18953,0.00 percent
2023-06-20 18:25:00,(2(0)-1687299900:498001),systemResources.CPU_05,18954,0.00 percent
2023-06-20 18:25:00,(2(0)-1687299900:498012),systemResources.CPU_06,18955,0.00 percent
2023-06-20 18:25:00,(2(0)-1687299900:498023),systemResources.CPU_07,18956,0.00 percent
2023-06-20 18:25:00,(2(0)-1687299900:498033),systemResources.CPU_08,18957,0.00 percent
2023-06-20 18:25:00,(2(0)-1687299900:498041),systemResources.CPU_09,18958,0.00 percent
2023-06-20 18:25:00,(2(0)-1687299900:498049),systemResources.CPU_10,18959,0.00 percent
2023-06-20 18:25:00,(2(0)-1687299900:498056),systemResources.CPU_11,18960,0.00 percent
2023-06-20 18:25:00,(2(0)-1687299900:498064),systemResources.CPU_12,18961,0.00 percent
2023-06-20 18:25:00,(2(0)-1687299900:498072),systemResources.CPU_13,18962,0.00 percent
2023-06-20 18:25:00,(2(0)-1687299900:498079),systemResources.CPU_14,18963,0.00 percent
2023-06-20 18:25:00,(2(0)-1687299900:498087),systemResources.CPU_15,18964,0.00 percent
2023-06-20 18:25:00,(2(0)-1687299900:498088),systemResources.CPU,18948,0.00 percent
2023-06-20 18:25:00,(2(0)-1687299900:498097),systemResources.FRAMEWORK_VERSION,18965,v3.2.0
2023-06-20 18:25:00,(2(0)-1687299900:498097),systemResources.PROJECT_VERSION,18966,v3.2.0
2023-06-20 18:25:01,(2(0)-1687299901:497929),blockDrv.BD_Cycles,256,45
2023-06-20 18:25:02,(2(0)-1687299902:498237),blockDrv.BD_Cycles,256,46
2023-06-20 18:25:02,(2(0)-1687299902:498400),systemResources.CPU_00,18949,0.00 percent
2023-06-20 18:25:01,(2(0)-1687299901:498111),systemResources.CPU_01,18950,0.00 percent
2023-06-20 18:25:01,(2(0)-1687299901:498122),systemResources.CPU_02,18951,0.00 percent
2023-06-20 18:25:01,(2(0)-1687299901:498131),systemResources.CPU_03,18952,0.00 percent
2023-06-20 18:25:01,(2(0)-1687299901:498139),systemResources.CPU_04,18953,0.00 percent
2023-06-20 18:25:01,(2(0)-1687299901:498148),systemResources.CPU_05,18954,0.00 percent
2023-06-20 18:25:01,(2(0)-1687299901:498157),systemResources.CPU_06,18955,0.00 percent
2023-06-20 18:25:01,(2(0)-1687299901:498167),systemResources.CPU_07,18956,0.00 percent
2023-06-20 18:25:01,(2(0)-1687299901:498177),systemResources.CPU_08,18957,0.00 percent
2023-06-20 18:25:01,(2(0)-1687299901:498187),systemResources.CPU_09,18958,0.00 percent
2023-06-20 18:25:01,(2(0)-1687299901:498232),systemResources.CPU_10,18959,0.00 percent
2023-06-20 18:25:01,(2(0)-1687299901:498243),systemResources.CPU_11,18960,0.00 percent
2023-06-20 18:25:01,(2(0)-1687299901:498255),systemResources.CPU_12,18961,0.00 percent
2023-06-20 18:25:01,(2(0)-1687299901:498264),systemResources.CPU_13,18962,0.00 percent
2023-06-20 18:25:01,(2(0)-1687299901:498273),systemResources.CPU_14,18963,0.00 percent
2023-06-20 18:25:01,(2(0)-1687299901:498281),systemResources.CPU_15,18964,0.00 percent
2023-06-20 18:25:01,(2(0)-1687299901:498281),systemResources.CPU,18948,0.00 percent
2023-06-20 18:25:01,(2(0)-1687299901:498291),systemResources.FRAMEWORK_VERSION,18965,v3.2.0
2023-06-20 18:25:01,(2(0)-1687299901:498292),systemResources.PROJECT_VERSION,18966,v3.2.0
2023-06-20 18:25:02,(2(0)-1687299902:498417),systemResources.CPU_01,18950,0.00 percent
2023-06-20 18:25:02,(2(0)-1687299902:498432),systemResources.CPU_02,18951,0.00 percent
2023-06-20 18:25:02,(2(0)-1687299902:498445),systemResources.CPU_03,18952,0.00 percent
2023-06-20 18:25:02,(2(0)-1687299902:498459),systemResources.CPU_04,18953,0.00 percent
2023-06-20 18:25:02,(2(0)-1687299902:498471),systemResources.CPU_05,18954,0.00 percent
2023-06-20 18:25:02,(2(0)-1687299902:498484),systemResources.CPU_06,18955,0.00 percent
2023-06-20 18:25:02,(2(0)-1687299902:498497),systemResources.CPU_07,18956,0.00 percent
2023-06-20 18:25:02,(2(0)-1687299902:498512),systemResources.CPU_08,18957,0.00 percent
2023-06-20 18:25:02,(2(0)-1687299902:498528),systemResources.CPU_09,18958,0.00 percent
2023-06-20 18:25:02,(2(0)-1687299902:498545),systemResources.CPU_10,18959,0.00 percent
2023-06-20 18:25:02,(2(0)-1687299902:498563),systemResources.CPU_11,18960,0.00 percent
2023-06-20 18:25:02,(2(0)-1687299902:498581),systemResources.CPU_12,18961,0.00 percent
2023-06-20 18:25:02,(2(0)-1687299902:498599),systemResources.CPU_13,18962,0.00 percent
2023-06-20 18:25:02,(2(0)-1687299902:498618),systemResources.CPU_14,18963,0.00 percent
2023-06-20 18:25:02,(2(0)-1687299902:498632),systemResources.CPU_15,18964,0.00 percent
2023-06-20 18:25:02,(2(0)-1687299902:498633),systemResources.CPU,18948,0.00 percent
2023-06-20 18:25:02,(2(0)-1687299902:498644),systemResources.FRAMEWORK_VERSION,18965,v3.2.0
2023-06-20 18:25:02,(2(0)-1687299902:498645),systemResources.PROJECT_VERSION,18966,v3.2.0
2023-06-20 18:25:03,(2(0)-1687299903:498597),blockDrv.BD_Cycles,256,47
2023-06-20 18:25:04,(2(0)-1687299904:499014),blockDrv.BD_Cycles,256,48
2023-06-20 18:25:03,(2(0)-1687299903:498899),systemResources.CPU_00,18949,0.00 percent
2023-06-20 18:25:03,(2(0)-1687299903:498926),systemResources.CPU_01,18950,0.00 percent
2023-06-20 18:25:03,(2(0)-1687299903:498949),systemResources.CPU_02,18951,0.00 percent
2023-06-20 18:25:03,(2(0)-1687299903:498971),systemResources.CPU_03,18952,0.00 percent
2023-06-20 18:25:03,(2(0)-1687299903:498988),systemResources.CPU_04,18953,0.00 percent
2023-06-20 18:25:03,(2(0)-1687299903:499005),systemResources.CPU_05,18954,0.00 percent
2023-06-20 18:25:03,(2(0)-1687299903:499022),systemResources.CPU_06,18955,0.00 percent
2023-06-20 18:25:03,(2(0)-1687299903:499039),systemResources.CPU_07,18956,0.00 percent
2023-06-20 18:25:03,(2(0)-1687299903:499055),systemResources.CPU_08,18957,0.00 percent
2023-06-20 18:25:03,(2(0)-1687299903:499072),systemResources.CPU_09,18958,0.00 percent
2023-06-20 18:25:03,(2(0)-1687299903:499089),systemResources.CPU_10,18959,0.00 percent
2023-06-20 18:25:03,(2(0)-1687299903:499107),systemResources.CPU_11,18960,0.00 percent
2023-06-20 18:25:03,(2(0)-1687299903:499129),systemResources.CPU_12,18961,0.00 percent
2023-06-20 18:25:03,(2(0)-1687299903:499152),systemResources.CPU_13,18962,0.00 percent
2023-06-20 18:25:03,(2(0)-1687299903:499173),systemResources.CPU_14,18963,0.00 percent
2023-06-20 18:25:03,(2(0)-1687299903:499197),systemResources.CPU_15,18964,0.00 percent
2023-06-20 18:25:03,(2(0)-1687299903:499198),systemResources.CPU,18948,0.00 percent
2023-06-20 18:25:03,(2(0)-1687299903:499211),systemResources.FRAMEWORK_VERSION,18965,v3.2.0
2023-06-20 18:25:03,(2(0)-1687299903:499213),systemResources.PROJECT_VERSION,18966,v3.2.0
2023-06-20 18:25:04,(2(0)-1687299904:499282),systemResources.CPU_00,18949,0.00 percent
2023-06-20 18:25:04,(2(0)-1687299904:499314),systemResources.CPU_01,18950,0.00 percent
2023-06-20 18:25:04,(2(0)-1687299904:499339),systemResources.CPU_02,18951,0.00 percent
2023-06-20 18:25:04,(2(0)-1687299904:499365),systemResources.CPU_03,18952,0.00 percent
2023-06-20 18:25:04,(2(0)-1687299904:499390),systemResources.CPU_04,18953,0.00 percent
2023-06-20 18:25:04,(2(0)-1687299904:499416),systemResources.CPU_05,18954,0.00 percent
2023-06-20 18:25:04,(2(0)-1687299904:499441),systemResources.CPU_06,18955,0.00 percent
2023-06-20 18:25:04,(2(0)-1687299904:499464),systemResources.CPU_07,18956,0.00 percent
2023-06-20 18:25:04,(2(0)-1687299904:499491),systemResources.CPU_08,18957,0.00 percent
2023-06-20 18:25:04,(2(0)-1687299904:499479),rateGroup3.RgMaxTime,1024,587 us
2023-06-20 18:25:04,(2(0)-1687299904:499517),systemResources.CPU_09,18958,0.00 percent
2023-06-20 18:25:04,(2(0)-1687299904:499541),systemResources.CPU_10,18959,0.00 percent
2023-06-20 18:25:04,(2(0)-1687299904:499560),systemResources.CPU_11,18960,0.00 percent
2023-06-20 18:25:04,(2(0)-1687299904:499580),systemResources.CPU_12,18961,0.00 percent
2023-06-20 18:25:04,(2(0)-1687299904:499606),systemResources.CPU_13,18962,0.00 percent
2023-06-20 18:25:04,(2(0)-1687299904:499631),systemResources.CPU_14,18963,0.00 percent
2023-06-20 18:25:04,(2(0)-1687299904:499656),systemResources.CPU_15,18964,0.00 percent
2023-06-20 18:25:04,(2(0)-1687299904:499658),systemResources.CPU,18948,0.00 percent
2023-06-20 18:25:04,(2(0)-1687299904:499672),systemResources.FRAMEWORK_VERSION,18965,v3.2.0
2023-06-20 18:25:04,(2(0)-1687299904:499674),systemResources.PROJECT_VERSION,18966,v3.2.0
2023-06-20 18:25:05,(2(0)-1687299905:499322),blockDrv.BD_Cycles,256,49
2023-06-20 18:25:06,(2(0)-1687299906:499903),blockDrv.BD_Cycles,256,50
2023-06-20 18:25:05,(2(0)-1687299905:499629),systemResources.CPU_00,18949,0.00 percent
2023-06-20 18:25:05,(2(0)-1687299905:499662),systemResources.CPU_01,18950,0.00 percent
2023-06-20 18:25:05,(2(0)-1687299905:499680),systemResources.CPU_02,18951,0.00 percent
2023-06-20 18:25:05,(2(0)-1687299905:499698),systemResources.CPU_03,18952,0.00 percent
2023-06-20 18:25:05,(2(0)-1687299905:499717),systemResources.CPU_04,18953,0.00 percent
2023-06-20 18:25:05,(2(0)-1687299905:499735),systemResources.CPU_05,18954,0.00 percent
2023-06-20 18:25:05,(2(0)-1687299905:499753),systemResources.CPU_06,18955,0.00 percent
2023-06-20 18:25:05,(2(0)-1687299905:499770),systemResources.CPU_07,18956,0.00 percent
2023-06-20 18:25:05,(2(0)-1687299905:499788),systemResources.CPU_08,18957,0.00 percent
2023-06-20 18:25:05,(2(0)-1687299905:499805),systemResources.CPU_09,18958,0.00 percent
2023-06-20 18:25:05,(2(0)-1687299905:499822),systemResources.CPU_10,18959,0.00 percent
2023-06-20 18:25:05,(2(0)-1687299905:499840),systemResources.CPU_11,18960,0.00 percent
2023-06-20 18:25:05,(2(0)-1687299905:499857),systemResources.CPU_12,18961,0.00 percent
2023-06-20 18:25:05,(2(0)-1687299905:499879),systemResources.CPU_13,18962,0.00 percent
2023-06-20 18:25:05,(2(0)-1687299905:499905),systemResources.CPU_14,18963,0.99 percent
2023-06-20 18:25:05,(2(0)-1687299905:499928),systemResources.CPU_15,18964,0.00 percent
2023-06-20 18:25:05,(2(0)-1687299905:499929),systemResources.CPU,18948,0.06 percent
2023-06-20 18:25:05,(2(0)-1687299905:499942),systemResources.FRAMEWORK_VERSION,18965,v3.2.0
2023-06-20 18:25:05,(2(0)-1687299905:499944),systemResources.PROJECT_VERSION,18966,v3.2.0
2023-06-20 18:25:06,(2(0)-1687299906:500422),systemResources.CPU_00,18949,0.00 percent
2023-06-20 18:25:06,(2(0)-1687299906:500449),systemResources.CPU_01,18950,0.00 percent
2023-06-20 18:25:06,(2(0)-1687299906:500466),systemResources.CPU_02,18951,0.00 percent
2023-06-20 18:25:06,(2(0)-1687299906:500481),systemResources.CPU_03,18952,0.00 percent
2023-06-20 18:25:06,(2(0)-1687299906:500496),systemResources.CPU_04,18953,0.00 percent
2023-06-20 18:25:06,(2(0)-1687299906:500512),systemResources.CPU_05,18954,0.00 percent
2023-06-20 18:25:06,(2(0)-1687299906:500530),systemResources.CPU_06,18955,0.00 percent
2023-06-20 18:25:06,(2(0)-1687299906:500549),systemResources.CPU_07,18956,0.00 percent
2023-06-20 18:25:06,(2(0)-1687299906:500570),systemResources.CPU_08,18957,0.00 percent
2023-06-20 18:25:06,(2(0)-1687299906:500617),systemResources.CPU_09,18958,0.00 percent
2023-06-20 18:25:06,(2(0)-1687299906:500635),systemResources.CPU_10,18959,0.99 percent
2023-06-20 18:25:06,(2(0)-1687299906:500653),systemResources.CPU_11,18960,0.00 percent
2023-06-20 18:25:06,(2(0)-1687299906:500670),systemResources.CPU_12,18961,0.00 percent
2023-06-20 18:25:06,(2(0)-1687299906:500689),systemResources.CPU_13,18962,0.00 percent
2023-06-20 18:25:06,(2(0)-1687299906:500708),systemResources.CPU_14,18963,0.00 percent
2023-06-20 18:25:06,(2(0)-1687299906:500727),systemResources.CPU_15,18964,0.00 percent
2023-06-20 18:25:06,(2(0)-1687299906:500729),systemResources.CPU,18948,0.06 percent
2023-06-20 18:25:06,(2(0)-1687299906:500781),systemResources.FRAMEWORK_VERSION,18965,v3.2.0
2023-06-20 18:25:06,(2(0)-1687299906:500786),systemResources.PROJECT_VERSION,18966,v3.2.0
2023-06-20 18:25:06,(2(0)-1687299906:500790),rateGroup1.RgMaxTime,512,1102 us
2023-06-20 18:25:07,(2(0)-1687299907:500195),blockDrv.BD_Cycles,256,51
2023-06-20 18:25:06,(2(0)-1687299906:500112),rateGroup2.RgMaxTime,768,423 us
2023-06-20 18:25:08,(2(0)-1687299908:500509),blockDrv.BD_Cycles,256,52
2023-06-20 18:25:07,(2(0)-1687299907:500378),systemResources.CPU_00,18949,0.00 percent
2023-06-20 18:25:07,(2(0)-1687299907:500399),systemResources.CPU_01,18950,0.00 percent
2023-06-20 18:25:07,(2(0)-1687299907:500416),systemResources.CPU_02,18951,0.00 percent
2023-06-20 18:25:07,(2(0)-1687299907:500433),systemResources.CPU_03,18952,0.00 percent
2023-06-20 18:25:07,(2(0)-1687299907:500450),systemResources.CPU_04,18953,0.00 percent
2023-06-20 18:25:07,(2(0)-1687299907:500468),systemResources.CPU_05,18954,0.00 percent
2023-06-20 18:25:07,(2(0)-1687299907:500485),systemResources.CPU_06,18955,0.00 percent
2023-06-20 18:25:07,(2(0)-1687299907:500503),systemResources.CPU_07,18956,0.00 percent
2023-06-20 18:25:07,(2(0)-1687299907:500520),systemResources.CPU_08,18957,0.00 percent
2023-06-20 18:25:07,(2(0)-1687299907:500538),systemResources.CPU_09,18958,0.00 percent
2023-06-20 18:25:07,(2(0)-1687299907:500555),systemResources.CPU_10,18959,1.00 percent
2023-06-20 18:25:07,(2(0)-1687299907:500572),systemResources.CPU_11,18960,0.00 percent
2023-06-20 18:25:07,(2(0)-1687299907:500589),systemResources.CPU_12,18961,0.00 percent
2023-06-20 18:25:07,(2(0)-1687299907:500608),systemResources.CPU_13,18962,0.00 percent
2023-06-20 18:25:07,(2(0)-1687299907:500625),systemResources.CPU_14,18963,0.00 percent
2023-06-20 18:25:07,(2(0)-1687299907:500643),systemResources.CPU_15,18964,0.00 percent
2023-06-20 18:25:07,(2(0)-1687299907:500644),systemResources.CPU,18948,0.06 percent
2023-06-20 18:25:07,(2(0)-1687299907:500655),systemResources.FRAMEWORK_VERSION,18965,v3.2.0
2023-06-20 18:25:07,(2(0)-1687299907:500656),systemResources.PROJECT_VERSION,18966,v3.2.0
2023-06-20 18:25:08,(2(0)-1687299908:500738),systemResources.CPU_00,18949,0.00 percent
2023-06-20 18:25:08,(2(0)-1687299908:500763),systemResources.CPU_01,18950,0.00 percent
2023-06-20 18:25:08,(2(0)-1687299908:500787),systemResources.CPU_02,18951,0.00 percent
2023-06-20 18:25:08,(2(0)-1687299908:500805),systemResources.CPU_03,18952,0.00 percent
2023-06-20 18:25:08,(2(0)-1687299908:500823),systemResources.CPU_04,18953,0.00 percent
2023-06-20 18:25:08,(2(0)-1687299908:500840),systemResources.CPU_05,18954,0.00 percent
2023-06-20 18:25:08,(2(0)-1687299908:500858),systemResources.CPU_06,18955,0.00 percent
2023-06-20 18:25:08,(2(0)-1687299908:500875),systemResources.CPU_07,18956,0.00 percent
2023-06-20 18:25:08,(2(0)-1687299908:500890),systemResources.CPU_08,18957,0.00 percent
2023-06-20 18:25:08,(2(0)-1687299908:500904),systemResources.CPU_09,18958,0.00 percent
2023-06-20 18:25:08,(2(0)-1687299908:500920),systemResources.CPU_10,18959,0.99 percent
2023-06-20 18:25:08,(2(0)-1687299908:500935),systemResources.CPU_11,18960,0.00 percent
2023-06-20 18:25:08,(2(0)-1687299908:500950),systemResources.CPU_12,18961,0.00 percent
2023-06-20 18:25:08,(2(0)-1687299908:500965),systemResources.CPU_13,18962,0.00 percent
2023-06-20 18:25:08,(2(0)-1687299908:500981),systemResources.CPU_14,18963,0.00 percent
2023-06-20 18:25:08,(2(0)-1687299908:500996),systemResources.CPU_15,18964,0.00 percent
2023-06-20 18:25:08,(2(0)-1687299908:500997),systemResources.CPU,18948,0.06 percent
2023-06-20 18:25:08,(2(0)-1687299908:501009),systemResources.FRAMEWORK_VERSION,18965,v3.2.0
2023-06-20 18:25:08,(2(0)-1687299908:501011),systemResources.PROJECT_VERSION,18966,v3.2.0
2023-06-20 18:25:09,(2(0)-1687299909:500701),blockDrv.BD_Cycles,256,53
