2023-06-06 18:13:55,(2(0)-1686089635:710509),blockDrv.BD_Cycles,256,2
2023-06-06 18:13:54,(2(0)-1686089634:698493),systemResources.CPU_00,18949,0.00 percent
2023-06-06 18:13:54,(2(0)-1686089634:698504),systemResources.CPU_01,18950,0.00 percent
2023-06-06 18:13:54,(2(0)-1686089634:698513),systemResources.CPU_02,18951,0.00 percent
2023-06-06 18:13:54,(2(0)-1686089634:698521),systemResources.CPU_03,18952,0.00 percent
2023-06-06 18:13:54,(2(0)-1686089634:698529),systemResources.CPU_04,18953,0.00 percent
2023-06-06 18:13:54,(2(0)-1686089634:698537),systemResources.CPU_05,18954,0.00 percent
2023-06-06 18:13:54,(2(0)-1686089634:698545),systemResources.CPU_06,18955,0.00 percent
2023-06-06 18:13:54,(2(0)-1686089634:698552),systemResources.CPU_07,18956,0.00 percent
2023-06-06 18:13:54,(2(0)-1686089634:698560),systemResources.CPU_08,18957,0.00 percent
2023-06-06 18:13:54,(2(0)-1686089634:698568),systemResources.CPU_09,18958,0.00 percent
2023-06-06 18:13:54,(2(0)-1686089634:698575),systemResources.CPU_10,18959,0.00 percent
2023-06-06 18:13:54,(2(0)-1686089634:698583),systemResources.CPU_11,18960,0.00 percent
2023-06-06 18:13:54,(2(0)-1686089634:698590),systemResources.CPU_12,18961,0.00 percent
2023-06-06 18:13:54,(2(0)-1686089634:698598),systemResources.CPU_13,18962,0.00 percent
2023-06-06 18:13:54,(2(0)-1686089634:698605),systemResources.CPU_14,18963,0.00 percent
2023-06-06 18:13:54,(2(0)-1686089634:698612),systemResources.CPU_15,18964,0.00 percent
2023-06-06 18:13:54,(2(0)-1686089634:698613),systemResources.CPU,18948,0.00 percent
2023-06-06 18:13:54,(2(0)-1686089634:698626),systemResources.FRAMEWORK_VERSION,18965,v3.2.0
2023-06-06 18:13:54,(2(0)-1686089634:698627),systemResources.PROJECT_VERSION,18966,v3.2.0
2023-06-06 18:13:55,(2(0)-1686089635:710896),systemResources.CPU_00,18949,0.00 percent
2023-06-06 18:13:55,(2(0)-1686089635:710924),systemResources.CPU_01,18950,0.00 percent
2023-06-06 18:13:55,(2(0)-1686089635:710946),systemResources.CPU_02,18951,0.00 percent
2023-06-06 18:13:55,(2(0)-1686089635:710968),systemResources.CPU_03,18952,0.00 percent
2023-06-06 18:13:55,(2(0)-1686089635:710990),systemResources.CPU_04,18953,0.00 percent
2023-06-06 18:13:55,(2(0)-1686089635:711011),systemResources.CPU_05,18954,0.00 percent
2023-06-06 18:13:55,(2(0)-1686089635:711031),systemResources.CPU_06,18955,0.00 percent
2023-06-06 18:13:55,(2(0)-1686089635:711051),systemResources.CPU_07,18956,0.00 percent
2023-06-06 18:13:55,(2(0)-1686089635:711072),systemResources.CPU_08,18957,0.00 percent
2023-06-06 18:13:55,(2(0)-1686089635:711093),systemResources.CPU_09,18958,0.00 percent
2023-06-06 18:13:55,(2(0)-1686089635:711113),systemResources.CPU_10,18959,0.98 percent
2023-06-06 18:13:55,(2(0)-1686089635:711133),systemResources.CPU_11,18960,0.00 percent
2023-06-06 18:13:55,(2(0)-1686089635:711153),systemResources.CPU_12,18961,0.00 percent
2023-06-06 18:13:55,(2(0)-1686089635:711174),systemResources.CPU_13,18962,15.84 percent
2023-06-06 18:13:55,(2(0)-1686089635:711194),systemResources.CPU_14,18963,0.00 percent
2023-06-06 18:13:55,(2(0)-1686089635:711214),systemResources.CPU_15,18964,0.00 percent
2023-06-06 18:13:55,(2(0)-1686089635:711215),systemResources.CPU,18948,1.05 percent
2023-06-06 18:13:55,(2(0)-1686089635:711233),systemResources.FRAMEWORK_VERSION,18965,v3.2.0
2023-06-06 18:13:55,(2(0)-1686089635:711235),systemResources.PROJECT_VERSION,18966,v3.2.0
2023-06-06 18:13:55,(2(0)-1686089635:711237),rateGroup1.RgMaxTime,512,847 us
2023-06-06 18:13:56,(2(0)-1686089636:718420),blockDrv.BD_Cycles,256,3
2023-06-06 18:13:57,(2(0)-1686089637:719186),blockDrv.BD_Cycles,256,4
2023-06-06 18:13:56,(2(0)-1686089636:718852),systemResources.CPU_00,18949,0.00 percent
2023-06-06 18:13:56,(2(0)-1686089636:718885),systemResources.CPU_01,18950,0.00 percent
2023-06-06 18:13:56,(2(0)-1686089636:718910),systemResources.CPU_02,18951,0.00 percent
2023-06-06 18:13:56,(2(0)-1686089636:718933),systemResources.CPU_03,18952,0.98 percent
2023-06-06 18:13:56,(2(0)-1686089636:718957),systemResources.CPU_04,18953,0.00 percent
2023-06-06 18:13:56,(2(0)-1686089636:718981),systemResources.CPU_05,18954,0.00 percent
2023-06-06 18:13:56,(2(0)-1686089636:719005),systemResources.CPU_06,18955,0.00 percent
2023-06-06 18:13:56,(2(0)-1686089636:719028),systemResources.CPU_07,18956,0.00 percent
2023-06-06 18:13:56,(2(0)-1686089636:719052),systemResources.CPU_08,18957,0.00 percent
2023-06-06 18:13:56,(2(0)-1686089636:719076),systemResources.CPU_09,18958,0.00 percent
2023-06-06 18:13:56,(2(0)-1686089636:719099),systemResources.CPU_10,18959,0.00 percent
2023-06-06 18:13:56,(2(0)-1686089636:719127),systemResources.CPU_11,18960,0.00 percent
2023-06-06 18:13:56,(2(0)-1686089636:719160),systemResources.CPU_12,18961,0.00 percent
2023-06-06 18:13:56,(2(0)-1686089636:719190),systemResources.CPU_13,18962,0.00 percent
2023-06-06 18:13:56,(2(0)-1686089636:719224),systemResources.CPU_14,18963,0.00 percent
2023-06-06 18:13:56,(2(0)-1686089636:719257),systemResources.CPU_15,18964,0.00 percent
2023-06-06 18:13:56,(2(0)-1686089636:719258),systemResources.CPU,18948,0.06 percent
2023-06-06 18:13:56,(2(0)-1686089636:719279),systemResources.FRAMEWORK_VERSION,18965,v3.2.0
2023-06-06 18:13:56,(2(0)-1686089636:719282),systemResources.PROJECT_VERSION,18966,v3.2.0
2023-06-06 18:13:56,(2(0)-1686089636:719286),rateGroup1.RgMaxTime,512,933 us
2023-06-06 18:13:57,(2(0)-1686089637:719467),systemResources.CPU_00,18949,0.99 percent
2023-06-06 18:13:57,(2(0)-1686089637:719495),systemResources.CPU_01,18950,0.99 percent
2023-06-06 18:13:57,(2(0)-1686089637:719517),systemResources.CPU_02,18951,0.00 percent
2023-06-06 18:13:57,(2(0)-1686089637:719687),rateGroup3.RgMaxTime,1024,606 us
2023-06-06 18:13:57,(2(0)-1686089637:719538),systemResources.CPU_03,18952,1.00 percent
2023-06-06 18:13:57,(2(0)-1686089637:719560),systemResources.CPU_04,18953,2.97 percent
2023-06-06 18:13:57,(2(0)-1686089637:719581),systemResources.CPU_05,18954,1.00 percent
2023-06-06 18:13:57,(2(0)-1686089637:719596),systemResources.CPU_06,18955,0.00 percent
2023-06-06 18:13:57,(2(0)-1686089637:719613),systemResources.CPU_07,18956,1.00 percent
2023-06-06 18:13:57,(2(0)-1686089637:719634),systemResources.CPU_08,18957,6.00 percent
2023-06-06 18:13:57,(2(0)-1686089637:719655),systemResources.CPU_09,18958,0.00 percent
2023-06-06 18:13:57,(2(0)-1686089637:719675),systemResources.CPU_10,18959,0.00 percent
2023-06-06 18:13:57,(2(0)-1686089637:719696),systemResources.CPU_11,18960,0.00 percent
2023-06-06 18:13:57,(2(0)-1686089637:719716),systemResources.CPU_12,18961,0.00 percent
2023-06-06 18:13:57,(2(0)-1686089637:719762),systemResources.CPU_13,18962,0.00 percent
2023-06-06 18:13:57,(2(0)-1686089637:719795),systemResources.CPU_14,18963,0.00 percent
2023-06-06 18:13:57,(2(0)-1686089637:719815),systemResources.CPU_15,18964,0.00 percent
2023-06-06 18:13:57,(2(0)-1686089637:719816),systemResources.CPU,18948,0.87 percent
2023-06-06 18:13:57,(2(0)-1686089637:719831),systemResources.FRAMEWORK_VERSION,18965,v3.2.0
2023-06-06 18:13:57,(2(0)-1686089637:719833),systemResources.PROJECT_VERSION,18966,v3.2.0
2023-06-06 18:13:58,(2(0)-1686089638:747489),blockDrv.BD_Cycles,256,5
2023-06-06 18:13:59,(2(0)-1686089639:771698),blockDrv.BD_Cycles,256,6
2023-06-06 18:13:58,(2(0)-1686089638:747731),systemResources.CPU_00,18949,0.00 percent
2023-06-06 18:13:58,(2(0)-1686089638:747751),systemResources.CPU_01,18950,0.00 percent
2023-06-06 18:13:58,(2(0)-1686089638:747766),systemResources.CPU_02,18951,0.00 percent
2023-06-06 18:13:58,(2(0)-1686089638:747781),systemResources.CPU_03,18952,0.00 percent
2023-06-06 18:13:58,(2(0)-1686089638:747796),systemResources.CPU_04,18953,0.00 percent
2023-06-06 18:13:58,(2(0)-1686089638:747811),systemResources.CPU_05,18954,0.00 percent
2023-06-06 18:13:58,(2(0)-1686089638:747826),systemResources.CPU_06,18955,0.00 percent
2023-06-06 18:13:58,(2(0)-1686089638:747840),systemResources.CPU_07,18956,0.00 percent
2023-06-06 18:13:58,(2(0)-1686089638:747855),systemResources.CPU_08,18957,8.65 percent
2023-06-06 18:13:58,(2(0)-1686089638:747869),systemResources.CPU_09,18958,0.96 percent
2023-06-06 18:13:58,(2(0)-1686089638:747884),systemResources.CPU_10,18959,0.00 percent
2023-06-06 18:13:58,(2(0)-1686089638:747898),systemResources.CPU_11,18960,0.00 percent
2023-06-06 18:13:58,(2(0)-1686089638:747912),systemResources.CPU_12,18961,0.00 percent
2023-06-06 18:13:58,(2(0)-1686089638:747926),systemResources.CPU_13,18962,0.00 percent
2023-06-06 18:13:58,(2(0)-1686089638:747941),systemResources.CPU_14,18963,0.00 percent
2023-06-06 18:13:58,(2(0)-1686089638:747955),systemResources.CPU_15,18964,0.00 percent
2023-06-06 18:13:58,(2(0)-1686089638:747956),systemResources.CPU,18948,0.60 percent
2023-06-06 18:13:58,(2(0)-1686089638:747968),systemResources.FRAMEWORK_VERSION,18965,v3.2.0
2023-06-06 18:13:58,(2(0)-1686089638:747970),systemResources.PROJECT_VERSION,18966,v3.2.0
2023-06-06 18:14:00,(2(0)-1686089640:772934),systemResources.CPU_00,18949,9.80 percent
2023-06-06 18:14:00,(2(0)-1686089640:772951),systemResources.CPU_01,18950,3.92 percent
2023-06-06 18:14:00,(2(0)-1686089640:772964),systemResources.CPU_02,18951,4.08 percent
2023-06-06 18:13:59,(2(0)-1686089639:771940),systemResources.CPU_03,18952,0.00 percent
2023-06-06 18:13:59,(2(0)-1686089639:771955),systemResources.CPU_04,18953,0.00 percent
2023-06-06 18:13:59,(2(0)-1686089639:771970),systemResources.CPU_05,18954,0.00 percent
2023-06-06 18:13:59,(2(0)-1686089639:771986),systemResources.CPU_06,18955,0.00 percent
2023-06-06 18:13:59,(2(0)-1686089639:772001),systemResources.CPU_07,18956,0.00 percent
2023-06-06 18:13:59,(2(0)-1686089639:772016),systemResources.CPU_08,18957,7.84 percent
2023-06-06 18:13:59,(2(0)-1686089639:772031),systemResources.CPU_09,18958,0.00 percent
2023-06-06 18:13:59,(2(0)-1686089639:772046),systemResources.CPU_10,18959,0.96 percent
2023-06-06 18:13:59,(2(0)-1686089639:772061),systemResources.CPU_11,18960,0.00 percent
2023-06-06 18:13:59,(2(0)-1686089639:772076),systemResources.CPU_12,18961,0.00 percent
2023-06-06 18:13:59,(2(0)-1686089639:772091),systemResources.CPU_13,18962,0.00 percent
2023-06-06 18:13:59,(2(0)-1686089639:772111),systemResources.CPU_14,18963,0.00 percent
2023-06-06 18:13:59,(2(0)-1686089639:772134),systemResources.CPU_15,18964,0.97 percent
2023-06-06 18:13:59,(2(0)-1686089639:772135),systemResources.CPU,18948,0.61 percent
2023-06-06 18:13:59,(2(0)-1686089639:772150),systemResources.FRAMEWORK_VERSION,18965,v3.2.0
2023-06-06 18:13:59,(2(0)-1686089639:772152),systemResources.PROJECT_VERSION,18966,v3.2.0
2023-06-06 18:14:00,(2(0)-1686089640:772746),blockDrv.BD_Cycles,256,7
2023-06-06 18:14:01,(2(0)-1686089641:778339),blockDrv.BD_Cycles,256,8
2023-06-06 18:14:00,(2(0)-1686089640:772976),systemResources.CPU_03,18952,13.00 percent
2023-06-06 18:14:00,(2(0)-1686089640:772990),systemResources.CPU_04,18953,5.00 percent
2023-06-06 18:14:00,(2(0)-1686089640:773003),systemResources.CPU_05,18954,7.00 percent
2023-06-06 18:14:00,(2(0)-1686089640:773016),systemResources.CPU_06,18955,8.00 percent
2023-06-06 18:14:00,(2(0)-1686089640:773028),systemResources.CPU_07,18956,7.77 percent
2023-06-06 18:14:00,(2(0)-1686089640:773041),systemResources.CPU_08,18957,15.46 percent
2023-06-06 18:14:00,(2(0)-1686089640:773053),systemResources.CPU_09,18958,14.00 percent
2023-06-06 18:14:00,(2(0)-1686089640:773066),systemResources.CPU_10,18959,10.20 percent
2023-06-06 18:14:00,(2(0)-1686089640:773078),systemResources.CPU_11,18960,17.65 percent
2023-06-06 18:14:00,(2(0)-1686089640:773091),systemResources.CPU_12,18961,3.26 percent
2023-06-06 18:14:00,(2(0)-1686089640:773105),systemResources.CPU_13,18962,7.77 percent
2023-06-06 18:14:00,(2(0)-1686089640:773117),systemResources.CPU_14,18963,8.08 percent
2023-06-06 18:14:00,(2(0)-1686089640:773129),systemResources.CPU_15,18964,3.06 percent
2023-06-06 18:14:00,(2(0)-1686089640:773130),systemResources.CPU,18948,8.63 percent
2023-06-06 18:14:00,(2(0)-1686089640:773141),systemResources.FRAMEWORK_VERSION,18965,v3.2.0
2023-06-06 18:14:00,(2(0)-1686089640:773143),systemResources.PROJECT_VERSION,18966,v3.2.0
2023-06-06 18:14:01,(2(0)-1686089641:778549),rateGroup2.RgMaxTime,768,365 us
2023-06-06 18:14:01,(2(0)-1686089641:778654),systemResources.CPU_00,18949,11.32 percent
2023-06-06 18:14:01,(2(0)-1686089641:778695),systemResources.CPU_01,18950,4.95 percent
2023-06-06 18:14:01,(2(0)-1686089641:778728),systemResources.CPU_02,18951,12.00 percent
2023-06-06 18:14:01,(2(0)-1686089641:779032),rateGroup3.RgMaxTime,1024,850 us
2023-06-06 18:14:01,(2(0)-1686089641:778757),systemResources.CPU_03,18952,8.00 percent
2023-06-06 18:14:01,(2(0)-1686089641:778786),systemResources.CPU_04,18953,9.00 percent
2023-06-06 18:14:01,(2(0)-1686089641:778817),systemResources.CPU_05,18954,3.03 percent
2023-06-06 18:14:01,(2(0)-1686089641:778840),systemResources.CPU_06,18955,23.96 percent
2023-06-06 18:14:01,(2(0)-1686089641:778861),systemResources.CPU_07,18956,2.00 percent
2023-06-06 18:14:01,(2(0)-1686089641:778882),systemResources.CPU_08,18957,9.80 percent
2023-06-06 18:14:01,(2(0)-1686089641:778903),systemResources.CPU_09,18958,9.00 percent
2023-06-06 18:14:01,(2(0)-1686089641:778924),systemResources.CPU_10,18959,7.07 percent
2023-06-06 18:14:01,(2(0)-1686089641:778968),systemResources.CPU_11,18960,3.09 percent
2023-06-06 18:14:01,(2(0)-1686089641:778992),systemResources.CPU_12,18961,4.12 percent
2023-06-06 18:14:01,(2(0)-1686089641:779013),systemResources.CPU_13,18962,6.00 percent
2023-06-06 18:14:01,(2(0)-1686089641:779034),systemResources.CPU_14,18963,9.18 percent
2023-06-06 18:14:01,(2(0)-1686089641:779167),systemResources.CPU_15,18964,3.06 percent
2023-06-06 18:14:01,(2(0)-1686089641:779168),systemResources.CPU,18948,7.85 percent
2023-06-06 18:14:01,(2(0)-1686089641:779183),systemResources.FRAMEWORK_VERSION,18965,v3.2.0
2023-06-06 18:14:01,(2(0)-1686089641:779186),systemResources.PROJECT_VERSION,18966,v3.2.0
2023-06-06 18:14:01,(2(0)-1686089641:779188),rateGroup1.RgMaxTime,512,1007 us
2023-06-06 18:14:02,(2(0)-1686089642:783242),blockDrv.BD_Cycles,256,9
2023-06-06 18:14:03,(2(0)-1686089643:797060),blockDrv.BD_Cycles,256,10
2023-06-06 18:14:02,(2(0)-1686089642:783593),systemResources.CPU_00,18949,5.77 percent
2023-06-06 18:14:02,(2(0)-1686089642:783621),systemResources.CPU_01,18950,1.98 percent
2023-06-06 18:14:02,(2(0)-1686089642:783645),systemResources.CPU_02,18951,2.00 percent
2023-06-06 18:14:02,(2(0)-1686089642:783665),systemResources.CPU_03,18952,0.00 percent
2023-06-06 18:14:02,(2(0)-1686089642:783686),systemResources.CPU_04,18953,3.03 percent
2023-06-06 18:14:02,(2(0)-1686089642:783705),systemResources.CPU_05,18954,2.00 percent
2023-06-06 18:14:02,(2(0)-1686089642:783725),systemResources.CPU_06,18955,9.09 percent
2023-06-06 18:14:02,(2(0)-1686089642:783745),systemResources.CPU_07,18956,0.99 percent
2023-06-06 18:14:02,(2(0)-1686089642:783764),systemResources.CPU_08,18957,1.98 percent
2023-06-06 18:14:02,(2(0)-1686089642:783783),systemResources.CPU_09,18958,2.97 percent
2023-06-06 18:14:02,(2(0)-1686089642:783802),systemResources.CPU_10,18959,0.00 percent
2023-06-06 18:14:02,(2(0)-1686089642:783821),systemResources.CPU_11,18960,0.00 percent
2023-06-06 18:14:02,(2(0)-1686089642:783840),systemResources.CPU_12,18961,1.00 percent
2023-06-06 18:14:02,(2(0)-1686089642:783859),systemResources.CPU_13,18962,0.99 percent
2023-06-06 18:14:02,(2(0)-1686089642:783878),systemResources.CPU_14,18963,2.00 percent
2023-06-06 18:14:02,(2(0)-1686089642:783897),systemResources.CPU_15,18964,2.00 percent
2023-06-06 18:14:02,(2(0)-1686089642:783898),systemResources.CPU,18948,2.24 percent
2023-06-06 18:14:02,(2(0)-1686089642:783914),systemResources.FRAMEWORK_VERSION,18965,v3.2.0
2023-06-06 18:14:02,(2(0)-1686089642:783916),systemResources.PROJECT_VERSION,18966,v3.2.0
2023-06-06 18:14:04,(2(0)-1686089644:807427),systemResources.CPU_00,18949,2.94 percent
2023-06-06 18:14:04,(2(0)-1686089644:807449),systemResources.CPU_01,18950,0.00 percent
2023-06-06 18:14:03,(2(0)-1686089643:797337),systemResources.CPU_02,18951,0.00 percent
2023-06-06 18:14:03,(2(0)-1686089643:797355),systemResources.CPU_03,18952,0.00 percent
2023-06-06 18:14:03,(2(0)-1686089643:797373),systemResources.CPU_04,18953,7.77 percent
2023-06-06 18:14:03,(2(0)-1686089643:797390),systemResources.CPU_05,18954,0.99 percent
2023-06-06 18:14:03,(2(0)-1686089643:797408),systemResources.CPU_06,18955,5.88 percent
2023-06-06 18:14:03,(2(0)-1686089643:797426),systemResources.CPU_07,18956,5.88 percent
2023-06-06 18:14:03,(2(0)-1686089643:797444),systemResources.CPU_08,18957,2.97 percent
2023-06-06 18:14:03,(2(0)-1686089643:797462),systemResources.CPU_09,18958,3.85 percent
2023-06-06 18:14:03,(2(0)-1686089643:797479),systemResources.CPU_10,18959,3.92 percent
2023-06-06 18:14:03,(2(0)-1686089643:797496),systemResources.CPU_11,18960,0.00 percent
2023-06-06 18:14:03,(2(0)-1686089643:797513),systemResources.CPU_12,18961,2.97 percent
2023-06-06 18:14:03,(2(0)-1686089643:797529),systemResources.CPU_13,18962,2.94 percent
2023-06-06 18:14:03,(2(0)-1686089643:797546),systemResources.CPU_14,18963,0.99 percent
2023-06-06 18:14:03,(2(0)-1686089643:797563),systemResources.CPU_15,18964,1.98 percent
2023-06-06 18:14:03,(2(0)-1686089643:797564),systemResources.CPU,18948,2.88 percent
2023-06-06 18:14:03,(2(0)-1686089643:797580),systemResources.FRAMEWORK_VERSION,18965,v3.2.0
2023-06-06 18:14:03,(2(0)-1686089643:797582),systemResources.PROJECT_VERSION,18966,v3.2.0
2023-06-06 18:14:04,(2(0)-1686089644:807116),blockDrv.BD_Cycles,256,11
2023-06-06 18:14:05,(2(0)-1686089645:808140),blockDrv.BD_Cycles,256,12
2023-06-06 18:14:04,(2(0)-1686089644:807466),systemResources.CPU_02,18951,1.98 percent
2023-06-06 18:14:04,(2(0)-1686089644:807483),systemResources.CPU_03,18952,0.00 percent
2023-06-06 18:14:04,(2(0)-1686089644:807509),systemResources.CPU_04,18953,2.94 percent
2023-06-06 18:14:04,(2(0)-1686089644:807526),systemResources.CPU_05,18954,0.00 percent
2023-06-06 18:14:04,(2(0)-1686089644:807542),systemResources.CPU_06,18955,3.92 percent
2023-06-06 18:14:04,(2(0)-1686089644:807559),systemResources.CPU_07,18956,0.00 percent
2023-06-06 18:14:04,(2(0)-1686089644:807575),systemResources.CPU_08,18957,2.00 percent
2023-06-06 18:14:04,(2(0)-1686089644:807592),systemResources.CPU_09,18958,1.00 percent
2023-06-06 18:14:04,(2(0)-1686089644:807608),systemResources.CPU_10,18959,3.85 percent
2023-06-06 18:14:04,(2(0)-1686089644:807624),systemResources.CPU_11,18960,0.00 percent
2023-06-06 18:14:04,(2(0)-1686089644:807675),systemResources.CPU_12,18961,1.98 percent
2023-06-06 18:14:04,(2(0)-1686089644:807695),systemResources.CPU_13,18962,0.00 percent
2023-06-06 18:14:04,(2(0)-1686089644:807711),systemResources.CPU_14,18963,0.00 percent
2023-06-06 18:14:04,(2(0)-1686089644:807728),systemResources.CPU_15,18964,0.99 percent
2023-06-06 18:14:04,(2(0)-1686089644:807729),systemResources.CPU,18948,1.35 percent
2023-06-06 18:14:04,(2(0)-1686089644:807743),systemResources.FRAMEWORK_VERSION,18965,v3.2.0
2023-06-06 18:14:04,(2(0)-1686089644:807744),systemResources.PROJECT_VERSION,18966,v3.2.0
2023-06-06 18:14:05,(2(0)-1686089645:808442),systemResources.CPU_00,18949,0.00 percent
2023-06-06 18:14:05,(2(0)-1686089645:808472),systemResources.CPU_01,18950,0.00 percent
2023-06-06 18:14:05,(2(0)-1686089645:808497),systemResources.CPU_02,18951,0.00 percent
2023-06-06 18:14:05,(2(0)-1686089645:808522),systemResources.CPU_03,18952,0.00 percent
2023-06-06 18:14:05,(2(0)-1686089645:808550),systemResources.CPU_04,18953,1.01 percent
2023-06-06 18:14:05,(2(0)-1686089645:808576),systemResources.CPU_05,18954,2.00 percent
2023-06-06 18:14:05,(2(0)-1686089645:808600),systemResources.CPU_06,18955,4.90 percent
2023-06-06 18:14:05,(2(0)-1686089645:808626),systemResources.CPU_07,18956,0.00 percent
2023-06-06 18:14:05,(2(0)-1686089645:808648),systemResources.CPU_08,18957,7.84 percent
2023-06-06 18:14:05,(2(0)-1686089645:808665),systemResources.CPU_09,18958,2.00 percent
2023-06-06 18:14:05,(2(0)-1686089645:808690),systemResources.CPU_10,18959,0.00 percent
2023-06-06 18:14:05,(2(0)-1686089645:808713),systemResources.CPU_11,18960,0.00 percent
2023-06-06 18:14:05,(2(0)-1686089645:808738),systemResources.CPU_12,18961,2.97 percent
2023-06-06 18:14:05,(2(0)-1686089645:808764),systemResources.CPU_13,18962,0.00 percent
2023-06-06 18:14:05,(2(0)-1686089645:808790),systemResources.CPU_14,18963,1.00 percent
2023-06-06 18:14:05,(2(0)-1686089645:808819),systemResources.CPU_15,18964,1.01 percent
2023-06-06 18:14:05,(2(0)-1686089645:808821),systemResources.CPU,18948,1.42 percent
2023-06-06 18:14:05,(2(0)-1686089645:808854),systemResources.FRAMEWORK_VERSION,18965,v3.2.0
2023-06-06 18:14:05,(2(0)-1686089645:808857),systemResources.PROJECT_VERSION,18966,v3.2.0
2023-06-06 18:14:06,(2(0)-1686089646:814751),blockDrv.BD_Cycles,256,13
2023-06-06 18:14:07,(2(0)-1686089647:815410),blockDrv.BD_Cycles,256,14
2023-06-06 18:14:06,(2(0)-1686089646:815008),systemResources.CPU_00,18949,0.00 percent
2023-06-06 18:14:06,(2(0)-1686089646:815041),systemResources.CPU_01,18950,2.91 percent
2023-06-06 18:14:06,(2(0)-1686089646:815079),systemResources.CPU_02,18951,1.98 percent
2023-06-06 18:14:06,(2(0)-1686089646:815104),systemResources.CPU_03,18952,0.00 percent
2023-06-06 18:14:06,(2(0)-1686089646:815129),systemResources.CPU_04,18953,1.98 percent
2023-06-06 18:14:06,(2(0)-1686089646:815153),systemResources.CPU_05,18954,0.00 percent
2023-06-06 18:14:06,(2(0)-1686089646:815174),systemResources.CPU_06,18955,2.02 percent
2023-06-06 18:14:06,(2(0)-1686089646:815198),systemResources.CPU_07,18956,0.00 percent
2023-06-06 18:14:06,(2(0)-1686089646:815223),systemResources.CPU_08,18957,6.86 percent
2023-06-06 18:14:06,(2(0)-1686089646:815243),systemResources.CPU_09,18958,2.97 percent
2023-06-06 18:14:06,(2(0)-1686089646:815261),systemResources.CPU_10,18959,1.98 percent
2023-06-06 18:14:06,(2(0)-1686089646:815277),systemResources.CPU_11,18960,0.00 percent
2023-06-06 18:14:06,(2(0)-1686089646:815294),systemResources.CPU_12,18961,2.97 percent
2023-06-06 18:14:06,(2(0)-1686089646:815310),systemResources.CPU_13,18962,0.00 percent
2023-06-06 18:14:06,(2(0)-1686089646:815327),systemResources.CPU_14,18963,5.77 percent
2023-06-06 18:14:06,(2(0)-1686089646:815344),systemResources.CPU_15,18964,1.00 percent
2023-06-06 18:14:06,(2(0)-1686089646:815345),systemResources.CPU,18948,1.90 percent
2023-06-06 18:14:06,(2(0)-1686089646:815360),systemResources.FRAMEWORK_VERSION,18965,v3.2.0
2023-06-06 18:14:06,(2(0)-1686089646:815362),systemResources.PROJECT_VERSION,18966,v3.2.0
2023-06-06 18:14:08,(2(0)-1686089648:816100),systemResources.CPU_00,18949,9.09 percent
2023-06-06 18:14:08,(2(0)-1686089648:816117),systemResources.CPU_01,18950,5.88 percent
2023-06-06 18:14:08,(2(0)-1686089648:816128),systemResources.CPU_02,18951,3.03 percent
2023-06-06 18:14:08,(2(0)-1686089648:816138),systemResources.CPU_03,18952,1.00 percent
2023-06-06 18:14:07,(2(0)-1686089647:815807),systemResources.CPU_04,18953,2.02 percent
2023-06-06 18:14:07,(2(0)-1686089647:815821),systemResources.CPU_05,18954,2.00 percent
2023-06-06 18:14:07,(2(0)-1686089647:815836),systemResources.CPU_06,18955,6.00 percent
2023-06-06 18:14:07,(2(0)-1686089647:815849),systemResources.CPU_07,18956,2.00 percent
2023-06-06 18:14:07,(2(0)-1686089647:815865),systemResources.CPU_08,18957,8.33 percent
2023-06-06 18:14:07,(2(0)-1686089647:815878),systemResources.CPU_09,18958,1.00 percent
2023-06-06 18:14:07,(2(0)-1686089647:815903),systemResources.CPU_10,18959,4.95 percent
2023-06-06 18:14:07,(2(0)-1686089647:815918),systemResources.CPU_11,18960,0.00 percent
2023-06-06 18:14:07,(2(0)-1686089647:815932),systemResources.CPU_12,18961,1.00 percent
2023-06-06 18:14:07,(2(0)-1686089647:815944),systemResources.CPU_13,18962,0.00 percent
2023-06-06 18:14:07,(2(0)-1686089647:815958),systemResources.CPU_14,18963,1.02 percent
2023-06-06 18:14:07,(2(0)-1686089647:815973),systemResources.CPU_15,18964,5.88 percent
2023-06-06 18:14:07,(2(0)-1686089647:815973),systemResources.CPU,18948,3.02 percent
2023-06-06 18:14:07,(2(0)-1686089647:815989),systemResources.FRAMEWORK_VERSION,18965,v3.2.0
2023-06-06 18:14:07,(2(0)-1686089647:815991),systemResources.PROJECT_VERSION,18966,v3.2.0
2023-06-06 18:14:08,(2(0)-1686089648:815838),blockDrv.BD_Cycles,256,15
2023-06-06 18:14:09,(2(0)-1686089649:816873),blockDrv.BD_Cycles,256,16
2023-06-06 18:14:08,(2(0)-1686089648:816148),systemResources.CPU_04,18953,3.03 percent
2023-06-06 18:14:08,(2(0)-1686089648:816159),systemResources.CPU_05,18954,3.00 percent
2023-06-06 18:14:08,(2(0)-1686089648:816172),systemResources.CPU_06,18955,15.15 percent
2023-06-06 18:14:08,(2(0)-1686089648:816182),systemResources.CPU_07,18956,3.00 percent
2023-06-06 18:14:08,(2(0)-1686089648:816192),systemResources.CPU_08,18957,10.89 percent
2023-06-06 18:14:08,(2(0)-1686089648:816203),systemResources.CPU_09,18958,0.00 percent
2023-06-06 18:14:08,(2(0)-1686089648:816212),systemResources.CPU_10,18959,10.78 percent
2023-06-06 18:14:08,(2(0)-1686089648:816220),systemResources.CPU_11,18960,15.84 percent
2023-06-06 18:14:08,(2(0)-1686089648:816228),systemResources.CPU_12,18961,0.00 percent
2023-06-06 18:14:08,(2(0)-1686089648:816237),systemResources.CPU_13,18962,1.00 percent
2023-06-06 18:14:08,(2(0)-1686089648:816245),systemResources.CPU_14,18963,1.02 percent
2023-06-06 18:14:08,(2(0)-1686089648:816255),systemResources.CPU_15,18964,7.77 percent
2023-06-06 18:14:08,(2(0)-1686089648:816262),systemResources.CPU,18948,5.66 percent
2023-06-06 18:14:08,(2(0)-1686089648:816276),systemResources.FRAMEWORK_VERSION,18965,v3.2.0
2023-06-06 18:14:08,(2(0)-1686089648:816278),systemResources.PROJECT_VERSION,18966,v3.2.0
2023-06-06 18:14:09,(2(0)-1686089649:817234),systemResources.CPU_00,18949,1.98 percent
2023-06-06 18:14:09,(2(0)-1686089649:817266),systemResources.CPU_01,18950,3.00 percent
2023-06-06 18:14:09,(2(0)-1686089649:817292),systemResources.CPU_02,18951,1.03 percent
2023-06-06 18:14:09,(2(0)-1686089649:817316),systemResources.CPU_03,18952,1.01 percent
2023-06-06 18:14:09,(2(0)-1686089649:817342),systemResources.CPU_04,18953,1.02 percent
2023-06-06 18:14:09,(2(0)-1686089649:817367),systemResources.CPU_05,18954,3.00 percent
2023-06-06 18:14:09,(2(0)-1686089649:817393),systemResources.CPU_06,18955,11.76 percent
2023-06-06 18:14:09,(2(0)-1686089649:817419),systemResources.CPU_07,18956,4.00 percent
2023-06-06 18:14:09,(2(0)-1686089649:817446),systemResources.CPU_08,18957,9.09 percent
2023-06-06 18:14:09,(2(0)-1686089649:817473),systemResources.CPU_09,18958,1.00 percent
2023-06-06 18:14:09,(2(0)-1686089649:817501),systemResources.CPU_10,18959,1.98 percent
2023-06-06 18:14:09,(2(0)-1686089649:817532),systemResources.CPU_11,18960,25.71 percent
2023-06-06 18:14:09,(2(0)-1686089649:817561),systemResources.CPU_12,18961,8.42 percent
2023-06-06 18:14:09,(2(0)-1686089649:817584),systemResources.CPU_13,18962,0.00 percent
2023-06-06 18:14:09,(2(0)-1686089649:817603),systemResources.CPU_14,18963,3.92 percent
2023-06-06 18:14:09,(2(0)-1686089649:817614),systemResources.CPU_15,18964,1.01 percent
2023-06-06 18:14:09,(2(0)-1686089649:817614),systemResources.CPU,18948,4.87 percent
2023-06-06 18:14:09,(2(0)-1686089649:817627),systemResources.FRAMEWORK_VERSION,18965,v3.2.0
2023-06-06 18:14:09,(2(0)-1686089649:817628),systemResources.PROJECT_VERSION,18966,v3.2.0
2023-06-06 18:14:10,(2(0)-1686089650:818145),blockDrv.BD_Cycles,256,17
2023-06-06 18:14:11,(2(0)-1686089651:820931),blockDrv.BD_Cycles,256,18
2023-06-06 18:14:10,(2(0)-1686089650:818561),systemResources.CPU_00,18949,8.91 percent
2023-06-06 18:14:10,(2(0)-1686089650:818575),systemResources.CPU_01,18950,1.03 percent
2023-06-06 18:14:10,(2(0)-1686089650:818586),systemResources.CPU_02,18951,2.02 percent
2023-06-06 18:14:10,(2(0)-1686089650:818597),systemResources.CPU_03,18952,0.00 percent
2023-06-06 18:14:10,(2(0)-1686089650:818607),systemResources.CPU_04,18953,0.00 percent
2023-06-06 18:14:10,(2(0)-1686089650:818619),systemResources.CPU_05,18954,0.00 percent
2023-06-06 18:14:10,(2(0)-1686089650:818628),systemResources.CPU_06,18955,6.80 percent
2023-06-06 18:14:10,(2(0)-1686089650:818637),systemResources.CPU_07,18956,0.00 percent
2023-06-06 18:14:10,(2(0)-1686089650:818647),systemResources.CPU_08,18957,6.06 percent
2023-06-06 18:14:10,(2(0)-1686089650:818664),systemResources.CPU_09,18958,2.97 percent
2023-06-06 18:14:10,(2(0)-1686089650:818674),systemResources.CPU_10,18959,1.00 percent
2023-06-06 18:14:10,(2(0)-1686089650:818684),systemResources.CPU_11,18960,22.77 percent
2023-06-06 18:14:10,(2(0)-1686089650:818694),systemResources.CPU_12,18961,11.34 percent
2023-06-06 18:14:10,(2(0)-1686089650:818704),systemResources.CPU_13,18962,0.00 percent
2023-06-06 18:14:10,(2(0)-1686089650:818715),systemResources.CPU_14,18963,3.16 percent
2023-06-06 18:14:10,(2(0)-1686089650:818725),systemResources.CPU_15,18964,1.02 percent
2023-06-06 18:14:10,(2(0)-1686089650:818726),systemResources.CPU,18948,4.19 percent
2023-06-06 18:14:10,(2(0)-1686089650:818741),systemResources.FRAMEWORK_VERSION,18965,v3.2.0
2023-06-06 18:14:10,(2(0)-1686089650:818742),systemResources.PROJECT_VERSION,18966,v3.2.0
2023-06-06 18:14:11,(2(0)-1686089651:821253),systemResources.CPU_00,18949,3.00 percent
2023-06-06 18:14:11,(2(0)-1686089651:821272),systemResources.CPU_01,18950,0.00 percent
2023-06-06 18:14:11,(2(0)-1686089651:821290),systemResources.CPU_02,18951,1.01 percent
2023-06-06 18:14:11,(2(0)-1686089651:821307),systemResources.CPU_03,18952,0.00 percent
2023-06-06 18:14:11,(2(0)-1686089651:821325),systemResources.CPU_04,18953,2.02 percent
2023-06-06 18:14:11,(2(0)-1686089651:821339),systemResources.CPU_05,18954,0.99 percent
2023-06-06 18:14:11,(2(0)-1686089651:821353),systemResources.CPU_06,18955,2.00 percent
2023-06-06 18:14:11,(2(0)-1686089651:821367),systemResources.CPU_07,18956,1.00 percent
2023-06-06 18:14:11,(2(0)-1686089651:821381),systemResources.CPU_08,18957,9.00 percent
2023-06-06 18:14:11,(2(0)-1686089651:821396),systemResources.CPU_09,18958,1.98 percent
2023-06-06 18:14:11,(2(0)-1686089651:821410),systemResources.CPU_10,18959,0.00 percent
2023-06-06 18:14:11,(2(0)-1686089651:821424),systemResources.CPU_11,18960,4.00 percent
2023-06-06 18:14:11,(2(0)-1686089651:821438),systemResources.CPU_12,18961,0.00 percent
2023-06-06 18:14:11,(2(0)-1686089651:821455),systemResources.CPU_13,18962,0.00 percent
2023-06-06 18:14:11,(2(0)-1686089651:821472),systemResources.CPU_14,18963,3.92 percent
2023-06-06 18:14:11,(2(0)-1686089651:821489),systemResources.CPU_15,18964,1.00 percent
2023-06-06 18:14:11,(2(0)-1686089651:821490),systemResources.CPU,18948,1.87 percent
2023-06-06 18:14:11,(2(0)-1686089651:821520),systemResources.FRAMEWORK_VERSION,18965,v3.2.0
2023-06-06 18:14:11,(2(0)-1686089651:821522),systemResources.PROJECT_VERSION,18966,v3.2.0
2023-06-06 18:14:12,(2(0)-1686089652:825137),blockDrv.BD_Cycles,256,19
2023-06-06 18:14:13,(2(0)-1686089653:834334),blockDrv.BD_Cycles,256,20
2023-06-06 18:14:12,(2(0)-1686089652:825530),systemResources.CPU_00,18949,1.01 percent
2023-06-06 18:14:12,(2(0)-1686089652:825559),systemResources.CPU_01,18950,0.00 percent
2023-06-06 18:14:12,(2(0)-1686089652:825582),systemResources.CPU_02,18951,1.98 percent
2023-06-06 18:14:12,(2(0)-1686089652:825603),systemResources.CPU_03,18952,0.99 percent
2023-06-06 18:14:12,(2(0)-1686089652:825625),systemResources.CPU_04,18953,1.00 percent
2023-06-06 18:14:12,(2(0)-1686089652:825646),systemResources.CPU_05,18954,0.99 percent
2023-06-06 18:14:12,(2(0)-1686089652:825667),systemResources.CPU_06,18955,0.00 percent
2023-06-06 18:14:12,(2(0)-1686089652:825688),systemResources.CPU_07,18956,0.00 percent
2023-06-06 18:14:12,(2(0)-1686089652:825730),systemResources.CPU_08,18957,8.82 percent
2023-06-06 18:14:12,(2(0)-1686089652:825754),systemResources.CPU_09,18958,1.01 percent
2023-06-06 18:14:12,(2(0)-1686089652:825776),systemResources.CPU_10,18959,0.00 percent
2023-06-06 18:14:12,(2(0)-1686089652:825838),systemResources.CPU_11,18960,0.00 percent
2023-06-06 18:14:12,(2(0)-1686089652:825862),systemResources.CPU_12,18961,2.97 percent
2023-06-06 18:14:12,(2(0)-1686089652:825883),systemResources.CPU_13,18962,0.00 percent
2023-06-06 18:14:12,(2(0)-1686089652:825904),systemResources.CPU_14,18963,1.01 percent
2023-06-06 18:14:12,(2(0)-1686089652:825925),systemResources.CPU_15,18964,0.00 percent
2023-06-06 18:14:12,(2(0)-1686089652:825927),systemResources.CPU,18948,1.24 percent
2023-06-06 18:14:12,(2(0)-1686089652:825943),systemResources.FRAMEWORK_VERSION,18965,v3.2.0
2023-06-06 18:14:12,(2(0)-1686089652:825945),systemResources.PROJECT_VERSION,18966,v3.2.0
2023-06-06 18:14:13,(2(0)-1686089653:834598),rateGroup2.RgMaxTime,768,411 us
2023-06-06 18:14:14,(2(0)-1686089654:844783),systemResources.CPU_00,18949,1.01 percent
2023-06-06 18:14:13,(2(0)-1686089653:834769),systemResources.CPU_01,18950,0.00 percent
2023-06-06 18:14:13,(2(0)-1686089653:834802),systemResources.CPU_02,18951,0.00 percent
2023-06-06 18:14:13,(2(0)-1686089653:835101),rateGroup3.RgMaxTime,1024,913 us
2023-06-06 18:14:13,(2(0)-1686089653:834835),systemResources.CPU_03,18952,0.00 percent
2023-06-06 18:14:13,(2(0)-1686089653:834866),systemResources.CPU_04,18953,1.98 percent
2023-06-06 18:14:13,(2(0)-1686089653:834898),systemResources.CPU_05,18954,0.00 percent
2023-06-06 18:14:13,(2(0)-1686089653:834924),systemResources.CPU_06,18955,1.98 percent
2023-06-06 18:14:13,(2(0)-1686089653:834947),systemResources.CPU_07,18956,0.00 percent
2023-06-06 18:14:13,(2(0)-1686089653:834969),systemResources.CPU_08,18957,4.12 percent
2023-06-06 18:14:13,(2(0)-1686089653:834991),systemResources.CPU_09,18958,1.96 percent
2023-06-06 18:14:13,(2(0)-1686089653:835021),systemResources.CPU_10,18959,4.85 percent
2023-06-06 18:14:13,(2(0)-1686089653:835051),systemResources.CPU_11,18960,1.00 percent
2023-06-06 18:14:13,(2(0)-1686089653:835084),systemResources.CPU_12,18961,1.00 percent
2023-06-06 18:14:13,(2(0)-1686089653:835107),systemResources.CPU_13,18962,0.00 percent
2023-06-06 18:14:13,(2(0)-1686089653:835130),systemResources.CPU_14,18963,1.00 percent
2023-06-06 18:14:13,(2(0)-1686089653:835152),systemResources.CPU_15,18964,0.98 percent
2023-06-06 18:14:13,(2(0)-1686089653:835153),systemResources.CPU,18948,1.30 percent
2023-06-06 18:14:13,(2(0)-1686089653:835170),systemResources.FRAMEWORK_VERSION,18965,v3.2.0
2023-06-06 18:14:13,(2(0)-1686089653:835172),systemResources.PROJECT_VERSION,18966,v3.2.0
2023-06-06 18:14:14,(2(0)-1686089654:844388),blockDrv.BD_Cycles,256,21
2023-06-06 18:14:14,(2(0)-1686089654:353784),cmdDisp.CommandsDispatched,1280,1
