2023-06-06 16:31:13,(2(0)-1686083473:51079),blockDrv.BD_Cycles,256,2
2023-06-06 16:31:13,(2(0)-1686083473:51181),rateGroup2.RgMaxTime,768,192 us
2023-06-06 16:31:12,(2(0)-1686083472:11605),systemResources.CPU_00,18949,11.54 percent
2023-06-06 16:31:12,(2(0)-1686083472:11627),systemResources.CPU_01,18950,0.00 percent
2023-06-06 16:31:12,(2(0)-1686083472:11642),systemResources.CPU_02,18951,0.00 percent
2023-06-06 16:31:12,(2(0)-1686083472:11658),systemResources.CPU_03,18952,0.00 percent
2023-06-06 16:31:12,(2(0)-1686083472:11673),systemResources.CPU_04,18953,0.00 percent
2023-06-06 16:31:12,(2(0)-1686083472:11689),systemResources.CPU_05,18954,0.00 percent
2023-06-06 16:31:12,(2(0)-1686083472:11705),systemResources.CPU_06,18955,0.00 percent
2023-06-06 16:31:12,(2(0)-1686083472:11721),systemResources.CPU_07,18956,0.00 percent
2023-06-06 16:31:12,(2(0)-1686083472:11736),systemResources.CPU_08,18957,0.00 percent
2023-06-06 16:31:12,(2(0)-1686083472:11751),systemResources.CPU_09,18958,0.00 percent
2023-06-06 16:31:12,(2(0)-1686083472:11767),systemResources.CPU_10,18959,0.00 percent
2023-06-06 16:31:12,(2(0)-1686083472:11783),systemResources.CPU_11,18960,0.00 percent
2023-06-06 16:31:12,(2(0)-1686083472:11799),systemResources.CPU_12,18961,0.00 percent
2023-06-06 16:31:12,(2(0)-1686083472:11814),systemResources.CPU_13,18962,0.00 percent
2023-06-06 16:31:12,(2(0)-1686083472:11830),systemResources.CPU_14,18963,0.00 percent
2023-06-06 16:31:12,(2(0)-1686083472:11846),systemResources.CPU_15,18964,0.00 percent
2023-06-06 16:31:12,(2(0)-1686083472:11847),systemResources.CPU,18948,0.72 percent
2023-06-06 16:31:12,(2(0)-1686083472:11860),systemResources.FRAMEWORK_VERSION,18965,v3.2.0
2023-06-06 16:31:12,(2(0)-1686083472:11862),systemResources.PROJECT_VERSION,18966,v3.2.0
2023-06-06 16:31:12,(2(0)-1686083472:11864),rateGroup1.RgMaxTime,512,554 us
2023-06-06 16:31:13,(2(0)-1686083473:51618),systemResources.CPU_14,18963,0.95 percent
2023-06-06 16:31:13,(2(0)-1686083473:51632),systemResources.CPU_15,18964,0.00 percent
2023-06-06 16:31:13,(2(0)-1686083473:51633),systemResources.CPU,18948,1.64 percent
2023-06-06 16:31:13,(2(0)-1686083473:51647),systemResources.FRAMEWORK_VERSION,18965,v3.2.0
2023-06-06 16:31:13,(2(0)-1686083473:51648),systemResources.PROJECT_VERSION,18966,v3.2.0
2023-06-06 16:31:13,(2(0)-1686083473:51650),rateGroup1.RgMaxTime,512,663 us
2023-06-06 16:31:14,(2(0)-1686083474:51586),blockDrv.BD_Cycles,256,3
2023-06-06 16:31:13,(2(0)-1686083473:51388),systemResources.CPU_00,18949,0.00 percent
2023-06-06 16:31:13,(2(0)-1686083473:51411),systemResources.CPU_01,18950,0.00 percent
2023-06-06 16:31:13,(2(0)-1686083473:51429),systemResources.CPU_02,18951,0.00 percent
2023-06-06 16:31:13,(2(0)-1686083473:51446),systemResources.CPU_03,18952,0.00 percent
2023-06-06 16:31:13,(2(0)-1686083473:51464),systemResources.CPU_04,18953,0.00 percent
2023-06-06 16:31:13,(2(0)-1686083473:51481),systemResources.CPU_05,18954,0.95 percent
2023-06-06 16:31:13,(2(0)-1686083473:51498),systemResources.CPU_06,18955,0.00 percent
2023-06-06 16:31:13,(2(0)-1686083473:51517),systemResources.CPU_07,18956,0.00 percent
2023-06-06 16:31:13,(2(0)-1686083473:51533),systemResources.CPU_08,18957,0.00 percent
2023-06-06 16:31:13,(2(0)-1686083473:51547),systemResources.CPU_09,18958,0.00 percent
2023-06-06 16:31:13,(2(0)-1686083473:51561),systemResources.CPU_10,18959,0.00 percent
2023-06-06 16:31:13,(2(0)-1686083473:51575),systemResources.CPU_11,18960,0.00 percent
2023-06-06 16:31:13,(2(0)-1686083473:51589),systemResources.CPU_12,18961,23.40 percent
2023-06-06 16:31:13,(2(0)-1686083473:51604),systemResources.CPU_13,18962,0.96 percent
2023-06-06 16:31:15,(2(0)-1686083475:89642),blockDrv.BD_Cycles,256,4
2023-06-06 16:31:14,(2(0)-1686083474:51887),systemResources.CPU_00,18949,0.99 percent
2023-06-06 16:31:14,(2(0)-1686083474:51907),systemResources.CPU_01,18950,0.00 percent
2023-06-06 16:31:14,(2(0)-1686083474:51923),systemResources.CPU_02,18951,0.00 percent
2023-06-06 16:31:14,(2(0)-1686083474:51938),systemResources.CPU_03,18952,0.00 percent
2023-06-06 16:31:14,(2(0)-1686083474:51953),systemResources.CPU_04,18953,0.00 percent
2023-06-06 16:31:14,(2(0)-1686083474:51968),systemResources.CPU_05,18954,0.99 percent
2023-06-06 16:31:14,(2(0)-1686083474:51984),systemResources.CPU_06,18955,0.00 percent
2023-06-06 16:31:14,(2(0)-1686083474:52000),systemResources.CPU_07,18956,0.00 percent
2023-06-06 16:31:14,(2(0)-1686083474:52015),systemResources.CPU_08,18957,0.00 percent
2023-06-06 16:31:14,(2(0)-1686083474:52030),systemResources.CPU_09,18958,0.00 percent
2023-06-06 16:31:14,(2(0)-1686083474:52045),systemResources.CPU_10,18959,0.00 percent
2023-06-06 16:31:14,(2(0)-1686083474:52060),systemResources.CPU_11,18960,0.00 percent
2023-06-06 16:31:14,(2(0)-1686083474:52075),systemResources.CPU_12,18961,0.00 percent
2023-06-06 16:31:14,(2(0)-1686083474:52092),systemResources.CPU_13,18962,0.00 percent
2023-06-06 16:31:14,(2(0)-1686083474:52154),systemResources.CPU_14,18963,0.99 percent
2023-06-06 16:31:14,(2(0)-1686083474:52172),systemResources.CPU_15,18964,0.00 percent
2023-06-06 16:31:14,(2(0)-1686083474:52173),systemResources.CPU,18948,0.19 percent
2023-06-06 16:31:14,(2(0)-1686083474:52186),systemResources.FRAMEWORK_VERSION,18965,v3.2.0
2023-06-06 16:31:14,(2(0)-1686083474:52188),systemResources.PROJECT_VERSION,18966,v3.2.0
2023-06-06 16:31:15,(2(0)-1686083475:89923),systemResources.CPU_14,18963,0.00 percent
2023-06-06 16:31:15,(2(0)-1686083475:89932),systemResources.CPU_15,18964,0.00 percent
2023-06-06 16:31:15,(2(0)-1686083475:89932),systemResources.CPU,18948,0.97 percent
2023-06-06 16:31:15,(2(0)-1686083475:89943),systemResources.FRAMEWORK_VERSION,18965,v3.2.0
2023-06-06 16:31:15,(2(0)-1686083475:89944),systemResources.PROJECT_VERSION,18966,v3.2.0
2023-06-06 16:31:16,(2(0)-1686083476:130392),blockDrv.BD_Cycles,256,5
2023-06-06 16:31:15,(2(0)-1686083475:89764),systemResources.CPU_00,18949,0.96 percent
2023-06-06 16:31:15,(2(0)-1686083475:89779),systemResources.CPU_01,18950,0.00 percent
2023-06-06 16:31:15,(2(0)-1686083475:89791),systemResources.CPU_02,18951,0.00 percent
2023-06-06 16:31:15,(2(0)-1686083475:89802),systemResources.CPU_03,18952,0.00 percent
2023-06-06 16:31:15,(2(0)-1686083475:89813),systemResources.CPU_04,18953,0.00 percent
2023-06-06 16:31:15,(2(0)-1686083475:89824),systemResources.CPU_05,18954,0.96 percent
2023-06-06 16:31:15,(2(0)-1686083475:89835),systemResources.CPU_06,18955,1.92 percent
2023-06-06 16:31:15,(2(0)-1686083475:89846),systemResources.CPU_07,18956,0.00 percent
2023-06-06 16:31:15,(2(0)-1686083475:89857),systemResources.CPU_08,18957,9.52 percent
2023-06-06 16:31:15,(2(0)-1686083475:89868),systemResources.CPU_09,18958,0.00 percent
2023-06-06 16:31:15,(2(0)-1686083475:89879),systemResources.CPU_10,18959,0.00 percent
2023-06-06 16:31:15,(2(0)-1686083475:89891),systemResources.CPU_11,18960,0.96 percent
2023-06-06 16:31:15,(2(0)-1686083475:89901),systemResources.CPU_12,18961,1.11 percent
2023-06-06 16:31:15,(2(0)-1686083475:89914),systemResources.CPU_13,18962,0.00 percent
2023-06-06 16:31:15,(2(0)-1686083475:89925),rateGroup3.RgMaxTime,1024,361 us
2023-06-06 16:31:17,(2(0)-1686083477:131290),blockDrv.BD_Cycles,256,6
2023-06-06 16:31:16,(2(0)-1686083476:130634),systemResources.CPU_00,18949,0.00 percent
2023-06-06 16:31:16,(2(0)-1686083476:130659),systemResources.CPU_01,18950,0.00 percent
2023-06-06 16:31:16,(2(0)-1686083476:130679),systemResources.CPU_02,18951,0.00 percent
2023-06-06 16:31:16,(2(0)-1686083476:130698),systemResources.CPU_03,18952,0.00 percent
2023-06-06 16:31:16,(2(0)-1686083476:130717),systemResources.CPU_04,18953,0.00 percent
2023-06-06 16:31:16,(2(0)-1686083476:130736),systemResources.CPU_05,18954,0.00 percent
2023-06-06 16:31:16,(2(0)-1686083476:130755),systemResources.CPU_06,18955,0.00 percent
2023-06-06 16:31:16,(2(0)-1686083476:130773),systemResources.CPU_07,18956,0.00 percent
2023-06-06 16:31:16,(2(0)-1686083476:130791),systemResources.CPU_08,18957,9.71 percent
2023-06-06 16:31:16,(2(0)-1686083476:130809),systemResources.CPU_09,18958,0.00 percent
2023-06-06 16:31:16,(2(0)-1686083476:130828),systemResources.CPU_10,18959,0.00 percent
2023-06-06 16:31:16,(2(0)-1686083476:130847),systemResources.CPU_11,18960,0.00 percent
2023-06-06 16:31:16,(2(0)-1686083476:130865),systemResources.CPU_12,18961,0.00 percent
2023-06-06 16:31:16,(2(0)-1686083476:130884),systemResources.CPU_13,18962,0.00 percent
2023-06-06 16:31:16,(2(0)-1686083476:130903),systemResources.CPU_14,18963,0.00 percent
2023-06-06 16:31:16,(2(0)-1686083476:130922),systemResources.CPU_15,18964,0.00 percent
2023-06-06 16:31:16,(2(0)-1686083476:130923),systemResources.CPU,18948,0.61 percent
2023-06-06 16:31:16,(2(0)-1686083476:130937),systemResources.FRAMEWORK_VERSION,18965,v3.2.0
2023-06-06 16:31:16,(2(0)-1686083476:130939),systemResources.PROJECT_VERSION,18966,v3.2.0
2023-06-06 16:31:17,(2(0)-1686083477:131704),systemResources.CPU_14,18963,4.04 percent
2023-06-06 16:31:17,(2(0)-1686083477:131720),systemResources.CPU_15,18964,0.00 percent
2023-06-06 16:31:17,(2(0)-1686083477:131721),systemResources.CPU,18948,2.28 percent
2023-06-06 16:31:17,(2(0)-1686083477:131732),systemResources.FRAMEWORK_VERSION,18965,v3.2.0
2023-06-06 16:31:17,(2(0)-1686083477:131733),systemResources.PROJECT_VERSION,18966,v3.2.0
2023-06-06 16:31:18,(2(0)-1686083478:132290),blockDrv.BD_Cycles,256,7
2023-06-06 16:31:17,(2(0)-1686083477:131460),systemResources.CPU_00,18949,0.00 percent
2023-06-06 16:31:17,(2(0)-1686083477:131481),systemResources.CPU_01,18950,0.00 percent
2023-06-06 16:31:17,(2(0)-1686083477:131502),systemResources.CPU_02,18951,0.00 percent
2023-06-06 16:31:17,(2(0)-1686083477:131525),systemResources.CPU_03,18952,0.00 percent
2023-06-06 16:31:17,(2(0)-1686083477:131547),systemResources.CPU_04,18953,0.00 percent
2023-06-06 16:31:17,(2(0)-1686083477:131563),systemResources.CPU_05,18954,1.00 percent
2023-06-06 16:31:17,(2(0)-1686083477:131579),systemResources.CPU_06,18955,1.02 percent
2023-06-06 16:31:17,(2(0)-1686083477:131596),systemResources.CPU_07,18956,0.00 percent
2023-06-06 16:31:17,(2(0)-1686083477:131611),systemResources.CPU_08,18957,2.04 percent
2023-06-06 16:31:17,(2(0)-1686083477:131627),systemResources.CPU_09,18958,0.00 percent
2023-06-06 16:31:17,(2(0)-1686083477:131642),systemResources.CPU_10,18959,15.49 percent
2023-06-06 16:31:17,(2(0)-1686083477:131658),systemResources.CPU_11,18960,11.86 percent
2023-06-06 16:31:17,(2(0)-1686083477:131673),systemResources.CPU_12,18961,1.04 percent
2023-06-06 16:31:17,(2(0)-1686083477:131688),systemResources.CPU_13,18962,0.00 percent
2023-06-06 16:31:19,(2(0)-1686083479:143696),blockDrv.BD_Cycles,256,8
2023-06-06 16:31:19,(2(0)-1686083479:143810),rateGroup2.RgMaxTime,768,252 us
2023-06-06 16:31:19,(2(0)-1686083479:144052),systemResources.CPU_00,18949,1.00 percent
2023-06-06 16:31:19,(2(0)-1686083479:144082),systemResources.CPU_01,18950,0.00 percent
2023-06-06 16:31:19,(2(0)-1686083479:144104),systemResources.CPU_02,18951,2.88 percent
2023-06-06 16:31:19,(2(0)-1686083479:144127),systemResources.CPU_03,18952,0.00 percent
2023-06-06 16:31:19,(2(0)-1686083479:144150),systemResources.CPU_04,18953,0.00 percent
2023-06-06 16:31:19,(2(0)-1686083479:144173),systemResources.CPU_05,18954,2.94 percent
2023-06-06 16:31:19,(2(0)-1686083479:144195),systemResources.CPU_06,18955,2.94 percent
2023-06-06 16:31:18,(2(0)-1686083478:132491),systemResources.CPU_07,18956,5.10 percent
2023-06-06 16:31:18,(2(0)-1686083478:132500),systemResources.CPU_08,18957,19.15 percent
2023-06-06 16:31:18,(2(0)-1686083478:132510),systemResources.CPU_09,18958,29.79 percent
2023-06-06 16:31:18,(2(0)-1686083478:132519),systemResources.CPU_10,18959,18.68 percent
2023-06-06 16:31:18,(2(0)-1686083478:132528),systemResources.CPU_11,18960,5.26 percent
2023-06-06 16:31:18,(2(0)-1686083478:132537),systemResources.CPU_12,18961,14.58 percent
2023-06-06 16:31:19,(2(0)-1686083479:144113),rateGroup3.RgMaxTime,1024,555 us
2023-06-06 16:31:18,(2(0)-1686083478:132546),systemResources.CPU_13,18962,5.10 percent
2023-06-06 16:31:18,(2(0)-1686083478:132556),systemResources.CPU_14,18963,7.14 percent
2023-06-06 16:31:18,(2(0)-1686083478:132565),systemResources.CPU_15,18964,5.43 percent
2023-06-06 16:31:18,(2(0)-1686083478:132566),systemResources.CPU,18948,14.26 percent
2023-06-06 16:31:18,(2(0)-1686083478:132576),systemResources.FRAMEWORK_VERSION,18965,v3.2.0
2023-06-06 16:31:18,(2(0)-1686083478:132577),systemResources.PROJECT_VERSION,18966,v3.2.0
2023-06-06 16:31:19,(2(0)-1686083479:144369),systemResources.CPU_14,18963,1.98 percent
2023-06-06 16:31:19,(2(0)-1686083479:144391),systemResources.CPU_15,18964,0.99 percent
2023-06-06 16:31:19,(2(0)-1686083479:144392),systemResources.CPU,18948,1.61 percent
2023-06-06 16:31:19,(2(0)-1686083479:144409),systemResources.FRAMEWORK_VERSION,18965,v3.2.0
2023-06-06 16:31:19,(2(0)-1686083479:144412),systemResources.PROJECT_VERSION,18966,v3.2.0
2023-06-06 16:31:19,(2(0)-1686083479:144414),rateGroup1.RgMaxTime,512,857 us
2023-06-06 16:31:20,(2(0)-1686083480:150561),blockDrv.BD_Cycles,256,9
2023-06-06 16:31:19,(2(0)-1686083479:144217),systemResources.CPU_07,18956,0.00 percent
2023-06-06 16:31:19,(2(0)-1686083479:144241),systemResources.CPU_08,18957,0.99 percent
2023-06-06 16:31:19,(2(0)-1686083479:144262),systemResources.CPU_09,18958,9.18 percent
2023-06-06 16:31:19,(2(0)-1686083479:144283),systemResources.CPU_10,18959,2.91 percent
2023-06-06 16:31:19,(2(0)-1686083479:144305),systemResources.CPU_11,18960,0.00 percent
2023-06-06 16:31:19,(2(0)-1686083479:144326),systemResources.CPU_12,18961,0.00 percent
2023-06-06 16:31:19,(2(0)-1686083479:144348),systemResources.CPU_13,18962,0.00 percent
2023-06-06 16:31:21,(2(0)-1686083481:151829),blockDrv.BD_Cycles,256,10
2023-06-06 16:31:20,(2(0)-1686083480:150938),systemResources.CPU_00,18949,0.99 percent
2023-06-06 16:31:20,(2(0)-1686083480:150970),systemResources.CPU_01,18950,3.06 percent
2023-06-06 16:31:20,(2(0)-1686083480:150995),systemResources.CPU_02,18951,3.92 percent
2023-06-06 16:31:20,(2(0)-1686083480:151019),systemResources.CPU_03,18952,0.00 percent
2023-06-06 16:31:20,(2(0)-1686083480:151044),systemResources.CPU_04,18953,2.94 percent
2023-06-06 16:31:20,(2(0)-1686083480:151068),systemResources.CPU_05,18954,1.98 percent
2023-06-06 16:31:20,(2(0)-1686083480:151092),systemResources.CPU_06,18955,3.00 percent
2023-06-06 16:31:20,(2(0)-1686083480:151116),systemResources.CPU_07,18956,0.00 percent
2023-06-06 16:31:20,(2(0)-1686083480:151141),systemResources.CPU_08,18957,2.94 percent
2023-06-06 16:31:20,(2(0)-1686083480:151165),systemResources.CPU_09,18958,11.00 percent
2023-06-06 16:31:20,(2(0)-1686083480:151189),systemResources.CPU_10,18959,0.00 percent
2023-06-06 16:31:20,(2(0)-1686083480:151213),systemResources.CPU_11,18960,0.00 percent
2023-06-06 16:31:20,(2(0)-1686083480:151236),systemResources.CPU_12,18961,1.00 percent
2023-06-06 16:31:20,(2(0)-1686083480:151259),systemResources.CPU_13,18962,0.00 percent
2023-06-06 16:31:20,(2(0)-1686083480:151283),systemResources.CPU_14,18963,6.73 percent
2023-06-06 16:31:20,(2(0)-1686083480:151307),systemResources.CPU_15,18964,1.98 percent
2023-06-06 16:31:20,(2(0)-1686083480:151309),systemResources.CPU,18948,2.47 percent
2023-06-06 16:31:20,(2(0)-1686083480:151327),systemResources.FRAMEWORK_VERSION,18965,v3.2.0
2023-06-06 16:31:20,(2(0)-1686083480:151329),systemResources.PROJECT_VERSION,18966,v3.2.0
2023-06-06 16:31:20,(2(0)-1686083480:151331),rateGroup1.RgMaxTime,512,862 us
2023-06-06 16:31:21,(2(0)-1686083481:152218),systemResources.CPU_14,18963,5.05 percent
2023-06-06 16:31:21,(2(0)-1686083481:152231),systemResources.CPU_15,18964,0.00 percent
2023-06-06 16:31:21,(2(0)-1686083481:152232),systemResources.CPU,18948,1.63 percent
2023-06-06 16:31:21,(2(0)-1686083481:152246),systemResources.FRAMEWORK_VERSION,18965,v3.2.0
2023-06-06 16:31:21,(2(0)-1686083481:152248),systemResources.PROJECT_VERSION,18966,v3.2.0
2023-06-06 16:31:22,(2(0)-1686083482:162771),blockDrv.BD_Cycles,256,11
2023-06-06 16:31:21,(2(0)-1686083481:152040),systemResources.CPU_00,18949,1.08 percent
2023-06-06 16:31:21,(2(0)-1686083481:152052),systemResources.CPU_01,18950,3.96 percent
2023-06-06 16:31:21,(2(0)-1686083481:152061),systemResources.CPU_02,18951,2.00 percent
2023-06-06 16:31:21,(2(0)-1686083481:152069),systemResources.CPU_03,18952,0.00 percent
2023-06-06 16:31:21,(2(0)-1686083481:152078),systemResources.CPU_04,18953,1.00 percent
2023-06-06 16:31:21,(2(0)-1686083481:152087),systemResources.CPU_05,18954,5.00 percent
2023-06-06 16:31:21,(2(0)-1686083481:152111),systemResources.CPU_06,18955,1.98 percent
2023-06-06 16:31:21,(2(0)-1686083481:152124),systemResources.CPU_07,18956,0.00 percent
2023-06-06 16:31:21,(2(0)-1686083481:152136),systemResources.CPU_08,18957,1.00 percent
2023-06-06 16:31:21,(2(0)-1686083481:152151),systemResources.CPU_09,18958,3.03 percent
2023-06-06 16:31:21,(2(0)-1686083481:152165),systemResources.CPU_10,18959,0.00 percent
2023-06-06 16:31:21,(2(0)-1686083481:152178),systemResources.CPU_11,18960,0.00 percent
2023-06-06 16:31:21,(2(0)-1686083481:152192),systemResources.CPU_12,18961,2.02 percent
2023-06-06 16:31:21,(2(0)-1686083481:152205),systemResources.CPU_13,18962,0.00 percent
2023-06-06 16:31:23,(2(0)-1686083483:173150),blockDrv.BD_Cycles,256,12
2023-06-06 16:31:22,(2(0)-1686083482:163000),systemResources.CPU_00,18949,0.99 percent
2023-06-06 16:31:22,(2(0)-1686083482:163021),systemResources.CPU_01,18950,0.99 percent
2023-06-06 16:31:22,(2(0)-1686083482:163038),systemResources.CPU_02,18951,0.00 percent
2023-06-06 16:31:22,(2(0)-1686083482:163054),systemResources.CPU_03,18952,0.00 percent
2023-06-06 16:31:22,(2(0)-1686083482:163070),systemResources.CPU_04,18953,0.99 percent
2023-06-06 16:31:22,(2(0)-1686083482:163086),systemResources.CPU_05,18954,0.99 percent
2023-06-06 16:31:22,(2(0)-1686083482:163101),systemResources.CPU_06,18955,1.98 percent
2023-06-06 16:31:22,(2(0)-1686083482:163116),systemResources.CPU_07,18956,0.00 percent
2023-06-06 16:31:22,(2(0)-1686083482:163132),systemResources.CPU_08,18957,1.98 percent
2023-06-06 16:31:22,(2(0)-1686083482:163147),systemResources.CPU_09,18958,3.96 percent
2023-06-06 16:31:22,(2(0)-1686083482:163162),systemResources.CPU_10,18959,1.98 percent
2023-06-06 16:31:22,(2(0)-1686083482:163178),systemResources.CPU_11,18960,0.00 percent
2023-06-06 16:31:22,(2(0)-1686083482:163193),systemResources.CPU_12,18961,1.96 percent
2023-06-06 16:31:22,(2(0)-1686083482:163209),systemResources.CPU_13,18962,0.98 percent
2023-06-06 16:31:22,(2(0)-1686083482:163224),systemResources.CPU_14,18963,0.99 percent
2023-06-06 16:31:22,(2(0)-1686083482:163267),systemResources.CPU_15,18964,0.00 percent
2023-06-06 16:31:22,(2(0)-1686083482:163269),systemResources.CPU,18948,1.11 percent
2023-06-06 16:31:22,(2(0)-1686083482:163284),systemResources.FRAMEWORK_VERSION,18965,v3.2.0
2023-06-06 16:31:22,(2(0)-1686083482:163286),systemResources.PROJECT_VERSION,18966,v3.2.0
2023-06-06 16:31:23,(2(0)-1686083483:173657),systemResources.CPU_14,18963,0.00 percent
2023-06-06 16:31:23,(2(0)-1686083483:173678),systemResources.CPU_15,18964,0.00 percent
2023-06-06 16:31:23,(2(0)-1686083483:173679),systemResources.CPU,18948,0.37 percent
2023-06-06 16:31:23,(2(0)-1686083483:173695),systemResources.FRAMEWORK_VERSION,18965,v3.2.0
2023-06-06 16:31:23,(2(0)-1686083483:173697),systemResources.PROJECT_VERSION,18966,v3.2.0
2023-06-06 16:31:24,(2(0)-1686083484:182315),blockDrv.BD_Cycles,256,13
2023-06-06 16:31:23,(2(0)-1686083483:173361),systemResources.CPU_00,18949,0.00 percent
2023-06-06 16:31:23,(2(0)-1686083483:173388),systemResources.CPU_01,18950,0.00 percent
2023-06-06 16:31:23,(2(0)-1686083483:173411),systemResources.CPU_02,18951,0.00 percent
2023-06-06 16:31:23,(2(0)-1686083483:173432),systemResources.CPU_03,18952,0.00 percent
2023-06-06 16:31:23,(2(0)-1686083483:173452),systemResources.CPU_04,18953,0.00 percent
2023-06-06 16:31:23,(2(0)-1686083483:173473),systemResources.CPU_05,18954,0.00 percent
2023-06-06 16:31:23,(2(0)-1686083483:173494),systemResources.CPU_06,18955,0.00 percent
2023-06-06 16:31:23,(2(0)-1686083483:173514),systemResources.CPU_07,18956,0.00 percent
2023-06-06 16:31:23,(2(0)-1686083483:173534),systemResources.CPU_08,18957,0.00 percent
2023-06-06 16:31:23,(2(0)-1686083483:173555),systemResources.CPU_09,18958,2.97 percent
2023-06-06 16:31:23,(2(0)-1686083483:173574),systemResources.CPU_10,18959,0.99 percent
2023-06-06 16:31:23,(2(0)-1686083483:173595),systemResources.CPU_11,18960,0.00 percent
2023-06-06 16:31:23,(2(0)-1686083483:173615),systemResources.CPU_12,18961,1.94 percent
2023-06-06 16:31:23,(2(0)-1686083483:173636),systemResources.CPU_13,18962,0.00 percent
2023-06-06 16:31:25,(2(0)-1686083485:183563),blockDrv.BD_Cycles,256,14
2023-06-06 16:31:24,(2(0)-1686083484:182545),systemResources.CPU_00,18949,0.00 percent
2023-06-06 16:31:24,(2(0)-1686083484:182567),systemResources.CPU_01,18950,1.94 percent
2023-06-06 16:31:24,(2(0)-1686083484:182584),systemResources.CPU_02,18951,0.00 percent
2023-06-06 16:31:24,(2(0)-1686083484:182601),systemResources.CPU_03,18952,0.00 percent
2023-06-06 16:31:24,(2(0)-1686083484:182618),systemResources.CPU_04,18953,0.00 percent
2023-06-06 16:31:24,(2(0)-1686083484:182635),systemResources.CPU_05,18954,0.98 percent
2023-06-06 16:31:24,(2(0)-1686083484:182652),systemResources.CPU_06,18955,0.99 percent
2023-06-06 16:31:24,(2(0)-1686083484:182668),systemResources.CPU_07,18956,0.00 percent
2023-06-06 16:31:24,(2(0)-1686083484:182684),systemResources.CPU_08,18957,1.98 percent
2023-06-06 16:31:24,(2(0)-1686083484:182700),systemResources.CPU_09,18958,1.01 percent
2023-06-06 16:31:24,(2(0)-1686083484:182716),systemResources.CPU_10,18959,2.94 percent
2023-06-06 16:31:24,(2(0)-1686083484:182733),systemResources.CPU_11,18960,0.00 percent
2023-06-06 16:31:24,(2(0)-1686083484:182749),systemResources.CPU_12,18961,1.96 percent
2023-06-06 16:31:24,(2(0)-1686083484:182766),systemResources.CPU_13,18962,0.00 percent
2023-06-06 16:31:24,(2(0)-1686083484:182782),systemResources.CPU_14,18963,0.00 percent
2023-06-06 16:31:24,(2(0)-1686083484:182799),systemResources.CPU_15,18964,0.99 percent
2023-06-06 16:31:24,(2(0)-1686083484:182800),systemResources.CPU,18948,0.80 percent
2023-06-06 16:31:24,(2(0)-1686083484:182816),systemResources.FRAMEWORK_VERSION,18965,v3.2.0
2023-06-06 16:31:24,(2(0)-1686083484:182818),systemResources.PROJECT_VERSION,18966,v3.2.0
2023-06-06 16:31:25,(2(0)-1686083485:183854),systemResources.CPU_14,18963,2.00 percent
2023-06-06 16:31:25,(2(0)-1686083485:183863),systemResources.CPU_15,18964,0.00 percent
2023-06-06 16:31:25,(2(0)-1686083485:183863),systemResources.CPU,18948,0.93 percent
2023-06-06 16:31:25,(2(0)-1686083485:183878),systemResources.FRAMEWORK_VERSION,18965,v3.2.0
2023-06-06 16:31:25,(2(0)-1686083485:183879),systemResources.PROJECT_VERSION,18966,v3.2.0
2023-06-06 16:31:26,(2(0)-1686083486:189067),blockDrv.BD_Cycles,256,15
2023-06-06 16:31:25,(2(0)-1686083485:183723),systemResources.CPU_00,18949,0.00 percent
2023-06-06 16:31:25,(2(0)-1686083485:183736),systemResources.CPU_01,18950,0.00 percent
2023-06-06 16:31:25,(2(0)-1686083485:183746),systemResources.CPU_02,18951,0.99 percent
2023-06-06 16:31:25,(2(0)-1686083485:183755),systemResources.CPU_03,18952,0.00 percent
2023-06-06 16:31:25,(2(0)-1686083485:183764),systemResources.CPU_04,18953,1.00 percent
2023-06-06 16:31:25,(2(0)-1686083485:183773),systemResources.CPU_05,18954,0.00 percent
2023-06-06 16:31:25,(2(0)-1686083485:183782),systemResources.CPU_06,18955,4.00 percent
2023-06-06 16:31:25,(2(0)-1686083485:183791),systemResources.CPU_07,18956,0.00 percent
2023-06-06 16:31:25,(2(0)-1686083485:183800),systemResources.CPU_08,18957,0.00 percent
2023-06-06 16:31:25,(2(0)-1686083485:183809),systemResources.CPU_09,18958,4.90 percent
2023-06-06 16:31:25,(2(0)-1686083485:183818),systemResources.CPU_10,18959,1.00 percent
2023-06-06 16:31:25,(2(0)-1686083485:183827),systemResources.CPU_11,18960,0.00 percent
2023-06-06 16:31:25,(2(0)-1686083485:183836),systemResources.CPU_12,18961,0.99 percent
2023-06-06 16:31:25,(2(0)-1686083485:183845),systemResources.CPU_13,18962,0.00 percent
2023-06-06 16:31:27,(2(0)-1686083487:192330),blockDrv.BD_Cycles,256,16
2023-06-06 16:31:27,(2(0)-1686083487:192561),rateGroup2.RgMaxTime,768,321 us
2023-06-06 16:31:27,(2(0)-1686083487:192531),systemResources.CPU_00,18949,1.00 percent
2023-06-06 16:31:27,(2(0)-1686083487:192548),systemResources.CPU_01,18950,1.98 percent
2023-06-06 16:31:27,(2(0)-1686083487:192562),systemResources.CPU_02,18951,1.00 percent
2023-06-06 16:31:27,(2(0)-1686083487:192575),systemResources.CPU_03,18952,0.00 percent
2023-06-06 16:31:27,(2(0)-1686083487:192589),systemResources.CPU_04,18953,0.00 percent
2023-06-06 16:31:27,(2(0)-1686083487:192623),systemResources.CPU_05,18954,0.00 percent
2023-06-06 16:31:27,(2(0)-1686083487:192639),systemResources.CPU_06,18955,0.00 percent
2023-06-06 16:31:27,(2(0)-1686083487:192653),systemResources.CPU_07,18956,1.98 percent
2023-06-06 16:31:27,(2(0)-1686083487:192667),systemResources.CPU_08,18957,0.00 percent
2023-06-06 16:31:27,(2(0)-1686083487:192680),systemResources.CPU_09,18958,2.00 percent
2023-06-06 16:31:27,(2(0)-1686083487:192694),systemResources.CPU_10,18959,0.00 percent
2023-06-06 16:31:27,(2(0)-1686083487:192707),systemResources.CPU_11,18960,2.00 percent
2023-06-06 16:31:27,(2(0)-1686083487:192720),systemResources.CPU_12,18961,0.00 percent
2023-06-06 16:31:27,(2(0)-1686083487:192734),systemResources.CPU_13,18962,0.00 percent
2023-06-06 16:31:27,(2(0)-1686083487:192747),systemResources.CPU_14,18963,0.00 percent
2023-06-06 16:31:27,(2(0)-1686083487:192761),systemResources.CPU_15,18964,0.00 percent
2023-06-06 16:31:27,(2(0)-1686083487:192762),systemResources.CPU,18948,0.62 percent
2023-06-06 16:31:27,(2(0)-1686083487:192775),systemResources.FRAMEWORK_VERSION,18965,v3.2.0
2023-06-06 16:31:27,(2(0)-1686083487:192777),systemResources.PROJECT_VERSION,18966,v3.2.0
2023-06-06 16:31:28,(2(0)-1686083488:194196),blockDrv.BD_Cycles,256,17
2023-06-06 16:31:29,(2(0)-1686083489:195079),blockDrv.BD_Cycles,256,18
2023-06-06 16:31:28,(2(0)-1686083488:194492),systemResources.CPU_00,18949,1.98 percent
2023-06-06 16:31:28,(2(0)-1686083488:194515),systemResources.CPU_01,18950,0.00 percent
2023-06-06 16:31:28,(2(0)-1686083488:194532),systemResources.CPU_02,18951,0.99 percent
2023-06-06 16:31:28,(2(0)-1686083488:194550),systemResources.CPU_03,18952,2.08 percent
2023-06-06 16:31:28,(2(0)-1686083488:194567),systemResources.CPU_04,18953,1.98 percent
2023-06-06 16:31:28,(2(0)-1686083488:194584),systemResources.CPU_05,18954,0.00 percent
2023-06-06 16:31:28,(2(0)-1686083488:194601),systemResources.CPU_06,18955,3.00 percent
2023-06-06 16:31:28,(2(0)-1686083488:194617),systemResources.CPU_07,18956,3.92 percent
2023-06-06 16:31:28,(2(0)-1686083488:194634),systemResources.CPU_08,18957,1.00 percent
2023-06-06 16:31:28,(2(0)-1686083488:194651),systemResources.CPU_09,18958,1.00 percent
2023-06-06 16:31:28,(2(0)-1686083488:194667),systemResources.CPU_10,18959,1.01 percent
2023-06-06 16:31:28,(2(0)-1686083488:194684),systemResources.CPU_11,18960,0.00 percent
2023-06-06 16:31:28,(2(0)-1686083488:194701),systemResources.CPU_12,18961,1.00 percent
2023-06-06 16:31:28,(2(0)-1686083488:194717),systemResources.CPU_13,18962,0.00 percent
2023-06-06 16:31:28,(2(0)-1686083488:194734),systemResources.CPU_14,18963,0.00 percent
2023-06-06 16:31:28,(2(0)-1686083488:194751),systemResources.CPU_15,18964,0.99 percent
2023-06-06 16:31:28,(2(0)-1686083488:194752),systemResources.CPU,18948,1.18 percent
2023-06-06 16:31:28,(2(0)-1686083488:194766),systemResources.FRAMEWORK_VERSION,18965,v3.2.0
2023-06-06 16:31:28,(2(0)-1686083488:194768),systemResources.PROJECT_VERSION,18966,v3.2.0
2023-06-06 16:31:30,(2(0)-1686083490:203276),systemResources.CPU_14,18963,0.98 percent
2023-06-06 16:31:30,(2(0)-1686083490:203296),systemResources.CPU_15,18964,0.00 percent
2023-06-06 16:31:30,(2(0)-1686083490:203296),systemResources.CPU,18948,1.16 percent
2023-06-06 16:31:30,(2(0)-1686083490:203312),systemResources.FRAMEWORK_VERSION,18965,v3.2.0
2023-06-06 16:31:30,(2(0)-1686083490:203315),systemResources.PROJECT_VERSION,18966,v3.2.0
2023-06-06 16:31:30,(2(0)-1686083490:202696),blockDrv.BD_Cycles,256,19
2023-06-06 16:31:30,(2(0)-1686083490:202978),systemResources.CPU_00,18949,0.00 percent
2023-06-06 16:31:30,(2(0)-1686083490:203004),systemResources.CPU_01,18950,0.98 percent
2023-06-06 16:31:30,(2(0)-1686083490:203025),systemResources.CPU_02,18951,0.00 percent
2023-06-06 16:31:30,(2(0)-1686083490:203046),systemResources.CPU_03,18952,1.00 percent
2023-06-06 16:31:30,(2(0)-1686083490:203068),systemResources.CPU_04,18953,0.99 percent
2023-06-06 16:31:30,(2(0)-1686083490:203089),systemResources.CPU_05,18954,1.00 percent
2023-06-06 16:31:30,(2(0)-1686083490:203110),systemResources.CPU_06,18955,1.00 percent
2023-06-06 16:31:30,(2(0)-1686083490:203131),systemResources.CPU_07,18956,0.00 percent
2023-06-06 16:31:30,(2(0)-1686083490:203152),systemResources.CPU_08,18957,1.00 percent
2023-06-06 16:31:30,(2(0)-1686083490:203173),systemResources.CPU_09,18958,5.88 percent
2023-06-06 16:31:30,(2(0)-1686083490:203195),systemResources.CPU_10,18959,5.77 percent
2023-06-06 16:31:30,(2(0)-1686083490:203216),systemResources.CPU_11,18960,0.00 percent
2023-06-06 16:31:30,(2(0)-1686083490:203236),systemResources.CPU_12,18961,0.00 percent
2023-06-06 16:31:30,(2(0)-1686083490:203256),systemResources.CPU_13,18962,0.00 percent
2023-06-06 16:31:31,(2(0)-1686083491:203424),blockDrv.BD_Cycles,256,20
2023-06-06 16:31:31,(2(0)-1686083491:203825),systemResources.CPU_14,18963,1.00 percent
2023-06-06 16:31:31,(2(0)-1686083491:203837),systemResources.CPU_15,18964,1.00 percent
2023-06-06 16:31:31,(2(0)-1686083491:203837),systemResources.CPU,18948,1.31 percent
2023-06-06 16:31:31,(2(0)-1686083491:203850),systemResources.FRAMEWORK_VERSION,18965,v3.2.0
2023-06-06 16:31:31,(2(0)-1686083491:203852),systemResources.PROJECT_VERSION,18966,v3.2.0
2023-06-06 16:31:32,(2(0)-1686083492:203789),blockDrv.BD_Cycles,256,21
2023-06-06 16:31:31,(2(0)-1686083491:203654),systemResources.CPU_00,18949,2.00 percent
2023-06-06 16:31:31,(2(0)-1686083491:203672),systemResources.CPU_01,18950,2.94 percent
2023-06-06 16:31:31,(2(0)-1686083491:203685),systemResources.CPU_02,18951,0.00 percent
2023-06-06 16:31:31,(2(0)-1686083491:203696),systemResources.CPU_03,18952,0.00 percent
2023-06-06 16:31:31,(2(0)-1686083491:203708),systemResources.CPU_04,18953,1.00 percent
2023-06-06 16:31:31,(2(0)-1686083491:203720),systemResources.CPU_05,18954,2.02 percent
2023-06-06 16:31:31,(2(0)-1686083491:203731),systemResources.CPU_06,18955,0.00 percent
2023-06-06 16:31:31,(2(0)-1686083491:203743),systemResources.CPU_07,18956,0.00 percent
2023-06-06 16:31:31,(2(0)-1686083491:203754),systemResources.CPU_08,18957,1.01 percent
2023-06-06 16:31:31,(2(0)-1686083491:203766),systemResources.CPU_09,18958,5.00 percent
2023-06-06 16:31:31,(2(0)-1686083491:203778),systemResources.CPU_10,18959,3.96 percent
2023-06-06 16:31:31,(2(0)-1686083491:203789),systemResources.CPU_11,18960,0.00 percent
2023-06-06 16:31:31,(2(0)-1686083491:203801),systemResources.CPU_12,18961,1.01 percent
2023-06-06 16:31:31,(2(0)-1686083491:203813),systemResources.CPU_13,18962,0.00 percent
2023-06-06 16:31:33,(2(0)-1686083493:217365),blockDrv.BD_Cycles,256,22
2023-06-06 16:31:32,(2(0)-1686083492:203968),systemResources.CPU_00,18949,1.01 percent
2023-06-06 16:31:32,(2(0)-1686083492:203985),systemResources.CPU_01,18950,3.96 percent
2023-06-06 16:31:32,(2(0)-1686083492:203997),systemResources.CPU_02,18951,0.00 percent
2023-06-06 16:31:32,(2(0)-1686083492:204010),systemResources.CPU_03,18952,0.00 percent
2023-06-06 16:31:32,(2(0)-1686083492:204023),systemResources.CPU_04,18953,0.00 percent
2023-06-06 16:31:32,(2(0)-1686083492:204035),systemResources.CPU_05,18954,3.92 percent
2023-06-06 16:31:32,(2(0)-1686083492:204048),systemResources.CPU_06,18955,1.01 percent
2023-06-06 16:31:32,(2(0)-1686083492:204061),systemResources.CPU_07,18956,0.99 percent
2023-06-06 16:31:32,(2(0)-1686083492:204073),systemResources.CPU_08,18957,2.00 percent
2023-06-06 16:31:32,(2(0)-1686083492:204086),systemResources.CPU_09,18958,5.15 percent
2023-06-06 16:31:32,(2(0)-1686083492:204099),systemResources.CPU_10,18959,1.02 percent
2023-06-06 16:31:32,(2(0)-1686083492:204112),systemResources.CPU_11,18960,0.00 percent
2023-06-06 16:31:32,(2(0)-1686083492:204124),systemResources.CPU_12,18961,2.02 percent
2023-06-06 16:31:32,(2(0)-1686083492:204137),systemResources.CPU_13,18962,0.00 percent
2023-06-06 16:31:32,(2(0)-1686083492:204150),systemResources.CPU_14,18963,0.00 percent
2023-06-06 16:31:32,(2(0)-1686083492:204162),systemResources.CPU_15,18964,0.00 percent
2023-06-06 16:31:32,(2(0)-1686083492:204162),systemResources.CPU,18948,1.32 percent
2023-06-06 16:31:32,(2(0)-1686083492:204174),systemResources.FRAMEWORK_VERSION,18965,v3.2.0
2023-06-06 16:31:32,(2(0)-1686083492:204175),systemResources.PROJECT_VERSION,18966,v3.2.0
2023-06-06 16:31:33,(2(0)-1686083493:217651),systemResources.CPU_14,18963,0.00 percent
2023-06-06 16:31:33,(2(0)-1686083493:217660),systemResources.CPU_15,18964,0.00 percent
2023-06-06 16:31:33,(2(0)-1686083493:217661),systemResources.CPU,18948,0.68 percent
2023-06-06 16:31:33,(2(0)-1686083493:217674),systemResources.FRAMEWORK_VERSION,18965,v3.2.0
2023-06-06 16:31:33,(2(0)-1686083493:217675),systemResources.PROJECT_VERSION,18966,v3.2.0
2023-06-06 16:31:34,(2(0)-1686083494:234312),blockDrv.BD_Cycles,256,23
2023-06-06 16:31:33,(2(0)-1686083493:217525),systemResources.CPU_00,18949,0.00 percent
2023-06-06 16:31:33,(2(0)-1686083493:217537),systemResources.CPU_01,18950,1.96 percent
2023-06-06 16:31:33,(2(0)-1686083493:217546),systemResources.CPU_02,18951,0.99 percent
2023-06-06 16:31:33,(2(0)-1686083493:217555),systemResources.CPU_03,18952,0.00 percent
2023-06-06 16:31:33,(2(0)-1686083493:217564),systemResources.CPU_04,18953,0.00 percent
2023-06-06 16:31:33,(2(0)-1686083493:217572),systemResources.CPU_05,18954,0.99 percent
2023-06-06 16:31:33,(2(0)-1686083493:217581),systemResources.CPU_06,18955,0.98 percent
2023-06-06 16:31:33,(2(0)-1686083493:217590),systemResources.CPU_07,18956,0.00 percent
2023-06-06 16:31:33,(2(0)-1686083493:217598),systemResources.CPU_08,18957,0.99 percent
2023-06-06 16:31:33,(2(0)-1686083493:217607),systemResources.CPU_09,18958,4.95 percent
2023-06-06 16:31:33,(2(0)-1686083493:217616),systemResources.CPU_10,18959,0.00 percent
2023-06-06 16:31:33,(2(0)-1686083493:217625),systemResources.CPU_11,18960,0.00 percent
2023-06-06 16:31:33,(2(0)-1686083493:217633),systemResources.CPU_12,18961,0.00 percent
2023-06-06 16:31:33,(2(0)-1686083493:217643),systemResources.CPU_13,18962,0.00 percent
2023-06-06 16:31:35,(2(0)-1686083495:240453),blockDrv.BD_Cycles,256,24
2023-06-06 16:31:34,(2(0)-1686083494:234580),systemResources.CPU_00,18949,0.99 percent
2023-06-06 16:31:34,(2(0)-1686083494:234599),systemResources.CPU_01,18950,1.98 percent
2023-06-06 16:31:34,(2(0)-1686083494:234613),systemResources.CPU_02,18951,2.00 percent
2023-06-06 16:31:34,(2(0)-1686083494:234628),systemResources.CPU_03,18952,0.00 percent
2023-06-06 16:31:34,(2(0)-1686083494:234643),systemResources.CPU_04,18953,0.00 percent
2023-06-06 16:31:34,(2(0)-1686083494:234658),systemResources.CPU_05,18954,0.99 percent
2023-06-06 16:31:34,(2(0)-1686083494:234672),systemResources.CPU_06,18955,0.00 percent
2023-06-06 16:31:34,(2(0)-1686083494:234686),systemResources.CPU_07,18956,0.98 percent
2023-06-06 16:31:34,(2(0)-1686083494:234701),systemResources.CPU_08,18957,2.94 percent
2023-06-06 16:31:34,(2(0)-1686083494:234715),systemResources.CPU_09,18958,1.03 percent
2023-06-06 16:31:34,(2(0)-1686083494:234729),systemResources.CPU_10,18959,5.77 percent
2023-06-06 16:31:34,(2(0)-1686083494:234744),systemResources.CPU_11,18960,0.00 percent
2023-06-06 16:31:34,(2(0)-1686083494:234758),systemResources.CPU_12,18961,0.98 percent
2023-06-06 16:31:34,(2(0)-1686083494:234772),systemResources.CPU_13,18962,0.00 percent
2023-06-06 16:31:34,(2(0)-1686083494:234786),systemResources.CPU_14,18963,0.00 percent
2023-06-06 16:31:34,(2(0)-1686083494:234800),systemResources.CPU_15,18964,0.99 percent
2023-06-06 16:31:34,(2(0)-1686083494:234801),systemResources.CPU,18948,1.17 percent
2023-06-06 16:31:34,(2(0)-1686083494:234816),systemResources.FRAMEWORK_VERSION,18965,v3.2.0
2023-06-06 16:31:34,(2(0)-1686083494:234817),systemResources.PROJECT_VERSION,18966,v3.2.0
2023-06-06 16:31:35,(2(0)-1686083495:240897),systemResources.CPU_14,18963,0.00 percent
2023-06-06 16:31:35,(2(0)-1686083495:240914),systemResources.CPU_15,18964,0.00 percent
2023-06-06 16:31:35,(2(0)-1686083495:240914),systemResources.CPU,18948,1.12 percent
2023-06-06 16:31:35,(2(0)-1686083495:240933),systemResources.FRAMEWORK_VERSION,18965,v3.2.0
2023-06-06 16:31:35,(2(0)-1686083495:240934),systemResources.PROJECT_VERSION,18966,v3.2.0
2023-06-06 16:31:36,(2(0)-1686083496:253778),blockDrv.BD_Cycles,256,25
2023-06-06 16:31:35,(2(0)-1686083495:240669),systemResources.CPU_00,18949,0.00 percent
2023-06-06 16:31:35,(2(0)-1686083495:240692),systemResources.CPU_01,18950,0.99 percent
2023-06-06 16:31:35,(2(0)-1686083495:240708),systemResources.CPU_02,18951,2.00 percent
2023-06-06 16:31:35,(2(0)-1686083495:240725),systemResources.CPU_03,18952,0.00 percent
2023-06-06 16:31:35,(2(0)-1686083495:240741),systemResources.CPU_04,18953,0.99 percent
2023-06-06 16:31:35,(2(0)-1686083495:240757),systemResources.CPU_05,18954,0.99 percent
2023-06-06 16:31:35,(2(0)-1686083495:240772),systemResources.CPU_06,18955,1.00 percent
2023-06-06 16:31:35,(2(0)-1686083495:240788),systemResources.CPU_07,18956,0.00 percent
2023-06-06 16:31:35,(2(0)-1686083495:240803),systemResources.CPU_08,18957,1.98 percent
2023-06-06 16:31:35,(2(0)-1686083495:240819),systemResources.CPU_09,18958,5.94 percent
2023-06-06 16:31:35,(2(0)-1686083495:240835),systemResources.CPU_10,18959,0.00 percent
2023-06-06 16:31:35,(2(0)-1686083495:240850),systemResources.CPU_11,18960,0.00 percent
2023-06-06 16:31:35,(2(0)-1686083495:240866),systemResources.CPU_12,18961,2.97 percent
2023-06-06 16:31:35,(2(0)-1686083495:240882),systemResources.CPU_13,18962,0.99 percent
2023-06-06 16:31:35,(2(0)-1686083495:240904),rateGroup3.RgMaxTime,1024,576 us
2023-06-06 16:31:37,(2(0)-1686083497:259936),blockDrv.BD_Cycles,256,26
2023-06-06 16:31:36,(2(0)-1686083496:254662),systemResources.CPU_00,18949,0.99 percent
2023-06-06 16:31:36,(2(0)-1686083496:254688),systemResources.CPU_01,18950,0.00 percent
2023-06-06 16:31:36,(2(0)-1686083496:254705),systemResources.CPU_02,18951,2.94 percent
2023-06-06 16:31:36,(2(0)-1686083496:254722),systemResources.CPU_03,18952,0.00 percent
2023-06-06 16:31:36,(2(0)-1686083496:254739),systemResources.CPU_04,18953,0.00 percent
2023-06-06 16:31:36,(2(0)-1686083496:254757),systemResources.CPU_05,18954,0.00 percent
2023-06-06 16:31:36,(2(0)-1686083496:254774),systemResources.CPU_06,18955,1.98 percent
2023-06-06 16:31:36,(2(0)-1686083496:254792),systemResources.CPU_07,18956,0.00 percent
2023-06-06 16:31:36,(2(0)-1686083496:254810),systemResources.CPU_08,18957,0.98 percent
2023-06-06 16:31:36,(2(0)-1686083496:254828),systemResources.CPU_09,18958,2.94 percent
2023-06-06 16:31:36,(2(0)-1686083496:254846),systemResources.CPU_10,18959,3.03 percent
2023-06-06 16:31:36,(2(0)-1686083496:254865),systemResources.CPU_11,18960,0.00 percent
2023-06-06 16:31:36,(2(0)-1686083496:254884),systemResources.CPU_12,18961,0.98 percent
2023-06-06 16:31:36,(2(0)-1686083496:254903),systemResources.CPU_13,18962,0.00 percent
2023-06-06 16:31:36,(2(0)-1686083496:254921),systemResources.CPU_14,18963,0.99 percent
2023-06-06 16:31:36,(2(0)-1686083496:254940),systemResources.CPU_15,18964,0.00 percent
2023-06-06 16:31:36,(2(0)-1686083496:254941),systemResources.CPU,18948,0.93 percent
2023-06-06 16:31:36,(2(0)-1686083496:254954),systemResources.FRAMEWORK_VERSION,18965,v3.2.0
2023-06-06 16:31:36,(2(0)-1686083496:254956),systemResources.PROJECT_VERSION,18966,v3.2.0
2023-06-06 16:31:36,(2(0)-1686083496:254958),rateGroup1.RgMaxTime,512,1211 us
2023-06-06 16:31:37,(2(0)-1686083497:260360),systemResources.CPU_14,18963,0.00 percent
2023-06-06 16:31:37,(2(0)-1686083497:260374),systemResources.CPU_15,18964,0.99 percent
2023-06-06 16:31:37,(2(0)-1686083497:260375),systemResources.CPU,18948,0.56 percent
2023-06-06 16:31:37,(2(0)-1686083497:260391),systemResources.FRAMEWORK_VERSION,18965,v3.2.0
2023-06-06 16:31:37,(2(0)-1686083497:260393),systemResources.PROJECT_VERSION,18966,v3.2.0
2023-06-06 16:31:38,(2(0)-1686083498:260886),blockDrv.BD_Cycles,256,27
2023-06-06 16:31:37,(2(0)-1686083497:260158),systemResources.CPU_00,18949,1.98 percent
2023-06-06 16:31:37,(2(0)-1686083497:260177),systemResources.CPU_01,18950,0.00 percent
2023-06-06 16:31:37,(2(0)-1686083497:260191),systemResources.CPU_02,18951,0.00 percent
2023-06-06 16:31:37,(2(0)-1686083497:260206),systemResources.CPU_03,18952,0.98 percent
2023-06-06 16:31:37,(2(0)-1686083497:260220),systemResources.CPU_04,18953,0.00 percent
2023-06-06 16:31:37,(2(0)-1686083497:260234),systemResources.CPU_05,18954,0.00 percent
2023-06-06 16:31:37,(2(0)-1686083497:260248),systemResources.CPU_06,18955,1.96 percent
2023-06-06 16:31:37,(2(0)-1686083497:260262),systemResources.CPU_07,18956,0.00 percent
2023-06-06 16:31:37,(2(0)-1686083497:260276),systemResources.CPU_08,18957,0.99 percent
2023-06-06 16:31:37,(2(0)-1686083497:260290),systemResources.CPU_09,18958,0.00 percent
2023-06-06 16:31:37,(2(0)-1686083497:260305),systemResources.CPU_10,18959,1.00 percent
2023-06-06 16:31:37,(2(0)-1686083497:260318),systemResources.CPU_11,18960,0.00 percent
2023-06-06 16:31:37,(2(0)-1686083497:260332),systemResources.CPU_12,18961,0.99 percent
2023-06-06 16:31:37,(2(0)-1686083497:260346),systemResources.CPU_13,18962,0.00 percent
2023-06-06 16:31:39,(2(0)-1686083499:263478),blockDrv.BD_Cycles,256,28
2023-06-06 16:31:39,(2(0)-1686083499:263659),systemResources.CPU_00,18949,0.00 percent
2023-06-06 16:31:39,(2(0)-1686083499:263678),systemResources.CPU_01,18950,1.00 percent
2023-06-06 16:31:39,(2(0)-1686083499:263694),systemResources.CPU_02,18951,1.98 percent
2023-06-06 16:31:39,(2(0)-1686083499:263709),systemResources.CPU_03,18952,0.00 percent
2023-06-06 16:31:39,(2(0)-1686083499:263723),systemResources.CPU_04,18953,0.99 percent
2023-06-06 16:31:39,(2(0)-1686083499:263738),systemResources.CPU_05,18954,0.00 percent
2023-06-06 16:31:39,(2(0)-1686083499:263753),systemResources.CPU_06,18955,0.00 percent
2023-06-06 16:31:39,(2(0)-1686083499:263768),systemResources.CPU_07,18956,0.00 percent
2023-06-06 16:31:39,(2(0)-1686083499:263782),systemResources.CPU_08,18957,0.00 percent
2023-06-06 16:31:39,(2(0)-1686083499:263797),systemResources.CPU_09,18958,3.96 percent
2023-06-06 16:31:38,(2(0)-1686083498:261213),systemResources.CPU_10,18959,2.97 percent
2023-06-06 16:31:38,(2(0)-1686083498:261222),systemResources.CPU_11,18960,0.00 percent
2023-06-06 16:31:38,(2(0)-1686083498:261231),systemResources.CPU_12,18961,2.00 percent
2023-06-06 16:31:38,(2(0)-1686083498:261240),systemResources.CPU_13,18962,0.00 percent
2023-06-06 16:31:38,(2(0)-1686083498:261249),systemResources.CPU_14,18963,1.02 percent
2023-06-06 16:31:38,(2(0)-1686083498:261257),systemResources.CPU_15,18964,0.99 percent
2023-06-06 16:31:38,(2(0)-1686083498:261258),systemResources.CPU,18948,1.05 percent
2023-06-06 16:31:38,(2(0)-1686083498:261271),systemResources.FRAMEWORK_VERSION,18965,v3.2.0
2023-06-06 16:31:38,(2(0)-1686083498:261272),systemResources.PROJECT_VERSION,18966,v3.2.0
2023-06-06 16:31:40,(2(0)-1686083500:264091),systemResources.CPU_14,18963,2.00 percent
2023-06-06 16:31:40,(2(0)-1686083500:264105),systemResources.CPU_15,18964,0.00 percent
2023-06-06 16:31:40,(2(0)-1686083500:264106),systemResources.CPU,18948,0.56 percent
2023-06-06 16:31:40,(2(0)-1686083500:264119),systemResources.FRAMEWORK_VERSION,18965,v3.2.0
2023-06-06 16:31:40,(2(0)-1686083500:264121),systemResources.PROJECT_VERSION,18966,v3.2.0
2023-06-06 16:31:40,(2(0)-1686083500:263724),blockDrv.BD_Cycles,256,29
2023-06-06 16:31:40,(2(0)-1686083500:263892),systemResources.CPU_00,18949,0.00 percent
2023-06-06 16:31:40,(2(0)-1686083500:263910),systemResources.CPU_01,18950,1.00 percent
2023-06-06 16:31:40,(2(0)-1686083500:263924),systemResources.CPU_02,18951,0.00 percent
2023-06-06 16:31:40,(2(0)-1686083500:263938),systemResources.CPU_03,18952,0.00 percent
2023-06-06 16:31:40,(2(0)-1686083500:263952),systemResources.CPU_04,18953,1.98 percent
2023-06-06 16:31:40,(2(0)-1686083500:263966),systemResources.CPU_05,18954,1.98 percent
2023-06-06 16:31:40,(2(0)-1686083500:263980),systemResources.CPU_06,18955,0.00 percent
2023-06-06 16:31:40,(2(0)-1686083500:263994),systemResources.CPU_07,18956,0.00 percent
2023-06-06 16:31:40,(2(0)-1686083500:264008),systemResources.CPU_08,18957,1.02 percent
2023-06-06 16:31:40,(2(0)-1686083500:264022),systemResources.CPU_09,18958,0.00 percent
2023-06-06 16:31:40,(2(0)-1686083500:264036),systemResources.CPU_10,18959,1.01 percent
2023-06-06 16:31:40,(2(0)-1686083500:264050),systemResources.CPU_11,18960,0.00 percent
2023-06-06 16:31:40,(2(0)-1686083500:264063),systemResources.CPU_12,18961,0.00 percent
2023-06-06 16:31:40,(2(0)-1686083500:264077),systemResources.CPU_13,18962,0.00 percent
2023-06-06 16:31:41,(2(0)-1686083501:296155),blockDrv.BD_Cycles,256,30
2023-06-06 16:31:41,(2(0)-1686083501:296778),rateGroup2.RgMaxTime,768,694 us
2023-06-06 16:31:41,(2(0)-1686083501:296431),systemResources.CPU_00,18949,0.00 percent
2023-06-06 16:31:41,(2(0)-1686083501:296453),systemResources.CPU_01,18950,0.00 percent
2023-06-06 16:31:41,(2(0)-1686083501:296470),systemResources.CPU_02,18951,0.00 percent
2023-06-06 16:31:41,(2(0)-1686083501:296488),systemResources.CPU_03,18952,0.00 percent
2023-06-06 16:31:41,(2(0)-1686083501:296505),systemResources.CPU_04,18953,0.00 percent
2023-06-06 16:31:41,(2(0)-1686083501:296522),systemResources.CPU_05,18954,0.00 percent
2023-06-06 16:31:41,(2(0)-1686083501:296539),systemResources.CPU_06,18955,0.00 percent
2023-06-06 16:31:41,(2(0)-1686083501:296556),systemResources.CPU_07,18956,0.00 percent
2023-06-06 16:31:41,(2(0)-1686083501:296573),systemResources.CPU_08,18957,0.00 percent
2023-06-06 16:31:41,(2(0)-1686083501:296590),systemResources.CPU_09,18958,0.00 percent
2023-06-06 16:31:41,(2(0)-1686083501:296608),systemResources.CPU_10,18959,0.00 percent
2023-06-06 16:31:41,(2(0)-1686083501:296625),systemResources.CPU_11,18960,0.97 percent
2023-06-06 16:31:41,(2(0)-1686083501:296642),systemResources.CPU_12,18961,0.00 percent
2023-06-06 16:31:41,(2(0)-1686083501:296660),systemResources.CPU_13,18962,0.00 percent
2023-06-06 16:31:41,(2(0)-1686083501:296677),systemResources.CPU_14,18963,0.98 percent
2023-06-06 16:31:41,(2(0)-1686083501:296695),systemResources.CPU_15,18964,0.00 percent
2023-06-06 16:31:41,(2(0)-1686083501:296695),systemResources.CPU,18948,0.12 percent
2023-06-06 16:31:41,(2(0)-1686083501:296709),systemResources.FRAMEWORK_VERSION,18965,v3.2.0
2023-06-06 16:31:41,(2(0)-1686083501:296710),systemResources.PROJECT_VERSION,18966,v3.2.0
2023-06-06 16:31:42,(2(0)-1686083502:330448),blockDrv.BD_Cycles,256,31
2023-06-06 16:31:43,(2(0)-1686083503:367894),blockDrv.BD_Cycles,256,32
2023-06-06 16:31:43,(2(0)-1686083503:368563),rateGroup2.RgMaxTime,768,786 us
2023-06-06 16:31:43,(2(0)-1686083503:368133),systemResources.CPU_00,18949,12.62 percent
2023-06-06 16:31:43,(2(0)-1686083503:368158),systemResources.CPU_01,18950,0.00 percent
2023-06-06 16:31:43,(2(0)-1686083503:368180),systemResources.CPU_02,18951,0.00 percent
2023-06-06 16:31:43,(2(0)-1686083503:368201),systemResources.CPU_03,18952,0.00 percent
2023-06-06 16:31:43,(2(0)-1686083503:368223),systemResources.CPU_04,18953,1.90 percent
2023-06-06 16:31:43,(2(0)-1686083503:368244),systemResources.CPU_05,18954,0.00 percent
2023-06-06 16:31:43,(2(0)-1686083503:368266),systemResources.CPU_06,18955,0.00 percent
2023-06-06 16:31:43,(2(0)-1686083503:368287),systemResources.CPU_07,18956,0.00 percent
2023-06-06 16:31:43,(2(0)-1686083503:368308),systemResources.CPU_08,18957,1.94 percent
2023-06-06 16:31:43,(2(0)-1686083503:368329),systemResources.CPU_09,18958,0.95 percent
2023-06-06 16:31:43,(2(0)-1686083503:368350),systemResources.CPU_10,18959,0.00 percent
2023-06-06 16:31:43,(2(0)-1686083503:368371),systemResources.CPU_11,18960,0.00 percent
2023-06-06 16:31:43,(2(0)-1686083503:368393),systemResources.CPU_12,18961,0.95 percent
2023-06-06 16:31:43,(2(0)-1686083503:368877),rateGroup3.RgMaxTime,1024,1100 us
2023-06-06 16:31:43,(2(0)-1686083503:368414),systemResources.CPU_13,18962,0.00 percent
2023-06-06 16:31:43,(2(0)-1686083503:368435),systemResources.CPU_14,18963,1.94 percent
2023-06-06 16:31:43,(2(0)-1686083503:368457),systemResources.CPU_15,18964,0.00 percent
2023-06-06 16:31:43,(2(0)-1686083503:368458),systemResources.CPU,18948,1.27 percent
2023-06-06 16:31:43,(2(0)-1686083503:368474),systemResources.FRAMEWORK_VERSION,18965,v3.2.0
2023-06-06 16:31:43,(2(0)-1686083503:368477),systemResources.PROJECT_VERSION,18966,v3.2.0
2023-06-06 16:31:44,(2(0)-1686083504:368144),blockDrv.BD_Cycles,256,33
2023-06-06 16:31:44,(2(0)-1686083504:368306),systemResources.CPU_00,18949,0.00 percent
2023-06-06 16:31:44,(2(0)-1686083504:368324),systemResources.CPU_01,18950,0.00 percent
2023-06-06 16:31:45,(2(0)-1686083505:368851),blockDrv.BD_Cycles,256,34
2023-06-06 16:31:44,(2(0)-1686083504:368338),systemResources.CPU_02,18951,1.00 percent
2023-06-06 16:31:44,(2(0)-1686083504:368353),systemResources.CPU_03,18952,0.00 percent
2023-06-06 16:31:44,(2(0)-1686083504:368367),systemResources.CPU_04,18953,0.00 percent
2023-06-06 16:31:44,(2(0)-1686083504:368381),systemResources.CPU_05,18954,1.01 percent
2023-06-06 16:31:44,(2(0)-1686083504:368395),systemResources.CPU_06,18955,0.00 percent
2023-06-06 16:31:44,(2(0)-1686083504:368410),systemResources.CPU_07,18956,0.00 percent
2023-06-06 16:31:44,(2(0)-1686083504:368423),systemResources.CPU_08,18957,1.00 percent
2023-06-06 16:31:44,(2(0)-1686083504:368437),systemResources.CPU_09,18958,0.00 percent
2023-06-06 16:31:44,(2(0)-1686083504:368451),systemResources.CPU_10,18959,0.00 percent
2023-06-06 16:31:44,(2(0)-1686083504:368465),systemResources.CPU_11,18960,0.00 percent
2023-06-06 16:31:44,(2(0)-1686083504:368480),systemResources.CPU_12,18961,1.00 percent
2023-06-06 16:31:44,(2(0)-1686083504:368494),systemResources.CPU_13,18962,2.00 percent
2023-06-06 16:31:44,(2(0)-1686083504:368508),systemResources.CPU_14,18963,4.04 percent
2023-06-06 16:31:44,(2(0)-1686083504:368523),systemResources.CPU_15,18964,0.00 percent
2023-06-06 16:31:44,(2(0)-1686083504:368524),systemResources.CPU,18948,0.63 percent
2023-06-06 16:31:44,(2(0)-1686083504:368538),systemResources.FRAMEWORK_VERSION,18965,v3.2.0
2023-06-06 16:31:44,(2(0)-1686083504:368540),systemResources.PROJECT_VERSION,18966,v3.2.0
2023-06-06 16:31:45,(2(0)-1686083505:369218),systemResources.CPU_14,18963,4.08 percent
2023-06-06 16:31:45,(2(0)-1686083505:369227),systemResources.CPU_15,18964,0.00 percent
2023-06-06 16:31:45,(2(0)-1686083505:369228),systemResources.CPU,18948,1.69 percent
2023-06-06 16:31:45,(2(0)-1686083505:369239),systemResources.FRAMEWORK_VERSION,18965,v3.2.0
2023-06-06 16:31:45,(2(0)-1686083505:369240),systemResources.PROJECT_VERSION,18966,v3.2.0
2023-06-06 16:31:46,(2(0)-1686083506:369572),blockDrv.BD_Cycles,256,35
2023-06-06 16:31:45,(2(0)-1686083505:369088),systemResources.CPU_00,18949,1.01 percent
2023-06-06 16:31:45,(2(0)-1686083505:369101),systemResources.CPU_01,18950,3.88 percent
2023-06-06 16:31:45,(2(0)-1686083505:369110),systemResources.CPU_02,18951,5.10 percent
2023-06-06 16:31:45,(2(0)-1686083505:369120),systemResources.CPU_03,18952,0.00 percent
2023-06-06 16:31:45,(2(0)-1686083505:369129),systemResources.CPU_04,18953,2.00 percent
2023-06-06 16:31:45,(2(0)-1686083505:369138),systemResources.CPU_05,18954,0.00 percent
2023-06-06 16:31:45,(2(0)-1686083505:369146),systemResources.CPU_06,18955,0.00 percent
2023-06-06 16:31:45,(2(0)-1686083505:369155),systemResources.CPU_07,18956,0.99 percent
2023-06-06 16:31:45,(2(0)-1686083505:369165),systemResources.CPU_08,18957,2.00 percent
2023-06-06 16:31:45,(2(0)-1686083505:369174),systemResources.CPU_09,18958,0.00 percent
2023-06-06 16:31:45,(2(0)-1686083505:369183),systemResources.CPU_10,18959,1.00 percent
2023-06-06 16:31:45,(2(0)-1686083505:369192),systemResources.CPU_11,18960,1.01 percent
2023-06-06 16:31:45,(2(0)-1686083505:369200),systemResources.CPU_12,18961,3.96 percent
2023-06-06 16:31:45,(2(0)-1686083505:369209),systemResources.CPU_13,18962,2.06 percent
2023-06-06 16:31:47,(2(0)-1686083507:390551),blockDrv.BD_Cycles,256,36
2023-06-06 16:31:47,(2(0)-1686083507:390709),systemResources.CPU_00,18949,1.94 percent
2023-06-06 16:31:47,(2(0)-1686083507:390732),systemResources.CPU_01,18950,0.99 percent
2023-06-06 16:31:47,(2(0)-1686083507:390749),systemResources.CPU_02,18951,1.96 percent
2023-06-06 16:31:47,(2(0)-1686083507:390767),systemResources.CPU_03,18952,0.00 percent
2023-06-06 16:31:47,(2(0)-1686083507:390785),systemResources.CPU_04,18953,1.96 percent
2023-06-06 16:31:47,(2(0)-1686083507:390802),systemResources.CPU_05,18954,0.97 percent
2023-06-06 16:31:47,(2(0)-1686083507:390820),systemResources.CPU_06,18955,1.94 percent
2023-06-06 16:31:47,(2(0)-1686083507:390837),systemResources.CPU_07,18956,0.00 percent
2023-06-06 16:31:47,(2(0)-1686083507:390855),systemResources.CPU_08,18957,0.00 percent
2023-06-06 16:31:47,(2(0)-1686083507:390872),systemResources.CPU_09,18958,0.00 percent
2023-06-06 16:31:47,(2(0)-1686083507:390889),systemResources.CPU_10,18959,2.91 percent
2023-06-06 16:31:47,(2(0)-1686083507:390907),systemResources.CPU_11,18960,0.00 percent
2023-06-06 16:31:47,(2(0)-1686083507:390924),systemResources.CPU_12,18961,1.94 percent
2023-06-06 16:31:47,(2(0)-1686083507:390943),systemResources.CPU_13,18962,0.00 percent
2023-06-06 16:31:47,(2(0)-1686083507:390962),systemResources.CPU_14,18963,0.97 percent
2023-06-06 16:31:47,(2(0)-1686083507:390981),systemResources.CPU_15,18964,2.97 percent
2023-06-06 16:31:47,(2(0)-1686083507:390982),systemResources.CPU,18948,1.16 percent
2023-06-06 16:31:47,(2(0)-1686083507:390996),systemResources.FRAMEWORK_VERSION,18965,v3.2.0
2023-06-06 16:31:47,(2(0)-1686083507:390998),systemResources.PROJECT_VERSION,18966,v3.2.0
2023-06-06 16:31:48,(2(0)-1686083508:391922),blockDrv.BD_Cycles,256,37
2023-06-06 16:31:49,(2(0)-1686083509:413757),blockDrv.BD_Cycles,256,38
2023-06-06 16:31:48,(2(0)-1686083508:392114),systemResources.CPU_00,18949,3.96 percent
2023-06-06 16:31:48,(2(0)-1686083508:392129),systemResources.CPU_01,18950,1.00 percent
2023-06-06 16:31:48,(2(0)-1686083508:392140),systemResources.CPU_02,18951,0.00 percent
2023-06-06 16:31:48,(2(0)-1686083508:392150),systemResources.CPU_03,18952,0.00 percent
2023-06-06 16:31:48,(2(0)-1686083508:392159),systemResources.CPU_04,18953,1.00 percent
2023-06-06 16:31:48,(2(0)-1686083508:392169),systemResources.CPU_05,18954,5.77 percent
2023-06-06 16:31:48,(2(0)-1686083508:392179),systemResources.CPU_06,18955,3.00 percent
2023-06-06 16:31:48,(2(0)-1686083508:392188),systemResources.CPU_07,18956,0.00 percent
2023-06-06 16:31:48,(2(0)-1686083508:392198),systemResources.CPU_08,18957,0.00 percent
2023-06-06 16:31:48,(2(0)-1686083508:392208),systemResources.CPU_09,18958,0.00 percent
2023-06-06 16:31:48,(2(0)-1686083508:392217),systemResources.CPU_10,18959,1.01 percent
2023-06-06 16:31:48,(2(0)-1686083508:392227),systemResources.CPU_11,18960,1.00 percent
2023-06-06 16:31:48,(2(0)-1686083508:392236),systemResources.CPU_12,18961,2.00 percent
2023-06-06 16:31:48,(2(0)-1686083508:392246),systemResources.CPU_13,18962,0.00 percent
2023-06-06 16:31:48,(2(0)-1686083508:392256),systemResources.CPU_14,18963,1.00 percent
2023-06-06 16:31:48,(2(0)-1686083508:392265),systemResources.CPU_15,18964,8.00 percent
2023-06-06 16:31:48,(2(0)-1686083508:392266),systemResources.CPU,18948,1.73 percent
2023-06-06 16:31:48,(2(0)-1686083508:392292),systemResources.FRAMEWORK_VERSION,18965,v3.2.0
2023-06-06 16:31:48,(2(0)-1686083508:392293),systemResources.PROJECT_VERSION,18966,v3.2.0
2023-06-06 16:31:49,(2(0)-1686083509:414285),systemResources.CPU_14,18963,0.99 percent
2023-06-06 16:31:49,(2(0)-1686083509:414300),systemResources.CPU_15,18964,7.92 percent
2023-06-06 16:31:49,(2(0)-1686083509:414301),systemResources.CPU,18948,1.97 percent
2023-06-06 16:31:49,(2(0)-1686083509:414315),systemResources.FRAMEWORK_VERSION,18965,v3.2.0
2023-06-06 16:31:49,(2(0)-1686083509:414316),systemResources.PROJECT_VERSION,18966,v3.2.0
2023-06-06 16:31:50,(2(0)-1686083510:442951),blockDrv.BD_Cycles,256,39
2023-06-06 16:31:49,(2(0)-1686083509:414053),systemResources.CPU_00,18949,0.98 percent
2023-06-06 16:31:49,(2(0)-1686083509:414074),systemResources.CPU_01,18950,3.00 percent
2023-06-06 16:31:49,(2(0)-1686083509:414091),systemResources.CPU_02,18951,2.00 percent
2023-06-06 16:31:49,(2(0)-1686083509:414108),systemResources.CPU_03,18952,0.97 percent
2023-06-06 16:31:49,(2(0)-1686083509:414124),systemResources.CPU_04,18953,1.96 percent
2023-06-06 16:31:49,(2(0)-1686083509:414141),systemResources.CPU_05,18954,1.98 percent
2023-06-06 16:31:49,(2(0)-1686083509:414156),systemResources.CPU_06,18955,4.90 percent
2023-06-06 16:31:49,(2(0)-1686083509:414172),systemResources.CPU_07,18956,0.97 percent
2023-06-06 16:31:49,(2(0)-1686083509:414189),systemResources.CPU_08,18957,2.88 percent
2023-06-06 16:31:49,(2(0)-1686083509:414205),systemResources.CPU_09,18958,0.98 percent
2023-06-06 16:31:49,(2(0)-1686083509:414222),systemResources.CPU_10,18959,0.99 percent
2023-06-06 16:31:49,(2(0)-1686083509:414238),systemResources.CPU_11,18960,0.00 percent
2023-06-06 16:31:49,(2(0)-1686083509:414253),systemResources.CPU_12,18961,0.00 percent
2023-06-06 16:31:49,(2(0)-1686083509:414269),systemResources.CPU_13,18962,0.98 percent
