2023-06-06 18:40:29,(2(0)-1686091229:981817),blockDrv.BD_Cycles,256,2
2023-06-06 18:40:31,(2(0)-1686091231:16442),blockDrv.BD_Cycles,256,3
2023-06-06 18:40:29,(2(0)-1686091229:982050),systemResources.CPU_00,18949,0.00 percent
2023-06-06 18:40:29,(2(0)-1686091229:982075),systemResources.CPU_01,18950,0.00 percent
2023-06-06 18:40:29,(2(0)-1686091229:982093),systemResources.CPU_02,18951,0.00 percent
2023-06-06 18:40:29,(2(0)-1686091229:982171),systemResources.CPU_03,18952,0.00 percent
2023-06-06 18:40:29,(2(0)-1686091229:982191),systemResources.CPU_04,18953,0.00 percent
2023-06-06 18:40:29,(2(0)-1686091229:982210),systemResources.CPU_05,18954,0.00 percent
2023-06-06 18:40:29,(2(0)-1686091229:982228),systemResources.CPU_06,18955,0.00 percent
2023-06-06 18:40:29,(2(0)-1686091229:982246),systemResources.CPU_07,18956,0.00 percent
2023-06-06 18:40:29,(2(0)-1686091229:982264),systemResources.CPU_08,18957,0.00 percent
2023-06-06 18:40:29,(2(0)-1686091229:982282),systemResources.CPU_09,18958,0.00 percent
2023-06-06 18:40:29,(2(0)-1686091229:982299),systemResources.CPU_10,18959,0.00 percent
2023-06-06 18:40:29,(2(0)-1686091229:982317),systemResources.CPU_11,18960,0.96 percent
2023-06-06 18:40:29,(2(0)-1686091229:982335),systemResources.CPU_12,18961,0.00 percent
2023-06-06 18:40:29,(2(0)-1686091229:982352),systemResources.CPU_13,18962,0.00 percent
2023-06-06 18:40:29,(2(0)-1686091229:982370),systemResources.CPU_14,18963,24.27 percent
2023-06-06 18:40:29,(2(0)-1686091229:982388),systemResources.CPU_15,18964,0.00 percent
2023-06-06 18:40:29,(2(0)-1686091229:982389),systemResources.CPU,18948,1.58 percent
2023-06-06 18:40:29,(2(0)-1686091229:982407),systemResources.FRAMEWORK_VERSION,18965,v3.2.0
2023-06-06 18:40:29,(2(0)-1686091229:982409),systemResources.PROJECT_VERSION,18966,v3.2.0
2023-06-06 18:40:32,(2(0)-1686091232:20302),blockDrv.BD_Cycles,256,4
2023-06-06 18:40:32,(2(0)-1686091232:20421),systemResources.CPU_00,18949,1.00 percent
2023-06-06 18:40:32,(2(0)-1686091232:20438),systemResources.CPU_01,18950,0.00 percent
2023-06-06 18:40:32,(2(0)-1686091232:20450),systemResources.CPU_02,18951,2.97 percent
2023-06-06 18:40:32,(2(0)-1686091232:20461),systemResources.CPU_03,18952,0.00 percent
2023-06-06 18:40:32,(2(0)-1686091232:20472),systemResources.CPU_04,18953,0.00 percent
2023-06-06 18:40:32,(2(0)-1686091232:20484),systemResources.CPU_05,18954,0.00 percent
2023-06-06 18:40:32,(2(0)-1686091232:20495),systemResources.CPU_06,18955,1.00 percent
2023-06-06 18:40:32,(2(0)-1686091232:20506),systemResources.CPU_07,18956,0.00 percent
2023-06-06 18:40:32,(2(0)-1686091232:20517),systemResources.CPU_08,18957,0.00 percent
2023-06-06 18:40:32,(2(0)-1686091232:20528),systemResources.CPU_09,18958,0.00 percent
2023-06-06 18:40:32,(2(0)-1686091232:20540),systemResources.CPU_10,18959,0.00 percent
2023-06-06 18:40:32,(2(0)-1686091232:20551),systemResources.CPU_11,18960,7.84 percent
2023-06-06 18:40:32,(2(0)-1686091232:20562),systemResources.CPU_12,18961,2.17 percent
2023-06-06 18:40:31,(2(0)-1686091231:17036),systemResources.CPU_13,18962,0.00 percent
2023-06-06 18:40:31,(2(0)-1686091231:17056),systemResources.CPU_14,18963,0.00 percent
2023-06-06 18:40:31,(2(0)-1686091231:17076),systemResources.CPU_15,18964,0.00 percent
2023-06-06 18:40:31,(2(0)-1686091231:17077),systemResources.CPU,18948,0.06 percent
2023-06-06 18:40:31,(2(0)-1686091231:17096),systemResources.FRAMEWORK_VERSION,18965,v3.2.0
2023-06-06 18:40:31,(2(0)-1686091231:17099),systemResources.PROJECT_VERSION,18966,v3.2.0
