2023-06-30 21:21:20,(2(0)-1688174480:59648),blockDrv.BD_Cycles,256,2
2023-06-30 21:21:20,(2(0)-1688174480:59891),rateGroup2.RgMaxTime,768,380 us
2023-06-30 21:21:21,(2(0)-1688174481:60241),systemResources.CPU_03,18952,0.00 percent
2023-06-30 21:21:21,(2(0)-1688174481:60263),systemResources.CPU_04,18953,0.00 percent
2023-06-30 21:21:21,(2(0)-1688174481:60283),systemResources.CPU_05,18954,0.00 percent
2023-06-30 21:21:21,(2(0)-1688174481:60304),systemResources.CPU_06,18955,1.00 percent
2023-06-30 21:21:21,(2(0)-1688174481:60325),systemResources.CPU_07,18956,0.00 percent
2023-06-30 21:21:21,(2(0)-1688174481:60347),systemResources.CPU_08,18957,0.00 percent
2023-06-30 21:21:21,(2(0)-1688174481:60368),systemResources.CPU_09,18958,0.00 percent
2023-06-30 21:21:21,(2(0)-1688174481:60389),systemResources.CPU_10,18959,0.00 percent
2023-06-30 21:21:21,(2(0)-1688174481:60410),systemResources.CPU_11,18960,0.00 percent
2023-06-30 21:21:21,(2(0)-1688174481:60431),systemResources.CPU_12,18961,0.00 percent
2023-06-30 21:21:21,(2(0)-1688174481:60452),systemResources.CPU_13,18962,0.00 percent
2023-06-30 21:21:21,(2(0)-1688174481:60473),systemResources.CPU_14,18963,0.00 percent
2023-06-30 21:21:21,(2(0)-1688174481:60495),systemResources.CPU_15,18964,0.00 percent
2023-06-30 21:21:21,(2(0)-1688174481:60495),systemResources.CPU,18948,0.06 percent
2023-06-30 21:21:21,(2(0)-1688174481:60508),systemResources.FRAMEWORK_VERSION,18965,v3.2.0
2023-06-30 21:21:21,(2(0)-1688174481:60510),systemResources.PROJECT_VERSION,18966,v3.2.0
2023-06-30 21:21:20,(2(0)-1688174480:60418),rateGroup1.RgMaxTime,512,909 us
2023-06-30 21:21:21,(2(0)-1688174481:59975),blockDrv.BD_Cycles,256,3
2023-06-30 21:21:21,(2(0)-1688174481:60174),systemResources.CPU_00,18949,0.00 percent
2023-06-30 21:21:21,(2(0)-1688174481:60198),systemResources.CPU_01,18950,0.00 percent
2023-06-30 21:21:21,(2(0)-1688174481:60220),systemResources.CPU_02,18951,0.00 percent
2023-06-30 21:21:22,(2(0)-1688174482:60188),blockDrv.BD_Cycles,256,4
2023-06-30 21:21:22,(2(0)-1688174482:60357),systemResources.CPU_03,18952,0.00 percent
2023-06-30 21:21:22,(2(0)-1688174482:60373),systemResources.CPU_04,18953,2.13 percent
2023-06-30 21:21:22,(2(0)-1688174482:60390),systemResources.CPU_05,18954,0.00 percent
2023-06-30 21:21:22,(2(0)-1688174482:60406),systemResources.CPU_06,18955,0.00 percent
2023-06-30 21:21:22,(2(0)-1688174482:60423),systemResources.CPU_07,18956,0.00 percent
2023-06-30 21:21:22,(2(0)-1688174482:60440),systemResources.CPU_08,18957,0.00 percent
2023-06-30 21:21:22,(2(0)-1688174482:60456),systemResources.CPU_09,18958,1.02 percent
2023-06-30 21:21:22,(2(0)-1688174482:60473),systemResources.CPU_10,18959,1.00 percent
2023-06-30 21:21:22,(2(0)-1688174482:60490),systemResources.CPU_11,18960,2.00 percent
2023-06-30 21:21:22,(2(0)-1688174482:60507),systemResources.CPU_12,18961,2.00 percent
2023-06-30 21:21:22,(2(0)-1688174482:60523),systemResources.CPU_13,18962,0.00 percent
2023-06-30 21:21:22,(2(0)-1688174482:60541),systemResources.CPU_14,18963,0.00 percent
2023-06-30 21:21:22,(2(0)-1688174482:60558),systemResources.CPU_15,18964,0.00 percent
2023-06-30 21:21:22,(2(0)-1688174482:60558),systemResources.CPU,18948,0.57 percent
2023-06-30 21:21:22,(2(0)-1688174482:60568),systemResources.FRAMEWORK_VERSION,18965,v3.2.0
2023-06-30 21:21:22,(2(0)-1688174482:60570),systemResources.PROJECT_VERSION,18966,v3.2.0
2023-06-30 21:21:23,(2(0)-1688174483:60565),blockDrv.BD_Cycles,256,5
2023-06-30 21:21:22,(2(0)-1688174482:60301),systemResources.CPU_00,18949,0.00 percent
2023-06-30 21:21:22,(2(0)-1688174482:60323),systemResources.CPU_01,18950,0.00 percent
2023-06-30 21:21:22,(2(0)-1688174482:60340),systemResources.CPU_02,18951,1.01 percent
2023-06-30 21:21:24,(2(0)-1688174484:60823),blockDrv.BD_Cycles,256,6
2023-06-30 21:21:23,(2(0)-1688174483:60871),systemResources.CPU_00,18949,0.99 percent
2023-06-30 21:21:23,(2(0)-1688174483:60896),systemResources.CPU_01,18950,0.00 percent
2023-06-30 21:21:23,(2(0)-1688174483:60916),systemResources.CPU_02,18951,0.00 percent
2023-06-30 21:21:23,(2(0)-1688174483:60937),systemResources.CPU_03,18952,0.00 percent
2023-06-30 21:21:23,(2(0)-1688174483:60957),systemResources.CPU_04,18953,5.21 percent
2023-06-30 21:21:23,(2(0)-1688174483:60977),systemResources.CPU_05,18954,0.00 percent
2023-06-30 21:21:23,(2(0)-1688174483:60997),systemResources.CPU_06,18955,0.00 percent
2023-06-30 21:21:23,(2(0)-1688174483:61019),systemResources.CPU_07,18956,0.00 percent
2023-06-30 21:21:23,(2(0)-1688174483:61039),systemResources.CPU_08,18957,0.00 percent
2023-06-30 21:21:23,(2(0)-1688174483:61058),systemResources.CPU_09,18958,0.00 percent
2023-06-30 21:21:23,(2(0)-1688174483:61078),systemResources.CPU_10,18959,0.00 percent
2023-06-30 21:21:23,(2(0)-1688174483:61098),systemResources.CPU_11,18960,0.00 percent
2023-06-30 21:21:23,(2(0)-1688174483:61118),systemResources.CPU_12,18961,0.00 percent
2023-06-30 21:21:23,(2(0)-1688174483:61138),systemResources.CPU_13,18962,0.00 percent
2023-06-30 21:21:23,(2(0)-1688174483:61191),systemResources.CPU_14,18963,0.00 percent
2023-06-30 21:21:23,(2(0)-1688174483:61214),systemResources.CPU_15,18964,0.00 percent
2023-06-30 21:21:23,(2(0)-1688174483:61215),systemResources.CPU,18948,0.39 percent
2023-06-30 21:21:23,(2(0)-1688174483:61226),systemResources.FRAMEWORK_VERSION,18965,v3.2.0
2023-06-30 21:21:23,(2(0)-1688174483:61228),systemResources.PROJECT_VERSION,18966,v3.2.0
2023-06-30 21:21:24,(2(0)-1688174484:60922),systemResources.CPU_03,18952,0.00 percent
2023-06-30 21:21:24,(2(0)-1688174484:60930),systemResources.CPU_04,18953,1.02 percent
2023-06-30 21:21:24,(2(0)-1688174484:60939),systemResources.CPU_05,18954,0.00 percent
2023-06-30 21:21:24,(2(0)-1688174484:60947),systemResources.CPU_06,18955,0.00 percent
2023-06-30 21:21:24,(2(0)-1688174484:60956),systemResources.CPU_07,18956,2.02 percent
2023-06-30 21:21:24,(2(0)-1688174484:60964),systemResources.CPU_08,18957,0.00 percent
2023-06-30 21:21:24,(2(0)-1688174484:60972),systemResources.CPU_09,18958,0.00 percent
2023-06-30 21:21:24,(2(0)-1688174484:60981),systemResources.CPU_10,18959,0.00 percent
2023-06-30 21:21:24,(2(0)-1688174484:60989),systemResources.CPU_11,18960,0.00 percent
2023-06-30 21:21:24,(2(0)-1688174484:60997),systemResources.CPU_12,18961,0.99 percent
2023-06-30 21:21:24,(2(0)-1688174484:61006),systemResources.CPU_13,18962,0.00 percent
2023-06-30 21:21:24,(2(0)-1688174484:61014),systemResources.CPU_14,18963,6.32 percent
2023-06-30 21:21:24,(2(0)-1688174484:61023),systemResources.CPU_15,18964,0.00 percent
2023-06-30 21:21:24,(2(0)-1688174484:61024),systemResources.CPU,18948,1.02 percent
2023-06-30 21:21:24,(2(0)-1688174484:61028),systemResources.FRAMEWORK_VERSION,18965,v3.2.0
2023-06-30 21:21:24,(2(0)-1688174484:61029),systemResources.PROJECT_VERSION,18966,v3.2.0
2023-06-30 21:21:25,(2(0)-1688174485:60941),blockDrv.BD_Cycles,256,7
2023-06-30 21:21:24,(2(0)-1688174484:60894),systemResources.CPU_00,18949,0.00 percent
2023-06-30 21:21:24,(2(0)-1688174484:60905),systemResources.CPU_01,18950,5.97 percent
2023-06-30 21:21:24,(2(0)-1688174484:60914),systemResources.CPU_02,18951,0.00 percent
2023-06-30 21:21:26,(2(0)-1688174486:61360),blockDrv.BD_Cycles,256,8
2023-06-30 21:21:25,(2(0)-1688174485:61202),systemResources.CPU_00,18949,13.19 percent
2023-06-30 21:21:25,(2(0)-1688174485:61214),systemResources.CPU_01,18950,18.99 percent
2023-06-30 21:21:25,(2(0)-1688174485:61223),systemResources.CPU_02,18951,13.68 percent
2023-06-30 21:21:25,(2(0)-1688174485:61231),systemResources.CPU_03,18952,13.98 percent
2023-06-30 21:21:25,(2(0)-1688174485:61241),systemResources.CPU_04,18953,26.88 percent
2023-06-30 21:21:25,(2(0)-1688174485:61249),systemResources.CPU_05,18954,5.15 percent
2023-06-30 21:21:25,(2(0)-1688174485:61259),systemResources.CPU_06,18955,4.40 percent
2023-06-30 21:21:25,(2(0)-1688174485:61267),systemResources.CPU_07,18956,15.62 percent
2023-06-30 21:21:25,(2(0)-1688174485:61276),systemResources.CPU_08,18957,16.16 percent
2023-06-30 21:21:25,(2(0)-1688174485:61285),systemResources.CPU_09,18958,0.00 percent
2023-06-30 21:21:25,(2(0)-1688174485:61295),systemResources.CPU_10,18959,11.88 percent
2023-06-30 21:21:25,(2(0)-1688174485:61304),systemResources.CPU_11,18960,7.07 percent
2023-06-30 21:21:25,(2(0)-1688174485:61314),systemResources.CPU_12,18961,6.38 percent
2023-06-30 21:21:25,(2(0)-1688174485:61324),systemResources.CPU_13,18962,10.20 percent
2023-06-30 21:21:25,(2(0)-1688174485:61333),systemResources.CPU_14,18963,6.45 percent
2023-06-30 21:21:25,(2(0)-1688174485:61345),systemResources.CPU_15,18964,3.06 percent
2023-06-30 21:21:25,(2(0)-1688174485:61346),systemResources.CPU,18948,10.82 percent
2023-06-30 21:21:25,(2(0)-1688174485:61362),systemResources.FRAMEWORK_VERSION,18965,v3.2.0
2023-06-30 21:21:25,(2(0)-1688174485:61364),systemResources.PROJECT_VERSION,18966,v3.2.0
2023-06-30 21:21:26,(2(0)-1688174486:61688),systemResources.CPU_03,18952,0.99 percent
2023-06-30 21:21:26,(2(0)-1688174486:61714),systemResources.CPU_04,18953,5.05 percent
2023-06-30 21:21:26,(2(0)-1688174486:61741),systemResources.CPU_05,18954,1.00 percent
2023-06-30 21:21:26,(2(0)-1688174486:61767),systemResources.CPU_06,18955,2.00 percent
2023-06-30 21:21:26,(2(0)-1688174486:61832),systemResources.CPU_07,18956,2.97 percent
2023-06-30 21:21:26,(2(0)-1688174486:61860),systemResources.CPU_08,18957,4.90 percent
2023-06-30 21:21:26,(2(0)-1688174486:61886),systemResources.CPU_09,18958,0.00 percent
2023-06-30 21:21:26,(2(0)-1688174486:61912),systemResources.CPU_10,18959,0.00 percent
2023-06-30 21:21:26,(2(0)-1688174486:61937),systemResources.CPU_11,18960,1.00 percent
2023-06-30 21:21:26,(2(0)-1688174486:61963),systemResources.CPU_12,18961,3.00 percent
2023-06-30 21:21:26,(2(0)-1688174486:61989),systemResources.CPU_13,18962,0.00 percent
2023-06-30 21:21:26,(2(0)-1688174486:62014),systemResources.CPU_14,18963,2.97 percent
2023-06-30 21:21:26,(2(0)-1688174486:62039),systemResources.CPU_15,18964,1.01 percent
2023-06-30 21:21:26,(2(0)-1688174486:62040),systemResources.CPU,18948,1.68 percent
2023-06-30 21:21:26,(2(0)-1688174486:62055),systemResources.FRAMEWORK_VERSION,18965,v3.2.0
2023-06-30 21:21:26,(2(0)-1688174486:62057),systemResources.PROJECT_VERSION,18966,v3.2.0
2023-06-30 21:21:26,(2(0)-1688174486:61904),rateGroup3.RgMaxTime,1024,686 us
2023-06-30 21:21:27,(2(0)-1688174487:61819),blockDrv.BD_Cycles,256,9
2023-06-30 21:21:26,(2(0)-1688174486:61601),systemResources.CPU_00,18949,0.00 percent
2023-06-30 21:21:26,(2(0)-1688174486:61633),systemResources.CPU_01,18950,0.00 percent
2023-06-30 21:21:26,(2(0)-1688174486:61660),systemResources.CPU_02,18951,1.98 percent
2023-06-30 21:21:28,(2(0)-1688174488:62182),blockDrv.BD_Cycles,256,10
2023-06-30 21:21:27,(2(0)-1688174487:62304),systemResources.CPU_00,18949,0.00 percent
2023-06-30 21:21:27,(2(0)-1688174487:62347),systemResources.CPU_01,18950,1.00 percent
2023-06-30 21:21:27,(2(0)-1688174487:62382),systemResources.CPU_02,18951,0.00 percent
2023-06-30 21:21:27,(2(0)-1688174487:62417),systemResources.CPU_03,18952,0.99 percent
2023-06-30 21:21:27,(2(0)-1688174487:62451),systemResources.CPU_04,18953,6.00 percent
2023-06-30 21:21:27,(2(0)-1688174487:62484),systemResources.CPU_05,18954,0.00 percent
2023-06-30 21:21:27,(2(0)-1688174487:62518),systemResources.CPU_06,18955,1.01 percent
2023-06-30 21:21:27,(2(0)-1688174487:62552),systemResources.CPU_07,18956,1.00 percent
2023-06-30 21:21:27,(2(0)-1688174487:62586),systemResources.CPU_08,18957,2.00 percent
2023-06-30 21:21:27,(2(0)-1688174487:62621),systemResources.CPU_09,18958,0.00 percent
2023-06-30 21:21:27,(2(0)-1688174487:62655),systemResources.CPU_10,18959,3.92 percent
2023-06-30 21:21:27,(2(0)-1688174487:62689),systemResources.CPU_11,18960,0.00 percent
2023-06-30 21:21:27,(2(0)-1688174487:62723),systemResources.CPU_12,18961,3.00 percent
2023-06-30 21:21:27,(2(0)-1688174487:62757),systemResources.CPU_13,18962,0.00 percent
2023-06-30 21:21:27,(2(0)-1688174487:62791),systemResources.CPU_14,18963,0.00 percent
2023-06-30 21:21:27,(2(0)-1688174487:62825),systemResources.CPU_15,18964,1.00 percent
2023-06-30 21:21:27,(2(0)-1688174487:62826),systemResources.CPU,18948,1.25 percent
2023-06-30 21:21:27,(2(0)-1688174487:62847),systemResources.FRAMEWORK_VERSION,18965,v3.2.0
2023-06-30 21:21:27,(2(0)-1688174487:62850),systemResources.PROJECT_VERSION,18966,v3.2.0
2023-06-30 21:21:27,(2(0)-1688174487:62853),rateGroup1.RgMaxTime,512,1128 us
2023-06-30 21:21:28,(2(0)-1688174488:62606),systemResources.CPU_03,18952,0.00 percent
2023-06-30 21:21:28,(2(0)-1688174488:62628),systemResources.CPU_04,18953,4.00 percent
2023-06-30 21:21:28,(2(0)-1688174488:62649),systemResources.CPU_05,18954,0.99 percent
2023-06-30 21:21:28,(2(0)-1688174488:62671),systemResources.CPU_06,18955,1.01 percent
2023-06-30 21:21:28,(2(0)-1688174488:62693),systemResources.CPU_07,18956,2.97 percent
2023-06-30 21:21:28,(2(0)-1688174488:62714),systemResources.CPU_08,18957,2.97 percent
2023-06-30 21:21:28,(2(0)-1688174488:62736),systemResources.CPU_09,18958,3.03 percent
2023-06-30 21:21:28,(2(0)-1688174488:62757),systemResources.CPU_10,18959,1.01 percent
2023-06-30 21:21:28,(2(0)-1688174488:62778),systemResources.CPU_11,18960,0.00 percent
2023-06-30 21:21:28,(2(0)-1688174488:62800),systemResources.CPU_12,18961,4.12 percent
2023-06-30 21:21:28,(2(0)-1688174488:62821),systemResources.CPU_13,18962,0.00 percent
2023-06-30 21:21:28,(2(0)-1688174488:62842),systemResources.CPU_14,18963,0.00 percent
2023-06-30 21:21:28,(2(0)-1688174488:62863),systemResources.CPU_15,18964,1.98 percent
2023-06-30 21:21:28,(2(0)-1688174488:62864),systemResources.CPU,18948,1.57 percent
2023-06-30 21:21:28,(2(0)-1688174488:62877),systemResources.FRAMEWORK_VERSION,18965,v3.2.0
2023-06-30 21:21:28,(2(0)-1688174488:62879),systemResources.PROJECT_VERSION,18966,v3.2.0
2023-06-30 21:21:29,(2(0)-1688174489:62541),blockDrv.BD_Cycles,256,11
2023-06-30 21:21:28,(2(0)-1688174488:62532),systemResources.CPU_00,18949,3.00 percent
2023-06-30 21:21:28,(2(0)-1688174488:62562),systemResources.CPU_01,18950,0.00 percent
2023-06-30 21:21:28,(2(0)-1688174488:62584),systemResources.CPU_02,18951,0.00 percent
2023-06-30 21:21:30,(2(0)-1688174490:63097),blockDrv.BD_Cycles,256,12
2023-06-30 21:21:29,(2(0)-1688174489:62930),systemResources.CPU_00,18949,1.02 percent
2023-06-30 21:21:29,(2(0)-1688174489:62962),systemResources.CPU_01,18950,0.00 percent
2023-06-30 21:21:29,(2(0)-1688174489:62991),systemResources.CPU_02,18951,0.00 percent
2023-06-30 21:21:29,(2(0)-1688174489:63018),systemResources.CPU_03,18952,0.00 percent
2023-06-30 21:21:29,(2(0)-1688174489:63046),systemResources.CPU_04,18953,0.00 percent
2023-06-30 21:21:29,(2(0)-1688174489:63072),systemResources.CPU_05,18954,0.00 percent
2023-06-30 21:21:29,(2(0)-1688174489:63100),systemResources.CPU_06,18955,0.00 percent
2023-06-30 21:21:29,(2(0)-1688174489:63127),systemResources.CPU_07,18956,0.00 percent
2023-06-30 21:21:29,(2(0)-1688174489:63197),systemResources.CPU_08,18957,2.97 percent
2023-06-30 21:21:29,(2(0)-1688174489:63227),systemResources.CPU_09,18958,0.00 percent
2023-06-30 21:21:29,(2(0)-1688174489:63256),systemResources.CPU_10,18959,2.94 percent
2023-06-30 21:21:29,(2(0)-1688174489:63284),systemResources.CPU_11,18960,1.98 percent
2023-06-30 21:21:29,(2(0)-1688174489:63312),systemResources.CPU_12,18961,1.00 percent
2023-06-30 21:21:29,(2(0)-1688174489:63339),systemResources.CPU_13,18962,0.00 percent
2023-06-30 21:21:29,(2(0)-1688174489:63366),systemResources.CPU_14,18963,0.00 percent
2023-06-30 21:21:29,(2(0)-1688174489:63393),systemResources.CPU_15,18964,1.00 percent
2023-06-30 21:21:29,(2(0)-1688174489:63395),systemResources.CPU,18948,0.68 percent
2023-06-30 21:21:29,(2(0)-1688174489:63411),systemResources.FRAMEWORK_VERSION,18965,v3.2.0
2023-06-30 21:21:29,(2(0)-1688174489:63414),systemResources.PROJECT_VERSION,18966,v3.2.0
2023-06-30 21:21:30,(2(0)-1688174490:63398),systemResources.CPU_03,18952,1.01 percent
2023-06-30 21:21:30,(2(0)-1688174490:63421),systemResources.CPU_04,18953,0.00 percent
2023-06-30 21:21:30,(2(0)-1688174490:63446),systemResources.CPU_05,18954,0.99 percent
2023-06-30 21:21:30,(2(0)-1688174490:63471),systemResources.CPU_06,18955,2.94 percent
2023-06-30 21:21:30,(2(0)-1688174490:63496),systemResources.CPU_07,18956,2.00 percent
2023-06-30 21:21:30,(2(0)-1688174490:63520),systemResources.CPU_08,18957,0.00 percent
2023-06-30 21:21:30,(2(0)-1688174490:63544),systemResources.CPU_09,18958,0.00 percent
2023-06-30 21:21:30,(2(0)-1688174490:63567),systemResources.CPU_10,18959,3.00 percent
2023-06-30 21:21:30,(2(0)-1688174490:63590),systemResources.CPU_11,18960,0.00 percent
2023-06-30 21:21:30,(2(0)-1688174490:63614),systemResources.CPU_12,18961,1.01 percent
2023-06-30 21:21:30,(2(0)-1688174490:63637),systemResources.CPU_13,18962,1.00 percent
2023-06-30 21:21:30,(2(0)-1688174490:63660),systemResources.CPU_14,18963,0.00 percent
2023-06-30 21:21:30,(2(0)-1688174490:63683),systemResources.CPU_15,18964,1.98 percent
2023-06-30 21:21:30,(2(0)-1688174490:63684),systemResources.CPU,18948,1.06 percent
2023-06-30 21:21:30,(2(0)-1688174490:63697),systemResources.FRAMEWORK_VERSION,18965,v3.2.0
2023-06-30 21:21:30,(2(0)-1688174490:63699),systemResources.PROJECT_VERSION,18966,v3.2.0
2023-06-30 21:21:31,(2(0)-1688174491:63458),blockDrv.BD_Cycles,256,13
2023-06-30 21:21:30,(2(0)-1688174490:63318),systemResources.CPU_00,18949,3.00 percent
2023-06-30 21:21:30,(2(0)-1688174490:63349),systemResources.CPU_01,18950,0.00 percent
2023-06-30 21:21:30,(2(0)-1688174490:63373),systemResources.CPU_02,18951,0.00 percent
2023-06-30 21:21:32,(2(0)-1688174492:63793),blockDrv.BD_Cycles,256,14
2023-06-30 21:21:31,(2(0)-1688174491:63842),systemResources.CPU_00,18949,3.00 percent
2023-06-30 21:21:31,(2(0)-1688174491:63874),systemResources.CPU_01,18950,0.00 percent
2023-06-30 21:21:31,(2(0)-1688174491:63899),systemResources.CPU_02,18951,0.00 percent
2023-06-30 21:21:31,(2(0)-1688174491:63925),systemResources.CPU_03,18952,0.99 percent
2023-06-30 21:21:31,(2(0)-1688174491:63950),systemResources.CPU_04,18953,0.00 percent
2023-06-30 21:21:31,(2(0)-1688174491:63976),systemResources.CPU_05,18954,0.00 percent
2023-06-30 21:21:31,(2(0)-1688174491:64001),systemResources.CPU_06,18955,1.00 percent
2023-06-30 21:21:31,(2(0)-1688174491:64027),systemResources.CPU_07,18956,0.99 percent
2023-06-30 21:21:31,(2(0)-1688174491:64051),systemResources.CPU_08,18957,0.00 percent
2023-06-30 21:21:31,(2(0)-1688174491:64078),systemResources.CPU_09,18958,0.00 percent
2023-06-30 21:21:31,(2(0)-1688174491:64101),systemResources.CPU_10,18959,1.01 percent
2023-06-30 21:21:31,(2(0)-1688174491:64124),systemResources.CPU_11,18960,0.00 percent
2023-06-30 21:21:31,(2(0)-1688174491:64146),systemResources.CPU_12,18961,1.01 percent
2023-06-30 21:21:31,(2(0)-1688174491:64169),systemResources.CPU_13,18962,0.00 percent
2023-06-30 21:21:31,(2(0)-1688174491:64192),systemResources.CPU_14,18963,0.00 percent
2023-06-30 21:21:31,(2(0)-1688174491:64215),systemResources.CPU_15,18964,0.99 percent
2023-06-30 21:21:31,(2(0)-1688174491:64216),systemResources.CPU,18948,0.56 percent
2023-06-30 21:21:31,(2(0)-1688174491:64231),systemResources.FRAMEWORK_VERSION,18965,v3.2.0
2023-06-30 21:21:31,(2(0)-1688174491:64233),systemResources.PROJECT_VERSION,18966,v3.2.0
2023-06-30 21:21:32,(2(0)-1688174492:64196),systemResources.CPU_03,18952,0.00 percent
2023-06-30 21:21:32,(2(0)-1688174492:64219),systemResources.CPU_04,18953,0.00 percent
2023-06-30 21:21:32,(2(0)-1688174492:64242),systemResources.CPU_05,18954,0.00 percent
2023-06-30 21:21:32,(2(0)-1688174492:64266),systemResources.CPU_06,18955,1.00 percent
2023-06-30 21:21:32,(2(0)-1688174492:64289),systemResources.CPU_07,18956,0.00 percent
2023-06-30 21:21:32,(2(0)-1688174492:64313),systemResources.CPU_08,18957,1.00 percent
2023-06-30 21:21:32,(2(0)-1688174492:64336),systemResources.CPU_09,18958,0.00 percent
2023-06-30 21:21:32,(2(0)-1688174492:64359),systemResources.CPU_10,18959,1.00 percent
2023-06-30 21:21:32,(2(0)-1688174492:64382),systemResources.CPU_11,18960,0.00 percent
2023-06-30 21:21:32,(2(0)-1688174492:64405),systemResources.CPU_12,18961,0.00 percent
2023-06-30 21:21:32,(2(0)-1688174492:64427),systemResources.CPU_13,18962,0.00 percent
2023-06-30 21:21:32,(2(0)-1688174492:64452),systemResources.CPU_14,18963,0.00 percent
2023-06-30 21:21:32,(2(0)-1688174492:64475),systemResources.CPU_15,18964,1.00 percent
2023-06-30 21:21:32,(2(0)-1688174492:64476),systemResources.CPU,18948,0.50 percent
2023-06-30 21:21:32,(2(0)-1688174492:64492),systemResources.FRAMEWORK_VERSION,18965,v3.2.0
2023-06-30 21:21:32,(2(0)-1688174492:64494),systemResources.PROJECT_VERSION,18966,v3.2.0
2023-06-30 21:21:33,(2(0)-1688174493:64277),blockDrv.BD_Cycles,256,15
2023-06-30 21:21:32,(2(0)-1688174492:64118),systemResources.CPU_00,18949,2.97 percent
2023-06-30 21:21:32,(2(0)-1688174492:64148),systemResources.CPU_01,18950,0.00 percent
2023-06-30 21:21:32,(2(0)-1688174492:64172),systemResources.CPU_02,18951,1.00 percent
2023-06-30 21:21:32,(2(0)-1688174492:64104),rateGroup2.RgMaxTime,768,413 us
2023-06-30 21:21:34,(2(0)-1688174494:64774),blockDrv.BD_Cycles,256,16
2023-06-30 21:21:33,(2(0)-1688174493:64516),systemResources.CPU_00,18949,3.03 percent
2023-06-30 21:21:33,(2(0)-1688174493:64545),systemResources.CPU_01,18950,2.94 percent
2023-06-30 21:21:33,(2(0)-1688174493:64569),systemResources.CPU_02,18951,1.00 percent
2023-06-30 21:21:33,(2(0)-1688174493:64593),systemResources.CPU_03,18952,0.00 percent
2023-06-30 21:21:33,(2(0)-1688174493:64616),systemResources.CPU_04,18953,0.00 percent
2023-06-30 21:21:33,(2(0)-1688174493:64640),systemResources.CPU_05,18954,0.00 percent
2023-06-30 21:21:33,(2(0)-1688174493:64663),systemResources.CPU_06,18955,4.90 percent
2023-06-30 21:21:33,(2(0)-1688174493:64686),systemResources.CPU_07,18956,0.00 percent
2023-06-30 21:21:33,(2(0)-1688174493:64709),systemResources.CPU_08,18957,0.00 percent
2023-06-30 21:21:33,(2(0)-1688174493:64732),systemResources.CPU_09,18958,0.00 percent
2023-06-30 21:21:33,(2(0)-1688174493:64755),systemResources.CPU_10,18959,2.00 percent
2023-06-30 21:21:33,(2(0)-1688174493:64778),systemResources.CPU_11,18960,0.00 percent
2023-06-30 21:21:33,(2(0)-1688174493:64801),systemResources.CPU_12,18961,1.02 percent
2023-06-30 21:21:33,(2(0)-1688174493:64824),systemResources.CPU_13,18962,0.00 percent
2023-06-30 21:21:33,(2(0)-1688174493:64848),systemResources.CPU_14,18963,0.99 percent
2023-06-30 21:21:33,(2(0)-1688174493:64871),systemResources.CPU_15,18964,1.01 percent
2023-06-30 21:21:33,(2(0)-1688174493:64872),systemResources.CPU,18948,1.06 percent
2023-06-30 21:21:33,(2(0)-1688174493:64887),systemResources.FRAMEWORK_VERSION,18965,v3.2.0
2023-06-30 21:21:33,(2(0)-1688174493:64889),systemResources.PROJECT_VERSION,18966,v3.2.0
2023-06-30 21:21:34,(2(0)-1688174494:65216),systemResources.CPU_03,18952,0.00 percent
2023-06-30 21:21:34,(2(0)-1688174494:65245),systemResources.CPU_04,18953,2.97 percent
2023-06-30 21:21:34,(2(0)-1688174494:65273),systemResources.CPU_05,18954,0.00 percent
2023-06-30 21:21:34,(2(0)-1688174494:65303),systemResources.CPU_06,18955,7.77 percent
2023-06-30 21:21:34,(2(0)-1688174494:65334),systemResources.CPU_07,18956,1.00 percent
2023-06-30 21:21:34,(2(0)-1688174494:65363),systemResources.CPU_08,18957,1.03 percent
2023-06-30 21:21:34,(2(0)-1688174494:65390),systemResources.CPU_09,18958,0.00 percent
2023-06-30 21:21:34,(2(0)-1688174494:65418),systemResources.CPU_10,18959,2.02 percent
2023-06-30 21:21:34,(2(0)-1688174494:65446),systemResources.CPU_11,18960,3.00 percent
2023-06-30 21:21:34,(2(0)-1688174494:65474),systemResources.CPU_12,18961,4.00 percent
2023-06-30 21:21:34,(2(0)-1688174494:65503),systemResources.CPU_13,18962,0.00 percent
2023-06-30 21:21:34,(2(0)-1688174494:65531),systemResources.CPU_14,18963,4.95 percent
2023-06-30 21:21:34,(2(0)-1688174494:65559),systemResources.CPU_15,18964,5.15 percent
2023-06-30 21:21:34,(2(0)-1688174494:65560),systemResources.CPU,18948,3.10 percent
2023-06-30 21:21:34,(2(0)-1688174494:65577),systemResources.FRAMEWORK_VERSION,18965,v3.2.0
2023-06-30 21:21:34,(2(0)-1688174494:65579),systemResources.PROJECT_VERSION,18966,v3.2.0
2023-06-30 21:21:34,(2(0)-1688174494:65465),rateGroup3.RgMaxTime,1024,873 us
2023-06-30 21:21:35,(2(0)-1688174495:64947),blockDrv.BD_Cycles,256,17
2023-06-30 21:21:34,(2(0)-1688174494:65122),systemResources.CPU_00,18949,2.00 percent
2023-06-30 21:21:34,(2(0)-1688174494:65158),systemResources.CPU_01,18950,13.59 percent
2023-06-30 21:21:34,(2(0)-1688174494:65187),systemResources.CPU_02,18951,2.04 percent
2023-06-30 21:21:36,(2(0)-1688174496:65328),blockDrv.BD_Cycles,256,18
2023-06-30 21:21:35,(2(0)-1688174495:65087),systemResources.CPU_00,18949,1.02 percent
2023-06-30 21:21:35,(2(0)-1688174495:65099),systemResources.CPU_01,18950,8.00 percent
2023-06-30 21:21:35,(2(0)-1688174495:65108),systemResources.CPU_02,18951,0.00 percent
2023-06-30 21:21:35,(2(0)-1688174495:65117),systemResources.CPU_03,18952,1.98 percent
2023-06-30 21:21:35,(2(0)-1688174495:65126),systemResources.CPU_04,18953,3.96 percent
2023-06-30 21:21:35,(2(0)-1688174495:65135),systemResources.CPU_05,18954,1.02 percent
2023-06-30 21:21:35,(2(0)-1688174495:65144),systemResources.CPU_06,18955,0.00 percent
2023-06-30 21:21:35,(2(0)-1688174495:65153),systemResources.CPU_07,18956,1.00 percent
2023-06-30 21:21:35,(2(0)-1688174495:65161),systemResources.CPU_08,18957,5.88 percent
2023-06-30 21:21:35,(2(0)-1688174495:65170),systemResources.CPU_09,18958,0.00 percent
2023-06-30 21:21:35,(2(0)-1688174495:65179),systemResources.CPU_10,18959,4.95 percent
2023-06-30 21:21:35,(2(0)-1688174495:65187),systemResources.CPU_11,18960,1.01 percent
2023-06-30 21:21:35,(2(0)-1688174495:65196),systemResources.CPU_12,18961,4.00 percent
2023-06-30 21:21:35,(2(0)-1688174495:65205),systemResources.CPU_13,18962,0.00 percent
2023-06-30 21:21:35,(2(0)-1688174495:65214),systemResources.CPU_14,18963,6.12 percent
2023-06-30 21:21:35,(2(0)-1688174495:65223),systemResources.CPU_15,18964,0.00 percent
2023-06-30 21:21:35,(2(0)-1688174495:65224),systemResources.CPU,18948,2.43 percent
2023-06-30 21:21:35,(2(0)-1688174495:65232),systemResources.FRAMEWORK_VERSION,18965,v3.2.0
2023-06-30 21:21:35,(2(0)-1688174495:65233),systemResources.PROJECT_VERSION,18966,v3.2.0
2023-06-30 21:21:36,(2(0)-1688174496:65697),systemResources.CPU_03,18952,0.00 percent
2023-06-30 21:21:36,(2(0)-1688174496:65718),systemResources.CPU_04,18953,1.01 percent
2023-06-30 21:21:36,(2(0)-1688174496:65739),systemResources.CPU_05,18954,0.00 percent
2023-06-30 21:21:36,(2(0)-1688174496:65761),systemResources.CPU_06,18955,2.02 percent
2023-06-30 21:21:36,(2(0)-1688174496:65782),systemResources.CPU_07,18956,0.99 percent
2023-06-30 21:21:36,(2(0)-1688174496:65803),systemResources.CPU_08,18957,4.00 percent
2023-06-30 21:21:36,(2(0)-1688174496:65824),systemResources.CPU_09,18958,0.00 percent
2023-06-30 21:21:36,(2(0)-1688174496:65845),systemResources.CPU_10,18959,3.00 percent
2023-06-30 21:21:36,(2(0)-1688174496:65866),systemResources.CPU_11,18960,0.00 percent
2023-06-30 21:21:36,(2(0)-1688174496:65888),systemResources.CPU_12,18961,0.00 percent
2023-06-30 21:21:36,(2(0)-1688174496:65909),systemResources.CPU_13,18962,0.00 percent
2023-06-30 21:21:36,(2(0)-1688174496:65931),systemResources.CPU_14,18963,4.95 percent
2023-06-30 21:21:36,(2(0)-1688174496:65953),systemResources.CPU_15,18964,0.00 percent
2023-06-30 21:21:36,(2(0)-1688174496:65954),systemResources.CPU,18948,1.87 percent
2023-06-30 21:21:36,(2(0)-1688174496:65968),systemResources.FRAMEWORK_VERSION,18965,v3.2.0
2023-06-30 21:21:36,(2(0)-1688174496:65970),systemResources.PROJECT_VERSION,18966,v3.2.0
2023-06-30 21:21:37,(2(0)-1688174497:65544),blockDrv.BD_Cycles,256,19
2023-06-30 21:21:36,(2(0)-1688174496:65624),systemResources.CPU_00,18949,2.00 percent
2023-06-30 21:21:36,(2(0)-1688174496:65652),systemResources.CPU_01,18950,7.07 percent
2023-06-30 21:21:36,(2(0)-1688174496:65675),systemResources.CPU_02,18951,4.90 percent
2023-06-30 21:21:38,(2(0)-1688174498:65765),blockDrv.BD_Cycles,256,20
2023-06-30 21:21:37,(2(0)-1688174497:65912),systemResources.CPU_00,18949,2.97 percent
2023-06-30 21:21:37,(2(0)-1688174497:65927),systemResources.CPU_01,18950,18.63 percent
2023-06-30 21:21:37,(2(0)-1688174497:65940),systemResources.CPU_02,18951,3.92 percent
2023-06-30 21:21:37,(2(0)-1688174497:65951),systemResources.CPU_03,18952,4.00 percent
2023-06-30 21:21:37,(2(0)-1688174497:65961),systemResources.CPU_04,18953,4.04 percent
2023-06-30 21:21:37,(2(0)-1688174497:65970),systemResources.CPU_05,18954,0.00 percent
2023-06-30 21:21:37,(2(0)-1688174497:65980),systemResources.CPU_06,18955,4.90 percent
2023-06-30 21:21:37,(2(0)-1688174497:65990),systemResources.CPU_07,18956,3.03 percent
2023-06-30 21:21:37,(2(0)-1688174497:66000),systemResources.CPU_08,18957,2.04 percent
2023-06-30 21:21:37,(2(0)-1688174497:66009),systemResources.CPU_09,18958,0.00 percent
2023-06-30 21:21:37,(2(0)-1688174497:66018),systemResources.CPU_10,18959,4.00 percent
2023-06-30 21:21:37,(2(0)-1688174497:66027),systemResources.CPU_11,18960,1.02 percent
2023-06-30 21:21:37,(2(0)-1688174497:66036),systemResources.CPU_12,18961,18.63 percent
2023-06-30 21:21:37,(2(0)-1688174497:66046),systemResources.CPU_13,18962,4.04 percent
2023-06-30 21:21:37,(2(0)-1688174497:66055),systemResources.CPU_14,18963,8.00 percent
2023-06-30 21:21:37,(2(0)-1688174497:66073),systemResources.CPU_15,18964,0.00 percent
2023-06-30 21:21:37,(2(0)-1688174497:66074),systemResources.CPU,18948,4.95 percent
2023-06-30 21:21:37,(2(0)-1688174497:66098),systemResources.FRAMEWORK_VERSION,18965,v3.2.0
2023-06-30 21:21:37,(2(0)-1688174497:66100),systemResources.PROJECT_VERSION,18966,v3.2.0
2023-06-30 21:21:38,(2(0)-1688174498:66013),systemResources.CPU_03,18952,3.06 percent
2023-06-30 21:21:38,(2(0)-1688174498:66022),systemResources.CPU_04,18953,5.26 percent
2023-06-30 21:21:38,(2(0)-1688174498:66031),systemResources.CPU_05,18954,0.00 percent
2023-06-30 21:21:38,(2(0)-1688174498:66040),systemResources.CPU_06,18955,8.91 percent
2023-06-30 21:21:38,(2(0)-1688174498:66048),systemResources.CPU_07,18956,6.06 percent
2023-06-30 21:21:38,(2(0)-1688174498:66056),systemResources.CPU_08,18957,11.34 percent
2023-06-30 21:21:38,(2(0)-1688174498:66064),systemResources.CPU_09,18958,0.00 percent
2023-06-30 21:21:38,(2(0)-1688174498:66072),systemResources.CPU_10,18959,4.90 percent
2023-06-30 21:21:38,(2(0)-1688174498:66080),systemResources.CPU_11,18960,1.01 percent
2023-06-30 21:21:38,(2(0)-1688174498:66089),systemResources.CPU_12,18961,57.14 percent
2023-06-30 21:21:38,(2(0)-1688174498:66097),systemResources.CPU_13,18962,4.08 percent
2023-06-30 21:21:38,(2(0)-1688174498:66105),systemResources.CPU_14,18963,5.94 percent
2023-06-30 21:21:38,(2(0)-1688174498:66113),systemResources.CPU_15,18964,0.00 percent
2023-06-30 21:21:38,(2(0)-1688174498:66114),systemResources.CPU,18948,8.89 percent
2023-06-30 21:21:38,(2(0)-1688174498:66126),systemResources.FRAMEWORK_VERSION,18965,v3.2.0
2023-06-30 21:21:38,(2(0)-1688174498:66127),systemResources.PROJECT_VERSION,18966,v3.2.0
2023-06-30 21:21:39,(2(0)-1688174499:66418),blockDrv.BD_Cycles,256,21
2023-06-30 21:21:38,(2(0)-1688174498:65986),systemResources.CPU_00,18949,1.03 percent
2023-06-30 21:21:38,(2(0)-1688174498:65996),systemResources.CPU_01,18950,21.10 percent
2023-06-30 21:21:38,(2(0)-1688174498:66005),systemResources.CPU_02,18951,12.38 percent
2023-06-30 21:21:40,(2(0)-1688174500:66795),blockDrv.BD_Cycles,256,22
2023-06-30 21:21:40,(2(0)-1688174500:67246),systemResources.CPU_00,18949,3.00 percent
2023-06-30 21:21:39,(2(0)-1688174499:67074),systemResources.CPU_01,18950,13.46 percent
2023-06-30 21:21:39,(2(0)-1688174499:67114),systemResources.CPU_02,18951,9.90 percent
2023-06-30 21:21:39,(2(0)-1688174499:67151),systemResources.CPU_03,18952,0.00 percent
2023-06-30 21:21:39,(2(0)-1688174499:67186),systemResources.CPU_04,18953,3.09 percent
2023-06-30 21:21:39,(2(0)-1688174499:67222),systemResources.CPU_05,18954,0.00 percent
2023-06-30 21:21:39,(2(0)-1688174499:67257),systemResources.CPU_06,18955,0.00 percent
2023-06-30 21:21:39,(2(0)-1688174499:67291),systemResources.CPU_07,18956,0.00 percent
2023-06-30 21:21:39,(2(0)-1688174499:67325),systemResources.CPU_08,18957,7.84 percent
2023-06-30 21:21:39,(2(0)-1688174499:67359),systemResources.CPU_09,18958,0.00 percent
2023-06-30 21:21:39,(2(0)-1688174499:67394),systemResources.CPU_10,18959,6.25 percent
2023-06-30 21:21:39,(2(0)-1688174499:67428),systemResources.CPU_11,18960,0.00 percent
2023-06-30 21:21:39,(2(0)-1688174499:67462),systemResources.CPU_12,18961,39.42 percent
2023-06-30 21:21:39,(2(0)-1688174499:67496),systemResources.CPU_13,18962,0.00 percent
2023-06-30 21:21:39,(2(0)-1688174499:67531),systemResources.CPU_14,18963,2.04 percent
2023-06-30 21:21:39,(2(0)-1688174499:67565),systemResources.CPU_15,18964,0.00 percent
2023-06-30 21:21:39,(2(0)-1688174499:67567),systemResources.CPU,18948,5.31 percent
2023-06-30 21:21:39,(2(0)-1688174499:67588),systemResources.FRAMEWORK_VERSION,18965,v3.2.0
2023-06-30 21:21:39,(2(0)-1688174499:67591),systemResources.PROJECT_VERSION,18966,v3.2.0
2023-06-30 21:21:39,(2(0)-1688174499:67594),rateGroup1.RgMaxTime,512,1274 us
2023-06-30 21:21:40,(2(0)-1688174500:67319),systemResources.CPU_03,18952,0.00 percent
2023-06-30 21:21:40,(2(0)-1688174500:67341),systemResources.CPU_04,18953,4.95 percent
2023-06-30 21:21:40,(2(0)-1688174500:67362),systemResources.CPU_05,18954,0.00 percent
2023-06-30 21:21:40,(2(0)-1688174500:67383),systemResources.CPU_06,18955,1.00 percent
2023-06-30 21:21:40,(2(0)-1688174500:67404),systemResources.CPU_07,18956,0.00 percent
2023-06-30 21:21:40,(2(0)-1688174500:67425),systemResources.CPU_08,18957,0.00 percent
2023-06-30 21:21:40,(2(0)-1688174500:67447),systemResources.CPU_09,18958,2.94 percent
2023-06-30 21:21:40,(2(0)-1688174500:67469),systemResources.CPU_10,18959,1.00 percent
2023-06-30 21:21:40,(2(0)-1688174500:67490),systemResources.CPU_11,18960,0.00 percent
2023-06-30 21:21:40,(2(0)-1688174500:67511),systemResources.CPU_12,18961,2.94 percent
2023-06-30 21:21:40,(2(0)-1688174500:67533),systemResources.CPU_13,18962,0.99 percent
2023-06-30 21:21:40,(2(0)-1688174500:67554),systemResources.CPU_14,18963,2.97 percent
2023-06-30 21:21:40,(2(0)-1688174500:67575),systemResources.CPU_15,18964,0.00 percent
2023-06-30 21:21:40,(2(0)-1688174500:67576),systemResources.CPU,18948,2.14 percent
2023-06-30 21:21:40,(2(0)-1688174500:67590),systemResources.FRAMEWORK_VERSION,18965,v3.2.0
2023-06-30 21:21:40,(2(0)-1688174500:67592),systemResources.PROJECT_VERSION,18966,v3.2.0
2023-06-30 21:21:41,(2(0)-1688174501:67341),blockDrv.BD_Cycles,256,23
2023-06-30 21:21:40,(2(0)-1688174500:67274),systemResources.CPU_01,18950,11.54 percent
2023-06-30 21:21:40,(2(0)-1688174500:67297),systemResources.CPU_02,18951,2.97 percent
2023-06-30 21:21:42,(2(0)-1688174502:67966),blockDrv.BD_Cycles,256,24
2023-06-30 21:21:41,(2(0)-1688174501:67605),systemResources.CPU_00,18949,3.92 percent
2023-06-30 21:21:41,(2(0)-1688174501:67637),systemResources.CPU_01,18950,11.43 percent
2023-06-30 21:21:41,(2(0)-1688174501:67663),systemResources.CPU_02,18951,0.00 percent
2023-06-30 21:21:41,(2(0)-1688174501:67689),systemResources.CPU_03,18952,1.00 percent
2023-06-30 21:21:41,(2(0)-1688174501:67714),systemResources.CPU_04,18953,4.90 percent
2023-06-30 21:21:41,(2(0)-1688174501:67740),systemResources.CPU_05,18954,0.00 percent
2023-06-30 21:21:41,(2(0)-1688174501:67765),systemResources.CPU_06,18955,0.00 percent
2023-06-30 21:21:41,(2(0)-1688174501:67791),systemResources.CPU_07,18956,0.00 percent
2023-06-30 21:21:41,(2(0)-1688174501:67816),systemResources.CPU_08,18957,1.98 percent
2023-06-30 21:21:41,(2(0)-1688174501:67841),systemResources.CPU_09,18958,1.98 percent
2023-06-30 21:21:41,(2(0)-1688174501:67867),systemResources.CPU_10,18959,0.00 percent
2023-06-30 21:21:41,(2(0)-1688174501:67893),systemResources.CPU_11,18960,0.00 percent
2023-06-30 21:21:41,(2(0)-1688174501:67918),systemResources.CPU_12,18961,0.00 percent
2023-06-30 21:21:41,(2(0)-1688174501:67943),systemResources.CPU_13,18962,1.00 percent
2023-06-30 21:21:41,(2(0)-1688174501:67969),systemResources.CPU_14,18963,3.00 percent
2023-06-30 21:21:41,(2(0)-1688174501:67994),systemResources.CPU_15,18964,0.00 percent
2023-06-30 21:21:41,(2(0)-1688174501:67995),systemResources.CPU,18948,1.83 percent
2023-06-30 21:21:41,(2(0)-1688174501:68012),systemResources.FRAMEWORK_VERSION,18965,v3.2.0
2023-06-30 21:21:41,(2(0)-1688174501:68014),systemResources.PROJECT_VERSION,18966,v3.2.0
2023-06-30 21:21:42,(2(0)-1688174502:68384),systemResources.CPU_03,18952,1.02 percent
2023-06-30 21:21:42,(2(0)-1688174502:68410),systemResources.CPU_04,18953,2.00 percent
2023-06-30 21:21:42,(2(0)-1688174502:68437),systemResources.CPU_05,18954,0.00 percent
2023-06-30 21:21:42,(2(0)-1688174502:68463),systemResources.CPU_06,18955,0.00 percent
2023-06-30 21:21:42,(2(0)-1688174502:68490),systemResources.CPU_07,18956,0.00 percent
2023-06-30 21:21:42,(2(0)-1688174502:68516),systemResources.CPU_08,18957,0.00 percent
2023-06-30 21:21:42,(2(0)-1688174502:68541),systemResources.CPU_09,18958,1.01 percent
2023-06-30 21:21:42,(2(0)-1688174502:68567),systemResources.CPU_10,18959,1.00 percent
2023-06-30 21:21:42,(2(0)-1688174502:68593),systemResources.CPU_11,18960,0.99 percent
2023-06-30 21:21:42,(2(0)-1688174502:68618),systemResources.CPU_12,18961,2.00 percent
2023-06-30 21:21:42,(2(0)-1688174502:68643),systemResources.CPU_13,18962,0.00 percent
2023-06-30 21:21:42,(2(0)-1688174502:68668),systemResources.CPU_14,18963,2.00 percent
2023-06-30 21:21:42,(2(0)-1688174502:68693),systemResources.CPU_15,18964,0.00 percent
2023-06-30 21:21:42,(2(0)-1688174502:68694),systemResources.CPU,18948,1.19 percent
2023-06-30 21:21:42,(2(0)-1688174502:68710),systemResources.FRAMEWORK_VERSION,18965,v3.2.0
2023-06-30 21:21:42,(2(0)-1688174502:68713),systemResources.PROJECT_VERSION,18966,v3.2.0
2023-06-30 21:21:43,(2(0)-1688174503:68282),blockDrv.BD_Cycles,256,25
2023-06-30 21:21:42,(2(0)-1688174502:68298),systemResources.CPU_00,18949,2.00 percent
2023-06-30 21:21:42,(2(0)-1688174502:68331),systemResources.CPU_01,18950,5.00 percent
2023-06-30 21:21:42,(2(0)-1688174502:68357),systemResources.CPU_02,18951,1.98 percent
2023-06-30 21:21:44,(2(0)-1688174504:68806),blockDrv.BD_Cycles,256,26
2023-06-30 21:21:44,(2(0)-1688174504:69102),rateGroup2.RgMaxTime,768,432 us
2023-06-30 21:21:43,(2(0)-1688174503:68520),systemResources.CPU_00,18949,1.01 percent
2023-06-30 21:21:43,(2(0)-1688174503:68549),systemResources.CPU_01,18950,8.82 percent
2023-06-30 21:21:43,(2(0)-1688174503:68573),systemResources.CPU_02,18951,0.00 percent
2023-06-30 21:21:43,(2(0)-1688174503:68597),systemResources.CPU_03,18952,5.88 percent
2023-06-30 21:21:43,(2(0)-1688174503:68621),systemResources.CPU_04,18953,3.96 percent
2023-06-30 21:21:43,(2(0)-1688174503:68645),systemResources.CPU_05,18954,0.00 percent
2023-06-30 21:21:43,(2(0)-1688174503:68668),systemResources.CPU_06,18955,0.00 percent
2023-06-30 21:21:43,(2(0)-1688174503:68692),systemResources.CPU_07,18956,0.00 percent
2023-06-30 21:21:43,(2(0)-1688174503:68715),systemResources.CPU_08,18957,1.01 percent
2023-06-30 21:21:43,(2(0)-1688174503:68738),systemResources.CPU_09,18958,1.01 percent
2023-06-30 21:21:43,(2(0)-1688174503:68762),systemResources.CPU_10,18959,1.00 percent
2023-06-30 21:21:43,(2(0)-1688174503:68786),systemResources.CPU_11,18960,3.00 percent
2023-06-30 21:21:43,(2(0)-1688174503:68809),systemResources.CPU_12,18961,0.00 percent
2023-06-30 21:21:43,(2(0)-1688174503:68833),systemResources.CPU_13,18962,0.00 percent
2023-06-30 21:21:43,(2(0)-1688174503:68857),systemResources.CPU_14,18963,1.02 percent
2023-06-30 21:21:43,(2(0)-1688174503:68880),systemResources.CPU_15,18964,0.00 percent
2023-06-30 21:21:43,(2(0)-1688174503:68881),systemResources.CPU,18948,1.67 percent
2023-06-30 21:21:43,(2(0)-1688174503:68894),systemResources.FRAMEWORK_VERSION,18965,v3.2.0
2023-06-30 21:21:43,(2(0)-1688174503:68896),systemResources.PROJECT_VERSION,18966,v3.2.0
2023-06-30 21:21:44,(2(0)-1688174504:69415),systemResources.CPU_03,18952,3.92 percent
2023-06-30 21:21:44,(2(0)-1688174504:69450),systemResources.CPU_04,18953,1.98 percent
2023-06-30 21:21:44,(2(0)-1688174504:69485),systemResources.CPU_05,18954,0.00 percent
2023-06-30 21:21:44,(2(0)-1688174504:69521),systemResources.CPU_06,18955,0.00 percent
2023-06-30 21:21:44,(2(0)-1688174504:69556),systemResources.CPU_07,18956,0.99 percent
2023-06-30 21:21:44,(2(0)-1688174504:69599),systemResources.CPU_08,18957,0.00 percent
2023-06-30 21:21:44,(2(0)-1688174504:69644),systemResources.CPU_09,18958,1.00 percent
2023-06-30 21:21:44,(2(0)-1688174504:69693),systemResources.CPU_10,18959,1.00 percent
2023-06-30 21:21:44,(2(0)-1688174504:69740),systemResources.CPU_11,18960,1.00 percent
2023-06-30 21:21:44,(2(0)-1688174504:69780),systemResources.CPU_12,18961,3.00 percent
2023-06-30 21:21:44,(2(0)-1688174504:69811),systemResources.CPU_13,18962,1.00 percent
2023-06-30 21:21:44,(2(0)-1688174504:69843),systemResources.CPU_14,18963,1.98 percent
2023-06-30 21:21:44,(2(0)-1688174504:69875),systemResources.CPU_15,18964,0.00 percent
2023-06-30 21:21:44,(2(0)-1688174504:69876),systemResources.CPU,18948,1.61 percent
2023-06-30 21:21:44,(2(0)-1688174504:69893),systemResources.FRAMEWORK_VERSION,18965,v3.2.0
2023-06-30 21:21:44,(2(0)-1688174504:69896),systemResources.PROJECT_VERSION,18966,v3.2.0
2023-06-30 21:21:45,(2(0)-1688174505:69207),blockDrv.BD_Cycles,256,27
2023-06-30 21:21:44,(2(0)-1688174504:69298),systemResources.CPU_00,18949,1.98 percent
2023-06-30 21:21:44,(2(0)-1688174504:69344),systemResources.CPU_01,18950,6.86 percent
2023-06-30 21:21:44,(2(0)-1688174504:69380),systemResources.CPU_02,18951,0.99 percent
2023-06-30 21:21:46,(2(0)-1688174506:69499),blockDrv.BD_Cycles,256,28
2023-06-30 21:21:45,(2(0)-1688174505:69447),systemResources.CPU_00,18949,2.00 percent
2023-06-30 21:21:45,(2(0)-1688174505:69473),systemResources.CPU_01,18950,5.00 percent
2023-06-30 21:21:45,(2(0)-1688174505:69493),systemResources.CPU_02,18951,0.00 percent
2023-06-30 21:21:45,(2(0)-1688174505:69513),systemResources.CPU_03,18952,0.00 percent
2023-06-30 21:21:45,(2(0)-1688174505:69533),systemResources.CPU_04,18953,0.00 percent
2023-06-30 21:21:45,(2(0)-1688174505:69553),systemResources.CPU_05,18954,1.00 percent
2023-06-30 21:21:45,(2(0)-1688174505:69573),systemResources.CPU_06,18955,1.98 percent
2023-06-30 21:21:45,(2(0)-1688174505:69595),systemResources.CPU_07,18956,0.00 percent
2023-06-30 21:21:45,(2(0)-1688174505:69622),systemResources.CPU_08,18957,1.00 percent
2023-06-30 21:21:45,(2(0)-1688174505:69643),systemResources.CPU_09,18958,2.00 percent
2023-06-30 21:21:45,(2(0)-1688174505:69663),systemResources.CPU_10,18959,0.00 percent
2023-06-30 21:21:45,(2(0)-1688174505:69741),systemResources.CPU_11,18960,1.00 percent
2023-06-30 21:21:45,(2(0)-1688174505:69764),systemResources.CPU_12,18961,1.00 percent
2023-06-30 21:21:45,(2(0)-1688174505:69785),systemResources.CPU_13,18962,1.00 percent
2023-06-30 21:21:45,(2(0)-1688174505:69805),systemResources.CPU_14,18963,2.00 percent
2023-06-30 21:21:45,(2(0)-1688174505:69825),systemResources.CPU_15,18964,0.00 percent
2023-06-30 21:21:45,(2(0)-1688174505:69827),systemResources.CPU,18948,1.12 percent
2023-06-30 21:21:45,(2(0)-1688174505:69873),systemResources.FRAMEWORK_VERSION,18965,v3.2.0
2023-06-30 21:21:45,(2(0)-1688174505:69876),systemResources.PROJECT_VERSION,18966,v3.2.0
2023-06-30 21:21:46,(2(0)-1688174506:69741),systemResources.CPU_03,18952,1.02 percent
2023-06-30 21:21:46,(2(0)-1688174506:69762),systemResources.CPU_04,18953,1.01 percent
2023-06-30 21:21:46,(2(0)-1688174506:69782),systemResources.CPU_05,18954,0.00 percent
2023-06-30 21:21:46,(2(0)-1688174506:69802),systemResources.CPU_06,18955,2.97 percent
2023-06-30 21:21:46,(2(0)-1688174506:69823),systemResources.CPU_07,18956,0.00 percent
2023-06-30 21:21:46,(2(0)-1688174506:69844),systemResources.CPU_08,18957,1.00 percent
2023-06-30 21:21:46,(2(0)-1688174506:69864),systemResources.CPU_09,18958,2.00 percent
2023-06-30 21:21:46,(2(0)-1688174506:69885),systemResources.CPU_10,18959,0.00 percent
2023-06-30 21:21:46,(2(0)-1688174506:69905),systemResources.CPU_11,18960,0.00 percent
2023-06-30 21:21:46,(2(0)-1688174506:69925),systemResources.CPU_12,18961,0.00 percent
2023-06-30 21:21:46,(2(0)-1688174506:69946),systemResources.CPU_13,18962,2.97 percent
2023-06-30 21:21:46,(2(0)-1688174506:69966),systemResources.CPU_14,18963,3.92 percent
2023-06-30 21:21:46,(2(0)-1688174506:69987),systemResources.CPU_15,18964,0.00 percent
2023-06-30 21:21:46,(2(0)-1688174506:69988),systemResources.CPU,18948,1.31 percent
2023-06-30 21:21:46,(2(0)-1688174506:70001),systemResources.FRAMEWORK_VERSION,18965,v3.2.0
2023-06-30 21:21:46,(2(0)-1688174506:70003),systemResources.PROJECT_VERSION,18966,v3.2.0
2023-06-30 21:21:46,(2(0)-1688174506:70316),rateGroup3.RgMaxTime,1024,931 us
2023-06-30 21:21:47,(2(0)-1688174507:70045),blockDrv.BD_Cycles,256,29
2023-06-30 21:21:46,(2(0)-1688174506:69672),systemResources.CPU_00,18949,0.00 percent
2023-06-30 21:21:46,(2(0)-1688174506:69699),systemResources.CPU_01,18950,6.00 percent
2023-06-30 21:21:46,(2(0)-1688174506:69720),systemResources.CPU_02,18951,0.00 percent
2023-06-30 21:21:48,(2(0)-1688174508:70412),blockDrv.BD_Cycles,256,30
2023-06-30 21:21:47,(2(0)-1688174507:70439),systemResources.CPU_00,18949,8.65 percent
2023-06-30 21:21:47,(2(0)-1688174507:70474),systemResources.CPU_01,18950,0.00 percent
2023-06-30 21:21:47,(2(0)-1688174507:70503),systemResources.CPU_02,18951,0.00 percent
2023-06-30 21:21:47,(2(0)-1688174507:70532),systemResources.CPU_03,18952,0.00 percent
2023-06-30 21:21:47,(2(0)-1688174507:70560),systemResources.CPU_04,18953,2.97 percent
2023-06-30 21:21:47,(2(0)-1688174507:70588),systemResources.CPU_05,18954,0.00 percent
2023-06-30 21:21:47,(2(0)-1688174507:70616),systemResources.CPU_06,18955,1.02 percent
2023-06-30 21:21:47,(2(0)-1688174507:70644),systemResources.CPU_07,18956,0.00 percent
2023-06-30 21:21:47,(2(0)-1688174507:70671),systemResources.CPU_08,18957,3.88 percent
2023-06-30 21:21:47,(2(0)-1688174507:70699),systemResources.CPU_09,18958,2.97 percent
2023-06-30 21:21:47,(2(0)-1688174507:70726),systemResources.CPU_10,18959,2.97 percent
2023-06-30 21:21:47,(2(0)-1688174507:70754),systemResources.CPU_11,18960,0.00 percent
2023-06-30 21:21:47,(2(0)-1688174507:70782),systemResources.CPU_12,18961,2.02 percent
2023-06-30 21:21:47,(2(0)-1688174507:70810),systemResources.CPU_13,18962,0.00 percent
2023-06-30 21:21:47,(2(0)-1688174507:70838),systemResources.CPU_14,18963,1.01 percent
2023-06-30 21:21:47,(2(0)-1688174507:70866),systemResources.CPU_15,18964,0.00 percent
2023-06-30 21:21:47,(2(0)-1688174507:70868),systemResources.CPU,18948,1.59 percent
2023-06-30 21:21:47,(2(0)-1688174507:70884),systemResources.FRAMEWORK_VERSION,18965,v3.2.0
2023-06-30 21:21:47,(2(0)-1688174507:70886),systemResources.PROJECT_VERSION,18966,v3.2.0
2023-06-30 21:21:48,(2(0)-1688174508:70779),systemResources.CPU_03,18952,3.03 percent
2023-06-30 21:21:48,(2(0)-1688174508:70802),systemResources.CPU_04,18953,1.00 percent
2023-06-30 21:21:48,(2(0)-1688174508:70825),systemResources.CPU_05,18954,0.00 percent
2023-06-30 21:21:48,(2(0)-1688174508:70848),systemResources.CPU_06,18955,4.04 percent
2023-06-30 21:21:48,(2(0)-1688174508:70871),systemResources.CPU_07,18956,2.00 percent
2023-06-30 21:21:48,(2(0)-1688174508:70894),systemResources.CPU_08,18957,0.00 percent
2023-06-30 21:21:48,(2(0)-1688174508:70917),systemResources.CPU_09,18958,2.97 percent
2023-06-30 21:21:48,(2(0)-1688174508:70940),systemResources.CPU_10,18959,3.96 percent
2023-06-30 21:21:48,(2(0)-1688174508:70963),systemResources.CPU_11,18960,2.00 percent
2023-06-30 21:21:48,(2(0)-1688174508:70986),systemResources.CPU_12,18961,1.00 percent
2023-06-30 21:21:48,(2(0)-1688174508:71009),systemResources.CPU_13,18962,1.01 percent
2023-06-30 21:21:48,(2(0)-1688174508:71032),systemResources.CPU_14,18963,0.00 percent
2023-06-30 21:21:48,(2(0)-1688174508:71055),systemResources.CPU_15,18964,1.00 percent
2023-06-30 21:21:48,(2(0)-1688174508:71056),systemResources.CPU,18948,2.06 percent
2023-06-30 21:21:48,(2(0)-1688174508:71071),systemResources.FRAMEWORK_VERSION,18965,v3.2.0
2023-06-30 21:21:48,(2(0)-1688174508:71073),systemResources.PROJECT_VERSION,18966,v3.2.0
2023-06-30 21:21:49,(2(0)-1688174509:70648),blockDrv.BD_Cycles,256,31
2023-06-30 21:21:49,(2(0)-1688174509:71023),systemResources.CPU_00,18949,9.71 percent
2023-06-30 21:21:48,(2(0)-1688174508:70731),systemResources.CPU_01,18950,0.99 percent
2023-06-30 21:21:48,(2(0)-1688174508:70755),systemResources.CPU_02,18951,1.01 percent
2023-06-30 21:21:50,(2(0)-1688174510:71083),blockDrv.BD_Cycles,256,32
2023-06-30 21:21:50,(2(0)-1688174510:71370),systemResources.CPU_00,18949,5.10 percent
2023-06-30 21:21:49,(2(0)-1688174509:71056),systemResources.CPU_01,18950,0.00 percent
2023-06-30 21:21:49,(2(0)-1688174509:71082),systemResources.CPU_02,18951,2.97 percent
2023-06-30 21:21:49,(2(0)-1688174509:71107),systemResources.CPU_03,18952,1.01 percent
2023-06-30 21:21:49,(2(0)-1688174509:71133),systemResources.CPU_04,18953,1.00 percent
2023-06-30 21:21:49,(2(0)-1688174509:71158),systemResources.CPU_05,18954,0.00 percent
2023-06-30 21:21:49,(2(0)-1688174509:71184),systemResources.CPU_06,18955,3.96 percent
2023-06-30 21:21:49,(2(0)-1688174509:71210),systemResources.CPU_07,18956,2.00 percent
2023-06-30 21:21:49,(2(0)-1688174509:71236),systemResources.CPU_08,18957,2.00 percent
2023-06-30 21:21:49,(2(0)-1688174509:71261),systemResources.CPU_09,18958,0.00 percent
2023-06-30 21:21:49,(2(0)-1688174509:71287),systemResources.CPU_10,18959,1.98 percent
2023-06-30 21:21:49,(2(0)-1688174509:71312),systemResources.CPU_11,18960,1.01 percent
2023-06-30 21:21:49,(2(0)-1688174509:71337),systemResources.CPU_12,18961,2.00 percent
2023-06-30 21:21:49,(2(0)-1688174509:71362),systemResources.CPU_13,18962,0.00 percent
2023-06-30 21:21:49,(2(0)-1688174509:71388),systemResources.CPU_14,18963,1.01 percent
2023-06-30 21:21:49,(2(0)-1688174509:71413),systemResources.CPU_15,18964,0.00 percent
2023-06-30 21:21:49,(2(0)-1688174509:71414),systemResources.CPU,18948,1.79 percent
2023-06-30 21:21:49,(2(0)-1688174509:71427),systemResources.FRAMEWORK_VERSION,18965,v3.2.0
2023-06-30 21:21:49,(2(0)-1688174509:71429),systemResources.PROJECT_VERSION,18966,v3.2.0
2023-06-30 21:21:50,(2(0)-1688174510:71459),systemResources.CPU_03,18952,1.01 percent
2023-06-30 21:21:50,(2(0)-1688174510:71485),systemResources.CPU_04,18953,1.01 percent
2023-06-30 21:21:50,(2(0)-1688174510:71511),systemResources.CPU_05,18954,0.00 percent
2023-06-30 21:21:50,(2(0)-1688174510:71537),systemResources.CPU_06,18955,2.00 percent
2023-06-30 21:21:50,(2(0)-1688174510:71563),systemResources.CPU_07,18956,0.00 percent
2023-06-30 21:21:50,(2(0)-1688174510:71590),systemResources.CPU_08,18957,2.97 percent
2023-06-30 21:21:50,(2(0)-1688174510:71617),systemResources.CPU_09,18958,0.99 percent
2023-06-30 21:21:50,(2(0)-1688174510:71645),systemResources.CPU_10,18959,2.00 percent
2023-06-30 21:21:50,(2(0)-1688174510:71671),systemResources.CPU_11,18960,1.00 percent
2023-06-30 21:21:50,(2(0)-1688174510:71698),systemResources.CPU_12,18961,1.00 percent
2023-06-30 21:21:50,(2(0)-1688174510:71724),systemResources.CPU_13,18962,1.98 percent
2023-06-30 21:21:50,(2(0)-1688174510:71750),systemResources.CPU_14,18963,2.00 percent
2023-06-30 21:21:50,(2(0)-1688174510:71776),systemResources.CPU_15,18964,0.00 percent
2023-06-30 21:21:50,(2(0)-1688174510:71777),systemResources.CPU,18948,1.38 percent
2023-06-30 21:21:50,(2(0)-1688174510:71797),systemResources.FRAMEWORK_VERSION,18965,v3.2.0
2023-06-30 21:21:50,(2(0)-1688174510:71799),systemResources.PROJECT_VERSION,18966,v3.2.0
2023-06-30 21:21:51,(2(0)-1688174511:71392),blockDrv.BD_Cycles,256,33
2023-06-30 21:21:50,(2(0)-1688174510:71405),systemResources.CPU_01,18950,0.00 percent
2023-06-30 21:21:50,(2(0)-1688174510:71432),systemResources.CPU_02,18951,0.99 percent
2023-06-30 21:21:50,(2(0)-1688174510:889227),cmdDisp.CommandsDispatched,1280,1
2023-06-30 21:21:52,(2(0)-1688174512:71781),blockDrv.BD_Cycles,256,34
2023-06-30 21:21:51,(2(0)-1688174511:71627),systemResources.CPU_00,18949,3.00 percent
2023-06-30 21:21:51,(2(0)-1688174511:71652),systemResources.CPU_01,18950,14.56 percent
2023-06-30 21:21:51,(2(0)-1688174511:71671),systemResources.CPU_02,18951,2.00 percent
2023-06-30 21:21:51,(2(0)-1688174511:71689),systemResources.CPU_03,18952,5.10 percent
2023-06-30 21:21:51,(2(0)-1688174511:71707),systemResources.CPU_04,18953,6.80 percent
2023-06-30 21:21:51,(2(0)-1688174511:71725),systemResources.CPU_05,18954,1.00 percent
2023-06-30 21:21:51,(2(0)-1688174511:71745),systemResources.CPU_06,18955,7.00 percent
2023-06-30 21:21:51,(2(0)-1688174511:71764),systemResources.CPU_07,18956,0.00 percent
2023-06-30 21:21:51,(2(0)-1688174511:71783),systemResources.CPU_08,18957,4.00 percent
2023-06-30 21:21:51,(2(0)-1688174511:71801),systemResources.CPU_09,18958,3.03 percent
2023-06-30 21:21:51,(2(0)-1688174511:71820),systemResources.CPU_10,18959,2.02 percent
2023-06-30 21:21:51,(2(0)-1688174511:71837),systemResources.CPU_11,18960,2.02 percent
2023-06-30 21:21:51,(2(0)-1688174511:71858),systemResources.CPU_12,18961,2.00 percent
2023-06-30 21:21:51,(2(0)-1688174511:71875),systemResources.CPU_13,18962,3.03 percent
2023-06-30 21:21:51,(2(0)-1688174511:71893),systemResources.CPU_14,18963,0.00 percent
2023-06-30 21:21:51,(2(0)-1688174511:71909),systemResources.CPU_15,18964,1.00 percent
2023-06-30 21:21:51,(2(0)-1688174511:71910),systemResources.CPU,18948,3.54 percent
2023-06-30 21:21:51,(2(0)-1688174511:71931),systemResources.FRAMEWORK_VERSION,18965,v3.2.0
2023-06-30 21:21:51,(2(0)-1688174511:71933),systemResources.PROJECT_VERSION,18966,v3.2.0
2023-06-30 21:21:52,(2(0)-1688174512:72057),systemResources.CPU_03,18952,1.02 percent
2023-06-30 21:21:52,(2(0)-1688174512:72068),systemResources.CPU_04,18953,2.02 percent
2023-06-30 21:21:52,(2(0)-1688174512:72080),systemResources.CPU_05,18954,3.96 percent
2023-06-30 21:21:52,(2(0)-1688174512:72092),systemResources.CPU_06,18955,2.02 percent
2023-06-30 21:21:52,(2(0)-1688174512:72103),systemResources.CPU_07,18956,0.00 percent
2023-06-30 21:21:52,(2(0)-1688174512:72115),systemResources.CPU_08,18957,1.00 percent
2023-06-30 21:21:52,(2(0)-1688174512:72126),systemResources.CPU_09,18958,1.98 percent
2023-06-30 21:21:52,(2(0)-1688174512:72137),systemResources.CPU_10,18959,0.00 percent
2023-06-30 21:21:52,(2(0)-1688174512:72148),systemResources.CPU_11,18960,1.00 percent
2023-06-30 21:21:52,(2(0)-1688174512:72160),systemResources.CPU_12,18961,1.02 percent
2023-06-30 21:21:52,(2(0)-1688174512:72171),systemResources.CPU_13,18962,0.00 percent
2023-06-30 21:21:52,(2(0)-1688174512:72182),systemResources.CPU_14,18963,3.03 percent
2023-06-30 21:21:52,(2(0)-1688174512:72194),systemResources.CPU_15,18964,0.00 percent
2023-06-30 21:21:52,(2(0)-1688174512:72194),systemResources.CPU,18948,1.80 percent
2023-06-30 21:21:52,(2(0)-1688174512:72205),systemResources.FRAMEWORK_VERSION,18965,v3.2.0
2023-06-30 21:21:52,(2(0)-1688174512:72206),systemResources.PROJECT_VERSION,18966,v3.2.0
2023-06-30 21:21:53,(2(0)-1688174513:72082),blockDrv.BD_Cycles,256,35
2023-06-30 21:21:52,(2(0)-1688174512:72018),systemResources.CPU_00,18949,2.02 percent
2023-06-30 21:21:52,(2(0)-1688174512:72033),systemResources.CPU_01,18950,9.80 percent
2023-06-30 21:21:52,(2(0)-1688174512:72045),systemResources.CPU_02,18951,0.00 percent
2023-06-30 21:21:54,(2(0)-1688174514:72363),blockDrv.BD_Cycles,256,36
2023-06-30 21:21:53,(2(0)-1688174513:72370),systemResources.CPU_00,18949,2.00 percent
2023-06-30 21:21:53,(2(0)-1688174513:72397),systemResources.CPU_01,18950,7.92 percent
2023-06-30 21:21:53,(2(0)-1688174513:72419),systemResources.CPU_02,18951,0.00 percent
2023-06-30 21:21:53,(2(0)-1688174513:72440),systemResources.CPU_03,18952,2.00 percent
2023-06-30 21:21:53,(2(0)-1688174513:72462),systemResources.CPU_04,18953,2.94 percent
2023-06-30 21:21:53,(2(0)-1688174513:72484),systemResources.CPU_05,18954,2.06 percent
2023-06-30 21:21:53,(2(0)-1688174513:72505),systemResources.CPU_06,18955,2.00 percent
2023-06-30 21:21:53,(2(0)-1688174513:72527),systemResources.CPU_07,18956,0.00 percent
2023-06-30 21:21:53,(2(0)-1688174513:72548),systemResources.CPU_08,18957,3.00 percent
2023-06-30 21:21:53,(2(0)-1688174513:72570),systemResources.CPU_09,18958,0.00 percent
2023-06-30 21:21:53,(2(0)-1688174513:72591),systemResources.CPU_10,18959,0.00 percent
2023-06-30 21:21:53,(2(0)-1688174513:72613),systemResources.CPU_11,18960,4.90 percent
2023-06-30 21:21:53,(2(0)-1688174513:72635),systemResources.CPU_12,18961,2.97 percent
2023-06-30 21:21:53,(2(0)-1688174513:72656),systemResources.CPU_13,18962,2.00 percent
2023-06-30 21:21:53,(2(0)-1688174513:72677),systemResources.CPU_14,18963,3.00 percent
2023-06-30 21:21:53,(2(0)-1688174513:72699),systemResources.CPU_15,18964,0.00 percent
2023-06-30 21:21:53,(2(0)-1688174513:72700),systemResources.CPU,18948,2.17 percent
2023-06-30 21:21:53,(2(0)-1688174513:72713),systemResources.FRAMEWORK_VERSION,18965,v3.2.0
2023-06-30 21:21:53,(2(0)-1688174513:72715),systemResources.PROJECT_VERSION,18966,v3.2.0
2023-06-30 21:21:54,(2(0)-1688174514:72662),systemResources.CPU_03,18952,1.01 percent
2023-06-30 21:21:54,(2(0)-1688174514:72689),systemResources.CPU_04,18953,2.02 percent
2023-06-30 21:21:54,(2(0)-1688174514:72716),systemResources.CPU_05,18954,4.90 percent
2023-06-30 21:21:54,(2(0)-1688174514:72742),systemResources.CPU_06,18955,2.00 percent
2023-06-30 21:21:54,(2(0)-1688174514:72769),systemResources.CPU_07,18956,1.96 percent
2023-06-30 21:21:54,(2(0)-1688174514:72795),systemResources.CPU_08,18957,3.92 percent
2023-06-30 21:21:54,(2(0)-1688174514:72860),systemResources.CPU_09,18958,0.99 percent
2023-06-30 21:21:54,(2(0)-1688174514:72895),systemResources.CPU_10,18959,0.00 percent
2023-06-30 21:21:54,(2(0)-1688174514:72925),systemResources.CPU_11,18960,1.00 percent
2023-06-30 21:21:54,(2(0)-1688174514:72952),systemResources.CPU_12,18961,2.97 percent
2023-06-30 21:21:54,(2(0)-1688174514:72978),systemResources.CPU_13,18962,2.94 percent
2023-06-30 21:21:54,(2(0)-1688174514:73004),systemResources.CPU_14,18963,2.00 percent
2023-06-30 21:21:54,(2(0)-1688174514:73030),systemResources.CPU_15,18964,0.99 percent
2023-06-30 21:21:54,(2(0)-1688174514:73031),systemResources.CPU,18948,2.35 percent
2023-06-30 21:21:54,(2(0)-1688174514:73045),systemResources.FRAMEWORK_VERSION,18965,v3.2.0
2023-06-30 21:21:54,(2(0)-1688174514:73047),systemResources.PROJECT_VERSION,18966,v3.2.0
2023-06-30 21:21:54,(2(0)-1688174514:72889),fileUplinkBufferManager.HiBuffs,17410,1
2023-06-30 21:21:55,(2(0)-1688174515:72737),blockDrv.BD_Cycles,256,37
2023-06-30 21:21:54,(2(0)-1688174514:72572),systemResources.CPU_00,18949,2.00 percent
2023-06-30 21:21:54,(2(0)-1688174514:72607),systemResources.CPU_01,18950,7.84 percent
2023-06-30 21:21:54,(2(0)-1688174514:72635),systemResources.CPU_02,18951,1.01 percent
2023-06-30 21:21:56,(2(0)-1688174516:73202),blockDrv.BD_Cycles,256,38
2023-06-30 21:21:55,(2(0)-1688174515:73079),systemResources.CPU_00,18949,1.01 percent
2023-06-30 21:21:55,(2(0)-1688174515:73112),systemResources.CPU_01,18950,3.96 percent
2023-06-30 21:21:55,(2(0)-1688174515:73138),systemResources.CPU_02,18951,1.00 percent
2023-06-30 21:21:55,(2(0)-1688174515:73164),systemResources.CPU_03,18952,1.02 percent
2023-06-30 21:21:55,(2(0)-1688174515:73189),systemResources.CPU_04,18953,2.00 percent
2023-06-30 21:21:55,(2(0)-1688174515:73215),systemResources.CPU_05,18954,0.00 percent
2023-06-30 21:21:55,(2(0)-1688174515:73240),systemResources.CPU_06,18955,2.02 percent
2023-06-30 21:21:55,(2(0)-1688174515:73266),systemResources.CPU_07,18956,0.00 percent
2023-06-30 21:21:55,(2(0)-1688174515:73291),systemResources.CPU_08,18957,0.00 percent
2023-06-30 21:21:55,(2(0)-1688174515:73317),systemResources.CPU_09,18958,1.00 percent
2023-06-30 21:21:55,(2(0)-1688174515:73342),systemResources.CPU_10,18959,0.00 percent
2023-06-30 21:21:55,(2(0)-1688174515:73368),systemResources.CPU_11,18960,2.00 percent
2023-06-30 21:21:55,(2(0)-1688174515:73393),systemResources.CPU_12,18961,2.00 percent
2023-06-30 21:21:55,(2(0)-1688174515:73418),systemResources.CPU_13,18962,0.00 percent
2023-06-30 21:21:55,(2(0)-1688174515:73444),systemResources.CPU_14,18963,1.00 percent
2023-06-30 21:21:55,(2(0)-1688174515:73469),systemResources.CPU_15,18964,0.00 percent
2023-06-30 21:21:55,(2(0)-1688174515:73470),systemResources.CPU,18948,1.06 percent
2023-06-30 21:21:55,(2(0)-1688174515:73486),systemResources.FRAMEWORK_VERSION,18965,v3.2.0
2023-06-30 21:21:55,(2(0)-1688174515:73488),systemResources.PROJECT_VERSION,18966,v3.2.0
2023-06-30 21:21:56,(2(0)-1688174516:73506),systemResources.CPU_03,18952,0.00 percent
2023-06-30 21:21:56,(2(0)-1688174516:73525),systemResources.CPU_04,18953,1.01 percent
2023-06-30 21:21:56,(2(0)-1688174516:73544),systemResources.CPU_05,18954,0.00 percent
2023-06-30 21:21:56,(2(0)-1688174516:73562),systemResources.CPU_06,18955,3.00 percent
2023-06-30 21:21:56,(2(0)-1688174516:73581),systemResources.CPU_07,18956,1.02 percent
2023-06-30 21:21:56,(2(0)-1688174516:73599),systemResources.CPU_08,18957,0.00 percent
2023-06-30 21:21:56,(2(0)-1688174516:73618),systemResources.CPU_09,18958,1.00 percent
2023-06-30 21:21:56,(2(0)-1688174516:73636),systemResources.CPU_10,18959,0.99 percent
2023-06-30 21:21:56,(2(0)-1688174516:73655),systemResources.CPU_11,18960,0.99 percent
2023-06-30 21:21:56,(2(0)-1688174516:73673),systemResources.CPU_12,18961,0.00 percent
2023-06-30 21:21:56,(2(0)-1688174516:73691),systemResources.CPU_13,18962,0.99 percent
2023-06-30 21:21:56,(2(0)-1688174516:73710),systemResources.CPU_14,18963,1.02 percent
2023-06-30 21:21:56,(2(0)-1688174516:73728),systemResources.CPU_15,18964,0.00 percent
2023-06-30 21:21:56,(2(0)-1688174516:73729),systemResources.CPU,18948,0.75 percent
2023-06-30 21:21:56,(2(0)-1688174516:73742),systemResources.FRAMEWORK_VERSION,18965,v3.2.0
2023-06-30 21:21:56,(2(0)-1688174516:73743),systemResources.PROJECT_VERSION,18966,v3.2.0
2023-06-30 21:21:57,(2(0)-1688174517:73714),blockDrv.BD_Cycles,256,39
2023-06-30 21:21:57,(2(0)-1688174517:74087),systemResources.CPU_00,18949,0.00 percent
2023-06-30 21:21:56,(2(0)-1688174516:73469),systemResources.CPU_01,18950,0.00 percent
2023-06-30 21:21:56,(2(0)-1688174516:73488),systemResources.CPU_02,18951,1.98 percent
